#
# A fatal error has been detected by the Java Runtime Environment:
#
#  EXCEPTION_ACCESS_VIOLATION (0xc0000005) at pc=0x00007ffa1646c4be, pid=12532, tid=15788
#
# JRE version: OpenJDK Runtime Environment (11.0.10) (build 11.0.10+0-b96-7249189)
# Java VM: OpenJDK 64-Bit Server VM (11.0.10+0-b96-7249189, mixed mode, tiered, compressed oops, g1 gc, windows-amd64)
# Problematic frame:
# C  [native-platform-file-events.dll+0x1c4be]
#
# No core dump will be written. Minidumps are not enabled by default on client versions of Windows
#
# If you would like to submit a bug report, please visit:
#   https://bugreport.java.com/bugreport/crash.jsp
# The crash happened outside the Java Virtual Machine in native code.
# See problematic frame for where to report the bug.
#

---------------  S U M M A R Y ------------

Command Line: --add-opens=java.base/java.util=ALL-UNNAMED --add-opens=java.base/java.lang=ALL-UNNAMED --add-opens=java.base/java.lang.invoke=ALL-UNNAMED --add-opens=java.base/java.util=ALL-UNNAMED --add-opens=java.prefs/java.util.prefs=ALL-UNNAMED --add-opens=java.prefs/java.util.prefs=ALL-UNNAMED --add-opens=java.base/java.nio.charset=ALL-UNNAMED --add-opens=java.base/java.net=ALL-UNNAMED --add-opens=java.base/java.util.concurrent.atomic=ALL-UNNAMED -Xmx2048m -Dfile.encoding=UTF-8 -Duser.country=FR -Duser.language=fr -Duser.variant org.gradle.launcher.daemon.bootstrap.GradleDaemon 7.0.2

Host: Intel(R) Core(TM) i5-8600K CPU @ 3.60GHz, 6 cores, 15G,  Windows 10 , 64 bit Build 19041 (10.0.19041.1202)
Time: Sun Sep 19 00:01:17 2021 Paris, Madrid (heure d’été) elapsed time: 8.495537 seconds (0d 0h 0m 8s)

---------------  T H R E A D  ---------------

Current thread (0x00000234d889c800):  JavaThread "File watcher server" daemon [_thread_in_native, id=15788, stack(0x000000f117700000,0x000000f117800000)]

Stack: [0x000000f117700000,0x000000f117800000],  sp=0x000000f1177fecd0,  free space=1019k
Native frames: (J=compiled Java code, j=interpreted, Vv=VM code, C=native code)
C  [native-platform-file-events.dll+0x1c4be]

Java frames: (J=compiled Java code, j=interpreted, Vv=VM code)
j  net.rubygrapefruit.platform.internal.jni.AbstractFileEventFunctions$NativeFileWatcher.executeRunLoop0(Ljava/lang/Object;)V+0
j  net.rubygrapefruit.platform.internal.jni.AbstractFileEventFunctions$NativeFileWatcher.access$100(Lnet/rubygrapefruit/platform/internal/jni/AbstractFileEventFunctions$NativeFileWatcher;Ljava/lang/Object;)V+2
j  net.rubygrapefruit.platform.internal.jni.AbstractFileEventFunctions$NativeFileWatcher$1.run()V+26
v  ~StubRoutines::call_stub

siginfo: EXCEPTION_ACCESS_VIOLATION (0xc0000005), reading address 0xffffffffffffffff


Register to memory mapping:

RIP=0x00007ffa1646c4be native-platform-file-events.dll
RAX=0x2473636974736974 is an unknown value
RBX=0x0000000000000001 is an unknown value
RCX=0x2473636974736974 is an unknown value
RDX=0x000000f1177fed28 is pointing into the stack for thread: 0x00000234d889c800
RSP=0x000000f1177fecd0 is pointing into the stack for thread: 0x00000234d889c800
RBP=0x000000f1177ff6c8 is pointing into the stack for thread: 0x00000234d889c800
RSI=0x0 is NULL
RDI=
[error occurred during error reporting (printing register info), id 0xc0000005, EXCEPTION_ACCESS_VIOLATION (0xc0000005) at pc=0x00007ff9f9e49dc7]

Registers:
RAX=0x2473636974736974, RBX=0x0000000000000001, RCX=0x2473636974736974, RDX=0x000000f1177fed28
RSP=0x000000f1177fecd0, RBP=0x000000f1177ff6c8, RSI=0x0000000000000000, RDI=0x00000000ffffffff
R8 =0x000000f1177fed30, R9 =0x000000007ffeb000, R10=0x0000000000000001, R11=0xfffffffffa09f475
R12=0x0000000000000000, R13=0x00000234db37f8a8, R14=0x000000f1177ff6f0, R15=0x00000234d889c800
RIP=0x00007ffa1646c4be, EFLAGS=0x0000000000010202

Top of Stack: (sp=0x000000f1177fecd0)
0x000000f1177fecd0:   00002b5ff433fef8 00002b5ff2ae6b54
0x000000f1177fece0:   00002b5ff433fef8 00007ffa16487be5
0x000000f1177fecf0:   000000f1177feda8 000000f1177fed28
0x000000f1177fed00:   000000f100000000 000000f1177fed38
0x000000f1177fed10:   000000f1177f0001 0000006f0a1f3d6e
0x000000f1177fed20:   000000f1177fed30 0000000000000019
0x000000f1177fed30:   00002b5ff2ae6b54 00002b5ff433fef8
0x000000f1177fed40:   000000f1177ff6f0 00007ffa16487777
0x000000f1177fed50:   000000f1177feda8 000000f1177feda0
0x000000f1177fed60:   00000234d6e41610 00000234b9690000
0x000000f1177fed70:   0000000000000000 00007ffa16478bee
0x000000f1177fed80:   00002b5ff433fef8 0000000000000019
0x000000f1177fed90:   000000f116efc5b0 00007ffac5c5f05b
0x000000f1177feda0:   0000792fcd97377c 0000000000000019
0x000000f1177fedb0:   000000000070006f 00007ffa1646c6ec
0x000000f1177fedc0:   2473636974736974 000000f100000003 

Instructions: (pc=0x00007ffa1646c4be)
0x00007ffa1646c3be:   8b 00 48 89 44 24 38 48 8b 44 24 38 48 89 44 24
0x00007ffa1646c3ce:   58 48 8b 84 24 b0 00 00 00 48 83 c0 08 48 89 44
0x00007ffa1646c3de:   24 40 48 8d 54 24 70 48 8b 4c 24 40 e8 26 50 fe
0x00007ffa1646c3ee:   ff 48 8b 00 48 89 44 24 48 48 8b 44 24 48 48 89
0x00007ffa1646c3fe:   44 24 60 4c 8b 4c 24 50 4c 8b 44 24 58 48 8b 54
0x00007ffa1646c40e:   24 60 48 8d 4c 24 78 e8 31 92 fe ff 48 8d 4c 24
0x00007ffa1646c41e:   78 e8 8b 6a fe ff 48 8b c8 ff 15 db ab 11 00 89
0x00007ffa1646c42e:   44 24 24 83 7c 24 24 ff 74 15 8b 44 24 24 83 e0
0x00007ffa1646c43e:   10 85 c0 74 0a c7 44 24 28 01 00 00 00 eb 08 c7
0x00007ffa1646c44e:   44 24 28 00 00 00 00 0f b6 44 24 28 88 44 24 20
0x00007ffa1646c45e:   48 8d 4c 24 78 e8 1f 97 fe ff 0f b6 44 24 20 48
0x00007ffa1646c46e:   8b 8c 24 98 00 00 00 48 33 cc e8 8f 76 fe ff 48
0x00007ffa1646c47e:   81 c4 a8 00 00 00 c3 cc cc cc cc cc cc cc cc cc
0x00007ffa1646c48e:   cc cc 48 89 4c 24 08 48 81 ec e8 00 00 00 48 8b
0x00007ffa1646c49e:   05 a5 7d 10 00 48 33 c4 48 89 84 24 d0 00 00 00
0x00007ffa1646c4ae:   c7 44 24 30 00 00 00 00 48 8b 84 24 f0 00 00 00
0x00007ffa1646c4be:   83 78 68 03 0f 84 02 01 00 00 48 8b 84 24 f0 00
0x00007ffa1646c4ce:   00 00 48 8b 48 28 ff 15 36 ab 11 00 89 44 24 38
0x00007ffa1646c4de:   83 7c 24 38 00 0f 85 d0 00 00 00 ba 07 00 00 00
0x00007ffa1646c4ee:   48 8b 0d 1b b0 10 00 e8 48 a4 fe ff 88 44 24 34
0x00007ffa1646c4fe:   0f b6 44 24 34 85 c0 0f 84 90 00 00 00 ff 15 07
0x00007ffa1646c50e:   ab 11 00 89 44 24 3c 48 8b 84 24 f0 00 00 00 48
0x00007ffa1646c51e:   83 c0 08 48 8b d0 48 8d 8c 24 90 00 00 00 e8 05
0x00007ffa1646c52e:   51 fe ff 48 89 44 24 40 48 8b 44 24 40 48 89 44
0x00007ffa1646c53e:   24 48 8b 44 24 30 83 c8 01 89 44 24 30 48 8b 4c
0x00007ffa1646c54e:   24 48 e8 d5 52 fe ff 48 89 44 24 50 48 8b 84 24
0x00007ffa1646c55e:   f0 00 00 00 48 8b 40 28 48 89 44 24 58 8b 44 24
0x00007ffa1646c56e:   3c 89 44 24 28 48 8b 44 24 50 48 89 44 24 20 4c
0x00007ffa1646c57e:   8b 4c 24 58 4c 8d 05 77 af 0d 00 ba 07 00 00 00
0x00007ffa1646c58e:   48 8b 0d 7b af 10 00 e8 f8 71 fe ff 90 8b 44 24
0x00007ffa1646c59e:   30 83 e0 01 85 c0 74 13 83 64 24 30 fe 48 8d 8c
0x00007ffa1646c5ae:   24 90 00 00 00 e8 e7 5a fe ff 90 eb 00 48 8b 84 


Stack slot to memory mapping:
stack at sp + 0 slots: 0x00002b5ff433fef8 is an unknown value
stack at sp + 1 slots: 0x00002b5ff2ae6b54 is an unknown value
stack at sp + 2 slots: 0x00002b5ff433fef8 is an unknown value
stack at sp + 3 slots: 0x00007ffa16487be5 native-platform-file-events.dll
stack at sp + 4 slots: 0x000000f1177feda8 is pointing into the stack for thread: 0x00000234d889c800
stack at sp + 5 slots: 0x000000f1177fed28 is pointing into the stack for thread: 0x00000234d889c800
stack at sp + 6 slots: 0x000000f100000000 is an unknown value
stack at sp + 7 slots: 0x000000f1177fed38 is pointing into the stack for thread: 0x00000234d889c800


---------------  P R O C E S S  ---------------

Threads class SMR info:
_java_thread_list=0x00000234d9eb9f30, length=42, elements={
0x00000234bb83f000, 0x00000234d60fb000, 0x00000234d6104800, 0x00000234d615a800,
0x00000234d615c000, 0x00000234d615e000, 0x00000234d616a000, 0x00000234d6170800,
0x00000234d6173800, 0x00000234d62d8000, 0x00000234d84d3000, 0x00000234d955d800,
0x00000234d7a61000, 0x00000234d6b12000, 0x00000234d83d3000, 0x00000234d770c800,
0x00000234d8f68800, 0x00000234d78d6000, 0x00000234d8bf7800, 0x00000234d889d800,
0x00000234d889a000, 0x00000234d889b000, 0x00000234d8897800, 0x00000234d889e000,
0x00000234d889c800, 0x00000234d8899800, 0x00000234db618000, 0x00000234db619800,
0x00000234db61c000, 0x00000234db619000, 0x00000234db61f800, 0x00000234db620800,
0x00000234db622800, 0x00000234db61d000, 0x00000234db623800, 0x00000234db624800,
0x00000234db625000, 0x00000234db626000, 0x00000234db627000, 0x00000234db3b0800,
0x00000234db3b7000, 0x00000234db3b2000
}

Java Threads: ( => current thread )
  0x00000234bb83f000 JavaThread "main" [_thread_blocked, id=13432, stack(0x000000f115100000,0x000000f115200000)]
  0x00000234d60fb000 JavaThread "Reference Handler" daemon [_thread_blocked, id=2168, stack(0x000000f115800000,0x000000f115900000)]
  0x00000234d6104800 JavaThread "Finalizer" daemon [_thread_blocked, id=3504, stack(0x000000f115900000,0x000000f115a00000)]
  0x00000234d615a800 JavaThread "Signal Dispatcher" daemon [_thread_blocked, id=11744, stack(0x000000f115a00000,0x000000f115b00000)]
  0x00000234d615c000 JavaThread "Attach Listener" daemon [_thread_blocked, id=2716, stack(0x000000f115b00000,0x000000f115c00000)]
  0x00000234d615e000 JavaThread "Service Thread" daemon [_thread_blocked, id=8768, stack(0x000000f115c00000,0x000000f115d00000)]
  0x00000234d616a000 JavaThread "C2 CompilerThread0" daemon [_thread_blocked, id=15692, stack(0x000000f115d00000,0x000000f115e00000)]
  0x00000234d6170800 JavaThread "C1 CompilerThread0" daemon [_thread_blocked, id=16080, stack(0x000000f115e00000,0x000000f115f00000)]
  0x00000234d6173800 JavaThread "Sweeper thread" daemon [_thread_blocked, id=3024, stack(0x000000f115f00000,0x000000f116000000)]
  0x00000234d62d8000 JavaThread "Common-Cleaner" daemon [_thread_blocked, id=9288, stack(0x000000f116000000,0x000000f116100000)]
  0x00000234d84d3000 JavaThread "Daemon health stats" [_thread_blocked, id=7364, stack(0x000000f116800000,0x000000f116900000)]
  0x00000234d955d800 JavaThread "Incoming local TCP Connector on port 60386" [_thread_in_native, id=10268, stack(0x000000f116900000,0x000000f116a00000)]
  0x00000234d7a61000 JavaThread "Daemon periodic checks" [_thread_blocked, id=15784, stack(0x000000f116a00000,0x000000f116b00000)]
  0x00000234d6b12000 JavaThread "Daemon" [_thread_blocked, id=3948, stack(0x000000f116b00000,0x000000f116c00000)]
  0x00000234d83d3000 JavaThread "Handler for socket connection from /127.0.0.1:60386 to /127.0.0.1:60387" [_thread_in_native, id=8848, stack(0x000000f116c00000,0x000000f116d00000)]
  0x00000234d770c800 JavaThread "Cancel handler" [_thread_blocked, id=6012, stack(0x000000f116d00000,0x000000f116e00000)]
  0x00000234d8f68800 JavaThread "Daemon worker" [_thread_in_native, id=12280, stack(0x000000f116e00000,0x000000f116f00000)]
  0x00000234d78d6000 JavaThread "Asynchronous log dispatcher for DefaultDaemonConnection: socket connection from /127.0.0.1:60386 to /127.0.0.1:60387" [_thread_blocked, id=15396, stack(0x000000f116f00000,0x000000f117000000)]
  0x00000234d8bf7800 JavaThread "Stdin handler" [_thread_blocked, id=4048, stack(0x000000f117000000,0x000000f117100000)]
  0x00000234d889d800 JavaThread "Daemon client event forwarder" [_thread_blocked, id=15988, stack(0x000000f117100000,0x000000f117200000)]
  0x00000234d889a000 JavaThread "Cache worker for file hash cache (C:\Users\Julien\.gradle\caches\7.0.2\fileHashes)" [_thread_blocked, id=13072, stack(0x000000f117200000,0x000000f117300000)]
  0x00000234d889b000 JavaThread "File lock request listener" [_thread_in_native, id=14188, stack(0x000000f117300000,0x000000f117400000)]
  0x00000234d8897800 JavaThread "Cache worker for journal cache (C:\Users\Julien\.gradle\caches\journal-1)" [_thread_blocked, id=2804, stack(0x000000f117500000,0x000000f117600000)]
  0x00000234d889e000 JavaThread "Cache worker for file hash cache (X:\Programmation\WorkSpaces\AndroidStudio\DSP\.gradle\7.0.2\fileHashes)" [_thread_blocked, id=13756, stack(0x000000f117600000,0x000000f117700000)]
=>0x00000234d889c800 JavaThread "File watcher server" daemon [_thread_in_native, id=15788, stack(0x000000f117700000,0x000000f117800000)]
  0x00000234d8899800 JavaThread "File watcher consumer" daemon [_thread_blocked, id=16040, stack(0x000000f117800000,0x000000f117900000)]
  0x00000234db618000 JavaThread "Cache worker for execution history cache (C:\Users\Julien\.gradle\caches\7.0.2\executionHistory)" [_thread_blocked, id=9976, stack(0x000000f117c00000,0x000000f117d00000)]
  0x00000234db619800 JavaThread "jar transforms" [_thread_blocked, id=11352, stack(0x000000f117d00000,0x000000f117e00000)]
  0x00000234db61c000 JavaThread "jar transforms Thread 2" [_thread_blocked, id=9608, stack(0x000000f117e00000,0x000000f117f00000)]
  0x00000234db619000 JavaThread "Cache worker for file content cache (C:\Users\Julien\.gradle\caches\7.0.2\fileContent)" [_thread_blocked, id=7936, stack(0x000000f117f00000,0x000000f118000000)]
  0x00000234db61f800 JavaThread "Cache worker for dependencies-accessors (X:\Programmation\WorkSpaces\AndroidStudio\DSP\.gradle\7.0.2\dependencies-accessors)" [_thread_blocked, id=5652, stack(0x000000f118000000,0x000000f118100000)]
  0x00000234db620800 JavaThread "jar transforms Thread 3" [_thread_blocked, id=10644, stack(0x000000f118100000,0x000000f118200000)]
  0x00000234db622800 JavaThread "Build operations" [_thread_blocked, id=1036, stack(0x000000f118300000,0x000000f118400000)]
  0x00000234db61d000 JavaThread "Build operations Thread 2" [_thread_blocked, id=5708, stack(0x000000f118400000,0x000000f118500000)]
  0x00000234db623800 JavaThread "Build operations Thread 3" [_thread_blocked, id=15860, stack(0x000000f118500000,0x000000f118600000)]
  0x00000234db624800 JavaThread "Build operations Thread 4" [_thread_blocked, id=3496, stack(0x000000f118600000,0x000000f118700000)]
  0x00000234db625000 JavaThread "Build operations Thread 5" [_thread_blocked, id=12040, stack(0x000000f118700000,0x000000f118800000)]
  0x00000234db626000 JavaThread "Build operations Thread 6" [_thread_blocked, id=16288, stack(0x000000f118800000,0x000000f118900000)]
  0x00000234db627000 JavaThread "jar transforms Thread 4" [_thread_blocked, id=10808, stack(0x000000f118900000,0x000000f118a00000)]
  0x00000234db3b0800 JavaThread "jar transforms Thread 5" [_thread_blocked, id=11540, stack(0x000000f118a00000,0x000000f118b00000)]
  0x00000234db3b7000 JavaThread "jar transforms Thread 6" [_thread_blocked, id=13168, stack(0x000000f118b00000,0x000000f118c00000)]
  0x00000234db3b2000 JavaThread "Memory manager" [_thread_blocked, id=15856, stack(0x000000f118c00000,0x000000f118d00000)]

Other Threads:
  0x00000234d60f7800 VMThread "VM Thread" [stack: 0x000000f115700000,0x000000f115800000] [id=9372]
  0x00000234d62e1800 WatcherThread [stack: 0x000000f116100000,0x000000f116200000] [id=3252]
  0x00000234bb858000 GCTaskThread "GC Thread#0" [stack: 0x000000f115200000,0x000000f115300000] [id=12268]
  0x00000234d6ea9000 GCTaskThread "GC Thread#1" [stack: 0x000000f116300000,0x000000f116400000] [id=15680]
  0x00000234d66d0000 GCTaskThread "GC Thread#2" [stack: 0x000000f116400000,0x000000f116500000] [id=15584]
  0x00000234d74df800 GCTaskThread "GC Thread#3" [stack: 0x000000f116500000,0x000000f116600000] [id=15948]
  0x00000234d6f31000 GCTaskThread "GC Thread#4" [stack: 0x000000f116600000,0x000000f116700000] [id=11972]
  0x00000234d70d4800 GCTaskThread "GC Thread#5" [stack: 0x000000f116700000,0x000000f116800000] [id=8092]
  0x00000234bb888800 ConcurrentGCThread "G1 Main Marker" [stack: 0x000000f115300000,0x000000f115400000] [id=9392]
  0x00000234bb88a000 ConcurrentGCThread "G1 Conc#0" [stack: 0x000000f115400000,0x000000f115500000] [id=16044]
  0x00000234d9480800 ConcurrentGCThread "G1 Conc#1" [stack: 0x000000f117400000,0x000000f117500000] [id=16116]
  0x00000234d5747000 ConcurrentGCThread "G1 Refine#0" [stack: 0x000000f115500000,0x000000f115600000] [id=2924]
  0x00000234bb91d800 ConcurrentGCThread "G1 Young RemSet Sampling" [stack: 0x000000f115600000,0x000000f115700000] [id=5804]

Threads with active compile tasks:

VM state:not at safepoint (normal execution)

VM Mutex/Monitor currently owned by a thread: None

Heap address: 0x0000000080000000, size: 2048 MB, Compressed Oops mode: 32-bit
Narrow klass base: 0x0000000000000000, Narrow klass shift: 3
Compressed class space size: 1073741824 Address: 0x0000000100000000

Heap:
 garbage-first heap   total 260096K, used 74938K [0x0000000080000000, 0x0000000100000000)
  region size 1024K, 17 young (17408K), 13 survivors (13312K)
 Metaspace       used 80744K, capacity 82927K, committed 83020K, reserved 1120256K
  class space    used 10524K, capacity 11336K, committed 11340K, reserved 1048576K
Heap Regions: E=young(eden), S=young(survivor), O=old, HS=humongous(starts), HC=humongous(continues), CS=collection set, F=free, A=archive, TAMS=top-at-mark-start (previous, next)
|   0|0x0000000080000000, 0x0000000080100000, 0x0000000080100000|100%| O|  |TAMS 0x0000000080100000, 0x0000000080000000| Untracked 
|   1|0x0000000080100000, 0x0000000080200000, 0x0000000080200000|100%| O|  |TAMS 0x0000000080200000, 0x0000000080100000| Untracked 
|   2|0x0000000080200000, 0x0000000080300000, 0x0000000080300000|100%| O|  |TAMS 0x0000000080300000, 0x0000000080200000| Untracked 
|   3|0x0000000080300000, 0x0000000080400000, 0x0000000080400000|100%|HS|  |TAMS 0x0000000080400000, 0x0000000080300000| Complete 
|   4|0x0000000080400000, 0x0000000080500000, 0x0000000080500000|100%|HC|  |TAMS 0x0000000080500000, 0x0000000080400000| Complete 
|   5|0x0000000080500000, 0x0000000080600000, 0x0000000080600000|100%|HC|  |TAMS 0x0000000080600000, 0x0000000080500000| Complete 
|   6|0x0000000080600000, 0x0000000080700000, 0x0000000080700000|100%| O|  |TAMS 0x0000000080700000, 0x0000000080600000| Untracked 
|   7|0x0000000080700000, 0x0000000080800000, 0x0000000080800000|100%| O|  |TAMS 0x0000000080800000, 0x0000000080700000| Untracked 
|   8|0x0000000080800000, 0x0000000080900000, 0x0000000080900000|100%| O|  |TAMS 0x0000000080900000, 0x0000000080800000| Untracked 
|   9|0x0000000080900000, 0x0000000080a00000, 0x0000000080a00000|100%| O|  |TAMS 0x0000000080a00000, 0x0000000080900000| Untracked 
|  10|0x0000000080a00000, 0x0000000080b00000, 0x0000000080b00000|100%| O|  |TAMS 0x0000000080b00000, 0x0000000080a00000| Untracked 
|  11|0x0000000080b00000, 0x0000000080c00000, 0x0000000080c00000|100%| O|  |TAMS 0x0000000080c00000, 0x0000000080b00000| Untracked 
|  12|0x0000000080c00000, 0x0000000080d00000, 0x0000000080d00000|100%| O|  |TAMS 0x0000000080d00000, 0x0000000080c00000| Untracked 
|  13|0x0000000080d00000, 0x0000000080e00000, 0x0000000080e00000|100%| O|  |TAMS 0x0000000080e00000, 0x0000000080d00000| Untracked 
|  14|0x0000000080e00000, 0x0000000080f00000, 0x0000000080f00000|100%| O|  |TAMS 0x0000000080f00000, 0x0000000080e00000| Untracked 
|  15|0x0000000080f00000, 0x0000000081000000, 0x0000000081000000|100%| O|  |TAMS 0x0000000081000000, 0x0000000080f00000| Untracked 
|  16|0x0000000081000000, 0x0000000081100000, 0x0000000081100000|100%|HS|  |TAMS 0x0000000081100000, 0x0000000081000000| Complete 
|  17|0x0000000081100000, 0x0000000081200000, 0x0000000081200000|100%|HS|  |TAMS 0x0000000081200000, 0x0000000081100000| Complete 
|  18|0x0000000081200000, 0x0000000081300000, 0x0000000081300000|100%|HS|  |TAMS 0x0000000081300000, 0x0000000081200000| Complete 
|  19|0x0000000081300000, 0x0000000081400000, 0x0000000081400000|100%|HC|  |TAMS 0x0000000081400000, 0x0000000081300000| Complete 
|  20|0x0000000081400000, 0x0000000081500000, 0x0000000081500000|100%| O|  |TAMS 0x0000000081500000, 0x0000000081400000| Untracked 
|  21|0x0000000081500000, 0x0000000081600000, 0x0000000081600000|100%| O|  |TAMS 0x0000000081600000, 0x0000000081500000| Untracked 
|  22|0x0000000081600000, 0x0000000081700000, 0x0000000081700000|100%| O|  |TAMS 0x0000000081700000, 0x0000000081600000| Untracked 
|  23|0x0000000081700000, 0x0000000081800000, 0x0000000081800000|100%| O|  |TAMS 0x0000000081800000, 0x0000000081700000| Untracked 
|  24|0x0000000081800000, 0x0000000081900000, 0x0000000081900000|100%| O|  |TAMS 0x0000000081900000, 0x0000000081800000| Untracked 
|  25|0x0000000081900000, 0x0000000081a00000, 0x0000000081a00000|100%| O|  |TAMS 0x0000000081a00000, 0x0000000081900000| Untracked 
|  26|0x0000000081a00000, 0x0000000081b00000, 0x0000000081b00000|100%| O|  |TAMS 0x0000000081b00000, 0x0000000081a00000| Untracked 
|  27|0x0000000081b00000, 0x0000000081c00000, 0x0000000081c00000|100%| O|  |TAMS 0x0000000081c00000, 0x0000000081b00000| Untracked 
|  28|0x0000000081c00000, 0x0000000081d00000, 0x0000000081d00000|100%| O|  |TAMS 0x0000000081d00000, 0x0000000081c00000| Untracked 
|  29|0x0000000081d00000, 0x0000000081e00000, 0x0000000081e00000|100%| O|  |TAMS 0x0000000081e00000, 0x0000000081d00000| Untracked 
|  30|0x0000000081e00000, 0x0000000081f00000, 0x0000000081f00000|100%| O|  |TAMS 0x0000000081f00000, 0x0000000081e00000| Untracked 
|  31|0x0000000081f00000, 0x0000000082000000, 0x0000000082000000|100%| O|  |TAMS 0x0000000082000000, 0x0000000081f00000| Untracked 
|  32|0x0000000082000000, 0x0000000082100000, 0x0000000082100000|100%| O|  |TAMS 0x0000000082100000, 0x0000000082000000| Untracked 
|  33|0x0000000082100000, 0x0000000082200000, 0x0000000082200000|100%| O|  |TAMS 0x0000000082200000, 0x0000000082100000| Untracked 
|  34|0x0000000082200000, 0x0000000082300000, 0x0000000082300000|100%| O|  |TAMS 0x0000000082300000, 0x0000000082200000| Untracked 
|  35|0x0000000082300000, 0x0000000082400000, 0x0000000082400000|100%| O|  |TAMS 0x0000000082400000, 0x0000000082300000| Untracked 
|  36|0x0000000082400000, 0x0000000082500000, 0x0000000082500000|100%| O|  |TAMS 0x0000000082500000, 0x0000000082400000| Untracked 
|  37|0x0000000082500000, 0x0000000082600000, 0x0000000082600000|100%| O|  |TAMS 0x0000000082600000, 0x0000000082500000| Untracked 
|  38|0x0000000082600000, 0x0000000082700000, 0x0000000082700000|100%| O|  |TAMS 0x0000000082700000, 0x0000000082600000| Untracked 
|  39|0x0000000082700000, 0x0000000082800000, 0x0000000082800000|100%| O|  |TAMS 0x0000000082800000, 0x0000000082700000| Untracked 
|  40|0x0000000082800000, 0x0000000082900000, 0x0000000082900000|100%| O|  |TAMS 0x0000000082900000, 0x0000000082800000| Untracked 
|  41|0x0000000082900000, 0x0000000082a00000, 0x0000000082a00000|100%| O|  |TAMS 0x0000000082a00000, 0x0000000082900000| Untracked 
|  42|0x0000000082a00000, 0x0000000082b00000, 0x0000000082b00000|100%| O|  |TAMS 0x0000000082a61800, 0x0000000082a00000| Untracked 
|  43|0x0000000082b00000, 0x0000000082c00000, 0x0000000082c00000|100%| O|  |TAMS 0x0000000082b00000, 0x0000000082b00000| Untracked 
|  44|0x0000000082c00000, 0x0000000082d00000, 0x0000000082d00000|100%| O|  |TAMS 0x0000000082c00000, 0x0000000082c00000| Untracked 
|  45|0x0000000082d00000, 0x0000000082e00000, 0x0000000082e00000|100%| O|  |TAMS 0x0000000082d00000, 0x0000000082d00000| Untracked 
|  46|0x0000000082e00000, 0x0000000082f00000, 0x0000000082f00000|100%| O|  |TAMS 0x0000000082e00000, 0x0000000082e00000| Untracked 
|  47|0x0000000082f00000, 0x0000000083000000, 0x0000000083000000|100%| O|  |TAMS 0x0000000082f00000, 0x0000000082f00000| Untracked 
|  48|0x0000000083000000, 0x0000000083100000, 0x0000000083100000|100%| O|  |TAMS 0x0000000083000000, 0x0000000083000000| Untracked 
|  49|0x0000000083100000, 0x0000000083200000, 0x0000000083200000|100%| O|  |TAMS 0x0000000083100000, 0x0000000083100000| Untracked 
|  50|0x0000000083200000, 0x0000000083300000, 0x0000000083300000|100%| O|  |TAMS 0x0000000083200000, 0x0000000083200000| Untracked 
|  51|0x0000000083300000, 0x0000000083400000, 0x0000000083400000|100%| O|  |TAMS 0x0000000083300000, 0x0000000083300000| Untracked 
|  52|0x0000000083400000, 0x0000000083500000, 0x0000000083500000|100%| O|  |TAMS 0x0000000083400000, 0x0000000083400000| Untracked 
|  53|0x0000000083500000, 0x0000000083600000, 0x0000000083600000|100%| O|  |TAMS 0x0000000083500000, 0x0000000083500000| Untracked 
|  54|0x0000000083600000, 0x0000000083700000, 0x0000000083700000|100%| O|  |TAMS 0x0000000083600000, 0x0000000083600000| Untracked 
|  55|0x0000000083700000, 0x0000000083800000, 0x0000000083800000|100%| O|  |TAMS 0x0000000083700000, 0x0000000083700000| Untracked 
|  56|0x0000000083800000, 0x0000000083900000, 0x0000000083900000|100%| O|  |TAMS 0x0000000083800000, 0x0000000083800000| Untracked 
|  57|0x0000000083900000, 0x000000008392ea00, 0x0000000083a00000| 18%| O|  |TAMS 0x0000000083900000, 0x0000000083900000| Untracked 
|  58|0x0000000083a00000, 0x0000000083a00000, 0x0000000083b00000|  0%| F|  |TAMS 0x0000000083a00000, 0x0000000083a00000| Untracked 
|  59|0x0000000083b00000, 0x0000000083b00000, 0x0000000083c00000|  0%| F|  |TAMS 0x0000000083b00000, 0x0000000083b00000| Untracked 
|  60|0x0000000083c00000, 0x0000000083c00000, 0x0000000083d00000|  0%| F|  |TAMS 0x0000000083c00000, 0x0000000083c00000| Untracked 
|  61|0x0000000083d00000, 0x0000000083d00000, 0x0000000083e00000|  0%| F|  |TAMS 0x0000000083d00000, 0x0000000083d00000| Untracked 
|  62|0x0000000083e00000, 0x0000000083e00000, 0x0000000083f00000|  0%| F|  |TAMS 0x0000000083e00000, 0x0000000083e00000| Untracked 
|  63|0x0000000083f00000, 0x0000000083f00000, 0x0000000084000000|  0%| F|  |TAMS 0x0000000083f00000, 0x0000000083f00000| Untracked 
|  64|0x0000000084000000, 0x0000000084000000, 0x0000000084100000|  0%| F|  |TAMS 0x0000000084000000, 0x0000000084000000| Untracked 
|  65|0x0000000084100000, 0x0000000084100000, 0x0000000084200000|  0%| F|  |TAMS 0x0000000084100000, 0x0000000084100000| Untracked 
|  66|0x0000000084200000, 0x0000000084200000, 0x0000000084300000|  0%| F|  |TAMS 0x0000000084200000, 0x0000000084200000| Untracked 
|  67|0x0000000084300000, 0x0000000084300000, 0x0000000084400000|  0%| F|  |TAMS 0x0000000084300000, 0x0000000084300000| Untracked 
|  68|0x0000000084400000, 0x0000000084400000, 0x0000000084500000|  0%| F|  |TAMS 0x0000000084400000, 0x0000000084400000| Untracked 
|  69|0x0000000084500000, 0x0000000084500000, 0x0000000084600000|  0%| F|  |TAMS 0x0000000084500000, 0x0000000084500000| Untracked 
|  70|0x0000000084600000, 0x0000000084600000, 0x0000000084700000|  0%| F|  |TAMS 0x0000000084600000, 0x0000000084600000| Untracked 
|  71|0x0000000084700000, 0x0000000084700000, 0x0000000084800000|  0%| F|  |TAMS 0x0000000084700000, 0x0000000084700000| Untracked 
|  72|0x0000000084800000, 0x0000000084800000, 0x0000000084900000|  0%| F|  |TAMS 0x0000000084800000, 0x0000000084800000| Untracked 
|  73|0x0000000084900000, 0x0000000084900000, 0x0000000084a00000|  0%| F|  |TAMS 0x0000000084900000, 0x0000000084900000| Untracked 
|  74|0x0000000084a00000, 0x0000000084a00000, 0x0000000084b00000|  0%| F|  |TAMS 0x0000000084a00000, 0x0000000084a00000| Untracked 
|  75|0x0000000084b00000, 0x0000000084b00000, 0x0000000084c00000|  0%| F|  |TAMS 0x0000000084b00000, 0x0000000084b00000| Untracked 
|  76|0x0000000084c00000, 0x0000000084c00000, 0x0000000084d00000|  0%| F|  |TAMS 0x0000000084c00000, 0x0000000084c00000| Untracked 
|  77|0x0000000084d00000, 0x0000000084d00000, 0x0000000084e00000|  0%| F|  |TAMS 0x0000000084d00000, 0x0000000084d00000| Untracked 
|  78|0x0000000084e00000, 0x0000000084e00000, 0x0000000084f00000|  0%| F|  |TAMS 0x0000000084e00000, 0x0000000084e00000| Untracked 
|  79|0x0000000084f00000, 0x0000000084f00000, 0x0000000085000000|  0%| F|  |TAMS 0x0000000084f00000, 0x0000000084f00000| Untracked 
|  80|0x0000000085000000, 0x0000000085000000, 0x0000000085100000|  0%| F|  |TAMS 0x0000000085000000, 0x0000000085000000| Untracked 
|  81|0x0000000085100000, 0x0000000085100000, 0x0000000085200000|  0%| F|  |TAMS 0x0000000085100000, 0x0000000085100000| Untracked 
|  82|0x0000000085200000, 0x0000000085200000, 0x0000000085300000|  0%| F|  |TAMS 0x0000000085200000, 0x0000000085200000| Untracked 
|  83|0x0000000085300000, 0x0000000085300000, 0x0000000085400000|  0%| F|  |TAMS 0x0000000085300000, 0x0000000085300000| Untracked 
|  84|0x0000000085400000, 0x0000000085400000, 0x0000000085500000|  0%| F|  |TAMS 0x0000000085400000, 0x0000000085400000| Untracked 
|  85|0x0000000085500000, 0x0000000085500000, 0x0000000085600000|  0%| F|  |TAMS 0x0000000085500000, 0x0000000085500000| Untracked 
|  86|0x0000000085600000, 0x0000000085600000, 0x0000000085700000|  0%| F|  |TAMS 0x0000000085600000, 0x0000000085600000| Untracked 
|  87|0x0000000085700000, 0x0000000085700000, 0x0000000085800000|  0%| F|  |TAMS 0x0000000085700000, 0x0000000085700000| Untracked 
|  88|0x0000000085800000, 0x0000000085800000, 0x0000000085900000|  0%| F|  |TAMS 0x0000000085800000, 0x0000000085800000| Untracked 
|  89|0x0000000085900000, 0x0000000085900000, 0x0000000085a00000|  0%| F|  |TAMS 0x0000000085900000, 0x0000000085900000| Untracked 
|  90|0x0000000085a00000, 0x0000000085a00000, 0x0000000085b00000|  0%| F|  |TAMS 0x0000000085a00000, 0x0000000085a00000| Untracked 
|  91|0x0000000085b00000, 0x0000000085b00000, 0x0000000085c00000|  0%| F|  |TAMS 0x0000000085b00000, 0x0000000085b00000| Untracked 
|  92|0x0000000085c00000, 0x0000000085c00000, 0x0000000085d00000|  0%| F|  |TAMS 0x0000000085c00000, 0x0000000085c00000| Untracked 
|  93|0x0000000085d00000, 0x0000000085d00000, 0x0000000085e00000|  0%| F|  |TAMS 0x0000000085d00000, 0x0000000085d00000| Untracked 
|  94|0x0000000085e00000, 0x0000000085e00000, 0x0000000085f00000|  0%| F|  |TAMS 0x0000000085e00000, 0x0000000085e00000| Untracked 
|  95|0x0000000085f00000, 0x0000000085f00000, 0x0000000086000000|  0%| F|  |TAMS 0x0000000085f00000, 0x0000000085f00000| Untracked 
|  96|0x0000000086000000, 0x0000000086000000, 0x0000000086100000|  0%| F|  |TAMS 0x0000000086000000, 0x0000000086000000| Untracked 
|  97|0x0000000086100000, 0x0000000086100000, 0x0000000086200000|  0%| F|  |TAMS 0x0000000086100000, 0x0000000086100000| Untracked 
|  98|0x0000000086200000, 0x0000000086200000, 0x0000000086300000|  0%| F|  |TAMS 0x0000000086200000, 0x0000000086200000| Untracked 
|  99|0x0000000086300000, 0x0000000086300000, 0x0000000086400000|  0%| F|  |TAMS 0x0000000086300000, 0x0000000086300000| Untracked 
| 100|0x0000000086400000, 0x0000000086400000, 0x0000000086500000|  0%| F|  |TAMS 0x0000000086400000, 0x0000000086400000| Untracked 
| 101|0x0000000086500000, 0x0000000086500000, 0x0000000086600000|  0%| F|  |TAMS 0x0000000086500000, 0x0000000086500000| Untracked 
| 102|0x0000000086600000, 0x0000000086600000, 0x0000000086700000|  0%| F|  |TAMS 0x0000000086600000, 0x0000000086600000| Untracked 
| 103|0x0000000086700000, 0x0000000086700000, 0x0000000086800000|  0%| F|  |TAMS 0x0000000086700000, 0x0000000086700000| Untracked 
| 104|0x0000000086800000, 0x0000000086800000, 0x0000000086900000|  0%| F|  |TAMS 0x0000000086800000, 0x0000000086800000| Untracked 
| 105|0x0000000086900000, 0x0000000086900000, 0x0000000086a00000|  0%| F|  |TAMS 0x0000000086900000, 0x0000000086900000| Untracked 
| 106|0x0000000086a00000, 0x0000000086a00000, 0x0000000086b00000|  0%| F|  |TAMS 0x0000000086a00000, 0x0000000086a00000| Untracked 
| 107|0x0000000086b00000, 0x0000000086b00000, 0x0000000086c00000|  0%| F|  |TAMS 0x0000000086b00000, 0x0000000086b00000| Untracked 
| 108|0x0000000086c00000, 0x0000000086c00000, 0x0000000086d00000|  0%| F|  |TAMS 0x0000000086c00000, 0x0000000086c00000| Untracked 
| 109|0x0000000086d00000, 0x0000000086d00000, 0x0000000086e00000|  0%| F|  |TAMS 0x0000000086d00000, 0x0000000086d00000| Untracked 
| 110|0x0000000086e00000, 0x0000000086e00000, 0x0000000086f00000|  0%| F|  |TAMS 0x0000000086e00000, 0x0000000086e00000| Untracked 
| 111|0x0000000086f00000, 0x0000000086f00000, 0x0000000087000000|  0%| F|  |TAMS 0x0000000086f00000, 0x0000000086f00000| Untracked 
| 112|0x0000000087000000, 0x0000000087000000, 0x0000000087100000|  0%| F|  |TAMS 0x0000000087000000, 0x0000000087000000| Untracked 
| 113|0x0000000087100000, 0x0000000087100000, 0x0000000087200000|  0%| F|  |TAMS 0x0000000087100000, 0x0000000087100000| Untracked 
| 114|0x0000000087200000, 0x0000000087200000, 0x0000000087300000|  0%| F|  |TAMS 0x0000000087200000, 0x0000000087200000| Untracked 
| 115|0x0000000087300000, 0x0000000087300000, 0x0000000087400000|  0%| F|  |TAMS 0x0000000087300000, 0x0000000087300000| Untracked 
| 116|0x0000000087400000, 0x0000000087400000, 0x0000000087500000|  0%| F|  |TAMS 0x0000000087400000, 0x0000000087400000| Untracked 
| 117|0x0000000087500000, 0x0000000087500000, 0x0000000087600000|  0%| F|  |TAMS 0x0000000087500000, 0x0000000087500000| Untracked 
| 118|0x0000000087600000, 0x0000000087600000, 0x0000000087700000|  0%| F|  |TAMS 0x0000000087600000, 0x0000000087600000| Untracked 
| 119|0x0000000087700000, 0x0000000087700000, 0x0000000087800000|  0%| F|  |TAMS 0x0000000087700000, 0x0000000087700000| Untracked 
| 120|0x0000000087800000, 0x0000000087800000, 0x0000000087900000|  0%| F|  |TAMS 0x0000000087800000, 0x0000000087800000| Untracked 
| 121|0x0000000087900000, 0x0000000087900000, 0x0000000087a00000|  0%| F|  |TAMS 0x0000000087900000, 0x0000000087900000| Untracked 
| 122|0x0000000087a00000, 0x0000000087a00000, 0x0000000087b00000|  0%| F|  |TAMS 0x0000000087a00000, 0x0000000087a00000| Untracked 
| 123|0x0000000087b00000, 0x0000000087c00000, 0x0000000087c00000|100%| S|CS|TAMS 0x0000000087b00000, 0x0000000087b00000| Complete 
| 124|0x0000000087c00000, 0x0000000087d00000, 0x0000000087d00000|100%| S|CS|TAMS 0x0000000087c00000, 0x0000000087c00000| Complete 
| 125|0x0000000087d00000, 0x0000000087e00000, 0x0000000087e00000|100%| S|CS|TAMS 0x0000000087d00000, 0x0000000087d00000| Complete 
| 126|0x0000000087e00000, 0x0000000087f00000, 0x0000000087f00000|100%| S|CS|TAMS 0x0000000087e00000, 0x0000000087e00000| Complete 
| 127|0x0000000087f00000, 0x0000000088000000, 0x0000000088000000|100%| S|CS|TAMS 0x0000000087f00000, 0x0000000087f00000| Complete 
| 128|0x0000000088000000, 0x0000000088100000, 0x0000000088100000|100%| S|CS|TAMS 0x0000000088000000, 0x0000000088000000| Complete 
| 129|0x0000000088100000, 0x0000000088200000, 0x0000000088200000|100%| S|CS|TAMS 0x0000000088100000, 0x0000000088100000| Complete 
| 130|0x0000000088200000, 0x0000000088300000, 0x0000000088300000|100%| S|CS|TAMS 0x0000000088200000, 0x0000000088200000| Complete 
| 131|0x0000000088300000, 0x0000000088400000, 0x0000000088400000|100%| S|CS|TAMS 0x0000000088300000, 0x0000000088300000| Complete 
| 132|0x0000000088400000, 0x0000000088400000, 0x0000000088500000|  0%| F|  |TAMS 0x0000000088400000, 0x0000000088400000| Untracked 
| 133|0x0000000088500000, 0x0000000088500000, 0x0000000088600000|  0%| F|  |TAMS 0x0000000088500000, 0x0000000088500000| Untracked 
| 134|0x0000000088600000, 0x0000000088600000, 0x0000000088700000|  0%| F|  |TAMS 0x0000000088600000, 0x0000000088600000| Untracked 
| 135|0x0000000088700000, 0x0000000088700000, 0x0000000088800000|  0%| F|  |TAMS 0x0000000088700000, 0x0000000088700000| Untracked 
| 136|0x0000000088800000, 0x0000000088800000, 0x0000000088900000|  0%| F|  |TAMS 0x0000000088800000, 0x0000000088800000| Untracked 
| 137|0x0000000088900000, 0x0000000088900000, 0x0000000088a00000|  0%| F|  |TAMS 0x0000000088900000, 0x0000000088900000| Untracked 
| 138|0x0000000088a00000, 0x0000000088a00000, 0x0000000088b00000|  0%| F|  |TAMS 0x0000000088a00000, 0x0000000088a00000| Untracked 
| 139|0x0000000088b00000, 0x0000000088b00000, 0x0000000088c00000|  0%| F|  |TAMS 0x0000000088b00000, 0x0000000088b00000| Untracked 
| 140|0x0000000088c00000, 0x0000000088c00000, 0x0000000088d00000|  0%| F|  |TAMS 0x0000000088c00000, 0x0000000088c00000| Untracked 
| 141|0x0000000088d00000, 0x0000000088e00000, 0x0000000088e00000|100%| S|CS|TAMS 0x0000000088d00000, 0x0000000088d00000| Complete 
| 142|0x0000000088e00000, 0x0000000088f00000, 0x0000000088f00000|100%| S|CS|TAMS 0x0000000088e00000, 0x0000000088e00000| Complete 
| 143|0x0000000088f00000, 0x0000000089000000, 0x0000000089000000|100%| S|CS|TAMS 0x0000000088f00000, 0x0000000088f00000| Complete 
| 144|0x0000000089000000, 0x0000000089100000, 0x0000000089100000|100%| S|CS|TAMS 0x0000000089000000, 0x0000000089000000| Complete 
| 145|0x0000000089100000, 0x0000000089100000, 0x0000000089200000|  0%| F|  |TAMS 0x0000000089100000, 0x0000000089100000| Untracked 
| 146|0x0000000089200000, 0x0000000089200000, 0x0000000089300000|  0%| F|  |TAMS 0x0000000089200000, 0x0000000089200000| Untracked 
| 147|0x0000000089300000, 0x0000000089300000, 0x0000000089400000|  0%| F|  |TAMS 0x0000000089300000, 0x0000000089300000| Untracked 
| 148|0x0000000089400000, 0x0000000089400000, 0x0000000089500000|  0%| F|  |TAMS 0x0000000089400000, 0x0000000089400000| Untracked 
| 149|0x0000000089500000, 0x0000000089500000, 0x0000000089600000|  0%| F|  |TAMS 0x0000000089500000, 0x0000000089500000| Untracked 
| 150|0x0000000089600000, 0x0000000089600000, 0x0000000089700000|  0%| F|  |TAMS 0x0000000089600000, 0x0000000089600000| Untracked 
| 151|0x0000000089700000, 0x0000000089700000, 0x0000000089800000|  0%| F|  |TAMS 0x0000000089700000, 0x0000000089700000| Untracked 
| 152|0x0000000089800000, 0x0000000089800000, 0x0000000089900000|  0%| F|  |TAMS 0x0000000089800000, 0x0000000089800000| Untracked 
| 153|0x0000000089900000, 0x0000000089900000, 0x0000000089a00000|  0%| F|  |TAMS 0x0000000089900000, 0x0000000089900000| Untracked 
| 154|0x0000000089a00000, 0x0000000089a00000, 0x0000000089b00000|  0%| F|  |TAMS 0x0000000089a00000, 0x0000000089a00000| Untracked 
| 155|0x0000000089b00000, 0x0000000089b00000, 0x0000000089c00000|  0%| F|  |TAMS 0x0000000089b00000, 0x0000000089b00000| Untracked 
| 156|0x0000000089c00000, 0x0000000089c00000, 0x0000000089d00000|  0%| F|  |TAMS 0x0000000089c00000, 0x0000000089c00000| Untracked 
| 157|0x0000000089d00000, 0x0000000089d00000, 0x0000000089e00000|  0%| F|  |TAMS 0x0000000089d00000, 0x0000000089d00000| Untracked 
| 158|0x0000000089e00000, 0x0000000089e00000, 0x0000000089f00000|  0%| F|  |TAMS 0x0000000089e00000, 0x0000000089e00000| Untracked 
| 159|0x0000000089f00000, 0x0000000089f00000, 0x000000008a000000|  0%| F|  |TAMS 0x0000000089f00000, 0x0000000089f00000| Untracked 
| 160|0x000000008a000000, 0x000000008a000000, 0x000000008a100000|  0%| F|  |TAMS 0x000000008a000000, 0x000000008a000000| Untracked 
| 161|0x000000008a100000, 0x000000008a100000, 0x000000008a200000|  0%| F|  |TAMS 0x000000008a100000, 0x000000008a100000| Untracked 
| 162|0x000000008a200000, 0x000000008a200000, 0x000000008a300000|  0%| F|  |TAMS 0x000000008a200000, 0x000000008a200000| Untracked 
| 163|0x000000008a300000, 0x000000008a300000, 0x000000008a400000|  0%| F|  |TAMS 0x000000008a300000, 0x000000008a300000| Untracked 
| 164|0x000000008a400000, 0x000000008a400000, 0x000000008a500000|  0%| F|  |TAMS 0x000000008a400000, 0x000000008a400000| Untracked 
| 165|0x000000008a500000, 0x000000008a500000, 0x000000008a600000|  0%| F|  |TAMS 0x000000008a500000, 0x000000008a500000| Untracked 
| 166|0x000000008a600000, 0x000000008a600000, 0x000000008a700000|  0%| F|  |TAMS 0x000000008a600000, 0x000000008a600000| Untracked 
| 167|0x000000008a700000, 0x000000008a700000, 0x000000008a800000|  0%| F|  |TAMS 0x000000008a700000, 0x000000008a700000| Untracked 
| 168|0x000000008a800000, 0x000000008a800000, 0x000000008a900000|  0%| F|  |TAMS 0x000000008a800000, 0x000000008a800000| Untracked 
| 169|0x000000008a900000, 0x000000008a900000, 0x000000008aa00000|  0%| F|  |TAMS 0x000000008a900000, 0x000000008a900000| Untracked 
| 170|0x000000008aa00000, 0x000000008aa00000, 0x000000008ab00000|  0%| F|  |TAMS 0x000000008aa00000, 0x000000008aa00000| Untracked 
| 171|0x000000008ab00000, 0x000000008ab00000, 0x000000008ac00000|  0%| F|  |TAMS 0x000000008ab00000, 0x000000008ab00000| Untracked 
| 172|0x000000008ac00000, 0x000000008ac00000, 0x000000008ad00000|  0%| F|  |TAMS 0x000000008ac00000, 0x000000008ac00000| Untracked 
| 173|0x000000008ad00000, 0x000000008ad00000, 0x000000008ae00000|  0%| F|  |TAMS 0x000000008ad00000, 0x000000008ad00000| Untracked 
| 174|0x000000008ae00000, 0x000000008ae00000, 0x000000008af00000|  0%| F|  |TAMS 0x000000008ae00000, 0x000000008ae00000| Untracked 
| 175|0x000000008af00000, 0x000000008af00000, 0x000000008b000000|  0%| F|  |TAMS 0x000000008af00000, 0x000000008af00000| Untracked 
| 176|0x000000008b000000, 0x000000008b000000, 0x000000008b100000|  0%| F|  |TAMS 0x000000008b000000, 0x000000008b000000| Untracked 
| 177|0x000000008b100000, 0x000000008b100000, 0x000000008b200000|  0%| F|  |TAMS 0x000000008b100000, 0x000000008b100000| Untracked 
| 178|0x000000008b200000, 0x000000008b200000, 0x000000008b300000|  0%| F|  |TAMS 0x000000008b200000, 0x000000008b200000| Untracked 
| 179|0x000000008b300000, 0x000000008b300000, 0x000000008b400000|  0%| F|  |TAMS 0x000000008b300000, 0x000000008b300000| Untracked 
| 180|0x000000008b400000, 0x000000008b400000, 0x000000008b500000|  0%| F|  |TAMS 0x000000008b400000, 0x000000008b400000| Untracked 
| 181|0x000000008b500000, 0x000000008b500000, 0x000000008b600000|  0%| F|  |TAMS 0x000000008b500000, 0x000000008b500000| Untracked 
| 182|0x000000008b600000, 0x000000008b600000, 0x000000008b700000|  0%| F|  |TAMS 0x000000008b600000, 0x000000008b600000| Untracked 
| 183|0x000000008b700000, 0x000000008b700000, 0x000000008b800000|  0%| F|  |TAMS 0x000000008b700000, 0x000000008b700000| Untracked 
| 184|0x000000008b800000, 0x000000008b800000, 0x000000008b900000|  0%| F|  |TAMS 0x000000008b800000, 0x000000008b800000| Untracked 
| 185|0x000000008b900000, 0x000000008b900000, 0x000000008ba00000|  0%| F|  |TAMS 0x000000008b900000, 0x000000008b900000| Untracked 
| 186|0x000000008ba00000, 0x000000008ba00000, 0x000000008bb00000|  0%| F|  |TAMS 0x000000008ba00000, 0x000000008ba00000| Untracked 
| 187|0x000000008bb00000, 0x000000008bb00000, 0x000000008bc00000|  0%| F|  |TAMS 0x000000008bb00000, 0x000000008bb00000| Untracked 
| 188|0x000000008bc00000, 0x000000008bc00000, 0x000000008bd00000|  0%| F|  |TAMS 0x000000008bc00000, 0x000000008bc00000| Untracked 
| 189|0x000000008bd00000, 0x000000008bd00000, 0x000000008be00000|  0%| F|  |TAMS 0x000000008bd00000, 0x000000008bd00000| Untracked 
| 190|0x000000008be00000, 0x000000008be00000, 0x000000008bf00000|  0%| F|  |TAMS 0x000000008be00000, 0x000000008be00000| Untracked 
| 191|0x000000008bf00000, 0x000000008bf00000, 0x000000008c000000|  0%| F|  |TAMS 0x000000008bf00000, 0x000000008bf00000| Untracked 
| 192|0x000000008c000000, 0x000000008c000000, 0x000000008c100000|  0%| F|  |TAMS 0x000000008c000000, 0x000000008c000000| Untracked 
| 193|0x000000008c100000, 0x000000008c100000, 0x000000008c200000|  0%| F|  |TAMS 0x000000008c100000, 0x000000008c100000| Untracked 
| 194|0x000000008c200000, 0x000000008c200000, 0x000000008c300000|  0%| F|  |TAMS 0x000000008c200000, 0x000000008c200000| Untracked 
| 195|0x000000008c300000, 0x000000008c300000, 0x000000008c400000|  0%| F|  |TAMS 0x000000008c300000, 0x000000008c300000| Untracked 
| 196|0x000000008c400000, 0x000000008c400000, 0x000000008c500000|  0%| F|  |TAMS 0x000000008c400000, 0x000000008c400000| Untracked 
| 197|0x000000008c500000, 0x000000008c500000, 0x000000008c600000|  0%| F|  |TAMS 0x000000008c500000, 0x000000008c500000| Untracked 
| 198|0x000000008c600000, 0x000000008c600000, 0x000000008c700000|  0%| F|  |TAMS 0x000000008c600000, 0x000000008c600000| Untracked 
| 199|0x000000008c700000, 0x000000008c700000, 0x000000008c800000|  0%| F|  |TAMS 0x000000008c700000, 0x000000008c700000| Untracked 
| 200|0x000000008c800000, 0x000000008c800000, 0x000000008c900000|  0%| F|  |TAMS 0x000000008c800000, 0x000000008c800000| Untracked 
| 201|0x000000008c900000, 0x000000008c900000, 0x000000008ca00000|  0%| F|  |TAMS 0x000000008c900000, 0x000000008c900000| Untracked 
| 202|0x000000008ca00000, 0x000000008ca00000, 0x000000008cb00000|  0%| F|  |TAMS 0x000000008ca00000, 0x000000008ca00000| Untracked 
| 203|0x000000008cb00000, 0x000000008cb00000, 0x000000008cc00000|  0%| F|  |TAMS 0x000000008cb00000, 0x000000008cb00000| Untracked 
| 204|0x000000008cc00000, 0x000000008cc00000, 0x000000008cd00000|  0%| F|  |TAMS 0x000000008cc00000, 0x000000008cc00000| Untracked 
| 205|0x000000008cd00000, 0x000000008cd00000, 0x000000008ce00000|  0%| F|  |TAMS 0x000000008cd00000, 0x000000008cd00000| Untracked 
| 206|0x000000008ce00000, 0x000000008ce00000, 0x000000008cf00000|  0%| F|  |TAMS 0x000000008ce00000, 0x000000008ce00000| Untracked 
| 207|0x000000008cf00000, 0x000000008cf00000, 0x000000008d000000|  0%| F|  |TAMS 0x000000008cf00000, 0x000000008cf00000| Untracked 
| 208|0x000000008d000000, 0x000000008d000000, 0x000000008d100000|  0%| F|  |TAMS 0x000000008d000000, 0x000000008d000000| Untracked 
| 209|0x000000008d100000, 0x000000008d100000, 0x000000008d200000|  0%| F|  |TAMS 0x000000008d100000, 0x000000008d100000| Untracked 
| 210|0x000000008d200000, 0x000000008d200000, 0x000000008d300000|  0%| F|  |TAMS 0x000000008d200000, 0x000000008d200000| Untracked 
| 211|0x000000008d300000, 0x000000008d300000, 0x000000008d400000|  0%| F|  |TAMS 0x000000008d300000, 0x000000008d300000| Untracked 
| 212|0x000000008d400000, 0x000000008d400000, 0x000000008d500000|  0%| F|  |TAMS 0x000000008d400000, 0x000000008d400000| Untracked 
| 213|0x000000008d500000, 0x000000008d500000, 0x000000008d600000|  0%| F|  |TAMS 0x000000008d500000, 0x000000008d500000| Untracked 
| 214|0x000000008d600000, 0x000000008d600000, 0x000000008d700000|  0%| F|  |TAMS 0x000000008d600000, 0x000000008d600000| Untracked 
| 215|0x000000008d700000, 0x000000008d700000, 0x000000008d800000|  0%| F|  |TAMS 0x000000008d700000, 0x000000008d700000| Untracked 
| 216|0x000000008d800000, 0x000000008d800000, 0x000000008d900000|  0%| F|  |TAMS 0x000000008d800000, 0x000000008d800000| Untracked 
| 217|0x000000008d900000, 0x000000008d900000, 0x000000008da00000|  0%| F|  |TAMS 0x000000008d900000, 0x000000008d900000| Untracked 
| 218|0x000000008da00000, 0x000000008da00000, 0x000000008db00000|  0%| F|  |TAMS 0x000000008da00000, 0x000000008da00000| Untracked 
| 219|0x000000008db00000, 0x000000008db00000, 0x000000008dc00000|  0%| F|  |TAMS 0x000000008db00000, 0x000000008db00000| Untracked 
| 220|0x000000008dc00000, 0x000000008dc00000, 0x000000008dd00000|  0%| F|  |TAMS 0x000000008dc00000, 0x000000008dc00000| Untracked 
| 221|0x000000008dd00000, 0x000000008dd00000, 0x000000008de00000|  0%| F|  |TAMS 0x000000008dd00000, 0x000000008dd00000| Untracked 
| 222|0x000000008de00000, 0x000000008de00000, 0x000000008df00000|  0%| F|  |TAMS 0x000000008de00000, 0x000000008de00000| Untracked 
| 223|0x000000008df00000, 0x000000008df00000, 0x000000008e000000|  0%| F|  |TAMS 0x000000008df00000, 0x000000008df00000| Untracked 
| 224|0x000000008e000000, 0x000000008e000000, 0x000000008e100000|  0%| F|  |TAMS 0x000000008e000000, 0x000000008e000000| Untracked 
| 225|0x000000008e100000, 0x000000008e100000, 0x000000008e200000|  0%| F|  |TAMS 0x000000008e100000, 0x000000008e100000| Untracked 
| 226|0x000000008e200000, 0x000000008e200000, 0x000000008e300000|  0%| F|  |TAMS 0x000000008e200000, 0x000000008e200000| Untracked 
| 227|0x000000008e300000, 0x000000008e300000, 0x000000008e400000|  0%| F|  |TAMS 0x000000008e300000, 0x000000008e300000| Untracked 
| 228|0x000000008e400000, 0x000000008e400000, 0x000000008e500000|  0%| F|  |TAMS 0x000000008e400000, 0x000000008e400000| Untracked 
| 229|0x000000008e500000, 0x000000008e500000, 0x000000008e600000|  0%| F|  |TAMS 0x000000008e500000, 0x000000008e500000| Untracked 
| 230|0x000000008e600000, 0x000000008e600000, 0x000000008e700000|  0%| F|  |TAMS 0x000000008e600000, 0x000000008e600000| Untracked 
| 231|0x000000008e700000, 0x000000008e700000, 0x000000008e800000|  0%| F|  |TAMS 0x000000008e700000, 0x000000008e700000| Untracked 
| 232|0x000000008e800000, 0x000000008e800000, 0x000000008e900000|  0%| F|  |TAMS 0x000000008e800000, 0x000000008e800000| Untracked 
| 233|0x000000008e900000, 0x000000008e900000, 0x000000008ea00000|  0%| F|  |TAMS 0x000000008e900000, 0x000000008e900000| Untracked 
| 234|0x000000008ea00000, 0x000000008ea00000, 0x000000008eb00000|  0%| F|  |TAMS 0x000000008ea00000, 0x000000008ea00000| Untracked 
| 235|0x000000008eb00000, 0x000000008eb00000, 0x000000008ec00000|  0%| F|  |TAMS 0x000000008eb00000, 0x000000008eb00000| Untracked 
| 236|0x000000008ec00000, 0x000000008ec00000, 0x000000008ed00000|  0%| F|  |TAMS 0x000000008ec00000, 0x000000008ec00000| Untracked 
| 237|0x000000008ed00000, 0x000000008ed00000, 0x000000008ee00000|  0%| F|  |TAMS 0x000000008ed00000, 0x000000008ed00000| Untracked 
| 238|0x000000008ee00000, 0x000000008ee00000, 0x000000008ef00000|  0%| F|  |TAMS 0x000000008ee00000, 0x000000008ee00000| Untracked 
| 239|0x000000008ef00000, 0x000000008ef00000, 0x000000008f000000|  0%| F|  |TAMS 0x000000008ef00000, 0x000000008ef00000| Untracked 
| 240|0x000000008f000000, 0x000000008f000000, 0x000000008f100000|  0%| F|  |TAMS 0x000000008f000000, 0x000000008f000000| Untracked 
| 241|0x000000008f100000, 0x000000008f100000, 0x000000008f200000|  0%| F|  |TAMS 0x000000008f100000, 0x000000008f100000| Untracked 
| 242|0x000000008f200000, 0x000000008f200000, 0x000000008f300000|  0%| F|  |TAMS 0x000000008f200000, 0x000000008f200000| Untracked 
| 243|0x000000008f300000, 0x000000008f300000, 0x000000008f400000|  0%| F|  |TAMS 0x000000008f300000, 0x000000008f300000| Untracked 
| 244|0x000000008f400000, 0x000000008f400000, 0x000000008f500000|  0%| F|  |TAMS 0x000000008f400000, 0x000000008f400000| Untracked 
| 245|0x000000008f500000, 0x000000008f500000, 0x000000008f600000|  0%| F|  |TAMS 0x000000008f500000, 0x000000008f500000| Untracked 
| 246|0x000000008f600000, 0x000000008f600000, 0x000000008f700000|  0%| F|  |TAMS 0x000000008f600000, 0x000000008f600000| Untracked 
| 247|0x000000008f700000, 0x000000008f700000, 0x000000008f800000|  0%| F|  |TAMS 0x000000008f700000, 0x000000008f700000| Untracked 
| 248|0x000000008f800000, 0x000000008f800000, 0x000000008f900000|  0%| F|  |TAMS 0x000000008f800000, 0x000000008f800000| Untracked 
| 249|0x000000008f900000, 0x000000008f900000, 0x000000008fa00000|  0%| F|  |TAMS 0x000000008f900000, 0x000000008f900000| Untracked 
| 250|0x000000008fa00000, 0x000000008faf6848, 0x000000008fb00000| 96%| E|  |TAMS 0x000000008fa00000, 0x000000008fa00000| Complete 
| 251|0x000000008fb00000, 0x000000008fc00000, 0x000000008fc00000|100%| E|CS|TAMS 0x000000008fb00000, 0x000000008fb00000| Complete 
| 252|0x000000008fc00000, 0x000000008fd00000, 0x000000008fd00000|100%| E|CS|TAMS 0x000000008fc00000, 0x000000008fc00000| Complete 
| 253|0x000000008fd00000, 0x000000008fe00000, 0x000000008fe00000|100%| E|CS|TAMS 0x000000008fd00000, 0x000000008fd00000| Complete 

Card table byte_map: [0x00000234ce840000,0x00000234cec40000] _byte_map_base: 0x00000234ce440000

Marking Bits (Prev, Next): (CMBitMap*) 0x00000234bb87fdc8, (CMBitMap*) 0x00000234bb87fe00
 Prev Bits: [0x00000234cf040000, 0x00000234d1040000)
 Next Bits: [0x00000234d1040000, 0x00000234d3040000)

Polling page: 0x00000234b9840000

Metaspace:

Usage:
  Non-class:     69.91 MB capacity,    68.57 MB ( 98%) used,     1.10 MB (  2%) free+waste,   241.81 KB ( <1%) overhead. 
      Class:     11.07 MB capacity,    10.28 MB ( 93%) used,   701.09 KB (  6%) free+waste,   110.06 KB ( <1%) overhead. 
       Both:     80.98 MB capacity,    78.85 MB ( 97%) used,     1.79 MB (  2%) free+waste,   351.88 KB ( <1%) overhead. 

Virtual space:
  Non-class space:       70.00 MB reserved,      70.00 MB (100%) committed 
      Class space:        1.00 GB reserved,      11.07 MB (  1%) committed 
             Both:        1.07 GB reserved,      81.07 MB (  7%) committed 

Chunk freelists:
   Non-Class:  25.00 KB
       Class:  0 bytes
        Both:  25.00 KB

MaxMetaspaceSize: 17179869184.00 GB
CompressedClassSpaceSize: 1.00 GB

CodeHeap 'non-profiled nmethods': size=120064Kb used=5652Kb max_used=5652Kb free=114411Kb
 bounds [0x00000234c6df0000, 0x00000234c7380000, 0x00000234ce330000]
CodeHeap 'profiled nmethods': size=120000Kb used=20811Kb max_used=20811Kb free=99189Kb
 bounds [0x00000234bf8c0000, 0x00000234c0d20000, 0x00000234c6df0000]
CodeHeap 'non-nmethods': size=5696Kb used=2275Kb max_used=2343Kb free=3420Kb
 bounds [0x00000234bf330000, 0x00000234bf5a0000, 0x00000234bf8c0000]
 total_blobs=10701 nmethods=9829 adapters=783
 compilation: enabled
              stopped_count=0, restarted_count=0
 full_count=0

Compilation events (20 events):
Event: 8.480 Thread 0x00000234d6170800 9838       3       org.gradle.internal.snapshot.FileSystemSnapshotHierarchyVisitor::enterDirectory (1 bytes)
Event: 8.480 Thread 0x00000234dda8a800 nmethod 9841 0x00000234c736d810 code [0x00000234c736d9a0, 0x00000234c736da38]
Event: 8.480 Thread 0x00000234d6170800 nmethod 9838 0x00000234c0d02390 code [0x00000234c0d02540, 0x00000234c0d02638]
Event: 8.480 Thread 0x00000234d616a000 9845       4       org.gradle.internal.snapshot.SingletonChildMap::visitChildren (21 bytes)
Event: 8.480 Thread 0x00000234d6170800 9839       3       org.gradle.internal.snapshot.FileSystemSnapshotHierarchyVisitor::leaveDirectory (1 bytes)
Event: 8.480 Thread 0x00000234d6170800 nmethod 9839 0x00000234c0d02710 code [0x00000234c0d028c0, 0x00000234c0d029b8]
Event: 8.480 Thread 0x00000234d6170800 9840       3       org.gradle.internal.snapshot.EmptyChildMap::visitChildren (1 bytes)
Event: 8.480 Thread 0x00000234d6170800 nmethod 9840 0x00000234c0d02a90 code [0x00000234c0d02c40, 0x00000234c0d02d38]
Event: 8.480 Thread 0x00000234d6170800 9842       3       org.gradle.internal.snapshot.AbstractIncompleteFileSystemNode::accept (16 bytes)
Event: 8.480 Thread 0x00000234dda8a800 9846       4       org.gradle.internal.snapshot.AbstractListChildMap::visitChildren (47 bytes)
Event: 8.480 Thread 0x00000234d6170800 nmethod 9842 0x00000234c0d02e10 code [0x00000234c0d03020, 0x00000234c0d03608]
Event: 8.480 Thread 0x00000234d6170800 9843       3       org.gradle.internal.snapshot.AbstractIncompleteFileSystemNode$$Lambda$316/0x00000001004e7840::get$Lambda (9 bytes)
Event: 8.480 Thread 0x00000234d6170800 nmethod 9843 0x00000234c0d03810 code [0x00000234c0d039e0, 0x00000234c0d03c38]
Event: 8.480 Thread 0x00000234d6170800 9844       3       org.gradle.internal.snapshot.AbstractIncompleteFileSystemNode$$Lambda$316/0x00000001004e7840::<init> (10 bytes)
Event: 8.480 Thread 0x00000234d6170800 nmethod 9844 0x00000234c0d03d10 code [0x00000234c0d03ec0, 0x00000234c0d04078]
Event: 8.481 Thread 0x00000234d6170800 9847       3       org.gradle.internal.file.DefaultFileHierarchySet$Node::contains (101 bytes)
Event: 8.481 Thread 0x00000234d6170800 nmethod 9847 0x00000234c0d04110 code [0x00000234c0d04360, 0x00000234c0d04c98]
Event: 8.483 Thread 0x00000234d616a000 nmethod 9845 0x00000234c736db10 code [0x00000234c736dd00, 0x00000234c736e0a8]
Event: 8.483 Thread 0x00000234d616a000 9848       4       org.gradle.internal.watch.registry.impl.WatchableHierarchies$RemoveUnwatchedFiles::visitEntry (21 bytes)
Event: 8.486 Thread 0x00000234dda8a800 nmethod 9846 0x00000234c736e490 code [0x00000234c736e680, 0x00000234c736ec18]

GC Heap History (20 events):
Event: 1.464 GC heap before
{Heap before GC invocations=3 (full 0):
 garbage-first heap   total 260096K, used 35785K [0x0000000080000000, 0x0000000100000000)
  region size 1024K, 28 young (28672K), 7 survivors (7168K)
 Metaspace       used 20524K, capacity 21088K, committed 21248K, reserved 1067008K
  class space    used 2505K, capacity 2690K, committed 2816K, reserved 1048576K
}
Event: 1.468 GC heap after
{Heap after GC invocations=4 (full 0):
 garbage-first heap   total 260096K, used 16901K [0x0000000080000000, 0x0000000100000000)
  region size 1024K, 1 young (1024K), 1 survivors (1024K)
 Metaspace       used 20524K, capacity 21088K, committed 21248K, reserved 1067008K
  class space    used 2505K, capacity 2690K, committed 2816K, reserved 1048576K
}
Event: 1.960 GC heap before
{Heap before GC invocations=5 (full 0):
 garbage-first heap   total 260096K, used 86533K [0x0000000080000000, 0x0000000100000000)
  region size 1024K, 69 young (70656K), 1 survivors (1024K)
 Metaspace       used 27090K, capacity 27735K, committed 27904K, reserved 1073152K
  class space    used 3578K, capacity 3827K, committed 3840K, reserved 1048576K
}
Event: 1.963 GC heap after
{Heap after GC invocations=6 (full 0):
 garbage-first heap   total 260096K, used 19099K [0x0000000080000000, 0x0000000100000000)
  region size 1024K, 3 young (3072K), 3 survivors (3072K)
 Metaspace       used 27090K, capacity 27735K, committed 27904K, reserved 1073152K
  class space    used 3578K, capacity 3827K, committed 3840K, reserved 1048576K
}
Event: 2.391 GC heap before
{Heap before GC invocations=6 (full 0):
 garbage-first heap   total 260096K, used 60059K [0x0000000080000000, 0x0000000100000000)
  region size 1024K, 45 young (46080K), 3 survivors (3072K)
 Metaspace       used 35054K, capacity 35790K, committed 35840K, reserved 1081344K
  class space    used 4547K, capacity 4832K, committed 4864K, reserved 1048576K
}
Event: 2.396 GC heap after
{Heap after GC invocations=7 (full 0):
 garbage-first heap   total 260096K, used 22134K [0x0000000080000000, 0x0000000100000000)
  region size 1024K, 6 young (6144K), 6 survivors (6144K)
 Metaspace       used 35054K, capacity 35790K, committed 35840K, reserved 1081344K
  class space    used 4547K, capacity 4832K, committed 4864K, reserved 1048576K
}
Event: 3.035 GC heap before
{Heap before GC invocations=8 (full 0):
 garbage-first heap   total 260096K, used 121462K [0x0000000080000000, 0x0000000100000000)
  region size 1024K, 100 young (102400K), 6 survivors (6144K)
 Metaspace       used 42927K, capacity 43919K, committed 44032K, reserved 1087488K
  class space    used 5488K, capacity 5824K, committed 5888K, reserved 1048576K
}
Event: 3.043 GC heap after
{Heap after GC invocations=9 (full 0):
 garbage-first heap   total 260096K, used 28136K [0x0000000080000000, 0x0000000100000000)
  region size 1024K, 12 young (12288K), 12 survivors (12288K)
 Metaspace       used 42927K, capacity 43919K, committed 44032K, reserved 1087488K
  class space    used 5488K, capacity 5824K, committed 5888K, reserved 1048576K
}
Event: 4.110 GC heap before
{Heap before GC invocations=9 (full 0):
 garbage-first heap   total 260096K, used 169448K [0x0000000080000000, 0x0000000100000000)
  region size 1024K, 146 young (149504K), 12 survivors (12288K)
 Metaspace       used 54949K, capacity 56306K, committed 56448K, reserved 1097728K
  class space    used 6982K, capacity 7488K, committed 7552K, reserved 1048576K
}
Event: 4.119 GC heap after
{Heap after GC invocations=10 (full 0):
 garbage-first heap   total 260096K, used 42969K [0x0000000080000000, 0x0000000100000000)
  region size 1024K, 19 young (19456K), 19 survivors (19456K)
 Metaspace       used 54949K, capacity 56306K, committed 56448K, reserved 1097728K
  class space    used 6982K, capacity 7488K, committed 7552K, reserved 1048576K
}
Event: 4.345 GC heap before
{Heap before GC invocations=10 (full 0):
 garbage-first heap   total 260096K, used 65497K [0x0000000080000000, 0x0000000100000000)
  region size 1024K, 42 young (43008K), 19 survivors (19456K)
 Metaspace       used 58535K, capacity 60080K, committed 60160K, reserved 1101824K
  class space    used 7444K, capacity 8017K, committed 8064K, reserved 1048576K
}
Event: 4.358 GC heap after
{Heap after GC invocations=11 (full 0):
 garbage-first heap   total 260096K, used 46968K [0x0000000080000000, 0x0000000100000000)
  region size 1024K, 4 young (4096K), 4 survivors (4096K)
 Metaspace       used 58535K, capacity 60080K, committed 60160K, reserved 1101824K
  class space    used 7444K, capacity 8017K, committed 8064K, reserved 1048576K
}
Event: 4.979 GC heap before
{Heap before GC invocations=12 (full 0):
 garbage-first heap   total 260096K, used 140152K [0x0000000080000000, 0x0000000100000000)
  region size 1024K, 95 young (97280K), 4 survivors (4096K)
 Metaspace       used 65393K, capacity 66982K, committed 67148K, reserved 1107968K
  class space    used 8388K, capacity 8979K, committed 9036K, reserved 1048576K
}
Event: 4.988 GC heap after
{Heap after GC invocations=13 (full 0):
 garbage-first heap   total 260096K, used 52942K [0x0000000080000000, 0x0000000100000000)
  region size 1024K, 10 young (10240K), 10 survivors (10240K)
 Metaspace       used 65393K, capacity 66982K, committed 67148K, reserved 1107968K
  class space    used 8388K, capacity 8979K, committed 9036K, reserved 1048576K
}
Event: 5.905 GC heap before
{Heap before GC invocations=14 (full 0):
 garbage-first heap   total 260096K, used 151246K [0x0000000080000000, 0x0000000100000000)
  region size 1024K, 106 young (108544K), 10 survivors (10240K)
 Metaspace       used 75879K, capacity 77619K, committed 77900K, reserved 1116160K
  class space    used 9890K, capacity 10508K, committed 10572K, reserved 1048576K
}
Event: 5.914 GC heap after
{Heap after GC invocations=15 (full 0):
 garbage-first heap   total 260096K, used 59241K [0x0000000080000000, 0x0000000100000000)
  region size 1024K, 7 young (7168K), 7 survivors (7168K)
 Metaspace       used 75879K, capacity 77619K, committed 77900K, reserved 1116160K
  class space    used 9890K, capacity 10508K, committed 10572K, reserved 1048576K
}
Event: 7.251 GC heap before
{Heap before GC invocations=15 (full 0):
 garbage-first heap   total 260096K, used 161641K [0x0000000080000000, 0x0000000100000000)
  region size 1024K, 108 young (110592K), 7 survivors (7168K)
 Metaspace       used 79299K, capacity 81346K, committed 81612K, reserved 1120256K
  class space    used 10377K, capacity 11178K, committed 11212K, reserved 1048576K
}
Event: 7.260 GC heap after
{Heap after GC invocations=16 (full 0):
 garbage-first heap   total 260096K, used 66049K [0x0000000080000000, 0x0000000100000000)
  region size 1024K, 14 young (14336K), 14 survivors (14336K)
 Metaspace       used 79299K, capacity 81346K, committed 81612K, reserved 1120256K
  class space    used 10377K, capacity 11178K, committed 11212K, reserved 1048576K
}
Event: 8.445 GC heap before
{Heap before GC invocations=16 (full 0):
 garbage-first heap   total 260096K, used 171521K [0x0000000080000000, 0x0000000100000000)
  region size 1024K, 118 young (120832K), 14 survivors (14336K)
 Metaspace       used 80492K, capacity 82625K, committed 82764K, reserved 1120256K
  class space    used 10489K, capacity 11280K, committed 11340K, reserved 1048576K
}
Event: 8.454 GC heap after
{Heap after GC invocations=17 (full 0):
 garbage-first heap   total 260096K, used 71866K [0x0000000080000000, 0x0000000100000000)
  region size 1024K, 13 young (13312K), 13 survivors (13312K)
 Metaspace       used 80492K, capacity 82625K, committed 82764K, reserved 1120256K
  class space    used 10489K, capacity 11280K, committed 11340K, reserved 1048576K
}

Deoptimization events (20 events):
Event: 8.481 Thread 0x00000234d8f68800 Uncommon trap: trap_request=0xffffff4d fr.pc=0x00000234c7309d20 relative=0x00000000000006e0
Event: 8.481 Thread 0x00000234d8f68800 Uncommon trap: reason=unstable_if action=reinterpret pc=0x00000234c7309d20 method=org.gradle.internal.file.DefaultFileHierarchySet$Node.isChildOfOrThis(Ljava/lang/String;I)Z @ 35 c2
Event: 8.481 Thread 0x00000234d8f68800 DEOPT PACKING pc=0x00000234c7309d20 sp=0x000000f116efc310
Event: 8.481 Thread 0x00000234d8f68800 DEOPT UNPACKING pc=0x00000234bf3578af sp=0x000000f116efc230 mode 2
Event: 8.487 Thread 0x00000234d8f68800 Uncommon trap: trap_request=0xffffffc6 fr.pc=0x00000234c72e1808 relative=0x00000000000002a8
Event: 8.487 Thread 0x00000234d8f68800 Uncommon trap: reason=bimorphic_or_optimized_type_check action=maybe_recompile pc=0x00000234c72e1808 method=java.util.stream.ReduceOps$ReduceOp.evaluateSequential(Ljava/util/stream/PipelineHelper;Ljava/util/Spliterator;)Ljava/lang/Object; @ 2 c2
Event: 8.487 Thread 0x00000234d8f68800 DEOPT PACKING pc=0x00000234c72e1808 sp=0x000000f116efc6b0
Event: 8.487 Thread 0x00000234d8f68800 DEOPT UNPACKING pc=0x00000234bf3578af sp=0x000000f116efc630 mode 2
Event: 8.487 Thread 0x00000234d8f68800 Uncommon trap: trap_request=0xffffff4d fr.pc=0x00000234c7319454 relative=0x0000000000000194
Event: 8.487 Thread 0x00000234d8f68800 Uncommon trap: reason=unstable_if action=reinterpret pc=0x00000234c7319454 method=org.gradle.internal.snapshot.VfsRelativePath.normalizeRoot(Ljava/lang/String;)Ljava/lang/String; @ 24 c2
Event: 8.487 Thread 0x00000234d8f68800 DEOPT PACKING pc=0x00000234c7319454 sp=0x000000f116efc190
Event: 8.487 Thread 0x00000234d8f68800 DEOPT UNPACKING pc=0x00000234bf3578af sp=0x000000f116efc128 mode 2
Event: 8.487 Thread 0x00000234d8f68800 Uncommon trap: trap_request=0xffffff4d fr.pc=0x00000234c7273670 relative=0x00000000000007d0
Event: 8.487 Thread 0x00000234d8f68800 Uncommon trap: reason=unstable_if action=reinterpret pc=0x00000234c7273670 method=org.gradle.internal.snapshot.VfsRelativePath.compareToFirstSegment(Ljava/lang/String;Lorg/gradle/internal/snapshot/CaseSensitivity;)I @ 156 c2
Event: 8.487 Thread 0x00000234d8f68800 DEOPT PACKING pc=0x00000234c7273670 sp=0x000000f116efbfe0
Event: 8.487 Thread 0x00000234d8f68800 DEOPT UNPACKING pc=0x00000234bf3578af sp=0x000000f116efbf60 mode 2
Event: 8.487 Thread 0x00000234d8f68800 Uncommon trap: trap_request=0xffffffde fr.pc=0x00000234c731288c relative=0x0000000000000e4c
Event: 8.487 Thread 0x00000234d8f68800 Uncommon trap: reason=class_check action=maybe_recompile pc=0x00000234c731288c method=org.gradle.internal.snapshot.ChildMap$Entry.handleAncestorDescendantOrExactMatch(Lorg/gradle/internal/snapshot/VfsRelativePath;Lorg/gradle/internal/snapshot/CaseSensitiv
Event: 8.487 Thread 0x00000234d8f68800 DEOPT PACKING pc=0x00000234c731288c sp=0x000000f116efc040
Event: 8.487 Thread 0x00000234d8f68800 DEOPT UNPACKING pc=0x00000234bf3578af sp=0x000000f116efc040 mode 2

Classes redefined (0 events):
No events

Internal exceptions (20 events):
Event: 6.052 Thread 0x00000234d889d800 Exception <a 'java/lang/NoSuchMethodError'{0x000000008f409398}: <clinit>> (0x000000008f409398) thrown at [./src/hotspot/share/prims/jni.cpp, line 1362]
Event: 6.052 Thread 0x00000234d889d800 Exception <a 'java/lang/NoSuchMethodError'{0x000000008f40a670}: <clinit>> (0x000000008f40a670) thrown at [./src/hotspot/share/prims/jni.cpp, line 1362]
Event: 6.063 Thread 0x00000234db3b5000 Exception <a 'java/lang/NoSuchMethodError'{0x000000008f21fa18}: <clinit>> (0x000000008f21fa18) thrown at [./src/hotspot/share/prims/jni.cpp, line 1362]
Event: 6.065 Thread 0x00000234db3b5000 Exception <a 'java/lang/NoSuchMethodError'{0x000000008f233e18}: <clinit>> (0x000000008f233e18) thrown at [./src/hotspot/share/prims/jni.cpp, line 1362]
Event: 6.066 Thread 0x00000234db3b5000 Exception <a 'java/lang/NoSuchMethodError'{0x000000008f24d2e0}: <clinit>> (0x000000008f24d2e0) thrown at [./src/hotspot/share/prims/jni.cpp, line 1362]
Event: 6.099 Thread 0x00000234d889d800 Exception <a 'java/lang/NoSuchMethodError'{0x000000008f39dd50}: <clinit>> (0x000000008f39dd50) thrown at [./src/hotspot/share/prims/jni.cpp, line 1362]
Event: 6.139 Thread 0x00000234db3b2800 Exception <a 'java/lang/NoSuchMethodError'{0x000000008f08d410}: 'java.lang.Object java.lang.invoke.Invokers$Holder.linkToTargetMethod(java.lang.Object, java.lang.Object, java.lang.Object, int, java.lang.Object, java.lang.Object)'> (0x000000008f08d410) thrown at [./src/hotspot/share/interpreter/linkResolver.cpp, line 773]
Event: 6.287 Thread 0x00000234db623800 Exception <a 'java/lang/NoSuchMethodError'{0x000000008e16e848}: 'java.lang.Object java.lang.invoke.DirectMethodHandle$Holder.invokeSpecialIFC(java.lang.Object, java.lang.Object, java.lang.Object)'> (0x000000008e16e848) thrown at [./src/hotspot/share/interpreter/linkResolver.cpp, line 773]
Event: 6.287 Thread 0x00000234db625000 Exception <a 'java/lang/NoSuchMethodError'{0x000000008e21e5e8}: 'java.lang.Object java.lang.invoke.DirectMethodHandle$Holder.invokeSpecialIFC(java.lang.Object, java.lang.Object, java.lang.Object)'> (0x000000008e21e5e8) thrown at [./src/hotspot/share/interpreter/linkResolver.cpp, line 773]
Event: 6.312 Thread 0x00000234db624800 Exception <a 'java/lang/NoSuchMethodError'{0x000000008dedcc50}: 'int java.lang.invoke.DirectMethodHandle$Holder.invokeStaticInit(java.lang.Object, java.lang.Object, java.lang.Object, java.lang.Object, java.lang.Object)'> (0x000000008dedcc50) thrown at [./src/hotspot/share/interpreter/linkResolver.cpp, line 773]
Event: 6.444 Thread 0x00000234db625000 Exception <a 'java/lang/NoSuchMethodError'{0x000000008d959928}: 'void java.lang.invoke.DirectMethodHandle$Holder.invokeVirtual(java.lang.Object, java.lang.Object)'> (0x000000008d959928) thrown at [./src/hotspot/share/interpreter/linkResolver.cpp, line 773]
Event: 6.589 Thread 0x00000234db3b2800 Exception <a 'java/lang/IncompatibleClassChangeError'{0x000000008bc0c338}: Found class java.lang.Object, but interface was expected> (0x000000008bc0c338) thrown at [./src/hotspot/share/interpreter/linkResolver.cpp, line 839]
Event: 7.501 Thread 0x00000234db3b2800 Exception <a 'java/lang/NoSuchMethodError'{0x000000008d993178}: <clinit>> (0x000000008d993178) thrown at [./src/hotspot/share/prims/jni.cpp, line 1362]
Event: 7.501 Thread 0x00000234db3b2800 Exception <a 'java/lang/NoSuchMethodError'{0x000000008d9944b0}: <clinit>> (0x000000008d9944b0) thrown at [./src/hotspot/share/prims/jni.cpp, line 1362]
Event: 7.501 Thread 0x00000234db3b2800 Exception <a 'java/lang/NoSuchMethodError'{0x000000008d996c10}: <clinit>> (0x000000008d996c10) thrown at [./src/hotspot/share/prims/jni.cpp, line 1362]
Event: 7.502 Thread 0x00000234db3b2800 Exception <a 'java/lang/NoSuchMethodError'{0x000000008d9b02b8}: <clinit>> (0x000000008d9b02b8) thrown at [./src/hotspot/share/prims/jni.cpp, line 1362]
Event: 7.502 Thread 0x00000234db3b2800 Exception <a 'java/lang/NoSuchMethodError'{0x000000008d9b1798}: <clinit>> (0x000000008d9b1798) thrown at [./src/hotspot/share/prims/jni.cpp, line 1362]
Event: 7.770 Thread 0x00000234db3b2800 Exception <a 'java/lang/NoSuchMethodError'{0x000000008cc5b5a8}: 'int java.lang.invoke.DirectMethodHandle$Holder.invokeSpecial(java.lang.Object, java.lang.Object, java.lang.Object, java.lang.Object, java.lang.Object)'> (0x000000008cc5b5a8) thrown at [./src/hotspot/share/interpreter/linkResolver.cpp, line 773]
Event: 7.828 Thread 0x00000234db61d000 Implicit null exception at 0x00000234c731aa52 to 0x00000234c731ae58
Event: 8.477 Thread 0x00000234d8f68800 Exception <a 'java/lang/NoSuchMethodError'{0x000000008fc9c440}: 'int java.lang.invoke.DirectMethodHandle$Holder.invokeVirtual(java.lang.Object, java.lang.Object, java.lang.Object)'> (0x000000008fc9c440) thrown at [./src/hotspot/share/interpreter/linkResolver.cpp, line 773]

Events (20 events):
Event: 8.482 loading class net/rubygrapefruit/platform/internal/DefaultFileSystemInfo
Event: 8.482 loading class net/rubygrapefruit/platform/internal/DefaultFileSystemInfo done
Event: 8.482 loading class net/rubygrapefruit/platform/file/FileSystemInfo
Event: 8.482 loading class net/rubygrapefruit/platform/file/FileSystemInfo done
Event: 8.482 loading class net/rubygrapefruit/platform/internal/FileSystemList$DefaultCaseSensitivity
Event: 8.482 loading class net/rubygrapefruit/platform/internal/FileSystemList$DefaultCaseSensitivity done
Event: 8.486 loading class net/rubygrapefruit/platform/file/FileSystemInfo
Event: 8.486 loading class net/rubygrapefruit/platform/file/FileSystemInfo done
Event: 8.486 loading class net/rubygrapefruit/platform/file/FileSystemInfo
Event: 8.486 loading class net/rubygrapefruit/platform/file/FileSystemInfo done
Event: 8.486 loading class org/gradle/internal/watch/registry/impl/WatchableHierarchies$Invalidator
Event: 8.486 loading class org/gradle/internal/watch/registry/impl/WatchableHierarchies$Invalidator done
Event: 8.487 loading class org/gradle/internal/snapshot/SnapshotHierarchy
Event: 8.487 loading class org/gradle/internal/snapshot/SnapshotHierarchy done
Event: 8.487 loading class org/gradle/internal/watch/registry/impl/WatchableHierarchies$Invalidator
Event: 8.487 loading class org/gradle/internal/watch/registry/impl/WatchableHierarchies$Invalidator done
Event: 8.487 loading class org/gradle/internal/watch/registry/impl/Combiners
Event: 8.487 loading class org/gradle/internal/watch/registry/impl/Combiners done
Event: 8.488 loading class org/gradle/internal/watch/vfs/impl/DefaultFileSystemWatchingStatistics
Event: 8.488 loading class org/gradle/internal/watch/vfs/impl/DefaultFileSystemWatchingStatistics done


Dynamic libraries:
0x00007ff7b18a0000 - 0x00007ff7b18aa000 	C:\Program Files\Android\Android Studio\jre\bin\java.exe
0x00007ffac8530000 - 0x00007ffac8725000 	C:\WINDOWS\SYSTEM32\ntdll.dll
0x00007ffac7aa0000 - 0x00007ffac7b5e000 	C:\WINDOWS\System32\KERNEL32.DLL
0x00007ffac5d50000 - 0x00007ffac6019000 	C:\WINDOWS\System32\KERNELBASE.dll
0x00007ffac5c50000 - 0x00007ffac5d50000 	C:\WINDOWS\System32\ucrtbase.dll
0x00007ffa9f880000 - 0x00007ffa9f899000 	C:\Program Files\Android\Android Studio\jre\bin\jli.dll
0x00007ffa980d0000 - 0x00007ffa980e7000 	C:\Program Files\Android\Android Studio\jre\bin\VCRUNTIME140.dll
0x00007ffac7f80000 - 0x00007ffac8121000 	C:\WINDOWS\System32\USER32.dll
0x00007ffac64a0000 - 0x00007ffac64c2000 	C:\WINDOWS\System32\win32u.dll
0x00007ffab5760000 - 0x00007ffab59fa000 	C:\WINDOWS\WinSxS\amd64_microsoft.windows.common-controls_6595b64144ccf1df_6.0.19041.1110_none_60b5254171f9507e\COMCTL32.dll
0x00007ffac6d00000 - 0x00007ffac6d2b000 	C:\WINDOWS\System32\GDI32.dll
0x00007ffac6170000 - 0x00007ffac627b000 	C:\WINDOWS\System32\gdi32full.dll
0x00007ffac83b0000 - 0x00007ffac844e000 	C:\WINDOWS\System32\msvcrt.dll
0x00007ffac6020000 - 0x00007ffac60bd000 	C:\WINDOWS\System32\msvcp_win.dll
0x00007ffac81b0000 - 0x00007ffac81e0000 	C:\WINDOWS\System32\IMM32.DLL
0x00007ffa16130000 - 0x00007ffa161cd000 	C:\Program Files\Android\Android Studio\jre\bin\msvcp140.dll
0x00007ff9f9b70000 - 0x00007ff9fa63f000 	C:\Program Files\Android\Android Studio\jre\bin\server\jvm.dll
0x00007ffac7b60000 - 0x00007ffac7c0c000 	C:\WINDOWS\System32\ADVAPI32.dll
0x00007ffac8450000 - 0x00007ffac84eb000 	C:\WINDOWS\System32\sechost.dll
0x00007ffac6660000 - 0x00007ffac678a000 	C:\WINDOWS\System32\RPCRT4.dll
0x00007ffac7f70000 - 0x00007ffac7f78000 	C:\WINDOWS\System32\PSAPI.DLL
0x00007ffaaeae0000 - 0x00007ffaaeae9000 	C:\WINDOWS\SYSTEM32\WSOCK32.dll
0x00007ffabb380000 - 0x00007ffabb3a7000 	C:\WINDOWS\SYSTEM32\WINMM.dll
0x00007ffac7550000 - 0x00007ffac75bb000 	C:\WINDOWS\System32\WS2_32.dll
0x00007ffabb3b0000 - 0x00007ffabb3ba000 	C:\WINDOWS\SYSTEM32\VERSION.dll
0x00007ffac3b30000 - 0x00007ffac3b42000 	C:\WINDOWS\SYSTEM32\kernel.appcore.dll
0x00007ffaadd90000 - 0x00007ffaadda1000 	C:\Program Files\Android\Android Studio\jre\bin\verify.dll
0x00007ffabebe0000 - 0x00007ffabedc4000 	C:\WINDOWS\SYSTEM32\DBGHELP.DLL
0x00007ffaae540000 - 0x00007ffaae56c000 	C:\WINDOWS\SYSTEM32\dbgcore.DLL
0x00007ffac63e0000 - 0x00007ffac6463000 	C:\WINDOWS\System32\bcryptPrimitives.dll
0x00007ffaa3f50000 - 0x00007ffaa3f79000 	C:\Program Files\Android\Android Studio\jre\bin\java.dll
0x00007ffabe620000 - 0x00007ffabe62b000 	C:\Program Files\Android\Android Studio\jre\bin\jimage.dll
0x00007ffaa3f30000 - 0x00007ffaa3f48000 	C:\Program Files\Android\Android Studio\jre\bin\zip.dll
0x00007ffac6d30000 - 0x00007ffac746f000 	C:\WINDOWS\System32\SHELL32.dll
0x00007ffac3d30000 - 0x00007ffac44c0000 	C:\WINDOWS\SYSTEM32\windows.storage.dll
0x00007ffac7c10000 - 0x00007ffac7f65000 	C:\WINDOWS\System32\combase.dll
0x00007ffac55c0000 - 0x00007ffac55ec000 	C:\WINDOWS\SYSTEM32\Wldp.dll
0x00007ffac81f0000 - 0x00007ffac829e000 	C:\WINDOWS\System32\SHCORE.dll
0x00007ffac82a0000 - 0x00007ffac82f5000 	C:\WINDOWS\System32\shlwapi.dll
0x00007ffac5b90000 - 0x00007ffac5baf000 	C:\WINDOWS\SYSTEM32\profapi.dll
0x00007ffaa2c30000 - 0x00007ffaa2c4a000 	C:\Program Files\Android\Android Studio\jre\bin\net.dll
0x00007ffab8f90000 - 0x00007ffab9098000 	C:\WINDOWS\SYSTEM32\WINHTTP.dll
0x00007ffac53a0000 - 0x00007ffac540a000 	C:\WINDOWS\system32\mswsock.dll
0x00007ffa992b0000 - 0x00007ffa992c4000 	C:\Program Files\Android\Android Studio\jre\bin\nio.dll
0x00007ffa90b20000 - 0x00007ffa90b47000 	C:\Users\Julien\.gradle\native\8bec1ad78214c89d9ad589b4d07fe93259594b29d510b10fafb7a158f7737e5d\windows-amd64\native-platform.dll
0x00007ffa16450000 - 0x00007ffa1658d000 	C:\Users\Julien\.gradle\native\53dbd7edfb1c66fb8903c78663c9afc45aea4f116125fa6feffd364cf09443e8\windows-amd64\native-platform-file-events.dll
0x00007ffab3b70000 - 0x00007ffab3b7a000 	C:\Program Files\Android\Android Studio\jre\bin\management.dll
0x00007ffab35f0000 - 0x00007ffab35fc000 	C:\Program Files\Android\Android Studio\jre\bin\management_ext.dll
0x00007ffac5600000 - 0x00007ffac5618000 	C:\WINDOWS\SYSTEM32\CRYPTSP.dll
0x00007ffac4cd0000 - 0x00007ffac4d04000 	C:\WINDOWS\system32\rsaenh.dll
0x00007ffac6470000 - 0x00007ffac6497000 	C:\WINDOWS\System32\bcrypt.dll
0x00007ffac5b50000 - 0x00007ffac5b7e000 	C:\WINDOWS\SYSTEM32\USERENV.dll
0x00007ffac5530000 - 0x00007ffac553c000 	C:\WINDOWS\SYSTEM32\CRYPTBASE.dll
0x00007ffac5060000 - 0x00007ffac509b000 	C:\WINDOWS\SYSTEM32\IPHLPAPI.DLL
0x00007ffac81e0000 - 0x00007ffac81e8000 	C:\WINDOWS\System32\NSI.dll
0x00007ffabfb30000 - 0x00007ffabfb47000 	C:\WINDOWS\SYSTEM32\dhcpcsvc6.DLL
0x00007ffabfb10000 - 0x00007ffabfb2d000 	C:\WINDOWS\SYSTEM32\dhcpcsvc.DLL
0x00007ffac50a0000 - 0x00007ffac516c000 	C:\WINDOWS\SYSTEM32\DNSAPI.dll

dbghelp: loaded successfully - version: 4.0.5 - missing functions: none
symbol engine: initialized successfully - sym options: 0x614 - pdb path: .;C:\Program Files\Android\Android Studio\jre\bin;C:\WINDOWS\SYSTEM32;C:\WINDOWS\WinSxS\amd64_microsoft.windows.common-controls_6595b64144ccf1df_6.0.19041.1110_none_60b5254171f9507e;C:\Program Files\Android\Android Studio\jre\bin\server;C:\Users\Julien\.gradle\native\8bec1ad78214c89d9ad589b4d07fe93259594b29d510b10fafb7a158f7737e5d\windows-amd64;C:\Users\Julien\.gradle\native\53dbd7edfb1c66fb8903c78663c9afc45aea4f116125fa6feffd364cf09443e8\windows-amd64

VM Arguments:
jvm_args: --add-opens=java.base/java.util=ALL-UNNAMED --add-opens=java.base/java.lang=ALL-UNNAMED --add-opens=java.base/java.lang.invoke=ALL-UNNAMED --add-opens=java.base/java.util=ALL-UNNAMED --add-opens=java.prefs/java.util.prefs=ALL-UNNAMED --add-opens=java.prefs/java.util.prefs=ALL-UNNAMED --add-opens=java.base/java.nio.charset=ALL-UNNAMED --add-opens=java.base/java.net=ALL-UNNAMED --add-opens=java.base/java.util.concurrent.atomic=ALL-UNNAMED -Xmx2048m -Dfile.encoding=UTF-8 -Duser.country=FR -Duser.language=fr -Duser.variant 
java_command: org.gradle.launcher.daemon.bootstrap.GradleDaemon 7.0.2
java_class_path (initial): C:\Users\Julien\.gradle\wrapper\dists\gradle-7.0.2-bin\857tjihv64xamwrf0h14cai3r\gradle-7.0.2\lib\gradle-launcher-7.0.2.jar
Launcher Type: SUN_STANDARD

[Global flags]
     intx CICompilerCount                          = 3                                         {product} {ergonomic}
     uint ConcGCThreads                            = 2                                         {product} {ergonomic}
     uint G1ConcRefinementThreads                  = 6                                         {product} {ergonomic}
   size_t G1HeapRegionSize                         = 1048576                                   {product} {ergonomic}
    uintx GCDrainStackTargetSize                   = 64                                        {product} {ergonomic}
   size_t InitialHeapSize                          = 266338304                                 {product} {ergonomic}
   size_t MarkStackSize                            = 4194304                                   {product} {ergonomic}
   size_t MaxHeapSize                              = 2147483648                                {product} {command line}
   size_t MaxNewSize                               = 1287651328                                {product} {ergonomic}
   size_t MinHeapDeltaBytes                        = 1048576                                   {product} {ergonomic}
    uintx NonNMethodCodeHeapSize                   = 5830732                                {pd product} {ergonomic}
    uintx NonProfiledCodeHeapSize                  = 122913754                              {pd product} {ergonomic}
    uintx ProfiledCodeHeapSize                     = 122913754                              {pd product} {ergonomic}
    uintx ReservedCodeCacheSize                    = 251658240                              {pd product} {ergonomic}
     bool SegmentedCodeCache                       = true                                      {product} {ergonomic}
     bool UseCompressedClassPointers               = true                                 {lp64_product} {ergonomic}
     bool UseCompressedOops                        = true                                 {lp64_product} {ergonomic}
     bool UseG1GC                                  = true                                      {product} {ergonomic}
     bool UseLargePagesIndividualAllocation        = false                                  {pd product} {ergonomic}

Logging:
Log output configuration:
 #0: stdout all=warning uptime,level,tags
 #1: stderr all=off uptime,level,tags

Environment Variables:
PATH=C:\Program Files\iis express\PHP\v7.4;C:\Program Files\Common Files\Oracle\Java\javapath;C:\Program Files (x86)\NVIDIA Corporation\PhysX\Common;C:\Program Files (x86)\Common Files\Oracle\Java\javapath;C:\WINDOWS\system32;C:\WINDOWS;C:\WINDOWS\System32\Wbem;C:\WINDOWS\System32\WindowsPowerShell\v1.0\;C:\WINDOWS\System32\OpenSSH\;C:\Program Files\dotnet\;C:\Program Files\Microsoft SQL Server\130\Tools\Binn\;C:\Program Files\Microsoft SQL Server\Client SDK\ODBC\170\Tools\Binn\;C:\Program Files (x86)\GtkSharp\2.12\bin;C:\Program Files\Microsoft VS Code\bin;C:\Program Files\PuTTY\;C:\Program Files (x86)\Touch Portal\plugins\adb\platform-tools;C:\Program Files\Microsoft SQL Server\Client SDK\ODBC\110\Tools\Binn\;C:\Program Files (x86)\Windows Kits\8.1\Windows Performance Toolkit\;C:\Program Files (x86)\Microsoft SQL Server\120\Tools\Binn\;C:\Program Files\Microsoft SQL Server\120\Tools\Binn\;C:\Program Files\Microsoft SQL Server\120\DTS\Binn\;C:\ProgramData\chocolatey\bin;C:\Program Files (x86)\dotnet\;C:\Program F;F:\composer;C:\Users\Julien\AppData\Local\Microsoft\WindowsApps;C:\Users\Julien\AppData\Roaming\Dashlane\6.1907.0.17833\bin\Firefox_Extension\{442718d9-475e-452a-b3e1-fb1ee16b8e9f}\components;C:\Users\Julien\AppData\Roaming\Dashlane\6.1907.0.17833\ucrt;C:\Users\Julien\AppData\Roaming\Dashlane\6.1907.0.17833\bin\Qt;C:\Users\Julien\AppData\Roaming\Dashlane\6.1907.0.17833\bin\Ssl;C:\Users\Julien\.dotnet\tools;C:\Users\Julien\AppData\Local\GitHubDesktop\bin;C:\Users\Julien\AppData\Roaming\npm;C:\Users\Julien\AppData\Roaming\Composer\vendor\bin
USERNAME=Julien
OS=Windows_NT
PROCESSOR_IDENTIFIER=Intel64 Family 6 Model 158 Stepping 10, GenuineIntel



---------------  S Y S T E M  ---------------

OS: Windows 10 , 64 bit Build 19041 (10.0.19041.1202)
OS uptime: 0 days 13:14 hours
Hyper-V role detected

CPU:total 6 (initial active 6) (6 cores per cpu, 1 threads per core) family 6 model 158 stepping 10 microcode 0xb4, cmov, cx8, fxsr, mmx, sse, sse2, sse3, ssse3, sse4.1, sse4.2, popcnt, avx, avx2, aes, clmul, erms, rtm, 3dnowpref, lzcnt, tsc, tscinvbit, bmi1, bmi2, adx, fma

Memory: 4k page, system-wide physical 16225M (4438M free)
TotalPageFile size 27010M (AvailPageFile size 3734M)
current process WorkingSet (physical memory assigned to process): 462M, peak: 462M
current process commit charge ("private bytes"): 524M, peak: 529M

vm_info: OpenJDK 64-Bit Server VM (11.0.10+0-b96-7249189) for windows-amd64 JRE (11.0.10+0-b96-7249189), built on Mar 31 2021 21:44:00 by "builder" with MS VC++ 14.0 (VS2015)

END.
