#
# A fatal error has been detected by the Java Runtime Environment:
#
#  EXCEPTION_ACCESS_VIOLATION (0xc0000005) at pc=0x00007ffe18dcc4be, pid=14112, tid=16888
#
# JRE version: OpenJDK Runtime Environment (11.0.10) (build 11.0.10+0-b96-7249189)
# Java VM: OpenJDK 64-Bit Server VM (11.0.10+0-b96-7249189, mixed mode, tiered, compressed oops, g1 gc, windows-amd64)
# Problematic frame:
# C  [native-platform-file-events.dll+0x1c4be]
#
# No core dump will be written. Minidumps are not enabled by default on client versions of Windows
#
# If you would like to submit a bug report, please visit:
#   https://bugreport.java.com/bugreport/crash.jsp
# The crash happened outside the Java Virtual Machine in native code.
# See problematic frame for where to report the bug.
#

---------------  S U M M A R Y ------------

Command Line: --add-opens=java.base/java.util=ALL-UNNAMED --add-opens=java.base/java.lang=ALL-UNNAMED --add-opens=java.base/java.lang.invoke=ALL-UNNAMED --add-opens=java.base/java.util=ALL-UNNAMED --add-opens=java.prefs/java.util.prefs=ALL-UNNAMED --add-opens=java.prefs/java.util.prefs=ALL-UNNAMED --add-opens=java.base/java.nio.charset=ALL-UNNAMED --add-opens=java.base/java.net=ALL-UNNAMED --add-opens=java.base/java.util.concurrent.atomic=ALL-UNNAMED -Xmx2048m -Dfile.encoding=UTF-8 -Duser.country=FR -Duser.language=fr -Duser.variant org.gradle.launcher.daemon.bootstrap.GradleDaemon 7.0.2

Host: Intel(R) Core(TM) i5-8600K CPU @ 3.60GHz, 6 cores, 15G,  Windows 10 , 64 bit Build 19041 (10.0.19041.1151)
Time: Fri Sep 17 11:13:27 2021 Paris, Madrid (heure d’été) elapsed time: 803.551546 seconds (0d 0h 13m 23s)

---------------  T H R E A D  ---------------

Current thread (0x000002b79be74800):  JavaThread "File watcher server" daemon [_thread_in_native, id=16888, stack(0x000000c9e8500000,0x000000c9e8600000)]

Stack: [0x000000c9e8500000,0x000000c9e8600000],  sp=0x000000c9e85feac0,  free space=1018k
Native frames: (J=compiled Java code, j=interpreted, Vv=VM code, C=native code)
C  [native-platform-file-events.dll+0x1c4be]

Java frames: (J=compiled Java code, j=interpreted, Vv=VM code)
j  net.rubygrapefruit.platform.internal.jni.AbstractFileEventFunctions$NativeFileWatcher.executeRunLoop0(Ljava/lang/Object;)V+0
j  net.rubygrapefruit.platform.internal.jni.AbstractFileEventFunctions$NativeFileWatcher.access$100(Lnet/rubygrapefruit/platform/internal/jni/AbstractFileEventFunctions$NativeFileWatcher;Ljava/lang/Object;)V+2
j  net.rubygrapefruit.platform.internal.jni.AbstractFileEventFunctions$NativeFileWatcher$1.run()V+26
v  ~StubRoutines::call_stub

siginfo: EXCEPTION_ACCESS_VIOLATION (0xc0000005), reading address 0x000000009ef70069


Register to memory mapping:

RIP=0x00007ffe18dcc4be native-platform-file-events.dll
RAX=
[error occurred during error reporting (printing register info), id 0xc0000005, EXCEPTION_ACCESS_VIOLATION (0xc0000005) at pc=0x00007ffded029dc7]

Registers:
RAX=0x000000009ef70001, RBX=0x0000000000000001, RCX=0x000000009ef70001, RDX=0x000000c9e85feb18
RSP=0x000000c9e85feac0, RBP=0x000000c9e85ff4b8, RSI=0x0000000000000000, RDI=0x00000000ffffffff
R8 =0x000000c9e85feb20, R9 =0x000000007ffe2000, R10=0x0000000000000001, R11=0xfffffffffa3b157c
R12=0x0000000000000000, R13=0x000002b79ec26568, R14=0x000000c9e85ff4e0, R15=0x000002b79be74800
RIP=0x00007ffe18dcc4be, EFLAGS=0x0000000000010206

Top of Stack: (sp=0x000000c9e85feac0)
0x000000c9e85feac0:   000007bde5bd7180 000007bde5a0f2f8
0x000000c9e85fead0:   000007bde5bd7180 00007ffe18de7be5
0x000000c9e85feae0:   000000c9e85feb98 000000c9e85feb18
0x000000c9e85feaf0:   000000c900000000 000000c9e85feb28
0x000000c9e85feb00:   000000c9e85f0001 00000013d1a84b60
0x000000c9e85feb10:   000000c9e85feb20 0000000000000001
0x000000c9e85feb20:   000007bde5a0f2f8 000007bde5bd7180
0x000000c9e85feb30:   000000c9e85ff4e0 00007ffe18de7777
0x000000c9e85feb40:   000000c9e85feb98 000000c9e85feb90
0x000000c9e85feb50:   000002b79a608ae0 000002b7fcd90000
0x000000c9e85feb60:   0000000000000000 00007ffe18dd8bee
0x000000c9e85feb70:   000007bde5bd7180 0000000000000001
0x000000c9e85feb80:   000000c9e98fb440 00007ffe9070f05b
0x000000c9e85feb90:   00005951f828da99 0000000000000001
0x000000c9e85feba0:   000000000070006f 00007ffe18dcc6ec
0x000000c9e85febb0:   000000009ef70001 000000c900000003 

Instructions: (pc=0x00007ffe18dcc4be)
0x00007ffe18dcc3be:   8b 00 48 89 44 24 38 48 8b 44 24 38 48 89 44 24
0x00007ffe18dcc3ce:   58 48 8b 84 24 b0 00 00 00 48 83 c0 08 48 89 44
0x00007ffe18dcc3de:   24 40 48 8d 54 24 70 48 8b 4c 24 40 e8 26 50 fe
0x00007ffe18dcc3ee:   ff 48 8b 00 48 89 44 24 48 48 8b 44 24 48 48 89
0x00007ffe18dcc3fe:   44 24 60 4c 8b 4c 24 50 4c 8b 44 24 58 48 8b 54
0x00007ffe18dcc40e:   24 60 48 8d 4c 24 78 e8 31 92 fe ff 48 8d 4c 24
0x00007ffe18dcc41e:   78 e8 8b 6a fe ff 48 8b c8 ff 15 db ab 11 00 89
0x00007ffe18dcc42e:   44 24 24 83 7c 24 24 ff 74 15 8b 44 24 24 83 e0
0x00007ffe18dcc43e:   10 85 c0 74 0a c7 44 24 28 01 00 00 00 eb 08 c7
0x00007ffe18dcc44e:   44 24 28 00 00 00 00 0f b6 44 24 28 88 44 24 20
0x00007ffe18dcc45e:   48 8d 4c 24 78 e8 1f 97 fe ff 0f b6 44 24 20 48
0x00007ffe18dcc46e:   8b 8c 24 98 00 00 00 48 33 cc e8 8f 76 fe ff 48
0x00007ffe18dcc47e:   81 c4 a8 00 00 00 c3 cc cc cc cc cc cc cc cc cc
0x00007ffe18dcc48e:   cc cc 48 89 4c 24 08 48 81 ec e8 00 00 00 48 8b
0x00007ffe18dcc49e:   05 a5 7d 10 00 48 33 c4 48 89 84 24 d0 00 00 00
0x00007ffe18dcc4ae:   c7 44 24 30 00 00 00 00 48 8b 84 24 f0 00 00 00
0x00007ffe18dcc4be:   83 78 68 03 0f 84 02 01 00 00 48 8b 84 24 f0 00
0x00007ffe18dcc4ce:   00 00 48 8b 48 28 ff 15 36 ab 11 00 89 44 24 38
0x00007ffe18dcc4de:   83 7c 24 38 00 0f 85 d0 00 00 00 ba 07 00 00 00
0x00007ffe18dcc4ee:   48 8b 0d 1b b0 10 00 e8 48 a4 fe ff 88 44 24 34
0x00007ffe18dcc4fe:   0f b6 44 24 34 85 c0 0f 84 90 00 00 00 ff 15 07
0x00007ffe18dcc50e:   ab 11 00 89 44 24 3c 48 8b 84 24 f0 00 00 00 48
0x00007ffe18dcc51e:   83 c0 08 48 8b d0 48 8d 8c 24 90 00 00 00 e8 05
0x00007ffe18dcc52e:   51 fe ff 48 89 44 24 40 48 8b 44 24 40 48 89 44
0x00007ffe18dcc53e:   24 48 8b 44 24 30 83 c8 01 89 44 24 30 48 8b 4c
0x00007ffe18dcc54e:   24 48 e8 d5 52 fe ff 48 89 44 24 50 48 8b 84 24
0x00007ffe18dcc55e:   f0 00 00 00 48 8b 40 28 48 89 44 24 58 8b 44 24
0x00007ffe18dcc56e:   3c 89 44 24 28 48 8b 44 24 50 48 89 44 24 20 4c
0x00007ffe18dcc57e:   8b 4c 24 58 4c 8d 05 77 af 0d 00 ba 07 00 00 00
0x00007ffe18dcc58e:   48 8b 0d 7b af 10 00 e8 f8 71 fe ff 90 8b 44 24
0x00007ffe18dcc59e:   30 83 e0 01 85 c0 74 13 83 64 24 30 fe 48 8d 8c
0x00007ffe18dcc5ae:   24 90 00 00 00 e8 e7 5a fe ff 90 eb 00 48 8b 84 


Stack slot to memory mapping:
stack at sp + 0 slots: 0x000007bde5bd7180 is an unknown value
stack at sp + 1 slots: 0x000007bde5a0f2f8 is an unknown value
stack at sp + 2 slots: 0x000007bde5bd7180 is an unknown value
stack at sp + 3 slots: 0x00007ffe18de7be5 native-platform-file-events.dll
stack at sp + 4 slots: 0x000000c9e85feb98 is pointing into the stack for thread: 0x000002b79be74800
stack at sp + 5 slots: 0x000000c9e85feb18 is pointing into the stack for thread: 0x000002b79be74800
stack at sp + 6 slots: 0x000000c900000000 is an unknown value
stack at sp + 7 slots: 0x000000c9e85feb28 is pointing into the stack for thread: 0x000002b79be74800


---------------  P R O C E S S  ---------------

Threads class SMR info:
_java_thread_list=0x000002b7a4b63f20, length=54, elements={
0x000002b7fef20800, 0x000002b79988b800, 0x000002b799894800, 0x000002b7998eb800,
0x000002b7998ec800, 0x000002b7998ed800, 0x000002b7998f5800, 0x000002b7998fa000,
0x000002b799905000, 0x000002b799a6e000, 0x000002b79c174800, 0x000002b79c930800,
0x000002b79bf0c800, 0x000002b79be6f800, 0x000002b79be6e800, 0x000002b79be73800,
0x000002b79be74800, 0x000002b79be72000, 0x000002b79be70800, 0x000002b79be72800,
0x000002b79c164800, 0x000002b79c162000, 0x000002b79c160800, 0x000002b79c165000,
0x000002b79c163800, 0x000002b79c167000, 0x000002b7a1533800, 0x000002b7a152f000,
0x000002b7a1531800, 0x000002b7a1532000, 0x000002b7a1530800, 0x000002b7a152d000,
0x000002b7a1538800, 0x000002b7a1534800, 0x000002b7a1535800, 0x000002b7a153c000,
0x000002b7a1538000, 0x000002b7a1536000, 0x000002b7a1537000, 0x000002b7a1539800,
0x000002b7a153b000, 0x000002b7a153a800, 0x000002b79c15f800, 0x000002b79c161000,
0x000002b79c16c800, 0x000002b79c16d800, 0x000002b79c16a000, 0x000002b79c167800,
0x000002b79c16b000, 0x000002b79be75000, 0x000002b799fc6800, 0x000002b799fc5800,
0x000002b799fc7000, 0x000002b799fc8000
}

Java Threads: ( => current thread )
  0x000002b7fef20800 JavaThread "main" [_thread_blocked, id=12932, stack(0x000000c9e5f00000,0x000000c9e6000000)]
  0x000002b79988b800 JavaThread "Reference Handler" daemon [_thread_blocked, id=16760, stack(0x000000c9e6600000,0x000000c9e6700000)]
  0x000002b799894800 JavaThread "Finalizer" daemon [_thread_blocked, id=10596, stack(0x000000c9e6700000,0x000000c9e6800000)]
  0x000002b7998eb800 JavaThread "Signal Dispatcher" daemon [_thread_blocked, id=10496, stack(0x000000c9e6800000,0x000000c9e6900000)]
  0x000002b7998ec800 JavaThread "Attach Listener" daemon [_thread_blocked, id=7192, stack(0x000000c9e6900000,0x000000c9e6a00000)]
  0x000002b7998ed800 JavaThread "Service Thread" daemon [_thread_blocked, id=6700, stack(0x000000c9e6a00000,0x000000c9e6b00000)]
  0x000002b7998f5800 JavaThread "C2 CompilerThread0" daemon [_thread_blocked, id=1884, stack(0x000000c9e6b00000,0x000000c9e6c00000)]
  0x000002b7998fa000 JavaThread "C1 CompilerThread0" daemon [_thread_blocked, id=4652, stack(0x000000c9e6c00000,0x000000c9e6d00000)]
  0x000002b799905000 JavaThread "Sweeper thread" daemon [_thread_blocked, id=7104, stack(0x000000c9e6d00000,0x000000c9e6e00000)]
  0x000002b799a6e000 JavaThread "Common-Cleaner" daemon [_thread_blocked, id=4684, stack(0x000000c9e6e00000,0x000000c9e6f00000)]
  0x000002b79c174800 JavaThread "Daemon health stats" [_thread_blocked, id=10928, stack(0x000000c9e7600000,0x000000c9e7700000)]
  0x000002b79c930800 JavaThread "Incoming local TCP Connector on port 49864" [_thread_in_native, id=15628, stack(0x000000c9e7700000,0x000000c9e7800000)]
  0x000002b79bf0c800 JavaThread "Daemon periodic checks" [_thread_blocked, id=13072, stack(0x000000c9e7800000,0x000000c9e7900000)]
  0x000002b79be6f800 JavaThread "Cache worker for file hash cache (C:\Users\Julien\.gradle\caches\7.0.2\fileHashes)" [_thread_blocked, id=13640, stack(0x000000c9e8000000,0x000000c9e8100000)]
  0x000002b79be6e800 JavaThread "File lock request listener" [_thread_in_native, id=18356, stack(0x000000c9e8100000,0x000000c9e8200000)]
  0x000002b79be73800 JavaThread "Cache worker for journal cache (C:\Users\Julien\.gradle\caches\journal-1)" [_thread_blocked, id=988, stack(0x000000c9e8300000,0x000000c9e8400000)]
=>0x000002b79be74800 JavaThread "File watcher server" daemon [_thread_in_native, id=16888, stack(0x000000c9e8500000,0x000000c9e8600000)]
  0x000002b79be72000 JavaThread "File watcher consumer" daemon [_thread_blocked, id=456, stack(0x000000c9e8600000,0x000000c9e8700000)]
  0x000002b79be70800 JavaThread "jar transforms" [_thread_blocked, id=6636, stack(0x000000c9e8700000,0x000000c9e8800000)]
  0x000002b79be72800 JavaThread "jar transforms Thread 2" [_thread_blocked, id=8488, stack(0x000000c9e8800000,0x000000c9e8900000)]
  0x000002b79c164800 JavaThread "jar transforms Thread 3" [_thread_blocked, id=17668, stack(0x000000c9e8900000,0x000000c9e8a00000)]
  0x000002b79c162000 JavaThread "jar transforms Thread 4" [_thread_blocked, id=1736, stack(0x000000c9e8a00000,0x000000c9e8b00000)]
  0x000002b79c160800 JavaThread "jar transforms Thread 5" [_thread_blocked, id=3684, stack(0x000000c9e8b00000,0x000000c9e8c00000)]
  0x000002b79c165000 JavaThread "jar transforms Thread 6" [_thread_blocked, id=7428, stack(0x000000c9e8c00000,0x000000c9e8d00000)]
  0x000002b79c163800 JavaThread "Cache worker for execution history cache (C:\Users\Julien\.gradle\caches\7.0.2\executionHistory)" [_thread_blocked, id=1356, stack(0x000000c9e9000000,0x000000c9e9100000)]
  0x000002b79c167000 JavaThread "Cache worker for file content cache (C:\Users\Julien\.gradle\caches\7.0.2\fileContent)" [_thread_blocked, id=9196, stack(0x000000c9e9100000,0x000000c9e9200000)]
  0x000002b7a1533800 JavaThread "Memory manager" [_thread_blocked, id=13088, stack(0x000000c9e9a00000,0x000000c9e9b00000)]
  0x000002b7a152f000 JavaThread "Daemon Thread 2" [_thread_blocked, id=16272, stack(0x000000c9e5c00000,0x000000c9e5d00000)]
  0x000002b7a1531800 JavaThread "Daemon worker Thread 2" [_thread_blocked, id=2656, stack(0x000000c9e7000000,0x000000c9e7100000)]
  0x000002b7a1532000 JavaThread "Handler for socket connection from /127.0.0.1:49864 to /127.0.0.1:59053" [_thread_in_native, id=4076, stack(0x000000c9e5d00000,0x000000c9e5e00000)]
  0x000002b7a1530800 JavaThread "Cancel handler" [_thread_blocked, id=8056, stack(0x000000c9e5e00000,0x000000c9e5f00000)]
  0x000002b7a152d000 JavaThread "Asynchronous log dispatcher for DefaultDaemonConnection: socket connection from /127.0.0.1:49864 to /127.0.0.1:59053" [_thread_blocked, id=4764, stack(0x000000c9e7900000,0x000000c9e7a00000)]
  0x000002b7a1538800 JavaThread "Stdin handler" [_thread_blocked, id=2340, stack(0x000000c9e7a00000,0x000000c9e7b00000)]
  0x000002b7a1534800 JavaThread "Daemon client event forwarder" [_thread_blocked, id=13900, stack(0x000000c9e7b00000,0x000000c9e7c00000)]
  0x000002b7a1535800 JavaThread "Cache worker for file hash cache (X:\Programmation\WorkSpaces\AndroidStudio\DSP\.gradle\7.0.2\fileHashes)" [_thread_blocked, id=1600, stack(0x000000c9e7c00000,0x000000c9e7d00000)]
  0x000002b7a153c000 JavaThread "Cache worker for checksums cache (X:\Programmation\WorkSpaces\AndroidStudio\DSP\.gradle\checksums)" [_thread_blocked, id=11664, stack(0x000000c9e7d00000,0x000000c9e7e00000)]
  0x000002b7a1538000 JavaThread "Cache worker for cache directory md-supplier (C:\Users\Julien\.gradle\caches\7.0.2\md-supplier)" [_thread_blocked, id=12928, stack(0x000000c9e7e00000,0x000000c9e7f00000)]
  0x000002b7a1536000 JavaThread "Cache worker for cache directory md-rule (C:\Users\Julien\.gradle\caches\7.0.2\md-rule)" [_thread_blocked, id=10328, stack(0x000000c9e7f00000,0x000000c9e8000000)]
  0x000002b7a1537000 JavaThread "Cache worker for dependencies-accessors (X:\Programmation\WorkSpaces\AndroidStudio\DSP\.gradle\7.0.2\dependencies-accessors)" [_thread_blocked, id=16488, stack(0x000000c9e8400000,0x000000c9e8500000)]
  0x000002b7a1539800 JavaThread "Cache worker for Build Output Cleanup Cache (X:\Programmation\WorkSpaces\AndroidStudio\DSP\.gradle\buildOutputCleanup)" [_thread_blocked, id=5036, stack(0x000000c9e8d00000,0x000000c9e8e00000)]
  0x000002b7a153b000 JavaThread "C2 CompilerThread1" daemon [_thread_blocked, id=11116, stack(0x000000c9e8e00000,0x000000c9e8f00000)]
  0x000002b7a153a800 JavaThread "Build operations" [_thread_blocked, id=16892, stack(0x000000c9e8f00000,0x000000c9e9000000)]
  0x000002b79c15f800 JavaThread "Build operations Thread 2" [_thread_blocked, id=4988, stack(0x000000c9e9200000,0x000000c9e9300000)]
  0x000002b79c161000 JavaThread "Build operations Thread 3" [_thread_blocked, id=12788, stack(0x000000c9e9300000,0x000000c9e9400000)]
  0x000002b79c16c800 JavaThread "Build operations Thread 4" [_thread_blocked, id=16108, stack(0x000000c9e9400000,0x000000c9e9500000)]
  0x000002b79c16d800 JavaThread "Build operations Thread 5" [_thread_blocked, id=2792, stack(0x000000c9e9500000,0x000000c9e9600000)]
  0x000002b79c16a000 JavaThread "Build operations Thread 6" [_thread_blocked, id=1648, stack(0x000000c9e9600000,0x000000c9e9700000)]
  0x000002b79c167800 JavaThread "build event listener" [_thread_blocked, id=16516, stack(0x000000c9e9700000,0x000000c9e9800000)]
  0x000002b79c16b000 JavaThread "Execution worker for ':'" [_thread_in_Java, id=2252, stack(0x000000c9e9800000,0x000000c9e9900000)]
  0x000002b79be75000 JavaThread "Execution worker for ':' Thread 2" [_thread_blocked, id=10148, stack(0x000000c9e9900000,0x000000c9e9a00000)]
  0x000002b799fc6800 JavaThread "Execution worker for ':' Thread 3" [_thread_blocked, id=8636, stack(0x000000c9e9b00000,0x000000c9e9c00000)]
  0x000002b799fc5800 JavaThread "Execution worker for ':' Thread 4" [_thread_blocked, id=16400, stack(0x000000c9e9c00000,0x000000c9e9d00000)]
  0x000002b799fc7000 JavaThread "Execution worker for ':' Thread 5" [_thread_blocked, id=4092, stack(0x000000c9e9d00000,0x000000c9e9e00000)]
  0x000002b799fc8000 JavaThread "Cache worker for execution history cache (X:\Programmation\WorkSpaces\AndroidStudio\DSP\.gradle\7.0.2\executionHistory)" [_thread_blocked, id=3876, stack(0x000000c9e9e00000,0x000000c9e9f00000)]

Other Threads:
  0x000002b79905e800 VMThread "VM Thread" [stack: 0x000000c9e6500000,0x000000c9e6600000] [id=13464]
  0x000002b799a94000 WatcherThread [stack: 0x000000c9e6f00000,0x000000c9e7000000] [id=3552]
  0x000002b7fef38000 GCTaskThread "GC Thread#0" [stack: 0x000000c9e6000000,0x000000c9e6100000] [id=13168]
  0x000002b79a6d4800 GCTaskThread "GC Thread#1" [stack: 0x000000c9e7100000,0x000000c9e7200000] [id=16128]
  0x000002b79a500800 GCTaskThread "GC Thread#2" [stack: 0x000000c9e7200000,0x000000c9e7300000] [id=5464]
  0x000002b79a501800 GCTaskThread "GC Thread#3" [stack: 0x000000c9e7300000,0x000000c9e7400000] [id=9272]
  0x000002b79a73d800 GCTaskThread "GC Thread#4" [stack: 0x000000c9e7400000,0x000000c9e7500000] [id=3636]
  0x000002b79a73e000 GCTaskThread "GC Thread#5" [stack: 0x000000c9e7500000,0x000000c9e7600000] [id=12700]
  0x000002b7fef6a000 ConcurrentGCThread "G1 Main Marker" [stack: 0x000000c9e6100000,0x000000c9e6200000] [id=6904]
  0x000002b7fef6b000 ConcurrentGCThread "G1 Conc#0" [stack: 0x000000c9e6200000,0x000000c9e6300000] [id=16940]
  0x000002b79bb2d000 ConcurrentGCThread "G1 Conc#1" [stack: 0x000000c9e8200000,0x000000c9e8300000] [id=2512]
  0x000002b798ed0800 ConcurrentGCThread "G1 Refine#0" [stack: 0x000000c9e6300000,0x000000c9e6400000] [id=5948]
  0x000002b798ed1000 ConcurrentGCThread "G1 Young RemSet Sampling" [stack: 0x000000c9e6400000,0x000000c9e6500000] [id=1952]

Threads with active compile tasks:
C1 CompilerThread0 803580 16446       3       org.gradle.internal.snapshot.ChildMap$Entry::handlePath (135 bytes)

VM state:not at safepoint (normal execution)

VM Mutex/Monitor currently owned by a thread: None

Heap address: 0x0000000080000000, size: 2048 MB, Compressed Oops mode: 32-bit
Narrow klass base: 0x0000000000000000, Narrow klass shift: 3
Compressed class space size: 1073741824 Address: 0x0000000100000000

Heap:
 garbage-first heap   total 260096K, used 124541K [0x0000000080000000, 0x0000000100000000)
  region size 1024K, 10 young (10240K), 7 survivors (7168K)
 Metaspace       used 106764K, capacity 110993K, committed 111140K, reserved 1144832K
  class space    used 13650K, capacity 15133K, committed 15232K, reserved 1048576K
Heap Regions: E=young(eden), S=young(survivor), O=old, HS=humongous(starts), HC=humongous(continues), CS=collection set, F=free, A=archive, TAMS=top-at-mark-start (previous, next)
|   0|0x0000000080000000, 0x0000000080100000, 0x0000000080100000|100%| O|  |TAMS 0x0000000080100000, 0x0000000080000000| Untracked 
|   1|0x0000000080100000, 0x0000000080200000, 0x0000000080200000|100%| O|  |TAMS 0x0000000080200000, 0x0000000080100000| Untracked 
|   2|0x0000000080200000, 0x0000000080300000, 0x0000000080300000|100%| O|  |TAMS 0x0000000080300000, 0x0000000080200000| Untracked 
|   3|0x0000000080300000, 0x0000000080400000, 0x0000000080400000|100%|HS|  |TAMS 0x0000000080400000, 0x0000000080300000| Complete 
|   4|0x0000000080400000, 0x0000000080500000, 0x0000000080500000|100%|HC|  |TAMS 0x0000000080500000, 0x0000000080400000| Complete 
|   5|0x0000000080500000, 0x0000000080600000, 0x0000000080600000|100%|HC|  |TAMS 0x0000000080600000, 0x0000000080500000| Complete 
|   6|0x0000000080600000, 0x0000000080700000, 0x0000000080700000|100%| O|  |TAMS 0x0000000080700000, 0x0000000080600000| Untracked 
|   7|0x0000000080700000, 0x0000000080800000, 0x0000000080800000|100%| O|  |TAMS 0x0000000080800000, 0x0000000080700000| Untracked 
|   8|0x0000000080800000, 0x0000000080900000, 0x0000000080900000|100%| O|  |TAMS 0x0000000080900000, 0x0000000080800000| Untracked 
|   9|0x0000000080900000, 0x0000000080a00000, 0x0000000080a00000|100%| O|  |TAMS 0x0000000080a00000, 0x0000000080900000| Untracked 
|  10|0x0000000080a00000, 0x0000000080b00000, 0x0000000080b00000|100%| O|  |TAMS 0x0000000080b00000, 0x0000000080a00000| Untracked 
|  11|0x0000000080b00000, 0x0000000080c00000, 0x0000000080c00000|100%| O|  |TAMS 0x0000000080c00000, 0x0000000080b00000| Untracked 
|  12|0x0000000080c00000, 0x0000000080d00000, 0x0000000080d00000|100%| O|  |TAMS 0x0000000080d00000, 0x0000000080c00000| Untracked 
|  13|0x0000000080d00000, 0x0000000080e00000, 0x0000000080e00000|100%| O|  |TAMS 0x0000000080e00000, 0x0000000080d00000| Untracked 
|  14|0x0000000080e00000, 0x0000000080f00000, 0x0000000080f00000|100%| O|  |TAMS 0x0000000080f00000, 0x0000000080e00000| Untracked 
|  15|0x0000000080f00000, 0x0000000081000000, 0x0000000081000000|100%|HS|  |TAMS 0x0000000081000000, 0x0000000080f00000| Complete 
|  16|0x0000000081000000, 0x0000000081100000, 0x0000000081100000|100%|HC|  |TAMS 0x0000000081100000, 0x0000000081000000| Complete 
|  17|0x0000000081100000, 0x0000000081200000, 0x0000000081200000|100%|HS|  |TAMS 0x0000000081200000, 0x0000000081100000| Complete 
|  18|0x0000000081200000, 0x0000000081300000, 0x0000000081300000|100%|HC|  |TAMS 0x0000000081300000, 0x0000000081200000| Complete 
|  19|0x0000000081300000, 0x0000000081400000, 0x0000000081400000|100%|HC|  |TAMS 0x0000000081400000, 0x0000000081300000| Complete 
|  20|0x0000000081400000, 0x0000000081500000, 0x0000000081500000|100%|HS|  |TAMS 0x0000000081500000, 0x0000000081400000| Complete 
|  21|0x0000000081500000, 0x0000000081600000, 0x0000000081600000|100%|HC|  |TAMS 0x0000000081600000, 0x0000000081500000| Complete 
|  22|0x0000000081600000, 0x0000000081700000, 0x0000000081700000|100%|HC|  |TAMS 0x0000000081700000, 0x0000000081600000| Complete 
|  23|0x0000000081700000, 0x0000000081800000, 0x0000000081800000|100%|HC|  |TAMS 0x0000000081800000, 0x0000000081700000| Complete 
|  24|0x0000000081800000, 0x0000000081900000, 0x0000000081900000|100%|HC|  |TAMS 0x0000000081900000, 0x0000000081800000| Complete 
|  25|0x0000000081900000, 0x0000000081a00000, 0x0000000081a00000|100%|HS|  |TAMS 0x0000000081a00000, 0x0000000081900000| Complete 
|  26|0x0000000081a00000, 0x0000000081b00000, 0x0000000081b00000|100%|HS|  |TAMS 0x0000000081b00000, 0x0000000081a00000| Complete 
|  27|0x0000000081b00000, 0x0000000081c00000, 0x0000000081c00000|100%| O|  |TAMS 0x0000000081c00000, 0x0000000081b00000| Untracked 
|  28|0x0000000081c00000, 0x0000000081d00000, 0x0000000081d00000|100%|HS|  |TAMS 0x0000000081d00000, 0x0000000081c00000| Complete 
|  29|0x0000000081d00000, 0x0000000081e00000, 0x0000000081e00000|100%|HC|  |TAMS 0x0000000081e00000, 0x0000000081d00000| Complete 
|  30|0x0000000081e00000, 0x0000000081f00000, 0x0000000081f00000|100%|HC|  |TAMS 0x0000000081f00000, 0x0000000081e00000| Complete 
|  31|0x0000000081f00000, 0x0000000082000000, 0x0000000082000000|100%|HC|  |TAMS 0x0000000082000000, 0x0000000081f00000| Complete 
|  32|0x0000000082000000, 0x0000000082100000, 0x0000000082100000|100%|HC|  |TAMS 0x0000000082100000, 0x0000000082000000| Complete 
|  33|0x0000000082100000, 0x0000000082200000, 0x0000000082200000|100%|HS|  |TAMS 0x0000000082200000, 0x0000000082100000| Complete 
|  34|0x0000000082200000, 0x0000000082300000, 0x0000000082300000|100%|HC|  |TAMS 0x0000000082300000, 0x0000000082200000| Complete 
|  35|0x0000000082300000, 0x0000000082400000, 0x0000000082400000|100%|HC|  |TAMS 0x0000000082400000, 0x0000000082300000| Complete 
|  36|0x0000000082400000, 0x0000000082500000, 0x0000000082500000|100%| O|  |TAMS 0x0000000082500000, 0x0000000082400000| Untracked 
|  37|0x0000000082500000, 0x0000000082600000, 0x0000000082600000|100%| O|  |TAMS 0x0000000082600000, 0x0000000082500000| Untracked 
|  38|0x0000000082600000, 0x0000000082700000, 0x0000000082700000|100%| O|  |TAMS 0x0000000082700000, 0x0000000082600000| Untracked 
|  39|0x0000000082700000, 0x0000000082800000, 0x0000000082800000|100%| O|  |TAMS 0x0000000082800000, 0x0000000082700000| Untracked 
|  40|0x0000000082800000, 0x0000000082900000, 0x0000000082900000|100%| O|  |TAMS 0x0000000082900000, 0x0000000082800000| Untracked 
|  41|0x0000000082900000, 0x0000000082a00000, 0x0000000082a00000|100%| O|  |TAMS 0x0000000082a00000, 0x0000000082900000| Untracked 
|  42|0x0000000082a00000, 0x0000000082b00000, 0x0000000082b00000|100%| O|  |TAMS 0x0000000082b00000, 0x0000000082a00000| Untracked 
|  43|0x0000000082b00000, 0x0000000082c00000, 0x0000000082c00000|100%| O|  |TAMS 0x0000000082c00000, 0x0000000082b00000| Untracked 
|  44|0x0000000082c00000, 0x0000000082d00000, 0x0000000082d00000|100%| O|  |TAMS 0x0000000082d00000, 0x0000000082c00000| Untracked 
|  45|0x0000000082d00000, 0x0000000082e00000, 0x0000000082e00000|100%| O|  |TAMS 0x0000000082e00000, 0x0000000082d00000| Untracked 
|  46|0x0000000082e00000, 0x0000000082f00000, 0x0000000082f00000|100%| O|  |TAMS 0x0000000082f00000, 0x0000000082e00000| Untracked 
|  47|0x0000000082f00000, 0x0000000083000000, 0x0000000083000000|100%| O|  |TAMS 0x0000000083000000, 0x0000000082f00000| Untracked 
|  48|0x0000000083000000, 0x0000000083100000, 0x0000000083100000|100%| O|  |TAMS 0x0000000083100000, 0x0000000083000000| Untracked 
|  49|0x0000000083100000, 0x0000000083200000, 0x0000000083200000|100%| O|  |TAMS 0x0000000083200000, 0x0000000083100000| Untracked 
|  50|0x0000000083200000, 0x0000000083300000, 0x0000000083300000|100%| O|  |TAMS 0x0000000083300000, 0x0000000083200000| Untracked 
|  51|0x0000000083300000, 0x0000000083400000, 0x0000000083400000|100%| O|  |TAMS 0x0000000083400000, 0x0000000083300000| Untracked 
|  52|0x0000000083400000, 0x0000000083500000, 0x0000000083500000|100%|HS|  |TAMS 0x0000000083500000, 0x0000000083400000| Complete 
|  53|0x0000000083500000, 0x0000000083600000, 0x0000000083600000|100%|HC|  |TAMS 0x0000000083600000, 0x0000000083500000| Complete 
|  54|0x0000000083600000, 0x0000000083700000, 0x0000000083700000|100%| O|  |TAMS 0x0000000083700000, 0x0000000083600000| Untracked 
|  55|0x0000000083700000, 0x0000000083800000, 0x0000000083800000|100%| O|  |TAMS 0x0000000083800000, 0x0000000083700000| Untracked 
|  56|0x0000000083800000, 0x0000000083900000, 0x0000000083900000|100%| O|  |TAMS 0x0000000083800000, 0x0000000083800000| Untracked 
|  57|0x0000000083900000, 0x0000000083a00000, 0x0000000083a00000|100%| O|  |TAMS 0x0000000083a00000, 0x0000000083900000| Untracked 
|  58|0x0000000083a00000, 0x0000000083b00000, 0x0000000083b00000|100%| O|  |TAMS 0x0000000083b00000, 0x0000000083a00000| Untracked 
|  59|0x0000000083b00000, 0x0000000083c00000, 0x0000000083c00000|100%| O|  |TAMS 0x0000000083c00000, 0x0000000083b00000| Untracked 
|  60|0x0000000083c00000, 0x0000000083d00000, 0x0000000083d00000|100%| O|  |TAMS 0x0000000083d00000, 0x0000000083c00000| Untracked 
|  61|0x0000000083d00000, 0x0000000083e00000, 0x0000000083e00000|100%| O|  |TAMS 0x0000000083e00000, 0x0000000083d00000| Untracked 
|  62|0x0000000083e00000, 0x0000000083f00000, 0x0000000083f00000|100%| O|  |TAMS 0x0000000083f00000, 0x0000000083e00000| Untracked 
|  63|0x0000000083f00000, 0x0000000084000000, 0x0000000084000000|100%| O|  |TAMS 0x0000000084000000, 0x0000000083f00000| Untracked 
|  64|0x0000000084000000, 0x0000000084100000, 0x0000000084100000|100%| O|  |TAMS 0x0000000084100000, 0x0000000084000000| Untracked 
|  65|0x0000000084100000, 0x0000000084200000, 0x0000000084200000|100%| O|  |TAMS 0x0000000084200000, 0x0000000084100000| Untracked 
|  66|0x0000000084200000, 0x0000000084300000, 0x0000000084300000|100%| O|  |TAMS 0x0000000084300000, 0x0000000084200000| Untracked 
|  67|0x0000000084300000, 0x0000000084400000, 0x0000000084400000|100%| O|  |TAMS 0x0000000084400000, 0x0000000084300000| Untracked 
|  68|0x0000000084400000, 0x0000000084500000, 0x0000000084500000|100%| O|  |TAMS 0x0000000084500000, 0x0000000084400000| Untracked 
|  69|0x0000000084500000, 0x0000000084600000, 0x0000000084600000|100%| O|  |TAMS 0x0000000084600000, 0x0000000084500000| Untracked 
|  70|0x0000000084600000, 0x0000000084700000, 0x0000000084700000|100%| O|  |TAMS 0x0000000084700000, 0x0000000084600000| Untracked 
|  71|0x0000000084700000, 0x0000000084800000, 0x0000000084800000|100%| O|  |TAMS 0x0000000084800000, 0x0000000084700000| Untracked 
|  72|0x0000000084800000, 0x0000000084900000, 0x0000000084900000|100%| O|  |TAMS 0x00000000848db200, 0x0000000084800000| Untracked 
|  73|0x0000000084900000, 0x0000000084a00000, 0x0000000084a00000|100%| O|  |TAMS 0x0000000084900000, 0x0000000084900000| Untracked 
|  74|0x0000000084a00000, 0x0000000084b00000, 0x0000000084b00000|100%| O|  |TAMS 0x0000000084a00000, 0x0000000084a00000| Untracked 
|  75|0x0000000084b00000, 0x0000000084c00000, 0x0000000084c00000|100%| O|  |TAMS 0x0000000084b00000, 0x0000000084b00000| Untracked 
|  76|0x0000000084c00000, 0x0000000084d00000, 0x0000000084d00000|100%| O|  |TAMS 0x0000000084c00000, 0x0000000084c00000| Untracked 
|  77|0x0000000084d00000, 0x0000000084e00000, 0x0000000084e00000|100%| O|  |TAMS 0x0000000084d00000, 0x0000000084d00000| Untracked 
|  78|0x0000000084e00000, 0x0000000084f00000, 0x0000000084f00000|100%| O|  |TAMS 0x0000000084e00000, 0x0000000084e00000| Untracked 
|  79|0x0000000084f00000, 0x0000000085000000, 0x0000000085000000|100%| O|  |TAMS 0x0000000084f00000, 0x0000000084f00000| Untracked 
|  80|0x0000000085000000, 0x0000000085100000, 0x0000000085100000|100%| O|  |TAMS 0x0000000085000000, 0x0000000085000000| Untracked 
|  81|0x0000000085100000, 0x0000000085200000, 0x0000000085200000|100%| O|  |TAMS 0x0000000085100000, 0x0000000085100000| Untracked 
|  82|0x0000000085200000, 0x0000000085300000, 0x0000000085300000|100%| O|  |TAMS 0x0000000085200000, 0x0000000085200000| Untracked 
|  83|0x0000000085300000, 0x0000000085400000, 0x0000000085400000|100%| O|  |TAMS 0x0000000085300000, 0x0000000085300000| Untracked 
|  84|0x0000000085400000, 0x0000000085500000, 0x0000000085500000|100%| O|  |TAMS 0x0000000085400000, 0x0000000085400000| Untracked 
|  85|0x0000000085500000, 0x0000000085600000, 0x0000000085600000|100%| O|  |TAMS 0x0000000085500000, 0x0000000085500000| Untracked 
|  86|0x0000000085600000, 0x0000000085700000, 0x0000000085700000|100%| O|  |TAMS 0x0000000085600000, 0x0000000085600000| Untracked 
|  87|0x0000000085700000, 0x0000000085800000, 0x0000000085800000|100%| O|  |TAMS 0x0000000085700000, 0x0000000085700000| Untracked 
|  88|0x0000000085800000, 0x0000000085900000, 0x0000000085900000|100%| O|  |TAMS 0x0000000085800000, 0x0000000085800000| Untracked 
|  89|0x0000000085900000, 0x0000000085a00000, 0x0000000085a00000|100%| O|  |TAMS 0x0000000085900000, 0x0000000085900000| Untracked 
|  90|0x0000000085a00000, 0x0000000085b00000, 0x0000000085b00000|100%| O|  |TAMS 0x0000000085a00000, 0x0000000085a00000| Untracked 
|  91|0x0000000085b00000, 0x0000000085c00000, 0x0000000085c00000|100%| O|  |TAMS 0x0000000085b00000, 0x0000000085b00000| Untracked 
|  92|0x0000000085c00000, 0x0000000085d00000, 0x0000000085d00000|100%| O|  |TAMS 0x0000000085c00000, 0x0000000085c00000| Untracked 
|  93|0x0000000085d00000, 0x0000000085e00000, 0x0000000085e00000|100%| O|  |TAMS 0x0000000085d00000, 0x0000000085d00000| Untracked 
|  94|0x0000000085e00000, 0x0000000085f00000, 0x0000000085f00000|100%| O|  |TAMS 0x0000000085e00000, 0x0000000085e00000| Untracked 
|  95|0x0000000085f00000, 0x0000000086000000, 0x0000000086000000|100%| O|  |TAMS 0x0000000085f00000, 0x0000000085f00000| Untracked 
|  96|0x0000000086000000, 0x0000000086100000, 0x0000000086100000|100%| O|  |TAMS 0x0000000086000000, 0x0000000086000000| Untracked 
|  97|0x0000000086100000, 0x0000000086200000, 0x0000000086200000|100%| O|  |TAMS 0x0000000086100000, 0x0000000086100000| Untracked 
|  98|0x0000000086200000, 0x0000000086300000, 0x0000000086300000|100%| O|  |TAMS 0x0000000086200000, 0x0000000086200000| Untracked 
|  99|0x0000000086300000, 0x0000000086400000, 0x0000000086400000|100%| O|  |TAMS 0x0000000086300000, 0x0000000086300000| Untracked 
| 100|0x0000000086400000, 0x0000000086500000, 0x0000000086500000|100%| O|  |TAMS 0x0000000086400000, 0x0000000086400000| Untracked 
| 101|0x0000000086500000, 0x0000000086600000, 0x0000000086600000|100%| O|  |TAMS 0x0000000086500000, 0x0000000086500000| Untracked 
| 102|0x0000000086600000, 0x0000000086700000, 0x0000000086700000|100%| O|  |TAMS 0x0000000086600000, 0x0000000086600000| Untracked 
| 103|0x0000000086700000, 0x0000000086800000, 0x0000000086800000|100%| O|  |TAMS 0x0000000086700000, 0x0000000086700000| Untracked 
| 104|0x0000000086800000, 0x0000000086900000, 0x0000000086900000|100%| O|  |TAMS 0x0000000086800000, 0x0000000086800000| Untracked 
| 105|0x0000000086900000, 0x0000000086a00000, 0x0000000086a00000|100%| O|  |TAMS 0x0000000086900000, 0x0000000086900000| Untracked 
| 106|0x0000000086a00000, 0x0000000086b00000, 0x0000000086b00000|100%| O|  |TAMS 0x0000000086a00000, 0x0000000086a00000| Untracked 
| 107|0x0000000086b00000, 0x0000000086c00000, 0x0000000086c00000|100%| O|  |TAMS 0x0000000086b00000, 0x0000000086b00000| Untracked 
| 108|0x0000000086c00000, 0x0000000086d00000, 0x0000000086d00000|100%| O|  |TAMS 0x0000000086c00000, 0x0000000086c00000| Untracked 
| 109|0x0000000086d00000, 0x0000000086e00000, 0x0000000086e00000|100%| O|  |TAMS 0x0000000086d00000, 0x0000000086d00000| Untracked 
| 110|0x0000000086e00000, 0x0000000086f00000, 0x0000000086f00000|100%| O|  |TAMS 0x0000000086e00000, 0x0000000086e00000| Untracked 
| 111|0x0000000086f00000, 0x0000000087000000, 0x0000000087000000|100%| O|  |TAMS 0x0000000086f00000, 0x0000000086f00000| Untracked 
| 112|0x0000000087000000, 0x0000000087100000, 0x0000000087100000|100%| O|  |TAMS 0x0000000087000000, 0x0000000087000000| Untracked 
| 113|0x0000000087100000, 0x00000000871b2600, 0x0000000087200000| 69%| O|  |TAMS 0x0000000087100000, 0x0000000087100000| Untracked 
| 114|0x0000000087200000, 0x0000000087200000, 0x0000000087300000|  0%| F|  |TAMS 0x0000000087200000, 0x0000000087200000| Untracked 
| 115|0x0000000087300000, 0x0000000087300000, 0x0000000087400000|  0%| F|  |TAMS 0x0000000087300000, 0x0000000087300000| Untracked 
| 116|0x0000000087400000, 0x0000000087400000, 0x0000000087500000|  0%| F|  |TAMS 0x0000000087400000, 0x0000000087400000| Untracked 
| 117|0x0000000087500000, 0x0000000087500000, 0x0000000087600000|  0%| F|  |TAMS 0x0000000087500000, 0x0000000087500000| Untracked 
| 118|0x0000000087600000, 0x0000000087600000, 0x0000000087700000|  0%| F|  |TAMS 0x0000000087600000, 0x0000000087600000| Untracked 
| 119|0x0000000087700000, 0x0000000087700000, 0x0000000087800000|  0%| F|  |TAMS 0x0000000087700000, 0x0000000087700000| Untracked 
| 120|0x0000000087800000, 0x0000000087800000, 0x0000000087900000|  0%| F|  |TAMS 0x0000000087800000, 0x0000000087800000| Untracked 
| 121|0x0000000087900000, 0x0000000087900000, 0x0000000087a00000|  0%| F|  |TAMS 0x0000000087900000, 0x0000000087900000| Untracked 
| 122|0x0000000087a00000, 0x0000000087a00000, 0x0000000087b00000|  0%| F|  |TAMS 0x0000000087a00000, 0x0000000087a00000| Untracked 
| 123|0x0000000087b00000, 0x0000000087b00000, 0x0000000087c00000|  0%| F|  |TAMS 0x0000000087b00000, 0x0000000087b00000| Untracked 
| 124|0x0000000087c00000, 0x0000000087c00000, 0x0000000087d00000|  0%| F|  |TAMS 0x0000000087c00000, 0x0000000087c00000| Untracked 
| 125|0x0000000087d00000, 0x0000000087d00000, 0x0000000087e00000|  0%| F|  |TAMS 0x0000000087d00000, 0x0000000087d00000| Untracked 
| 126|0x0000000087e00000, 0x0000000087e00000, 0x0000000087f00000|  0%| F|  |TAMS 0x0000000087e00000, 0x0000000087e00000| Untracked 
| 127|0x0000000087f00000, 0x0000000087f00000, 0x0000000088000000|  0%| F|  |TAMS 0x0000000087f00000, 0x0000000087f00000| Untracked 
| 128|0x0000000088000000, 0x0000000088000000, 0x0000000088100000|  0%| F|  |TAMS 0x0000000088000000, 0x0000000088000000| Untracked 
| 129|0x0000000088100000, 0x0000000088100000, 0x0000000088200000|  0%| F|  |TAMS 0x0000000088100000, 0x0000000088100000| Untracked 
| 130|0x0000000088200000, 0x0000000088200000, 0x0000000088300000|  0%| F|  |TAMS 0x0000000088200000, 0x0000000088200000| Untracked 
| 131|0x0000000088300000, 0x0000000088300000, 0x0000000088400000|  0%| F|  |TAMS 0x0000000088300000, 0x0000000088300000| Untracked 
| 132|0x0000000088400000, 0x0000000088400000, 0x0000000088500000|  0%| F|  |TAMS 0x0000000088400000, 0x0000000088400000| Untracked 
| 133|0x0000000088500000, 0x0000000088500000, 0x0000000088600000|  0%| F|  |TAMS 0x0000000088500000, 0x0000000088500000| Untracked 
| 134|0x0000000088600000, 0x0000000088600000, 0x0000000088700000|  0%| F|  |TAMS 0x0000000088600000, 0x0000000088600000| Untracked 
| 135|0x0000000088700000, 0x0000000088700000, 0x0000000088800000|  0%| F|  |TAMS 0x0000000088700000, 0x0000000088700000| Untracked 
| 136|0x0000000088800000, 0x0000000088800000, 0x0000000088900000|  0%| F|  |TAMS 0x0000000088800000, 0x0000000088800000| Untracked 
| 137|0x0000000088900000, 0x0000000088900000, 0x0000000088a00000|  0%| F|  |TAMS 0x0000000088900000, 0x0000000088900000| Untracked 
| 138|0x0000000088a00000, 0x0000000088a00000, 0x0000000088b00000|  0%| F|  |TAMS 0x0000000088a00000, 0x0000000088a00000| Untracked 
| 139|0x0000000088b00000, 0x0000000088b00000, 0x0000000088c00000|  0%| F|  |TAMS 0x0000000088b00000, 0x0000000088b00000| Untracked 
| 140|0x0000000088c00000, 0x0000000088c00000, 0x0000000088d00000|  0%| F|  |TAMS 0x0000000088c00000, 0x0000000088c00000| Untracked 
| 141|0x0000000088d00000, 0x0000000088d00000, 0x0000000088e00000|  0%| F|  |TAMS 0x0000000088d00000, 0x0000000088d00000| Untracked 
| 142|0x0000000088e00000, 0x0000000088e00000, 0x0000000088f00000|  0%| F|  |TAMS 0x0000000088e00000, 0x0000000088e00000| Untracked 
| 143|0x0000000088f00000, 0x0000000088f00000, 0x0000000089000000|  0%| F|  |TAMS 0x0000000088f00000, 0x0000000088f00000| Untracked 
| 144|0x0000000089000000, 0x0000000089000000, 0x0000000089100000|  0%| F|  |TAMS 0x0000000089000000, 0x0000000089000000| Untracked 
| 145|0x0000000089100000, 0x0000000089100000, 0x0000000089200000|  0%| F|  |TAMS 0x0000000089100000, 0x0000000089100000| Untracked 
| 146|0x0000000089200000, 0x0000000089200000, 0x0000000089300000|  0%| F|  |TAMS 0x0000000089200000, 0x0000000089200000| Untracked 
| 147|0x0000000089300000, 0x0000000089300000, 0x0000000089400000|  0%| F|  |TAMS 0x0000000089300000, 0x0000000089300000| Untracked 
| 148|0x0000000089400000, 0x0000000089400000, 0x0000000089500000|  0%| F|  |TAMS 0x0000000089400000, 0x0000000089400000| Untracked 
| 149|0x0000000089500000, 0x0000000089500000, 0x0000000089600000|  0%| F|  |TAMS 0x0000000089500000, 0x0000000089500000| Untracked 
| 150|0x0000000089600000, 0x0000000089600000, 0x0000000089700000|  0%| F|  |TAMS 0x0000000089600000, 0x0000000089600000| Untracked 
| 151|0x0000000089700000, 0x0000000089700000, 0x0000000089800000|  0%| F|  |TAMS 0x0000000089700000, 0x0000000089700000| Untracked 
| 152|0x0000000089800000, 0x00000000898ed160, 0x0000000089900000| 92%| S|CS|TAMS 0x0000000089800000, 0x0000000089800000| Complete 
| 153|0x0000000089900000, 0x0000000089a00000, 0x0000000089a00000|100%| S|CS|TAMS 0x0000000089900000, 0x0000000089900000| Complete 
| 154|0x0000000089a00000, 0x0000000089b00000, 0x0000000089b00000|100%| S|CS|TAMS 0x0000000089a00000, 0x0000000089a00000| Complete 
| 155|0x0000000089b00000, 0x0000000089c00000, 0x0000000089c00000|100%| S|CS|TAMS 0x0000000089b00000, 0x0000000089b00000| Complete 
| 156|0x0000000089c00000, 0x0000000089d00000, 0x0000000089d00000|100%| S|CS|TAMS 0x0000000089c00000, 0x0000000089c00000| Complete 
| 157|0x0000000089d00000, 0x0000000089d00000, 0x0000000089e00000|  0%| F|  |TAMS 0x0000000089d00000, 0x0000000089d00000| Untracked 
| 158|0x0000000089e00000, 0x0000000089e00000, 0x0000000089f00000|  0%| F|  |TAMS 0x0000000089e00000, 0x0000000089e00000| Untracked 
| 159|0x0000000089f00000, 0x0000000089f00000, 0x000000008a000000|  0%| F|  |TAMS 0x0000000089f00000, 0x0000000089f00000| Untracked 
| 160|0x000000008a000000, 0x000000008a000000, 0x000000008a100000|  0%| F|  |TAMS 0x000000008a000000, 0x000000008a000000| Untracked 
| 161|0x000000008a100000, 0x000000008a100000, 0x000000008a200000|  0%| F|  |TAMS 0x000000008a100000, 0x000000008a100000| Untracked 
| 162|0x000000008a200000, 0x000000008a200000, 0x000000008a300000|  0%| F|  |TAMS 0x000000008a200000, 0x000000008a200000| Untracked 
| 163|0x000000008a300000, 0x000000008a300000, 0x000000008a400000|  0%| F|  |TAMS 0x000000008a300000, 0x000000008a300000| Untracked 
| 164|0x000000008a400000, 0x000000008a500000, 0x000000008a500000|100%| S|CS|TAMS 0x000000008a400000, 0x000000008a400000| Complete 
| 165|0x000000008a500000, 0x000000008a600000, 0x000000008a600000|100%| S|CS|TAMS 0x000000008a500000, 0x000000008a500000| Complete 
| 166|0x000000008a600000, 0x000000008a600000, 0x000000008a700000|  0%| F|  |TAMS 0x000000008a600000, 0x000000008a600000| Untracked 
| 167|0x000000008a700000, 0x000000008a700000, 0x000000008a800000|  0%| F|  |TAMS 0x000000008a700000, 0x000000008a700000| Untracked 
| 168|0x000000008a800000, 0x000000008a800000, 0x000000008a900000|  0%| F|  |TAMS 0x000000008a800000, 0x000000008a800000| Untracked 
| 169|0x000000008a900000, 0x000000008a900000, 0x000000008aa00000|  0%| F|  |TAMS 0x000000008a900000, 0x000000008a900000| Untracked 
| 170|0x000000008aa00000, 0x000000008aa00000, 0x000000008ab00000|  0%| F|  |TAMS 0x000000008aa00000, 0x000000008aa00000| Untracked 
| 171|0x000000008ab00000, 0x000000008ab00000, 0x000000008ac00000|  0%| F|  |TAMS 0x000000008ab00000, 0x000000008ab00000| Untracked 
| 172|0x000000008ac00000, 0x000000008ac00000, 0x000000008ad00000|  0%| F|  |TAMS 0x000000008ac00000, 0x000000008ac00000| Untracked 
| 173|0x000000008ad00000, 0x000000008ad00000, 0x000000008ae00000|  0%| F|  |TAMS 0x000000008ad00000, 0x000000008ad00000| Untracked 
| 174|0x000000008ae00000, 0x000000008ae00000, 0x000000008af00000|  0%| F|  |TAMS 0x000000008ae00000, 0x000000008ae00000| Untracked 
| 175|0x000000008af00000, 0x000000008af00000, 0x000000008b000000|  0%| F|  |TAMS 0x000000008af00000, 0x000000008af00000| Untracked 
| 176|0x000000008b000000, 0x000000008b000000, 0x000000008b100000|  0%| F|  |TAMS 0x000000008b000000, 0x000000008b000000| Untracked 
| 177|0x000000008b100000, 0x000000008b100000, 0x000000008b200000|  0%| F|  |TAMS 0x000000008b100000, 0x000000008b100000| Untracked 
| 178|0x000000008b200000, 0x000000008b200000, 0x000000008b300000|  0%| F|  |TAMS 0x000000008b200000, 0x000000008b200000| Untracked 
| 179|0x000000008b300000, 0x000000008b300000, 0x000000008b400000|  0%| F|  |TAMS 0x000000008b300000, 0x000000008b300000| Untracked 
| 180|0x000000008b400000, 0x000000008b400000, 0x000000008b500000|  0%| F|  |TAMS 0x000000008b400000, 0x000000008b400000| Untracked 
| 181|0x000000008b500000, 0x000000008b500000, 0x000000008b600000|  0%| F|  |TAMS 0x000000008b500000, 0x000000008b500000| Untracked 
| 182|0x000000008b600000, 0x000000008b600000, 0x000000008b700000|  0%| F|  |TAMS 0x000000008b600000, 0x000000008b600000| Untracked 
| 183|0x000000008b700000, 0x000000008b700000, 0x000000008b800000|  0%| F|  |TAMS 0x000000008b700000, 0x000000008b700000| Untracked 
| 184|0x000000008b800000, 0x000000008b800000, 0x000000008b900000|  0%| F|  |TAMS 0x000000008b800000, 0x000000008b800000| Untracked 
| 185|0x000000008b900000, 0x000000008b900000, 0x000000008ba00000|  0%| F|  |TAMS 0x000000008b900000, 0x000000008b900000| Untracked 
| 186|0x000000008ba00000, 0x000000008ba00000, 0x000000008bb00000|  0%| F|  |TAMS 0x000000008ba00000, 0x000000008ba00000| Untracked 
| 187|0x000000008bb00000, 0x000000008bb00000, 0x000000008bc00000|  0%| F|  |TAMS 0x000000008bb00000, 0x000000008bb00000| Untracked 
| 188|0x000000008bc00000, 0x000000008bc00000, 0x000000008bd00000|  0%| F|  |TAMS 0x000000008bc00000, 0x000000008bc00000| Untracked 
| 189|0x000000008bd00000, 0x000000008bd00000, 0x000000008be00000|  0%| F|  |TAMS 0x000000008bd00000, 0x000000008bd00000| Untracked 
| 190|0x000000008be00000, 0x000000008be00000, 0x000000008bf00000|  0%| F|  |TAMS 0x000000008be00000, 0x000000008be00000| Untracked 
| 191|0x000000008bf00000, 0x000000008bf00000, 0x000000008c000000|  0%| F|  |TAMS 0x000000008bf00000, 0x000000008bf00000| Untracked 
| 192|0x000000008c000000, 0x000000008c000000, 0x000000008c100000|  0%| F|  |TAMS 0x000000008c000000, 0x000000008c000000| Untracked 
| 193|0x000000008c100000, 0x000000008c100000, 0x000000008c200000|  0%| F|  |TAMS 0x000000008c100000, 0x000000008c100000| Untracked 
| 194|0x000000008c200000, 0x000000008c200000, 0x000000008c300000|  0%| F|  |TAMS 0x000000008c200000, 0x000000008c200000| Untracked 
| 195|0x000000008c300000, 0x000000008c300000, 0x000000008c400000|  0%| F|  |TAMS 0x000000008c300000, 0x000000008c300000| Untracked 
| 196|0x000000008c400000, 0x000000008c400000, 0x000000008c500000|  0%| F|  |TAMS 0x000000008c400000, 0x000000008c400000| Untracked 
| 197|0x000000008c500000, 0x000000008c500000, 0x000000008c600000|  0%| F|  |TAMS 0x000000008c500000, 0x000000008c500000| Untracked 
| 198|0x000000008c600000, 0x000000008c600000, 0x000000008c700000|  0%| F|  |TAMS 0x000000008c600000, 0x000000008c600000| Untracked 
| 199|0x000000008c700000, 0x000000008c700000, 0x000000008c800000|  0%| F|  |TAMS 0x000000008c700000, 0x000000008c700000| Untracked 
| 200|0x000000008c800000, 0x000000008c800000, 0x000000008c900000|  0%| F|  |TAMS 0x000000008c800000, 0x000000008c800000| Untracked 
| 201|0x000000008c900000, 0x000000008c900000, 0x000000008ca00000|  0%| F|  |TAMS 0x000000008c900000, 0x000000008c900000| Untracked 
| 202|0x000000008ca00000, 0x000000008ca00000, 0x000000008cb00000|  0%| F|  |TAMS 0x000000008ca00000, 0x000000008ca00000| Untracked 
| 203|0x000000008cb00000, 0x000000008cb00000, 0x000000008cc00000|  0%| F|  |TAMS 0x000000008cb00000, 0x000000008cb00000| Untracked 
| 204|0x000000008cc00000, 0x000000008cc00000, 0x000000008cd00000|  0%| F|  |TAMS 0x000000008cc00000, 0x000000008cc00000| Untracked 
| 205|0x000000008cd00000, 0x000000008cd00000, 0x000000008ce00000|  0%| F|  |TAMS 0x000000008cd00000, 0x000000008cd00000| Untracked 
| 206|0x000000008ce00000, 0x000000008ce00000, 0x000000008cf00000|  0%| F|  |TAMS 0x000000008ce00000, 0x000000008ce00000| Untracked 
| 207|0x000000008cf00000, 0x000000008cf00000, 0x000000008d000000|  0%| F|  |TAMS 0x000000008cf00000, 0x000000008cf00000| Untracked 
| 208|0x000000008d000000, 0x000000008d000000, 0x000000008d100000|  0%| F|  |TAMS 0x000000008d000000, 0x000000008d000000| Untracked 
| 209|0x000000008d100000, 0x000000008d100000, 0x000000008d200000|  0%| F|  |TAMS 0x000000008d100000, 0x000000008d100000| Untracked 
| 210|0x000000008d200000, 0x000000008d200000, 0x000000008d300000|  0%| F|  |TAMS 0x000000008d200000, 0x000000008d200000| Untracked 
| 211|0x000000008d300000, 0x000000008d300000, 0x000000008d400000|  0%| F|  |TAMS 0x000000008d300000, 0x000000008d300000| Untracked 
| 212|0x000000008d400000, 0x000000008d400000, 0x000000008d500000|  0%| F|  |TAMS 0x000000008d400000, 0x000000008d400000| Untracked 
| 213|0x000000008d500000, 0x000000008d500000, 0x000000008d600000|  0%| F|  |TAMS 0x000000008d500000, 0x000000008d500000| Untracked 
| 214|0x000000008d600000, 0x000000008d600000, 0x000000008d700000|  0%| F|  |TAMS 0x000000008d600000, 0x000000008d600000| Untracked 
| 215|0x000000008d700000, 0x000000008d700000, 0x000000008d800000|  0%| F|  |TAMS 0x000000008d700000, 0x000000008d700000| Untracked 
| 216|0x000000008d800000, 0x000000008d800000, 0x000000008d900000|  0%| F|  |TAMS 0x000000008d800000, 0x000000008d800000| Untracked 
| 217|0x000000008d900000, 0x000000008d900000, 0x000000008da00000|  0%| F|  |TAMS 0x000000008d900000, 0x000000008d900000| Untracked 
| 218|0x000000008da00000, 0x000000008da00000, 0x000000008db00000|  0%| F|  |TAMS 0x000000008da00000, 0x000000008da00000| Untracked 
| 219|0x000000008db00000, 0x000000008db00000, 0x000000008dc00000|  0%| F|  |TAMS 0x000000008db00000, 0x000000008db00000| Untracked 
| 220|0x000000008dc00000, 0x000000008dc00000, 0x000000008dd00000|  0%| F|  |TAMS 0x000000008dc00000, 0x000000008dc00000| Untracked 
| 221|0x000000008dd00000, 0x000000008dd00000, 0x000000008de00000|  0%| F|  |TAMS 0x000000008dd00000, 0x000000008dd00000| Untracked 
| 222|0x000000008de00000, 0x000000008de00000, 0x000000008df00000|  0%| F|  |TAMS 0x000000008de00000, 0x000000008de00000| Untracked 
| 223|0x000000008df00000, 0x000000008df00000, 0x000000008e000000|  0%| F|  |TAMS 0x000000008df00000, 0x000000008df00000| Untracked 
| 224|0x000000008e000000, 0x000000008e000000, 0x000000008e100000|  0%| F|  |TAMS 0x000000008e000000, 0x000000008e000000| Untracked 
| 225|0x000000008e100000, 0x000000008e100000, 0x000000008e200000|  0%| F|  |TAMS 0x000000008e100000, 0x000000008e100000| Untracked 
| 226|0x000000008e200000, 0x000000008e200000, 0x000000008e300000|  0%| F|  |TAMS 0x000000008e200000, 0x000000008e200000| Untracked 
| 227|0x000000008e300000, 0x000000008e300000, 0x000000008e400000|  0%| F|  |TAMS 0x000000008e300000, 0x000000008e300000| Untracked 
| 228|0x000000008e400000, 0x000000008e400000, 0x000000008e500000|  0%| F|  |TAMS 0x000000008e400000, 0x000000008e400000| Untracked 
| 229|0x000000008e500000, 0x000000008e500000, 0x000000008e600000|  0%| F|  |TAMS 0x000000008e500000, 0x000000008e500000| Untracked 
| 230|0x000000008e600000, 0x000000008e600000, 0x000000008e700000|  0%| F|  |TAMS 0x000000008e600000, 0x000000008e600000| Untracked 
| 231|0x000000008e700000, 0x000000008e700000, 0x000000008e800000|  0%| F|  |TAMS 0x000000008e700000, 0x000000008e700000| Untracked 
| 232|0x000000008e800000, 0x000000008e800000, 0x000000008e900000|  0%| F|  |TAMS 0x000000008e800000, 0x000000008e800000| Untracked 
| 233|0x000000008e900000, 0x000000008e900000, 0x000000008ea00000|  0%| F|  |TAMS 0x000000008e900000, 0x000000008e900000| Untracked 
| 234|0x000000008ea00000, 0x000000008ea00000, 0x000000008eb00000|  0%| F|  |TAMS 0x000000008ea00000, 0x000000008ea00000| Untracked 
| 235|0x000000008eb00000, 0x000000008eb00000, 0x000000008ec00000|  0%| F|  |TAMS 0x000000008eb00000, 0x000000008eb00000| Untracked 
| 236|0x000000008ec00000, 0x000000008ec00000, 0x000000008ed00000|  0%| F|  |TAMS 0x000000008ec00000, 0x000000008ec00000| Untracked 
| 237|0x000000008ed00000, 0x000000008ed00000, 0x000000008ee00000|  0%| F|  |TAMS 0x000000008ed00000, 0x000000008ed00000| Untracked 
| 238|0x000000008ee00000, 0x000000008ee00000, 0x000000008ef00000|  0%| F|  |TAMS 0x000000008ee00000, 0x000000008ee00000| Untracked 
| 239|0x000000008ef00000, 0x000000008ef00000, 0x000000008f000000|  0%| F|  |TAMS 0x000000008ef00000, 0x000000008ef00000| Untracked 
| 240|0x000000008f000000, 0x000000008f000000, 0x000000008f100000|  0%| F|  |TAMS 0x000000008f000000, 0x000000008f000000| Untracked 
| 241|0x000000008f100000, 0x000000008f100000, 0x000000008f200000|  0%| F|  |TAMS 0x000000008f100000, 0x000000008f100000| Untracked 
| 242|0x000000008f200000, 0x000000008f200000, 0x000000008f300000|  0%| F|  |TAMS 0x000000008f200000, 0x000000008f200000| Untracked 
| 243|0x000000008f300000, 0x000000008f300000, 0x000000008f400000|  0%| F|  |TAMS 0x000000008f300000, 0x000000008f300000| Untracked 
| 244|0x000000008f400000, 0x000000008f400000, 0x000000008f500000|  0%| F|  |TAMS 0x000000008f400000, 0x000000008f400000| Untracked 
| 245|0x000000008f500000, 0x000000008f500000, 0x000000008f600000|  0%| F|  |TAMS 0x000000008f500000, 0x000000008f500000| Untracked 
| 246|0x000000008f600000, 0x000000008f600000, 0x000000008f700000|  0%| F|  |TAMS 0x000000008f600000, 0x000000008f600000| Untracked 
| 247|0x000000008f700000, 0x000000008f700000, 0x000000008f800000|  0%| F|  |TAMS 0x000000008f700000, 0x000000008f700000| Untracked 
| 248|0x000000008f800000, 0x000000008f800000, 0x000000008f900000|  0%| F|  |TAMS 0x000000008f800000, 0x000000008f800000| Untracked 
| 249|0x000000008f900000, 0x000000008f900000, 0x000000008fa00000|  0%| F|  |TAMS 0x000000008f900000, 0x000000008f900000| Untracked 
| 250|0x000000008fa00000, 0x000000008fa00000, 0x000000008fb00000|  0%| F|  |TAMS 0x000000008fa00000, 0x000000008fa00000| Untracked 
| 251|0x000000008fb00000, 0x000000008fba7398, 0x000000008fc00000| 65%| E|  |TAMS 0x000000008fb00000, 0x000000008fb00000| Complete 
| 252|0x000000008fc00000, 0x000000008fd00000, 0x000000008fd00000|100%| E|CS|TAMS 0x000000008fc00000, 0x000000008fc00000| Complete 
| 253|0x000000008fd00000, 0x000000008fe00000, 0x000000008fe00000|100%| E|  |TAMS 0x000000008fd00000, 0x000000008fd00000| Complete 

Card table byte_map: [0x000002b7ff510000,0x000002b7ff910000] _byte_map_base: 0x000002b7ff110000

Marking Bits (Prev, Next): (CMBitMap*) 0x000002b7fef61038, (CMBitMap*) 0x000002b7fef61070
 Prev Bits: [0x000002b792a10000, 0x000002b794a10000)
 Next Bits: [0x000002b794a10000, 0x000002b796a10000)

Polling page: 0x000002b7fcd40000

Metaspace:

Usage:
  Non-class:     93.61 MB capacity,    90.93 MB ( 97%) used,     2.29 MB (  2%) free+waste,   397.19 KB ( <1%) overhead. 
      Class:     14.78 MB capacity,    13.33 MB ( 90%) used,     1.27 MB (  9%) free+waste,   185.94 KB (  1%) overhead. 
       Both:    108.39 MB capacity,   104.26 MB ( 96%) used,     3.56 MB (  3%) free+waste,   583.13 KB ( <1%) overhead. 

Virtual space:
  Non-class space:       94.00 MB reserved,      93.66 MB (>99%) committed 
      Class space:        1.00 GB reserved,      14.88 MB (  1%) committed 
             Both:        1.09 GB reserved,     108.54 MB ( 10%) committed 

Chunk freelists:
   Non-Class:  48.00 KB
       Class:  3.00 KB
        Both:  51.00 KB

MaxMetaspaceSize: 17179869184.00 GB
CompressedClassSpaceSize: 1.00 GB

CodeHeap 'non-profiled nmethods': size=120064Kb used=10485Kb max_used=10485Kb free=109579Kb
 bounds [0x000002b78b4d0000, 0x000002b78bf10000, 0x000002b792a10000]
CodeHeap 'profiled nmethods': size=120000Kb used=34572Kb max_used=34572Kb free=85427Kb
 bounds [0x000002b783fa0000, 0x000002b786170000, 0x000002b78b4d0000]
CodeHeap 'non-nmethods': size=5696Kb used=2322Kb max_used=2443Kb free=3373Kb
 bounds [0x000002b783a10000, 0x000002b783c80000, 0x000002b783fa0000]
 total_blobs=17218 nmethods=16290 adapters=838
 compilation: enabled
              stopped_count=0, restarted_count=0
 full_count=0

Compilation events (20 events):
Event: 803.486 Thread 0x000002b7998f5800 nmethod 16264 0x000002b78bf01490 code [0x000002b78bf016a0, 0x000002b78bf019d0]
Event: 803.486 Thread 0x000002b7998f5800 16438       4       java.util.AbstractCollection::toArray (144 bytes)
Event: 803.487 Thread 0x000002b7a153b000 nmethod 16249 0x000002b78bf01e90 code [0x000002b78bf02300, 0x000002b78bf064b8]
Event: 803.488 Thread 0x000002b7a153b000 16352       4       org.gradle.internal.instantiation.generator.AbstractClassGenerator$ClassGenerationHandler::hasFields (1 bytes)
Event: 803.488 Thread 0x000002b7a153b000 nmethod 16352 0x000002b78bf08990 code [0x000002b78bf08b20, 0x000002b78bf08b78]
Event: 803.488 Thread 0x000002b7a153b000 16375       4       com.google.common.collect.RegularImmutableSortedSet::size (8 bytes)
Event: 803.488 Thread 0x000002b7a153b000 nmethod 16375 0x000002b78bf08c10 code [0x000002b78bf08da0, 0x000002b78bf08e38]
Event: 803.488 Thread 0x000002b7a153b000 16420       4       org.gradle.api.internal.file.AbstractOpaqueFileCollection::visitContents (11 bytes)
Event: 803.488 Thread 0x000002b7a153b000 nmethod 16420 0x000002b78bf08f10 code [0x000002b78bf090a0, 0x000002b78bf09138]
Event: 803.488 Thread 0x000002b7a153b000 16421       4       org.gradle.api.internal.file.AbstractOpaqueFileCollection::iterator (10 bytes)
Event: 803.488 Thread 0x000002b7a153b000 nmethod 16421 0x000002b78bf09210 code [0x000002b78bf093a0, 0x000002b78bf09438]
Event: 803.489 Thread 0x000002b7a153b000 16439       4       java.io.ObjectOutputStream$HandleTable::assign (52 bytes)
Event: 803.489 Thread 0x000002b7998fa000 16440       1       org.gradle.internal.MutableBoolean::get (5 bytes)
Event: 803.489 Thread 0x000002b7998fa000 nmethod 16440 0x000002b78bf09510 code [0x000002b78bf096c0, 0x000002b78bf09778]
Event: 803.490 Thread 0x000002b7998f5800 nmethod 16438 0x000002b78bf09810 code [0x000002b78bf099c0, 0x000002b78bf09dd8]
Event: 803.491 Thread 0x000002b7a153b000 nmethod 16439 0x000002b78bf0a110 code [0x000002b78bf0a2e0, 0x000002b78bf0a688]
Event: 803.492 Thread 0x000002b7998f5800 16441       4       java.lang.invoke.MethodHandle::<init> (37 bytes)
Event: 803.492 Thread 0x000002b7a153b000 16442       4       jdk.internal.org.objectweb.asm.MethodVisitor::<init> (35 bytes)
Event: 803.495 Thread 0x000002b7a153b000 nmethod 16442 0x000002b78bf0a990 code [0x000002b78bf0ab20, 0x000002b78bf0ac78]
Event: 803.517 Thread 0x000002b7998f5800 nmethod 16441 0x000002b78bf0ad10 code [0x000002b78bf0afc0, 0x000002b78bf0c578]

GC Heap History (20 events):
Event: 7.560 GC heap before
{Heap before GC invocations=15 (full 0):
 garbage-first heap   total 260096K, used 191878K [0x0000000080000000, 0x0000000100000000)
  region size 1024K, 116 young (118784K), 8 survivors (8192K)
 Metaspace       used 83659K, capacity 85802K, committed 85924K, reserved 1124352K
  class space    used 10791K, capacity 11500K, committed 11520K, reserved 1048576K
}
Event: 7.568 GC heap after
{Heap after GC invocations=16 (full 0):
 garbage-first heap   total 260096K, used 87618K [0x0000000080000000, 0x0000000100000000)
  region size 1024K, 14 young (14336K), 14 survivors (14336K)
 Metaspace       used 83659K, capacity 85802K, committed 85924K, reserved 1124352K
  class space    used 10791K, capacity 11500K, committed 11520K, reserved 1048576K
}
Event: 8.596 GC heap before
{Heap before GC invocations=16 (full 0):
 garbage-first heap   total 260096K, used 196162K [0x0000000080000000, 0x0000000100000000)
  region size 1024K, 121 young (123904K), 14 survivors (14336K)
 Metaspace       used 90535K, capacity 93185K, committed 93348K, reserved 1130496K
  class space    used 11734K, capacity 12693K, committed 12800K, reserved 1048576K
}
Event: 8.604 GC heap after
{Heap after GC invocations=17 (full 0):
 garbage-first heap   total 260096K, used 93964K [0x0000000080000000, 0x0000000100000000)
  region size 1024K, 14 young (14336K), 14 survivors (14336K)
 Metaspace       used 90535K, capacity 93185K, committed 93348K, reserved 1130496K
  class space    used 11734K, capacity 12693K, committed 12800K, reserved 1048576K
}
Event: 649.053 GC heap before
{Heap before GC invocations=17 (full 0):
 garbage-first heap   total 260096K, used 200460K [0x0000000080000000, 0x0000000100000000)
  region size 1024K, 119 young (121856K), 14 survivors (14336K)
 Metaspace       used 94844K, capacity 97625K, committed 97700K, reserved 1134592K
  class space    used 12202K, capacity 13253K, committed 13312K, reserved 1048576K
}
Event: 649.065 GC heap after
{Heap after GC invocations=18 (full 0):
 garbage-first heap   total 260096K, used 101863K [0x0000000080000000, 0x0000000100000000)
  region size 1024K, 14 young (14336K), 14 survivors (14336K)
 Metaspace       used 94844K, capacity 97625K, committed 97700K, reserved 1134592K
  class space    used 12202K, capacity 13253K, committed 13312K, reserved 1048576K
}
Event: 690.169 GC heap before
{Heap before GC invocations=18 (full 0):
 garbage-first heap   total 260096K, used 205287K [0x0000000080000000, 0x0000000100000000)
  region size 1024K, 115 young (117760K), 14 survivors (14336K)
 Metaspace       used 95904K, capacity 98891K, committed 99108K, reserved 1134592K
  class space    used 12246K, capacity 13317K, committed 13440K, reserved 1048576K
}
Event: 690.177 GC heap after
{Heap after GC invocations=19 (full 0):
 garbage-first heap   total 260096K, used 104914K [0x0000000080000000, 0x0000000100000000)
  region size 1024K, 7 young (7168K), 7 survivors (7168K)
 Metaspace       used 95904K, capacity 98891K, committed 99108K, reserved 1134592K
  class space    used 12246K, capacity 13317K, committed 13440K, reserved 1048576K
}
Event: 725.397 GC heap before
{Heap before GC invocations=19 (full 0):
 garbage-first heap   total 260096K, used 206290K [0x0000000080000000, 0x0000000100000000)
  region size 1024K, 107 young (109568K), 7 survivors (7168K)
 Metaspace       used 99398K, capacity 102483K, committed 102692K, reserved 1138688K
  class space    used 12768K, capacity 13841K, committed 13952K, reserved 1048576K
}
Event: 725.401 GC heap after
{Heap after GC invocations=20 (full 0):
 garbage-first heap   total 260096K, used 102723K [0x0000000080000000, 0x0000000100000000)
  region size 1024K, 5 young (5120K), 5 survivors (5120K)
 Metaspace       used 99398K, capacity 102483K, committed 102692K, reserved 1138688K
  class space    used 12768K, capacity 13841K, committed 13952K, reserved 1048576K
}
Event: 735.586 GC heap before
{Heap before GC invocations=20 (full 0):
 garbage-first heap   total 260096K, used 208195K [0x0000000080000000, 0x0000000100000000)
  region size 1024K, 109 young (111616K), 5 survivors (5120K)
 Metaspace       used 101859K, capacity 105235K, committed 105380K, reserved 1140736K
  class space    used 13015K, capacity 14233K, committed 14336K, reserved 1048576K
}
Event: 735.595 GC heap after
{Heap after GC invocations=21 (full 0):
 garbage-first heap   total 260096K, used 111841K [0x0000000080000000, 0x0000000100000000)
  region size 1024K, 14 young (14336K), 14 survivors (14336K)
 Metaspace       used 101859K, capacity 105235K, committed 105380K, reserved 1140736K
  class space    used 13015K, capacity 14233K, committed 14336K, reserved 1048576K
}
Event: 759.651 GC heap before
{Heap before GC invocations=21 (full 0):
 garbage-first heap   total 260096K, used 210145K [0x0000000080000000, 0x0000000100000000)
  region size 1024K, 110 young (112640K), 14 survivors (14336K)
 Metaspace       used 102462K, capacity 106007K, committed 106276K, reserved 1140736K
  class space    used 13076K, capacity 14363K, committed 14464K, reserved 1048576K
}
Event: 759.662 GC heap after
{Heap after GC invocations=22 (full 0):
 garbage-first heap   total 260096K, used 113103K [0x0000000080000000, 0x0000000100000000)
  region size 1024K, 6 young (6144K), 6 survivors (6144K)
 Metaspace       used 102462K, capacity 106007K, committed 106276K, reserved 1140736K
  class space    used 13076K, capacity 14363K, committed 14464K, reserved 1048576K
}
Event: 762.630 GC heap before
{Heap before GC invocations=22 (full 0):
 garbage-first heap   total 260096K, used 211407K [0x0000000080000000, 0x0000000100000000)
  region size 1024K, 102 young (104448K), 6 survivors (6144K)
 Metaspace       used 102779K, capacity 106358K, committed 106532K, reserved 1140736K
  class space    used 13100K, capacity 14401K, committed 14464K, reserved 1048576K
}
Event: 762.638 GC heap after
{Heap after GC invocations=23 (full 0):
 garbage-first heap   total 260096K, used 119846K [0x0000000080000000, 0x0000000100000000)
  region size 1024K, 12 young (12288K), 12 survivors (12288K)
 Metaspace       used 102779K, capacity 106358K, committed 106532K, reserved 1140736K
  class space    used 13100K, capacity 14401K, committed 14464K, reserved 1048576K
}
Event: 768.943 GC heap before
{Heap before GC invocations=23 (full 0):
 garbage-first heap   total 260096K, used 212006K [0x0000000080000000, 0x0000000100000000)
  region size 1024K, 102 young (104448K), 12 survivors (12288K)
 Metaspace       used 103391K, capacity 107238K, committed 107428K, reserved 1142784K
  class space    used 13170K, capacity 14526K, committed 14592K, reserved 1048576K
}
Event: 768.952 GC heap after
{Heap after GC invocations=24 (full 0):
 garbage-first heap   total 260096K, used 123593K [0x0000000080000000, 0x0000000100000000)
  region size 1024K, 7 young (7168K), 7 survivors (7168K)
 Metaspace       used 103391K, capacity 107238K, committed 107428K, reserved 1142784K
  class space    used 13170K, capacity 14526K, committed 14592K, reserved 1048576K
}
Event: 803.536 GC heap before
{Heap before GC invocations=24 (full 0):
 garbage-first heap   total 260096K, used 213705K [0x0000000080000000, 0x0000000100000000)
  region size 1024K, 95 young (97280K), 7 survivors (7168K)
 Metaspace       used 106134K, capacity 110358K, committed 110500K, reserved 1144832K
  class space    used 13611K, capacity 15092K, committed 15104K, reserved 1048576K
}
Event: 803.541 GC heap after
{Heap after GC invocations=25 (full 0):
 garbage-first heap   total 260096K, used 123517K [0x0000000080000000, 0x0000000100000000)
  region size 1024K, 7 young (7168K), 7 survivors (7168K)
 Metaspace       used 106134K, capacity 110358K, committed 110500K, reserved 1144832K
  class space    used 13611K, capacity 15092K, committed 15104K, reserved 1048576K
}

Deoptimization events (20 events):
Event: 803.461 Thread 0x000002b79c167800 Uncommon trap: trap_request=0xffffffde fr.pc=0x000002b78bd73dec relative=0x000000000000046c
Event: 803.461 Thread 0x000002b79c167800 Uncommon trap: reason=class_check action=maybe_recompile pc=0x000002b78bd73dec method=java.io.ObjectInputStream$PeekInputStream.read()I @ 23 c2
Event: 803.461 Thread 0x000002b79c167800 DEOPT PACKING pc=0x000002b78bd73dec sp=0x000000c9e97fdbf0
Event: 803.461 Thread 0x000002b79c167800 DEOPT UNPACKING pc=0x000002b783a378af sp=0x000000c9e97fdb80 mode 2
Event: 803.488 Thread 0x000002b79c16b000 Uncommon trap: trap_request=0xffffffc6 fr.pc=0x000002b78b9e550c relative=0x000000000000042c
Event: 803.488 Thread 0x000002b79c16b000 Uncommon trap: reason=bimorphic_or_optimized_type_check action=maybe_recompile pc=0x000002b78b9e550c method=java.util.Collections$SetFromMap.remove(Ljava/lang/Object;)Z @ 5 c2
Event: 803.488 Thread 0x000002b79c16b000 DEOPT PACKING pc=0x000002b78b9e550c sp=0x000000c9e98fec40
Event: 803.488 Thread 0x000002b79c16b000 DEOPT UNPACKING pc=0x000002b783a378af sp=0x000000c9e98fec38 mode 2
Event: 803.489 Thread 0x000002b79c16b000 Uncommon trap: trap_request=0xffffff4d fr.pc=0x000002b78bf03fe8 relative=0x0000000000001ce8
Event: 803.489 Thread 0x000002b79c16b000 Uncommon trap: reason=unstable_if action=reinterpret pc=0x000002b78bf03fe8 method=org.gradle.internal.logging.progress.DefaultProgressLoggerFactory.newOperation(Ljava/lang/Class;Lorg/gradle/internal/operations/BuildOperationDescriptor;)Lorg/gradle/interna
Event: 803.489 Thread 0x000002b79c16b000 DEOPT PACKING pc=0x000002b78bf03fe8 sp=0x000000c9e98fe780
Event: 803.489 Thread 0x000002b79c16b000 DEOPT UNPACKING pc=0x000002b783a378af sp=0x000000c9e98fe638 mode 2
Event: 803.530 Thread 0x000002b79c16b000 Uncommon trap: trap_request=0xffffff4d fr.pc=0x000002b78ba5c898 relative=0x00000000000009d8
Event: 803.530 Thread 0x000002b79c16b000 Uncommon trap: reason=unstable_if action=reinterpret pc=0x000002b78ba5c898 method=org.gradle.internal.snapshot.ChildMap$Entry.handleAncestorDescendantOrExactMatch(Lorg/gradle/internal/snapshot/VfsRelativePath;Lorg/gradle/internal/snapshot/CaseSensitivity;
Event: 803.530 Thread 0x000002b79c16b000 DEOPT PACKING pc=0x000002b78ba5c898 sp=0x000000c9e98fb5e0
Event: 803.530 Thread 0x000002b79c16b000 DEOPT UNPACKING pc=0x000002b783a378af sp=0x000000c9e98fb5c0 mode 2
Event: 803.534 Thread 0x000002b79c16b000 Uncommon trap: trap_request=0xffffff4d fr.pc=0x000002b78ba5ebd4 relative=0x0000000000000814
Event: 803.534 Thread 0x000002b79c16b000 Uncommon trap: reason=unstable_if action=reinterpret pc=0x000002b78ba5ebd4 method=org.gradle.internal.file.DefaultFileHierarchySet$Node.isChildOfOrThis(Ljava/lang/String;I)Z @ 89 c2
Event: 803.534 Thread 0x000002b79c16b000 DEOPT PACKING pc=0x000002b78ba5ebd4 sp=0x000000c9e98fb3a0
Event: 803.534 Thread 0x000002b79c16b000 DEOPT UNPACKING pc=0x000002b783a378af sp=0x000000c9e98fb2c0 mode 2

Classes redefined (0 events):
No events

Internal exceptions (20 events):
Event: 803.168 Thread 0x000002b7a1534800 Exception <a 'java/lang/NoSuchMethodError'{0x000000008ccab370}: <clinit>> (0x000000008ccab370) thrown at [./src/hotspot/share/prims/jni.cpp, line 1362]
Event: 803.168 Thread 0x000002b7a1534800 Exception <a 'java/lang/NoSuchMethodError'{0x000000008ccb57b8}: <clinit>> (0x000000008ccb57b8) thrown at [./src/hotspot/share/prims/jni.cpp, line 1362]
Event: 803.170 Thread 0x000002b7a1534800 Exception <a 'java/lang/NoSuchMethodError'{0x000000008ccc9020}: <clinit>> (0x000000008ccc9020) thrown at [./src/hotspot/share/prims/jni.cpp, line 1362]
Event: 803.205 Thread 0x000002b7a1531800 Exception <a 'sun/nio/fs/WindowsException'{0x000000008ca67328}> (0x000000008ca67328) thrown at [./src/hotspot/share/prims/jni.cpp, line 615]
Event: 803.222 Thread 0x000002b7a1531800 Exception <a 'java/lang/NoClassDefFoundError'{0x000000008c725b30}: org/jetbrains/kotlin/gradle/plugin/KotlinBasePluginWrapper> (0x000000008c725b30) thrown at [./src/hotspot/share/oops/constantPool.cpp, line 775]
Event: 803.316 Thread 0x000002b7a1531800 Exception <a 'sun/nio/fs/WindowsException'{0x000000008ba7e958}> (0x000000008ba7e958) thrown at [./src/hotspot/share/prims/jni.cpp, line 615]
Event: 803.322 Thread 0x000002b7a1531800 Exception <a 'sun/nio/fs/WindowsException'{0x000000008b93c108}> (0x000000008b93c108) thrown at [./src/hotspot/share/prims/jni.cpp, line 615]
Event: 803.322 Thread 0x000002b7a1531800 Exception <a 'sun/nio/fs/WindowsException'{0x000000008b93d1e8}> (0x000000008b93d1e8) thrown at [./src/hotspot/share/prims/jni.cpp, line 615]
Event: 803.322 Thread 0x000002b7a1531800 Exception <a 'sun/nio/fs/WindowsException'{0x000000008b93e318}> (0x000000008b93e318) thrown at [./src/hotspot/share/prims/jni.cpp, line 615]
Event: 803.322 Thread 0x000002b7a1531800 Exception <a 'sun/nio/fs/WindowsException'{0x000000008b93f448}> (0x000000008b93f448) thrown at [./src/hotspot/share/prims/jni.cpp, line 615]
Event: 803.353 Thread 0x000002b7a1531800 Exception <a 'java/lang/NoSuchMethodError'{0x000000008b413c18}: 'java.lang.Object java.lang.invoke.Invokers$Holder.linkToTargetMethod(java.lang.Object, int, int, java.lang.Object)'> (0x000000008b413c18) thrown at [./src/hotspot/share/interpreter/linkResolver.cpp, line 773]
Event: 803.440 Thread 0x000002b7a1534800 Exception <a 'java/lang/NoSuchMethodError'{0x000000008c787c20}: <clinit>> (0x000000008c787c20) thrown at [./src/hotspot/share/prims/jni.cpp, line 1362]
Event: 803.441 Thread 0x000002b7a1534800 Exception <a 'java/lang/NoSuchMethodError'{0x000000008abcd6b0}: <clinit>> (0x000000008abcd6b0) thrown at [./src/hotspot/share/prims/jni.cpp, line 1362]
Event: 803.442 Thread 0x000002b7a1534800 Exception <a 'java/lang/NoSuchMethodError'{0x000000008abd7a38}: <clinit>> (0x000000008abd7a38) thrown at [./src/hotspot/share/prims/jni.cpp, line 1362]
Event: 803.443 Thread 0x000002b7a1534800 Exception <a 'java/lang/NoSuchMethodError'{0x000000008aa0e0a0}: <clinit>> (0x000000008aa0e0a0) thrown at [./src/hotspot/share/prims/jni.cpp, line 1362]
Event: 803.443 Thread 0x000002b7a1534800 Exception <a 'java/lang/NoSuchMethodError'{0x000000008aa1dee0}: <clinit>> (0x000000008aa1dee0) thrown at [./src/hotspot/share/prims/jni.cpp, line 1362]
Event: 803.457 Thread 0x000002b79c167800 Exception <a 'java/lang/NoSuchMethodError'{0x000000008a852828}: <clinit>> (0x000000008a852828) thrown at [./src/hotspot/share/prims/jni.cpp, line 1362]
Event: 803.458 Thread 0x000002b79c167800 Exception <a 'java/lang/NoSuchMethodError'{0x000000008a85fea0}: <clinit>> (0x000000008a85fea0) thrown at [./src/hotspot/share/prims/jni.cpp, line 1362]
Event: 803.460 Thread 0x000002b79c167800 Exception <a 'java/lang/NoSuchMethodError'{0x000000008a879668}: <clinit>> (0x000000008a879668) thrown at [./src/hotspot/share/prims/jni.cpp, line 1362]
Event: 803.489 Thread 0x000002b7a1534800 Exception <a 'java/lang/NoSuchMethodError'{0x000000008aa2a748}: <clinit>> (0x000000008aa2a748) thrown at [./src/hotspot/share/prims/jni.cpp, line 1362]

Events (20 events):
Event: 803.533 loading class org/gradle/internal/execution/caching/CachingState
Event: 803.533 loading class org/gradle/internal/execution/caching/CachingState done
Event: 803.533 loading class org/gradle/internal/execution/caching/CachingState
Event: 803.533 loading class org/gradle/internal/execution/caching/CachingState done
Event: 803.533 loading class org/gradle/internal/execution/history/changes/OutputFileChanges$4
Event: 803.533 loading class org/gradle/internal/execution/history/changes/OutputFileChanges$4 done
Event: 803.533 loading class org/gradle/internal/execution/history/changes/DefaultExecutionStateChangeDetector$NonIncrementalDetectedExecutionStateChanges
Event: 803.533 loading class org/gradle/internal/execution/history/changes/DefaultExecutionStateChangeDetector$NonIncrementalDetectedExecutionStateChanges done
Event: 803.534 loading class org/gradle/internal/execution/steps/BroadcastChangingOutputsStep$1
Event: 803.534 loading class org/gradle/internal/execution/steps/BroadcastChangingOutputsStep$1 done
Event: 803.534 loading class net/rubygrapefruit/platform/internal/jni/NativeLogger$LogLevel
Event: 803.534 loading class net/rubygrapefruit/platform/internal/jni/NativeLogger$LogLevel done
Event: 803.535 Executing VM operation: BulkRevokeBias
Event: 803.535 Executing VM operation: BulkRevokeBias done
Event: 803.536 loading class org/gradle/internal/execution/steps/CreateOutputsStep$1
Event: 803.536 loading class org/gradle/internal/execution/steps/CreateOutputsStep$1 done
Event: 803.536 loading class org/gradle/internal/execution/steps/CreateOutputsStep$2
Event: 803.536 loading class org/gradle/internal/execution/steps/CreateOutputsStep$2 done
Event: 803.536 Executing VM operation: G1CollectForAllocation
Event: 803.541 Executing VM operation: G1CollectForAllocation done


Dynamic libraries:
0x00007ff739210000 - 0x00007ff73921a000 	C:\Program Files\Android\Android Studio\jre\bin\java.exe
0x00007ffe92e90000 - 0x00007ffe93085000 	C:\WINDOWS\SYSTEM32\ntdll.dll
0x00007ffe91a10000 - 0x00007ffe91acd000 	C:\WINDOWS\System32\KERNEL32.DLL
0x00007ffe908b0000 - 0x00007ffe90b79000 	C:\WINDOWS\System32\KERNELBASE.dll
0x00007ffe90700000 - 0x00007ffe90800000 	C:\WINDOWS\System32\ucrtbase.dll
0x00007ffe8c410000 - 0x00007ffe8c427000 	C:\Program Files\Android\Android Studio\jre\bin\VCRUNTIME140.dll
0x00007ffe8c3f0000 - 0x00007ffe8c409000 	C:\Program Files\Android\Android Studio\jre\bin\jli.dll
0x00007ffe90ef0000 - 0x00007ffe91090000 	C:\WINDOWS\System32\USER32.dll
0x00007ffe90c20000 - 0x00007ffe90c42000 	C:\WINDOWS\System32\win32u.dll
0x00007ffe7e580000 - 0x00007ffe7e81a000 	C:\WINDOWS\WinSxS\amd64_microsoft.windows.common-controls_6595b64144ccf1df_6.0.19041.1110_none_60b5254171f9507e\COMCTL32.dll
0x00007ffe91850000 - 0x00007ffe9187a000 	C:\WINDOWS\System32\GDI32.dll
0x00007ffe92460000 - 0x00007ffe924fe000 	C:\WINDOWS\System32\msvcrt.dll
0x00007ffe90c50000 - 0x00007ffe90d5b000 	C:\WINDOWS\System32\gdi32full.dll
0x00007ffe90b80000 - 0x00007ffe90c1d000 	C:\WINDOWS\System32\msvcp_win.dll
0x00007ffe92240000 - 0x00007ffe92270000 	C:\WINDOWS\System32\IMM32.DLL
0x00007ffe592a0000 - 0x00007ffe5933d000 	C:\Program Files\Android\Android Studio\jre\bin\msvcp140.dll
0x00007ffdecd50000 - 0x00007ffded81f000 	C:\Program Files\Android\Android Studio\jre\bin\server\jvm.dll
0x00007ffe92650000 - 0x00007ffe926fc000 	C:\WINDOWS\System32\ADVAPI32.dll
0x00007ffe92500000 - 0x00007ffe9259b000 	C:\WINDOWS\System32\sechost.dll
0x00007ffe91090000 - 0x00007ffe911ba000 	C:\WINDOWS\System32\RPCRT4.dll
0x00007ffe91ad0000 - 0x00007ffe91ad8000 	C:\WINDOWS\System32\PSAPI.DLL
0x00007ffe6ec90000 - 0x00007ffe6ec99000 	C:\WINDOWS\SYSTEM32\WSOCK32.dll
0x00007ffe85e40000 - 0x00007ffe85e67000 	C:\WINDOWS\SYSTEM32\WINMM.dll
0x00007ffe85e70000 - 0x00007ffe85e7a000 	C:\WINDOWS\SYSTEM32\VERSION.dll
0x00007ffe92270000 - 0x00007ffe922db000 	C:\WINDOWS\System32\WS2_32.dll
0x00007ffe8e4b0000 - 0x00007ffe8e4c2000 	C:\WINDOWS\SYSTEM32\kernel.appcore.dll
0x00007ffe85820000 - 0x00007ffe85831000 	C:\Program Files\Android\Android Studio\jre\bin\verify.dll
0x00007ffe89240000 - 0x00007ffe89424000 	C:\WINDOWS\SYSTEM32\DBGHELP.DLL
0x00007ffe7c640000 - 0x00007ffe7c66c000 	C:\WINDOWS\SYSTEM32\dbgcore.DLL
0x00007ffe90670000 - 0x00007ffe906f3000 	C:\WINDOWS\System32\bcryptPrimitives.dll
0x00007ffe7e030000 - 0x00007ffe7e059000 	C:\Program Files\Android\Android Studio\jre\bin\java.dll
0x00007ffe7f370000 - 0x00007ffe7f37b000 	C:\Program Files\Android\Android Studio\jre\bin\jimage.dll
0x00007ffe7e390000 - 0x00007ffe7e3a8000 	C:\Program Files\Android\Android Studio\jre\bin\zip.dll
0x00007ffe91b00000 - 0x00007ffe9223f000 	C:\WINDOWS\System32\SHELL32.dll
0x00007ffe8e6b0000 - 0x00007ffe8ee40000 	C:\WINDOWS\SYSTEM32\windows.storage.dll
0x00007ffe92940000 - 0x00007ffe92c95000 	C:\WINDOWS\System32\combase.dll
0x00007ffe8ff40000 - 0x00007ffe8ff6c000 	C:\WINDOWS\SYSTEM32\Wldp.dll
0x00007ffe92700000 - 0x00007ffe927ae000 	C:\WINDOWS\System32\SHCORE.dll
0x00007ffe911c0000 - 0x00007ffe91215000 	C:\WINDOWS\System32\shlwapi.dll
0x00007ffe90500000 - 0x00007ffe9051f000 	C:\WINDOWS\SYSTEM32\profapi.dll
0x00007ffe7e010000 - 0x00007ffe7e02a000 	C:\Program Files\Android\Android Studio\jre\bin\net.dll
0x00007ffe88e50000 - 0x00007ffe88f58000 	C:\WINDOWS\SYSTEM32\WINHTTP.dll
0x00007ffe8fd20000 - 0x00007ffe8fd8a000 	C:\WINDOWS\system32\mswsock.dll
0x00007ffe7dff0000 - 0x00007ffe7e004000 	C:\Program Files\Android\Android Studio\jre\bin\nio.dll
0x00007ffe88c70000 - 0x00007ffe88c97000 	C:\Users\Julien\.gradle\native\8bec1ad78214c89d9ad589b4d07fe93259594b29d510b10fafb7a158f7737e5d\windows-amd64\native-platform.dll
0x00007ffe18db0000 - 0x00007ffe18eed000 	C:\Users\Julien\.gradle\native\53dbd7edfb1c66fb8903c78663c9afc45aea4f116125fa6feffd364cf09443e8\windows-amd64\native-platform-file-events.dll
0x00007ffe7e360000 - 0x00007ffe7e36a000 	C:\Program Files\Android\Android Studio\jre\bin\management.dll
0x00007ffe7dfe0000 - 0x00007ffe7dfec000 	C:\Program Files\Android\Android Studio\jre\bin\management_ext.dll
0x00007ffe8ff80000 - 0x00007ffe8ff98000 	C:\WINDOWS\SYSTEM32\CRYPTSP.dll
0x00007ffe8f650000 - 0x00007ffe8f684000 	C:\WINDOWS\system32\rsaenh.dll
0x00007ffe90ec0000 - 0x00007ffe90ee7000 	C:\WINDOWS\System32\bcrypt.dll
0x00007ffe904c0000 - 0x00007ffe904ee000 	C:\WINDOWS\SYSTEM32\USERENV.dll
0x00007ffe8feb0000 - 0x00007ffe8febc000 	C:\WINDOWS\SYSTEM32\CRYPTBASE.dll
0x00007ffe8f9e0000 - 0x00007ffe8fa1b000 	C:\WINDOWS\SYSTEM32\IPHLPAPI.DLL
0x00007ffe91a00000 - 0x00007ffe91a08000 	C:\WINDOWS\System32\NSI.dll
0x00007ffe897b0000 - 0x00007ffe897c7000 	C:\WINDOWS\SYSTEM32\dhcpcsvc6.DLL
0x00007ffe89790000 - 0x00007ffe897ad000 	C:\WINDOWS\SYSTEM32\dhcpcsvc.DLL
0x00007ffe8fa20000 - 0x00007ffe8faec000 	C:\WINDOWS\SYSTEM32\DNSAPI.dll

dbghelp: loaded successfully - version: 4.0.5 - missing functions: none
symbol engine: initialized successfully - sym options: 0x614 - pdb path: .;C:\Program Files\Android\Android Studio\jre\bin;C:\WINDOWS\SYSTEM32;C:\WINDOWS\WinSxS\amd64_microsoft.windows.common-controls_6595b64144ccf1df_6.0.19041.1110_none_60b5254171f9507e;C:\Program Files\Android\Android Studio\jre\bin\server;C:\Users\Julien\.gradle\native\8bec1ad78214c89d9ad589b4d07fe93259594b29d510b10fafb7a158f7737e5d\windows-amd64;C:\Users\Julien\.gradle\native\53dbd7edfb1c66fb8903c78663c9afc45aea4f116125fa6feffd364cf09443e8\windows-amd64

VM Arguments:
jvm_args: --add-opens=java.base/java.util=ALL-UNNAMED --add-opens=java.base/java.lang=ALL-UNNAMED --add-opens=java.base/java.lang.invoke=ALL-UNNAMED --add-opens=java.base/java.util=ALL-UNNAMED --add-opens=java.prefs/java.util.prefs=ALL-UNNAMED --add-opens=java.prefs/java.util.prefs=ALL-UNNAMED --add-opens=java.base/java.nio.charset=ALL-UNNAMED --add-opens=java.base/java.net=ALL-UNNAMED --add-opens=java.base/java.util.concurrent.atomic=ALL-UNNAMED -Xmx2048m -Dfile.encoding=UTF-8 -Duser.country=FR -Duser.language=fr -Duser.variant 
java_command: org.gradle.launcher.daemon.bootstrap.GradleDaemon 7.0.2
java_class_path (initial): C:\Users\Julien\.gradle\wrapper\dists\gradle-7.0.2-bin\857tjihv64xamwrf0h14cai3r\gradle-7.0.2\lib\gradle-launcher-7.0.2.jar
Launcher Type: SUN_STANDARD

[Global flags]
     intx CICompilerCount                          = 3                                         {product} {ergonomic}
     uint ConcGCThreads                            = 2                                         {product} {ergonomic}
     uint G1ConcRefinementThreads                  = 6                                         {product} {ergonomic}
   size_t G1HeapRegionSize                         = 1048576                                   {product} {ergonomic}
    uintx GCDrainStackTargetSize                   = 64                                        {product} {ergonomic}
   size_t InitialHeapSize                          = 266338304                                 {product} {ergonomic}
   size_t MarkStackSize                            = 4194304                                   {product} {ergonomic}
   size_t MaxHeapSize                              = 2147483648                                {product} {command line}
   size_t MaxNewSize                               = 1287651328                                {product} {ergonomic}
   size_t MinHeapDeltaBytes                        = 1048576                                   {product} {ergonomic}
    uintx NonNMethodCodeHeapSize                   = 5830732                                {pd product} {ergonomic}
    uintx NonProfiledCodeHeapSize                  = 122913754                              {pd product} {ergonomic}
    uintx ProfiledCodeHeapSize                     = 122913754                              {pd product} {ergonomic}
    uintx ReservedCodeCacheSize                    = 251658240                              {pd product} {ergonomic}
     bool SegmentedCodeCache                       = true                                      {product} {ergonomic}
     bool UseCompressedClassPointers               = true                                 {lp64_product} {ergonomic}
     bool UseCompressedOops                        = true                                 {lp64_product} {ergonomic}
     bool UseG1GC                                  = true                                      {product} {ergonomic}
     bool UseLargePagesIndividualAllocation        = false                                  {pd product} {ergonomic}

Logging:
Log output configuration:
 #0: stdout all=warning uptime,level,tags
 #1: stderr all=off uptime,level,tags

Environment Variables:
PATH=C:\Program Files\iis express\PHP\v7.4;C:\Program Files\Common Files\Oracle\Java\javapath;C:\Program Files (x86)\NVIDIA Corporation\PhysX\Common;C:\Program Files (x86)\Common Files\Oracle\Java\javapath;C:\WINDOWS\system32;C:\WINDOWS;C:\WINDOWS\System32\Wbem;C:\WINDOWS\System32\WindowsPowerShell\v1.0\;C:\WINDOWS\System32\OpenSSH\;C:\Program Files\dotnet\;C:\Program Files\Microsoft SQL Server\130\Tools\Binn\;C:\Program Files\Microsoft SQL Server\Client SDK\ODBC\170\Tools\Binn\;C:\Program Files (x86)\GtkSharp\2.12\bin;C:\Program Files\Microsoft VS Code\bin;C:\Program Files\PuTTY\;C:\Program Files (x86)\Touch Portal\plugins\adb\platform-tools;C:\Program Files\Microsoft SQL Server\Client SDK\ODBC\110\Tools\Binn\;C:\Program Files (x86)\Windows Kits\8.1\Windows Performance Toolkit\;C:\Program Files (x86)\Microsoft SQL Server\120\Tools\Binn\;C:\Program Files\Microsoft SQL Server\120\Tools\Binn\;C:\Program Files\Microsoft SQL Server\120\DTS\Binn\;C:\ProgramData\chocolatey\bin;C:\Program Files (x86)\dotnet\;C:\Program F;F:\composer;C:\Users\Julien\AppData\Local\Microsoft\WindowsApps;C:\Users\Julien\AppData\Roaming\Dashlane\6.1907.0.17833\bin\Firefox_Extension\{442718d9-475e-452a-b3e1-fb1ee16b8e9f}\components;C:\Users\Julien\AppData\Roaming\Dashlane\6.1907.0.17833\ucrt;C:\Users\Julien\AppData\Roaming\Dashlane\6.1907.0.17833\bin\Qt;C:\Users\Julien\AppData\Roaming\Dashlane\6.1907.0.17833\bin\Ssl;C:\Users\Julien\.dotnet\tools;C:\Users\Julien\AppData\Local\GitHubDesktop\bin;C:\Users\Julien\AppData\Roaming\npm;C:\Users\Julien\AppData\Roaming\Composer\vendor\bin
USERNAME=Julien
OS=Windows_NT
PROCESSOR_IDENTIFIER=Intel64 Family 6 Model 158 Stepping 10, GenuineIntel



---------------  S Y S T E M  ---------------

OS: Windows 10 , 64 bit Build 19041 (10.0.19041.1151)
OS uptime: 0 days 2:21 hours
Hyper-V role detected

CPU:total 6 (initial active 6) (6 cores per cpu, 1 threads per core) family 6 model 158 stepping 10 microcode 0xde, cmov, cx8, fxsr, mmx, sse, sse2, sse3, ssse3, sse4.1, sse4.2, popcnt, avx, avx2, aes, clmul, erms, rtm, 3dnowpref, lzcnt, tsc, tscinvbit, bmi1, bmi2, adx, fma

Memory: 4k page, system-wide physical 16225M (5780M free)
TotalPageFile size 22369M (AvailPageFile size 7031M)
current process WorkingSet (physical memory assigned to process): 548M, peak: 565M
current process commit charge ("private bytes"): 588M, peak: 635M

vm_info: OpenJDK 64-Bit Server VM (11.0.10+0-b96-7249189) for windows-amd64 JRE (11.0.10+0-b96-7249189), built on Mar 31 2021 21:44:00 by "builder" with MS VC++ 14.0 (VS2015)

END.
