#
# A fatal error has been detected by the Java Runtime Environment:
#
#  EXCEPTION_ACCESS_VIOLATION (0xc0000005) at pc=0x00007ffa1646c4be, pid=564, tid=12192
#
# JRE version: OpenJDK Runtime Environment (11.0.10) (build 11.0.10+0-b96-7249189)
# Java VM: OpenJDK 64-Bit Server VM (11.0.10+0-b96-7249189, mixed mode, tiered, compressed oops, g1 gc, windows-amd64)
# Problematic frame:
# C  [native-platform-file-events.dll+0x1c4be]
#
# No core dump will be written. Minidumps are not enabled by default on client versions of Windows
#
# If you would like to submit a bug report, please visit:
#   https://bugreport.java.com/bugreport/crash.jsp
# The crash happened outside the Java Virtual Machine in native code.
# See problematic frame for where to report the bug.
#

---------------  S U M M A R Y ------------

Command Line: --add-opens=java.base/java.util=ALL-UNNAMED --add-opens=java.base/java.lang=ALL-UNNAMED --add-opens=java.base/java.lang.invoke=ALL-UNNAMED --add-opens=java.base/java.util=ALL-UNNAMED --add-opens=java.prefs/java.util.prefs=ALL-UNNAMED --add-opens=java.prefs/java.util.prefs=ALL-UNNAMED --add-opens=java.base/java.nio.charset=ALL-UNNAMED --add-opens=java.base/java.net=ALL-UNNAMED --add-opens=java.base/java.util.concurrent.atomic=ALL-UNNAMED -Xmx2048m -Dfile.encoding=UTF-8 -Duser.country=FR -Duser.language=fr -Duser.variant org.gradle.launcher.daemon.bootstrap.GradleDaemon 7.0.2

Host: Intel(R) Core(TM) i5-8600K CPU @ 3.60GHz, 6 cores, 15G,  Windows 10 , 64 bit Build 19041 (10.0.19041.1202)
Time: Sun Sep 19 00:00:58 2021 Paris, Madrid (heure d’été) elapsed time: 19343.035857 seconds (0d 5h 22m 23s)

---------------  T H R E A D  ---------------

Current thread (0x000001aedc333000):  JavaThread "File watcher server" daemon [_thread_in_native, id=12192, stack(0x000000422e700000,0x000000422e800000)]

Stack: [0x000000422e700000,0x000000422e800000],  sp=0x000000422e7febd0,  free space=1018k
Native frames: (J=compiled Java code, j=interpreted, Vv=VM code, C=native code)
C  [native-platform-file-events.dll+0x1c4be]

Java frames: (J=compiled Java code, j=interpreted, Vv=VM code)
j  net.rubygrapefruit.platform.internal.jni.AbstractFileEventFunctions$NativeFileWatcher.executeRunLoop0(Ljava/lang/Object;)V+0
j  net.rubygrapefruit.platform.internal.jni.AbstractFileEventFunctions$NativeFileWatcher.access$100(Lnet/rubygrapefruit/platform/internal/jni/AbstractFileEventFunctions$NativeFileWatcher;Ljava/lang/Object;)V+2
j  net.rubygrapefruit.platform.internal.jni.AbstractFileEventFunctions$NativeFileWatcher$1.run()V+26
v  ~StubRoutines::call_stub

siginfo: EXCEPTION_ACCESS_VIOLATION (0xc0000005), reading address 0xffffffffffffffff


Register to memory mapping:

RIP=0x00007ffa1646c4be native-platform-file-events.dll
RAX=0x0065006c00690066 is an unknown value
RBX=0x0000000000000001 is an unknown value
RCX=0x0065006c00690066 is an unknown value
RDX=0x000000422e7fec28 is pointing into the stack for thread: 0x000001aedc333000
RSP=0x000000422e7febd0 is pointing into the stack for thread: 0x000001aedc333000
RBP=0x000000422e7ff5c8 is pointing into the stack for thread: 0x000001aedc333000
RSI=0x0 is NULL
RDI=
[error occurred during error reporting (printing register info), id 0xc0000005, EXCEPTION_ACCESS_VIOLATION (0xc0000005) at pc=0x00007ff9f9e49dc7]

Registers:
RAX=0x0065006c00690066, RBX=0x0000000000000001, RCX=0x0065006c00690066, RDX=0x000000422e7fec28
RSP=0x000000422e7febd0, RBP=0x000000422e7ff5c8, RSI=0x0000000000000000, RDI=0x00000000ffffffff
R8 =0x000000422e7fec30, R9 =0x000000007ffeb000, R10=0x0000000000000001, R11=0xfffffffffa09f475
R12=0x0000000000000000, R13=0x000001aedd95fcd8, R14=0x000000422e7ff5f0, R15=0x000001aedc333000
RIP=0x00007ffa1646c4be, EFLAGS=0x0000000000010206

Top of Stack: (sp=0x000000422e7febd0)
0x000000422e7febd0:   00002b5b931f146c 00002b5b5d96cd80
0x000000422e7febe0:   00002b5b931f146c 00007ffa16487be5
0x000000422e7febf0:   000000422e7feca8 000000422e7fec28
0x000000422e7fec00:   0000004200000000 000000422e7fec38
0x000000422e7fec10:   000000422e7f0001 0000006efee94553
0x000000422e7fec20:   000000422e7fec30 0000000000000382
0x000000422e7fec30:   00002b5b5d96cd80 00002b5b931f146c
0x000000422e7fec40:   000000422e7ff5f0 00007ffa16487777
0x000000422e7fec50:   000000422e7feca8 000000422e7feca0
0x000000422e7fec60:   000001aed8c8e2a0 000001aebbbe0000
0x000000422e7fec70:   0000000000000000 00007ffa16478bee
0x000000422e7fec80:   00002b5b931f146c 0000000000000382
0x000000422e7fec90:   000000422d2fc490 00007ffac5c5f05b
0x000000422e7feca0:   00007328bc01ab36 0000000000000382
0x000000422e7fecb0:   000000000070006f 00007ffa1646c6ec
0x000000422e7fecc0:   0065006c00690066 0000004200000003 

Instructions: (pc=0x00007ffa1646c4be)
0x00007ffa1646c3be:   8b 00 48 89 44 24 38 48 8b 44 24 38 48 89 44 24
0x00007ffa1646c3ce:   58 48 8b 84 24 b0 00 00 00 48 83 c0 08 48 89 44
0x00007ffa1646c3de:   24 40 48 8d 54 24 70 48 8b 4c 24 40 e8 26 50 fe
0x00007ffa1646c3ee:   ff 48 8b 00 48 89 44 24 48 48 8b 44 24 48 48 89
0x00007ffa1646c3fe:   44 24 60 4c 8b 4c 24 50 4c 8b 44 24 58 48 8b 54
0x00007ffa1646c40e:   24 60 48 8d 4c 24 78 e8 31 92 fe ff 48 8d 4c 24
0x00007ffa1646c41e:   78 e8 8b 6a fe ff 48 8b c8 ff 15 db ab 11 00 89
0x00007ffa1646c42e:   44 24 24 83 7c 24 24 ff 74 15 8b 44 24 24 83 e0
0x00007ffa1646c43e:   10 85 c0 74 0a c7 44 24 28 01 00 00 00 eb 08 c7
0x00007ffa1646c44e:   44 24 28 00 00 00 00 0f b6 44 24 28 88 44 24 20
0x00007ffa1646c45e:   48 8d 4c 24 78 e8 1f 97 fe ff 0f b6 44 24 20 48
0x00007ffa1646c46e:   8b 8c 24 98 00 00 00 48 33 cc e8 8f 76 fe ff 48
0x00007ffa1646c47e:   81 c4 a8 00 00 00 c3 cc cc cc cc cc cc cc cc cc
0x00007ffa1646c48e:   cc cc 48 89 4c 24 08 48 81 ec e8 00 00 00 48 8b
0x00007ffa1646c49e:   05 a5 7d 10 00 48 33 c4 48 89 84 24 d0 00 00 00
0x00007ffa1646c4ae:   c7 44 24 30 00 00 00 00 48 8b 84 24 f0 00 00 00
0x00007ffa1646c4be:   83 78 68 03 0f 84 02 01 00 00 48 8b 84 24 f0 00
0x00007ffa1646c4ce:   00 00 48 8b 48 28 ff 15 36 ab 11 00 89 44 24 38
0x00007ffa1646c4de:   83 7c 24 38 00 0f 85 d0 00 00 00 ba 07 00 00 00
0x00007ffa1646c4ee:   48 8b 0d 1b b0 10 00 e8 48 a4 fe ff 88 44 24 34
0x00007ffa1646c4fe:   0f b6 44 24 34 85 c0 0f 84 90 00 00 00 ff 15 07
0x00007ffa1646c50e:   ab 11 00 89 44 24 3c 48 8b 84 24 f0 00 00 00 48
0x00007ffa1646c51e:   83 c0 08 48 8b d0 48 8d 8c 24 90 00 00 00 e8 05
0x00007ffa1646c52e:   51 fe ff 48 89 44 24 40 48 8b 44 24 40 48 89 44
0x00007ffa1646c53e:   24 48 8b 44 24 30 83 c8 01 89 44 24 30 48 8b 4c
0x00007ffa1646c54e:   24 48 e8 d5 52 fe ff 48 89 44 24 50 48 8b 84 24
0x00007ffa1646c55e:   f0 00 00 00 48 8b 40 28 48 89 44 24 58 8b 44 24
0x00007ffa1646c56e:   3c 89 44 24 28 48 8b 44 24 50 48 89 44 24 20 4c
0x00007ffa1646c57e:   8b 4c 24 58 4c 8d 05 77 af 0d 00 ba 07 00 00 00
0x00007ffa1646c58e:   48 8b 0d 7b af 10 00 e8 f8 71 fe ff 90 8b 44 24
0x00007ffa1646c59e:   30 83 e0 01 85 c0 74 13 83 64 24 30 fe 48 8d 8c
0x00007ffa1646c5ae:   24 90 00 00 00 e8 e7 5a fe ff 90 eb 00 48 8b 84 


Stack slot to memory mapping:
stack at sp + 0 slots: 0x00002b5b931f146c is an unknown value
stack at sp + 1 slots: 0x00002b5b5d96cd80 is an unknown value
stack at sp + 2 slots: 0x00002b5b931f146c is an unknown value
stack at sp + 3 slots: 0x00007ffa16487be5 native-platform-file-events.dll
stack at sp + 4 slots: 0x000000422e7feca8 is pointing into the stack for thread: 0x000001aedc333000
stack at sp + 5 slots: 0x000000422e7fec28 is pointing into the stack for thread: 0x000001aedc333000
stack at sp + 6 slots: 0x0000004200000000 is an unknown value
stack at sp + 7 slots: 0x000000422e7fec38 is pointing into the stack for thread: 0x000001aedc333000


---------------  P R O C E S S  ---------------

Threads class SMR info:
_java_thread_list=0x000001aedb23e280, length=55, elements={
0x000001aebde0d800, 0x000001aed86aa000, 0x000001aed86b3800, 0x000001aed8707800,
0x000001aed8709000, 0x000001aed870b000, 0x000001aed870f000, 0x000001aed8713800,
0x000001aed8717800, 0x000001aed8883800, 0x000001aedaad3800, 0x000001aedafb9800,
0x000001aedb5a4000, 0x000001aeda1a1000, 0x000001aeda19f800, 0x000001aeda1a0800,
0x000001aedc333000, 0x000001aedc330800, 0x000001aedc32e000, 0x000001aedc334800,
0x000001aedc335800, 0x000001aedc33c000, 0x000001aedc338000, 0x000001aedc338800,
0x000001aedc336000, 0x000001aedc339800, 0x000001aedc5e7000, 0x000001aedde96000,
0x000001aee80b5000, 0x000001aee80ae000, 0x000001aee80a8000, 0x000001aee80a9000,
0x000001aee80af800, 0x000001aee80ac000, 0x000001aee80ad000, 0x000001aee80ae800,
0x000001aee80ab800, 0x000001aee80b6000, 0x000001aee80b1000, 0x000001aee80b2000,
0x000001aee80b2800, 0x000001aee80b3800, 0x000001aedc332000, 0x000001aedc333800,
0x000001aedb50e000, 0x000001aedb511000, 0x000001aedb50f800, 0x000001aedb510000,
0x000001aedb512000, 0x000001aedc5e4800, 0x000001aedc5e8000, 0x000001aedc5e9000,
0x000001aedc5e5800, 0x000001aedc5e3000, 0x000001aedc5e4000
}

Java Threads: ( => current thread )
  0x000001aebde0d800 JavaThread "main" [_thread_blocked, id=4556, stack(0x000000422c100000,0x000000422c200000)]
  0x000001aed86aa000 JavaThread "Reference Handler" daemon [_thread_blocked, id=15284, stack(0x000000422c800000,0x000000422c900000)]
  0x000001aed86b3800 JavaThread "Finalizer" daemon [_thread_blocked, id=6416, stack(0x000000422c900000,0x000000422ca00000)]
  0x000001aed8707800 JavaThread "Signal Dispatcher" daemon [_thread_blocked, id=13672, stack(0x000000422ca00000,0x000000422cb00000)]
  0x000001aed8709000 JavaThread "Attach Listener" daemon [_thread_blocked, id=1484, stack(0x000000422cb00000,0x000000422cc00000)]
  0x000001aed870b000 JavaThread "Service Thread" daemon [_thread_blocked, id=4700, stack(0x000000422cc00000,0x000000422cd00000)]
  0x000001aed870f000 JavaThread "C2 CompilerThread0" daemon [_thread_blocked, id=8740, stack(0x000000422cd00000,0x000000422ce00000)]
  0x000001aed8713800 JavaThread "C1 CompilerThread0" daemon [_thread_blocked, id=3500, stack(0x000000422ce00000,0x000000422cf00000)]
  0x000001aed8717800 JavaThread "Sweeper thread" daemon [_thread_blocked, id=2460, stack(0x000000422cf00000,0x000000422d000000)]
  0x000001aed8883800 JavaThread "Common-Cleaner" daemon [_thread_blocked, id=10252, stack(0x000000422d000000,0x000000422d100000)]
  0x000001aedaad3800 JavaThread "Daemon health stats" [_thread_blocked, id=13680, stack(0x000000422d800000,0x000000422d900000)]
  0x000001aedafb9800 JavaThread "Incoming local TCP Connector on port 60746" [_thread_in_native, id=6232, stack(0x000000422d900000,0x000000422da00000)]
  0x000001aedb5a4000 JavaThread "Daemon periodic checks" [_thread_blocked, id=8660, stack(0x000000422da00000,0x000000422db00000)]
  0x000001aeda1a1000 JavaThread "Cache worker for file hash cache (C:\Users\Julien\.gradle\caches\7.0.2\fileHashes)" [_thread_blocked, id=10372, stack(0x000000422e200000,0x000000422e300000)]
  0x000001aeda19f800 JavaThread "File lock request listener" [_thread_in_native, id=948, stack(0x000000422e300000,0x000000422e400000)]
  0x000001aeda1a0800 JavaThread "Cache worker for journal cache (C:\Users\Julien\.gradle\caches\journal-1)" [_thread_blocked, id=2400, stack(0x000000422e500000,0x000000422e600000)]
=>0x000001aedc333000 JavaThread "File watcher server" daemon [_thread_in_native, id=12192, stack(0x000000422e700000,0x000000422e800000)]
  0x000001aedc330800 JavaThread "File watcher consumer" daemon [_thread_blocked, id=11668, stack(0x000000422e800000,0x000000422e900000)]
  0x000001aedc32e000 JavaThread "Cache worker for execution history cache (C:\Users\Julien\.gradle\caches\7.0.2\executionHistory)" [_thread_blocked, id=2824, stack(0x000000422ec00000,0x000000422ed00000)]
  0x000001aedc334800 JavaThread "jar transforms" [_thread_blocked, id=12336, stack(0x000000422ed00000,0x000000422ee00000)]
  0x000001aedc335800 JavaThread "jar transforms Thread 2" [_thread_blocked, id=4200, stack(0x000000422ee00000,0x000000422ef00000)]
  0x000001aedc33c000 JavaThread "Cache worker for file content cache (C:\Users\Julien\.gradle\caches\7.0.2\fileContent)" [_thread_blocked, id=5228, stack(0x000000422ef00000,0x000000422f000000)]
  0x000001aedc338000 JavaThread "jar transforms Thread 3" [_thread_blocked, id=6472, stack(0x000000422f000000,0x000000422f100000)]
  0x000001aedc338800 JavaThread "jar transforms Thread 4" [_thread_blocked, id=5884, stack(0x000000422f100000,0x000000422f200000)]
  0x000001aedc336000 JavaThread "jar transforms Thread 5" [_thread_blocked, id=11060, stack(0x000000422f200000,0x000000422f300000)]
  0x000001aedc339800 JavaThread "jar transforms Thread 6" [_thread_blocked, id=736, stack(0x000000422f300000,0x000000422f400000)]
  0x000001aedc5e7000 JavaThread "Memory manager" [_thread_blocked, id=4964, stack(0x000000422fc00000,0x000000422fd00000)]
  0x000001aedde96000 JavaThread "Cache worker for Java compile cache (C:\Users\Julien\.gradle\caches\7.0.2\javaCompile)" [_thread_blocked, id=9784, stack(0x0000004230000000,0x0000004230100000)]
  0x000001aee80b5000 JavaThread "ForkJoinPool.commonPool-worker-15" daemon [_thread_blocked, id=16164, stack(0x0000004231100000,0x0000004231200000)]
  0x000001aee80ae000 JavaThread "Daemon Thread 28" [_thread_blocked, id=1108, stack(0x000000422be00000,0x000000422bf00000)]
  0x000001aee80a8000 JavaThread "Handler for socket connection from /127.0.0.1:60746 to /127.0.0.1:60378" [_thread_in_native, id=4312, stack(0x000000422bf00000,0x000000422c000000)]
  0x000001aee80a9000 JavaThread "Cancel handler" [_thread_blocked, id=15480, stack(0x000000422c000000,0x000000422c100000)]
  0x000001aee80af800 JavaThread "Daemon worker Thread 28" [_thread_in_native, id=880, stack(0x000000422d200000,0x000000422d300000)]
  0x000001aee80ac000 JavaThread "Asynchronous log dispatcher for DefaultDaemonConnection: socket connection from /127.0.0.1:60746 to /127.0.0.1:60378" [_thread_blocked, id=4072, stack(0x000000422db00000,0x000000422dc00000)]
  0x000001aee80ad000 JavaThread "Stdin handler" [_thread_blocked, id=5732, stack(0x000000422dc00000,0x000000422dd00000)]
  0x000001aee80ae800 JavaThread "Daemon client event forwarder" [_thread_blocked, id=1716, stack(0x000000422dd00000,0x000000422de00000)]
  0x000001aee80ab800 JavaThread "Cache worker for checksums cache (X:\Programmation\WorkSpaces\AndroidStudio\DSP\.gradle\checksums)" [_thread_blocked, id=16172, stack(0x000000422df00000,0x000000422e000000)]
  0x000001aee80b6000 JavaThread "Cache worker for dependencies-accessors (X:\Programmation\WorkSpaces\AndroidStudio\DSP\.gradle\7.0.2\dependencies-accessors)" [_thread_blocked, id=12696, stack(0x000000422e600000,0x000000422e700000)]
  0x000001aee80b1000 JavaThread "Build operations" [_thread_blocked, id=1980, stack(0x000000422eb00000,0x000000422ec00000)]
  0x000001aee80b2000 JavaThread "Build operations Thread 2" [_thread_blocked, id=6256, stack(0x000000422f400000,0x000000422f500000)]
  0x000001aee80b2800 JavaThread "Build operations Thread 3" [_thread_blocked, id=10704, stack(0x000000422f500000,0x000000422f600000)]
  0x000001aee80b3800 JavaThread "Build operations Thread 4" [_thread_blocked, id=12380, stack(0x000000422f600000,0x000000422f700000)]
  0x000001aedc332000 JavaThread "Build operations Thread 5" [_thread_blocked, id=9072, stack(0x000000422f700000,0x000000422f800000)]
  0x000001aedc333800 JavaThread "Build operations Thread 6" [_thread_blocked, id=15652, stack(0x000000422f800000,0x000000422f900000)]
  0x000001aedb50e000 JavaThread "WorkerExecutor Queue" [_thread_blocked, id=7736, stack(0x0000004230500000,0x0000004230600000)]
  0x000001aedb511000 JavaThread "WorkerExecutor Queue Thread 2" [_thread_blocked, id=16028, stack(0x0000004230600000,0x0000004230700000)]
  0x000001aedb50f800 JavaThread "WorkerExecutor Queue Thread 3" [_thread_blocked, id=8016, stack(0x0000004230700000,0x0000004230800000)]
  0x000001aedb510000 JavaThread "WorkerExecutor Queue Thread 4" [_thread_blocked, id=9584, stack(0x0000004230800000,0x0000004230900000)]
  0x000001aedb512000 JavaThread "WorkerExecutor Queue Thread 5" [_thread_blocked, id=9920, stack(0x0000004230900000,0x0000004230a00000)]
  0x000001aedc5e4800 JavaThread "WorkerExecutor Queue Thread 6" [_thread_blocked, id=4752, stack(0x0000004230a00000,0x0000004230b00000)]
  0x000001aedc5e8000 JavaThread "WorkerExecutor Queue Thread 7" [_thread_blocked, id=9600, stack(0x0000004230b00000,0x0000004230c00000)]
  0x000001aedc5e9000 JavaThread "ForkJoinPool.commonPool-worker-3" daemon [_thread_blocked, id=3388, stack(0x0000004230d00000,0x0000004230e00000)]
  0x000001aedc5e5800 JavaThread "ForkJoinPool.commonPool-worker-7" daemon [_thread_blocked, id=16020, stack(0x0000004230e00000,0x0000004230f00000)]
  0x000001aedc5e3000 JavaThread "ForkJoinPool.commonPool-worker-5" daemon [_thread_blocked, id=3120, stack(0x0000004230f00000,0x0000004231000000)]
  0x000001aedc5e4000 JavaThread "ForkJoinPool.commonPool-worker-9" daemon [_thread_blocked, id=10504, stack(0x0000004231000000,0x0000004231100000)]

Other Threads:
  0x000001aed86a6000 VMThread "VM Thread" [stack: 0x000000422c700000,0x000000422c800000] [id=14988]
  0x000001aed88c3000 WatcherThread [stack: 0x000000422d100000,0x000000422d200000] [id=5004]
  0x000001aebde25000 GCTaskThread "GC Thread#0" [stack: 0x000000422c200000,0x000000422c300000] [id=11648]
  0x000001aed9630000 GCTaskThread "GC Thread#1" [stack: 0x000000422d300000,0x000000422d400000] [id=5160]
  0x000001aed8c17000 GCTaskThread "GC Thread#2" [stack: 0x000000422d400000,0x000000422d500000] [id=4780]
  0x000001aed980b000 GCTaskThread "GC Thread#3" [stack: 0x000000422d500000,0x000000422d600000] [id=3764]
  0x000001aed95a4000 GCTaskThread "GC Thread#4" [stack: 0x000000422d600000,0x000000422d700000] [id=4476]
  0x000001aed941f800 GCTaskThread "GC Thread#5" [stack: 0x000000422d700000,0x000000422d800000] [id=11020]
  0x000001aebde5b000 ConcurrentGCThread "G1 Main Marker" [stack: 0x000000422c300000,0x000000422c400000] [id=8564]
  0x000001aebde5d800 ConcurrentGCThread "G1 Conc#0" [stack: 0x000000422c400000,0x000000422c500000] [id=3856]
  0x000001aed9420800 ConcurrentGCThread "G1 Conc#1" [stack: 0x000000422e400000,0x000000422e500000] [id=9528]
  0x000001aed7cf0800 ConcurrentGCThread "G1 Refine#0" [stack: 0x000000422c500000,0x000000422c600000] [id=12820]
  0x000001aedab98800 ConcurrentGCThread "G1 Refine#1" [stack: 0x0000004230100000,0x0000004230200000] [id=236]
  0x000001aee0593800 ConcurrentGCThread "G1 Refine#2" [stack: 0x0000004230200000,0x0000004230300000] [id=7980]
  0x000001aee0c98800 ConcurrentGCThread "G1 Refine#3" [stack: 0x0000004230300000,0x0000004230400000] [id=1684]
  0x000001aedd9e5000 ConcurrentGCThread "G1 Refine#4" [stack: 0x0000004230400000,0x0000004230500000] [id=8028]
  0x000001aed7cf1800 ConcurrentGCThread "G1 Young RemSet Sampling" [stack: 0x000000422c600000,0x000000422c700000] [id=5048]

Threads with active compile tasks:

VM state:not at safepoint (normal execution)

VM Mutex/Monitor currently owned by a thread: None

Heap address: 0x0000000080000000, size: 2048 MB, Compressed Oops mode: 32-bit
Narrow klass base: 0x0000000000000000, Narrow klass shift: 3
Compressed class space size: 1073741824 Address: 0x0000000100000000

Heap:
 garbage-first heap   total 312320K, used 129059K [0x0000000080000000, 0x0000000100000000)
  region size 1024K, 9 young (9216K), 5 survivors (5120K)
 Metaspace       used 137111K, capacity 141898K, committed 145472K, reserved 1175552K
  class space    used 16432K, capacity 18107K, committed 18688K, reserved 1048576K
Heap Regions: E=young(eden), S=young(survivor), O=old, HS=humongous(starts), HC=humongous(continues), CS=collection set, F=free, A=archive, TAMS=top-at-mark-start (previous, next)
|   0|0x0000000080000000, 0x0000000080100000, 0x0000000080100000|100%| O|  |TAMS 0x0000000080100000, 0x0000000080000000| Untracked 
|   1|0x0000000080100000, 0x0000000080200000, 0x0000000080200000|100%| O|  |TAMS 0x0000000080200000, 0x0000000080100000| Untracked 
|   2|0x0000000080200000, 0x00000000802ffff8, 0x0000000080300000| 99%| O|  |TAMS 0x00000000802ffff8, 0x0000000080200000| Untracked 
|   3|0x0000000080300000, 0x0000000080400000, 0x0000000080400000|100%|HS|  |TAMS 0x0000000080400000, 0x0000000080300000| Complete 
|   4|0x0000000080400000, 0x0000000080500000, 0x0000000080500000|100%|HC|  |TAMS 0x0000000080500000, 0x0000000080400000| Complete 
|   5|0x0000000080500000, 0x0000000080600000, 0x0000000080600000|100%|HC|  |TAMS 0x0000000080600000, 0x0000000080500000| Complete 
|   6|0x0000000080600000, 0x0000000080700000, 0x0000000080700000|100%| O|  |TAMS 0x0000000080700000, 0x0000000080600000| Untracked 
|   7|0x0000000080700000, 0x0000000080800000, 0x0000000080800000|100%| O|  |TAMS 0x0000000080800000, 0x0000000080700000| Untracked 
|   8|0x0000000080800000, 0x0000000080900000, 0x0000000080900000|100%| O|  |TAMS 0x0000000080900000, 0x0000000080800000| Untracked 
|   9|0x0000000080900000, 0x0000000080a00000, 0x0000000080a00000|100%| O|  |TAMS 0x0000000080a00000, 0x0000000080900000| Untracked 
|  10|0x0000000080a00000, 0x0000000080b00000, 0x0000000080b00000|100%| O|  |TAMS 0x0000000080b00000, 0x0000000080a00000| Untracked 
|  11|0x0000000080b00000, 0x0000000080c00000, 0x0000000080c00000|100%| O|  |TAMS 0x0000000080c00000, 0x0000000080b00000| Untracked 
|  12|0x0000000080c00000, 0x0000000080d00000, 0x0000000080d00000|100%| O|  |TAMS 0x0000000080d00000, 0x0000000080c00000| Untracked 
|  13|0x0000000080d00000, 0x0000000080e00000, 0x0000000080e00000|100%| O|  |TAMS 0x0000000080e00000, 0x0000000080d00000| Untracked 
|  14|0x0000000080e00000, 0x0000000080f00000, 0x0000000080f00000|100%| O|  |TAMS 0x0000000080f00000, 0x0000000080e00000| Complete 
|  15|0x0000000080f00000, 0x0000000081000000, 0x0000000081000000|100%| O|  |TAMS 0x0000000081000000, 0x0000000080f00000| Complete 
|  16|0x0000000081000000, 0x0000000081100000, 0x0000000081100000|100%|HS|  |TAMS 0x0000000081100000, 0x0000000081000000| Complete 
|  17|0x0000000081100000, 0x0000000081200000, 0x0000000081200000|100%|HS|  |TAMS 0x0000000081200000, 0x0000000081100000| Complete 
|  18|0x0000000081200000, 0x0000000081300000, 0x0000000081300000|100%|HS|  |TAMS 0x0000000081300000, 0x0000000081200000| Complete 
|  19|0x0000000081300000, 0x0000000081400000, 0x0000000081400000|100%|HC|  |TAMS 0x0000000081400000, 0x0000000081300000| Complete 
|  20|0x0000000081400000, 0x0000000081400000, 0x0000000081500000|  0%| F|  |TAMS 0x0000000081400000, 0x0000000081400000| Untracked 
|  21|0x0000000081500000, 0x0000000081600000, 0x0000000081600000|100%| O|  |TAMS 0x0000000081600000, 0x0000000081500000| Complete 
|  22|0x0000000081600000, 0x0000000081700000, 0x0000000081700000|100%| O|  |TAMS 0x0000000081700000, 0x0000000081600000| Complete 
|  23|0x0000000081700000, 0x0000000081800000, 0x0000000081800000|100%| O|  |TAMS 0x0000000081800000, 0x0000000081700000| Complete 
|  24|0x0000000081800000, 0x0000000081900000, 0x0000000081900000|100%| O|  |TAMS 0x0000000081900000, 0x0000000081800000| Complete 
|  25|0x0000000081900000, 0x0000000081a00000, 0x0000000081a00000|100%| O|  |TAMS 0x0000000081a00000, 0x0000000081900000| Complete 
|  26|0x0000000081a00000, 0x0000000081b00000, 0x0000000081b00000|100%| O|  |TAMS 0x0000000081b00000, 0x0000000081a00000| Untracked 
|  27|0x0000000081b00000, 0x0000000081c00000, 0x0000000081c00000|100%| O|  |TAMS 0x0000000081c00000, 0x0000000081b00000| Untracked 
|  28|0x0000000081c00000, 0x0000000081d00000, 0x0000000081d00000|100%| O|  |TAMS 0x0000000081d00000, 0x0000000081c00000| Untracked 
|  29|0x0000000081d00000, 0x0000000081e00000, 0x0000000081e00000|100%| O|  |TAMS 0x0000000081e00000, 0x0000000081d00000| Complete 
|  30|0x0000000081e00000, 0x0000000081f00000, 0x0000000081f00000|100%| O|  |TAMS 0x0000000081f00000, 0x0000000081e00000| Complete 
|  31|0x0000000081f00000, 0x0000000082000000, 0x0000000082000000|100%| O|  |TAMS 0x0000000082000000, 0x0000000081f00000| Complete 
|  32|0x0000000082000000, 0x0000000082100000, 0x0000000082100000|100%| O|  |TAMS 0x0000000082100000, 0x0000000082000000| Untracked 
|  33|0x0000000082100000, 0x0000000082100000, 0x0000000082200000|  0%| F|  |TAMS 0x0000000082100000, 0x0000000082100000| Untracked 
|  34|0x0000000082200000, 0x0000000082300000, 0x0000000082300000|100%| O|  |TAMS 0x0000000082300000, 0x0000000082200000| Complete 
|  35|0x0000000082300000, 0x0000000082400000, 0x0000000082400000|100%| O|  |TAMS 0x0000000082400000, 0x0000000082300000| Complete 
|  36|0x0000000082400000, 0x0000000082500000, 0x0000000082500000|100%| O|  |TAMS 0x0000000082500000, 0x0000000082400000| Complete 
|  37|0x0000000082500000, 0x0000000082600000, 0x0000000082600000|100%| O|  |TAMS 0x0000000082600000, 0x0000000082500000| Complete 
|  38|0x0000000082600000, 0x0000000082700000, 0x0000000082700000|100%| O|  |TAMS 0x0000000082700000, 0x0000000082600000| Complete 
|  39|0x0000000082700000, 0x0000000082800000, 0x0000000082800000|100%| O|  |TAMS 0x0000000082800000, 0x0000000082700000| Complete 
|  40|0x0000000082800000, 0x0000000082900000, 0x0000000082900000|100%| O|  |TAMS 0x0000000082900000, 0x0000000082800000| Complete 
|  41|0x0000000082900000, 0x0000000082900000, 0x0000000082a00000|  0%| F|  |TAMS 0x0000000082900000, 0x0000000082900000| Untracked 
|  42|0x0000000082a00000, 0x0000000082b00000, 0x0000000082b00000|100%|HS|  |TAMS 0x0000000082b00000, 0x0000000082a00000| Complete 
|  43|0x0000000082b00000, 0x0000000082c00000, 0x0000000082c00000|100%|HC|  |TAMS 0x0000000082c00000, 0x0000000082b00000| Complete 
|  44|0x0000000082c00000, 0x0000000082d00000, 0x0000000082d00000|100%| O|  |TAMS 0x0000000082d00000, 0x0000000082c00000| Complete 
|  45|0x0000000082d00000, 0x0000000082d00000, 0x0000000082e00000|  0%| F|  |TAMS 0x0000000082d00000, 0x0000000082d00000| Untracked 
|  46|0x0000000082e00000, 0x0000000082f00000, 0x0000000082f00000|100%| O|  |TAMS 0x0000000082f00000, 0x0000000082e00000| Complete 
|  47|0x0000000082f00000, 0x0000000083000000, 0x0000000083000000|100%| O|  |TAMS 0x0000000083000000, 0x0000000082f00000| Complete 
|  48|0x0000000083000000, 0x0000000083100000, 0x0000000083100000|100%| O|  |TAMS 0x0000000083100000, 0x0000000083000000| Complete 
|  49|0x0000000083100000, 0x0000000083200000, 0x0000000083200000|100%| O|  |TAMS 0x0000000083200000, 0x0000000083100000| Untracked 
|  50|0x0000000083200000, 0x0000000083300000, 0x0000000083300000|100%|HS|  |TAMS 0x0000000083200000, 0x0000000083200000| Complete 
|  51|0x0000000083300000, 0x0000000083400000, 0x0000000083400000|100%|HC|  |TAMS 0x0000000083300000, 0x0000000083300000| Complete 
|  52|0x0000000083400000, 0x0000000083500000, 0x0000000083500000|100%| O|  |TAMS 0x0000000083500000, 0x0000000083400000| Untracked 
|  53|0x0000000083500000, 0x0000000083600000, 0x0000000083600000|100%| O|  |TAMS 0x0000000083600000, 0x0000000083500000| Complete 
|  54|0x0000000083600000, 0x0000000083600000, 0x0000000083700000|  0%| F|  |TAMS 0x0000000083600000, 0x0000000083600000| Untracked 
|  55|0x0000000083700000, 0x0000000083800000, 0x0000000083800000|100%| O|  |TAMS 0x0000000083800000, 0x0000000083700000| Untracked 
|  56|0x0000000083800000, 0x0000000083900000, 0x0000000083900000|100%|HS|  |TAMS 0x0000000083800000, 0x0000000083800000| Complete 
|  57|0x0000000083900000, 0x0000000083a00000, 0x0000000083a00000|100%|HC|  |TAMS 0x0000000083900000, 0x0000000083900000| Complete 
|  58|0x0000000083a00000, 0x0000000083b00000, 0x0000000083b00000|100%| O|  |TAMS 0x0000000083b00000, 0x0000000083a00000| Complete 
|  59|0x0000000083b00000, 0x0000000083c00000, 0x0000000083c00000|100%|HS|  |TAMS 0x0000000083b00000, 0x0000000083b00000| Complete 
|  60|0x0000000083c00000, 0x0000000083d00000, 0x0000000083d00000|100%|HC|  |TAMS 0x0000000083c00000, 0x0000000083c00000| Complete 
|  61|0x0000000083d00000, 0x0000000083e00000, 0x0000000083e00000|100%| O|  |TAMS 0x0000000083e00000, 0x0000000083d00000| Complete 
|  62|0x0000000083e00000, 0x0000000083f00000, 0x0000000083f00000|100%| O|  |TAMS 0x0000000083f00000, 0x0000000083e00000| Complete 
|  63|0x0000000083f00000, 0x0000000084000000, 0x0000000084000000|100%| O|  |TAMS 0x0000000084000000, 0x0000000083f00000| Complete 
|  64|0x0000000084000000, 0x0000000084000000, 0x0000000084100000|  0%| F|  |TAMS 0x0000000084000000, 0x0000000084000000| Untracked 
|  65|0x0000000084100000, 0x0000000084200000, 0x0000000084200000|100%| O|  |TAMS 0x0000000084200000, 0x0000000084100000| Complete 
|  66|0x0000000084200000, 0x0000000084300000, 0x0000000084300000|100%| O|  |TAMS 0x0000000084300000, 0x0000000084200000| Untracked 
|  67|0x0000000084300000, 0x0000000084400000, 0x0000000084400000|100%| O|  |TAMS 0x0000000084400000, 0x0000000084300000| Untracked 
|  68|0x0000000084400000, 0x0000000084500000, 0x0000000084500000|100%| O|  |TAMS 0x0000000084500000, 0x0000000084400000| Untracked 
|  69|0x0000000084500000, 0x0000000084500000, 0x0000000084600000|  0%| F|  |TAMS 0x0000000084500000, 0x0000000084500000| Untracked 
|  70|0x0000000084600000, 0x0000000084700000, 0x0000000084700000|100%| O|  |TAMS 0x0000000084700000, 0x0000000084600000| Complete 
|  71|0x0000000084700000, 0x0000000084800000, 0x0000000084800000|100%| O|  |TAMS 0x0000000084800000, 0x0000000084700000| Untracked 
|  72|0x0000000084800000, 0x0000000084900000, 0x0000000084900000|100%| O|  |TAMS 0x0000000084900000, 0x0000000084800000| Complete 
|  73|0x0000000084900000, 0x0000000084a00000, 0x0000000084a00000|100%| O|  |TAMS 0x0000000084a00000, 0x0000000084900000| Untracked 
|  74|0x0000000084a00000, 0x0000000084b00000, 0x0000000084b00000|100%| O|  |TAMS 0x0000000084b00000, 0x0000000084a00000| Complete 
|  75|0x0000000084b00000, 0x0000000084c00000, 0x0000000084c00000|100%| O|  |TAMS 0x0000000084c00000, 0x0000000084b00000| Complete 
|  76|0x0000000084c00000, 0x0000000084c00000, 0x0000000084d00000|  0%| F|  |TAMS 0x0000000084c00000, 0x0000000084c00000| Untracked 
|  77|0x0000000084d00000, 0x0000000084e00000, 0x0000000084e00000|100%| O|  |TAMS 0x0000000084e00000, 0x0000000084d00000| Complete 
|  78|0x0000000084e00000, 0x0000000084f00000, 0x0000000084f00000|100%| O|  |TAMS 0x0000000084f00000, 0x0000000084e00000| Complete 
|  79|0x0000000084f00000, 0x0000000085000000, 0x0000000085000000|100%|HS|  |TAMS 0x0000000084f00000, 0x0000000084f00000| Complete 
|  80|0x0000000085000000, 0x0000000085100000, 0x0000000085100000|100%|HC|  |TAMS 0x0000000085000000, 0x0000000085000000| Complete 
|  81|0x0000000085100000, 0x0000000085200000, 0x0000000085200000|100%| O|  |TAMS 0x0000000085200000, 0x0000000085100000| Complete 
|  82|0x0000000085200000, 0x0000000085300000, 0x0000000085300000|100%| O|  |TAMS 0x0000000085300000, 0x0000000085200000| Complete 
|  83|0x0000000085300000, 0x0000000085400000, 0x0000000085400000|100%| O|  |TAMS 0x0000000085400000, 0x0000000085300000| Untracked 
|  84|0x0000000085400000, 0x0000000085500000, 0x0000000085500000|100%|HS|  |TAMS 0x0000000085400000, 0x0000000085400000| Complete 
|  85|0x0000000085500000, 0x0000000085600000, 0x0000000085600000|100%|HC|  |TAMS 0x0000000085500000, 0x0000000085500000| Complete 
|  86|0x0000000085600000, 0x0000000085600000, 0x0000000085700000|  0%| F|  |TAMS 0x0000000085600000, 0x0000000085600000| Untracked 
|  87|0x0000000085700000, 0x0000000085800000, 0x0000000085800000|100%| O|  |TAMS 0x0000000085800000, 0x0000000085700000| Complete 
|  88|0x0000000085800000, 0x0000000085900000, 0x0000000085900000|100%|HS|  |TAMS 0x0000000085800000, 0x0000000085800000| Complete 
|  89|0x0000000085900000, 0x0000000085a00000, 0x0000000085a00000|100%|HC|  |TAMS 0x0000000085900000, 0x0000000085900000| Complete 
|  90|0x0000000085a00000, 0x0000000085a00000, 0x0000000085b00000|  0%| F|  |TAMS 0x0000000085a00000, 0x0000000085a00000| Untracked 
|  91|0x0000000085b00000, 0x0000000085c00000, 0x0000000085c00000|100%| O|  |TAMS 0x0000000085c00000, 0x0000000085b00000| Complete 
|  92|0x0000000085c00000, 0x0000000085d00000, 0x0000000085d00000|100%| O|  |TAMS 0x0000000085d00000, 0x0000000085c00000| Complete 
|  93|0x0000000085d00000, 0x0000000085e00000, 0x0000000085e00000|100%| O|  |TAMS 0x0000000085e00000, 0x0000000085d00000| Complete 
|  94|0x0000000085e00000, 0x0000000085f00000, 0x0000000085f00000|100%| O|  |TAMS 0x0000000085f00000, 0x0000000085e00000| Complete 
|  95|0x0000000085f00000, 0x0000000086000000, 0x0000000086000000|100%| O|  |TAMS 0x0000000086000000, 0x0000000085f00000| Untracked 
|  96|0x0000000086000000, 0x0000000086100000, 0x0000000086100000|100%| O|  |TAMS 0x0000000086100000, 0x0000000086000000| Untracked 
|  97|0x0000000086100000, 0x0000000086200000, 0x0000000086200000|100%| O|  |TAMS 0x0000000086200000, 0x0000000086100000| Untracked 
|  98|0x0000000086200000, 0x0000000086300000, 0x0000000086300000|100%| O|  |TAMS 0x0000000086300000, 0x0000000086200000| Complete 
|  99|0x0000000086300000, 0x0000000086400000, 0x0000000086400000|100%| O|  |TAMS 0x0000000086400000, 0x0000000086300000| Complete 
| 100|0x0000000086400000, 0x0000000086500000, 0x0000000086500000|100%| O|  |TAMS 0x0000000086500000, 0x0000000086400000| Complete 
| 101|0x0000000086500000, 0x0000000086500000, 0x0000000086600000|  0%| F|  |TAMS 0x0000000086500000, 0x0000000086500000| Untracked 
| 102|0x0000000086600000, 0x0000000086700000, 0x0000000086700000|100%| O|  |TAMS 0x0000000086700000, 0x0000000086600000| Complete 
| 103|0x0000000086700000, 0x0000000086800000, 0x0000000086800000|100%| O|  |TAMS 0x0000000086800000, 0x0000000086700000| Untracked 
| 104|0x0000000086800000, 0x0000000086900000, 0x0000000086900000|100%| O|  |TAMS 0x0000000086900000, 0x0000000086800000| Untracked 
| 105|0x0000000086900000, 0x0000000086a00000, 0x0000000086a00000|100%| O|  |TAMS 0x0000000086a00000, 0x0000000086900000| Complete 
| 106|0x0000000086a00000, 0x0000000086b00000, 0x0000000086b00000|100%| O|  |TAMS 0x0000000086b00000, 0x0000000086a00000| Complete 
| 107|0x0000000086b00000, 0x0000000086c00000, 0x0000000086c00000|100%| O|  |TAMS 0x0000000086c00000, 0x0000000086b00000| Complete 
| 108|0x0000000086c00000, 0x0000000086d00000, 0x0000000086d00000|100%| O|  |TAMS 0x0000000086d00000, 0x0000000086c00000| Complete 
| 109|0x0000000086d00000, 0x0000000086e00000, 0x0000000086e00000|100%| O|  |TAMS 0x0000000086e00000, 0x0000000086d00000| Complete 
| 110|0x0000000086e00000, 0x0000000086f00000, 0x0000000086f00000|100%| O|  |TAMS 0x0000000086f00000, 0x0000000086e00000| Complete 
| 111|0x0000000086f00000, 0x0000000087000000, 0x0000000087000000|100%| O|  |TAMS 0x0000000087000000, 0x0000000086f00000| Complete 
| 112|0x0000000087000000, 0x0000000087100000, 0x0000000087100000|100%| O|  |TAMS 0x0000000087100000, 0x0000000087000000| Complete 
| 113|0x0000000087100000, 0x0000000087200000, 0x0000000087200000|100%| O|  |TAMS 0x0000000087200000, 0x0000000087100000| Complete 
| 114|0x0000000087200000, 0x0000000087300000, 0x0000000087300000|100%| O|  |TAMS 0x0000000087300000, 0x0000000087200000| Complete 
| 115|0x0000000087300000, 0x0000000087400000, 0x0000000087400000|100%| O|  |TAMS 0x0000000087400000, 0x0000000087300000| Untracked 
| 116|0x0000000087400000, 0x0000000087500000, 0x0000000087500000|100%| O|  |TAMS 0x0000000087500000, 0x0000000087400000| Untracked 
| 117|0x0000000087500000, 0x0000000087600000, 0x0000000087600000|100%| O|  |TAMS 0x0000000087600000, 0x0000000087500000| Untracked 
| 118|0x0000000087600000, 0x0000000087600000, 0x0000000087700000|  0%| F|  |TAMS 0x0000000087600000, 0x0000000087600000| Untracked 
| 119|0x0000000087700000, 0x0000000087800000, 0x0000000087800000|100%| O|  |TAMS 0x0000000087800000, 0x0000000087700000| Untracked 
| 120|0x0000000087800000, 0x00000000878c3800, 0x0000000087900000| 76%| O|  |TAMS 0x00000000878c3800, 0x0000000087800000| Untracked 
| 121|0x0000000087900000, 0x0000000087a00000, 0x0000000087a00000|100%| O|  |TAMS 0x0000000087a00000, 0x0000000087900000| Complete 
| 122|0x0000000087a00000, 0x0000000087b00000, 0x0000000087b00000|100%|HS|  |TAMS 0x0000000087a00000, 0x0000000087a00000| Complete 
| 123|0x0000000087b00000, 0x0000000087c00000, 0x0000000087c00000|100%|HC|  |TAMS 0x0000000087b00000, 0x0000000087b00000| Complete 
| 124|0x0000000087c00000, 0x0000000087d00000, 0x0000000087d00000|100%|HS|  |TAMS 0x0000000087c00000, 0x0000000087c00000| Complete 
| 125|0x0000000087d00000, 0x0000000087e00000, 0x0000000087e00000|100%|HC|  |TAMS 0x0000000087d00000, 0x0000000087d00000| Complete 
| 126|0x0000000087e00000, 0x0000000087f00000, 0x0000000087f00000|100%|HS|  |TAMS 0x0000000087e00000, 0x0000000087e00000| Complete 
| 127|0x0000000087f00000, 0x0000000088000000, 0x0000000088000000|100%|HC|  |TAMS 0x0000000087f00000, 0x0000000087f00000| Complete 
| 128|0x0000000088000000, 0x0000000088000000, 0x0000000088100000|  0%| F|  |TAMS 0x0000000088000000, 0x0000000088000000| Untracked 
| 129|0x0000000088100000, 0x0000000088100000, 0x0000000088200000|  0%| F|  |TAMS 0x0000000088100000, 0x0000000088100000| Untracked 
| 130|0x0000000088200000, 0x0000000088200000, 0x0000000088300000|  0%| F|  |TAMS 0x0000000088200000, 0x0000000088200000| Untracked 
| 131|0x0000000088300000, 0x0000000088300000, 0x0000000088400000|  0%| F|  |TAMS 0x0000000088300000, 0x0000000088300000| Untracked 
| 132|0x0000000088400000, 0x0000000088400000, 0x0000000088500000|  0%| F|  |TAMS 0x0000000088400000, 0x0000000088400000| Untracked 
| 133|0x0000000088500000, 0x0000000088500000, 0x0000000088600000|  0%| F|  |TAMS 0x0000000088500000, 0x0000000088500000| Untracked 
| 134|0x0000000088600000, 0x0000000088600000, 0x0000000088700000|  0%| F|  |TAMS 0x0000000088600000, 0x0000000088600000| Untracked 
| 135|0x0000000088700000, 0x0000000088700000, 0x0000000088800000|  0%| F|  |TAMS 0x0000000088700000, 0x0000000088700000| Untracked 
| 136|0x0000000088800000, 0x0000000088800000, 0x0000000088900000|  0%| F|  |TAMS 0x0000000088800000, 0x0000000088800000| Untracked 
| 137|0x0000000088900000, 0x0000000088900000, 0x0000000088a00000|  0%| F|  |TAMS 0x0000000088900000, 0x0000000088900000| Untracked 
| 138|0x0000000088a00000, 0x0000000088a00000, 0x0000000088b00000|  0%| F|  |TAMS 0x0000000088a00000, 0x0000000088a00000| Untracked 
| 139|0x0000000088b00000, 0x0000000088b00000, 0x0000000088c00000|  0%| F|  |TAMS 0x0000000088b00000, 0x0000000088b00000| Untracked 
| 140|0x0000000088c00000, 0x0000000088c00000, 0x0000000088d00000|  0%| F|  |TAMS 0x0000000088c00000, 0x0000000088c00000| Untracked 
| 141|0x0000000088d00000, 0x0000000088d00000, 0x0000000088e00000|  0%| F|  |TAMS 0x0000000088d00000, 0x0000000088d00000| Untracked 
| 142|0x0000000088e00000, 0x0000000088e00000, 0x0000000088f00000|  0%| F|  |TAMS 0x0000000088e00000, 0x0000000088e00000| Untracked 
| 143|0x0000000088f00000, 0x0000000088f00000, 0x0000000089000000|  0%| F|  |TAMS 0x0000000088f00000, 0x0000000088f00000| Untracked 
| 144|0x0000000089000000, 0x0000000089000000, 0x0000000089100000|  0%| F|  |TAMS 0x0000000089000000, 0x0000000089000000| Untracked 
| 145|0x0000000089100000, 0x0000000089100000, 0x0000000089200000|  0%| F|  |TAMS 0x0000000089100000, 0x0000000089100000| Untracked 
| 146|0x0000000089200000, 0x0000000089200000, 0x0000000089300000|  0%| F|  |TAMS 0x0000000089200000, 0x0000000089200000| Untracked 
| 147|0x0000000089300000, 0x0000000089300000, 0x0000000089400000|  0%| F|  |TAMS 0x0000000089300000, 0x0000000089300000| Untracked 
| 148|0x0000000089400000, 0x0000000089400000, 0x0000000089500000|  0%| F|  |TAMS 0x0000000089400000, 0x0000000089400000| Untracked 
| 149|0x0000000089500000, 0x0000000089500000, 0x0000000089600000|  0%| F|  |TAMS 0x0000000089500000, 0x0000000089500000| Untracked 
| 150|0x0000000089600000, 0x0000000089600000, 0x0000000089700000|  0%| F|  |TAMS 0x0000000089600000, 0x0000000089600000| Untracked 
| 151|0x0000000089700000, 0x0000000089700000, 0x0000000089800000|  0%| F|  |TAMS 0x0000000089700000, 0x0000000089700000| Untracked 
| 152|0x0000000089800000, 0x0000000089800000, 0x0000000089900000|  0%| F|  |TAMS 0x0000000089800000, 0x0000000089800000| Untracked 
| 153|0x0000000089900000, 0x0000000089900000, 0x0000000089a00000|  0%| F|  |TAMS 0x0000000089900000, 0x0000000089900000| Untracked 
| 154|0x0000000089a00000, 0x0000000089a00000, 0x0000000089b00000|  0%| F|  |TAMS 0x0000000089a00000, 0x0000000089a00000| Untracked 
| 155|0x0000000089b00000, 0x0000000089b00000, 0x0000000089c00000|  0%| F|  |TAMS 0x0000000089b00000, 0x0000000089b00000| Untracked 
| 156|0x0000000089c00000, 0x0000000089c00000, 0x0000000089d00000|  0%| F|  |TAMS 0x0000000089c00000, 0x0000000089c00000| Untracked 
| 157|0x0000000089d00000, 0x0000000089d00000, 0x0000000089e00000|  0%| F|  |TAMS 0x0000000089d00000, 0x0000000089d00000| Untracked 
| 158|0x0000000089e00000, 0x0000000089e00000, 0x0000000089f00000|  0%| F|  |TAMS 0x0000000089e00000, 0x0000000089e00000| Untracked 
| 159|0x0000000089f00000, 0x000000008a000000, 0x000000008a000000|100%| O|  |TAMS 0x000000008a000000, 0x0000000089f00000| Untracked 
| 160|0x000000008a000000, 0x000000008a100000, 0x000000008a100000|100%| O|  |TAMS 0x000000008a100000, 0x000000008a000000| Untracked 
| 161|0x000000008a100000, 0x000000008a200000, 0x000000008a200000|100%| O|  |TAMS 0x000000008a200000, 0x000000008a100000| Complete 
| 162|0x000000008a200000, 0x000000008a300000, 0x000000008a300000|100%| O|  |TAMS 0x000000008a300000, 0x000000008a200000| Complete 
| 163|0x000000008a300000, 0x000000008a300000, 0x000000008a400000|  0%| F|  |TAMS 0x000000008a300000, 0x000000008a300000| Untracked 
| 164|0x000000008a400000, 0x000000008a400000, 0x000000008a500000|  0%| F|  |TAMS 0x000000008a400000, 0x000000008a400000| Untracked 
| 165|0x000000008a500000, 0x000000008a500000, 0x000000008a600000|  0%| F|  |TAMS 0x000000008a500000, 0x000000008a500000| Untracked 
| 166|0x000000008a600000, 0x000000008a600000, 0x000000008a700000|  0%| F|  |TAMS 0x000000008a600000, 0x000000008a600000| Untracked 
| 167|0x000000008a700000, 0x000000008a700000, 0x000000008a800000|  0%| F|  |TAMS 0x000000008a700000, 0x000000008a700000| Untracked 
| 168|0x000000008a800000, 0x000000008a800000, 0x000000008a900000|  0%| F|  |TAMS 0x000000008a800000, 0x000000008a800000| Untracked 
| 169|0x000000008a900000, 0x000000008a900000, 0x000000008aa00000|  0%| F|  |TAMS 0x000000008a900000, 0x000000008a900000| Untracked 
| 170|0x000000008aa00000, 0x000000008aa00000, 0x000000008ab00000|  0%| F|  |TAMS 0x000000008aa00000, 0x000000008aa00000| Untracked 
| 171|0x000000008ab00000, 0x000000008ab00000, 0x000000008ac00000|  0%| F|  |TAMS 0x000000008ab00000, 0x000000008ab00000| Untracked 
| 172|0x000000008ac00000, 0x000000008ac00000, 0x000000008ad00000|  0%| F|  |TAMS 0x000000008ac00000, 0x000000008ac00000| Untracked 
| 173|0x000000008ad00000, 0x000000008ad00000, 0x000000008ae00000|  0%| F|  |TAMS 0x000000008ad00000, 0x000000008ad00000| Untracked 
| 174|0x000000008ae00000, 0x000000008ae00000, 0x000000008af00000|  0%| F|  |TAMS 0x000000008ae00000, 0x000000008ae00000| Untracked 
| 175|0x000000008af00000, 0x000000008af00000, 0x000000008b000000|  0%| F|  |TAMS 0x000000008af00000, 0x000000008af00000| Untracked 
| 176|0x000000008b000000, 0x000000008b000000, 0x000000008b100000|  0%| F|  |TAMS 0x000000008b000000, 0x000000008b000000| Untracked 
| 177|0x000000008b100000, 0x000000008b100000, 0x000000008b200000|  0%| F|  |TAMS 0x000000008b100000, 0x000000008b100000| Untracked 
| 178|0x000000008b200000, 0x000000008b200000, 0x000000008b300000|  0%| F|  |TAMS 0x000000008b200000, 0x000000008b200000| Untracked 
| 179|0x000000008b300000, 0x000000008b300000, 0x000000008b400000|  0%| F|  |TAMS 0x000000008b300000, 0x000000008b300000| Untracked 
| 180|0x000000008b400000, 0x000000008b400000, 0x000000008b500000|  0%| F|  |TAMS 0x000000008b400000, 0x000000008b400000| Untracked 
| 181|0x000000008b500000, 0x000000008b500000, 0x000000008b600000|  0%| F|  |TAMS 0x000000008b500000, 0x000000008b500000| Untracked 
| 182|0x000000008b600000, 0x000000008b600000, 0x000000008b700000|  0%| F|  |TAMS 0x000000008b600000, 0x000000008b600000| Untracked 
| 183|0x000000008b700000, 0x000000008b700000, 0x000000008b800000|  0%| F|  |TAMS 0x000000008b700000, 0x000000008b700000| Untracked 
| 184|0x000000008b800000, 0x000000008b800000, 0x000000008b900000|  0%| F|  |TAMS 0x000000008b800000, 0x000000008b800000| Untracked 
| 185|0x000000008b900000, 0x000000008b900000, 0x000000008ba00000|  0%| F|  |TAMS 0x000000008b900000, 0x000000008b900000| Untracked 
| 186|0x000000008ba00000, 0x000000008ba00000, 0x000000008bb00000|  0%| F|  |TAMS 0x000000008ba00000, 0x000000008ba00000| Untracked 
| 187|0x000000008bb00000, 0x000000008bb00000, 0x000000008bc00000|  0%| F|  |TAMS 0x000000008bb00000, 0x000000008bb00000| Untracked 
| 188|0x000000008bc00000, 0x000000008bc00000, 0x000000008bd00000|  0%| F|  |TAMS 0x000000008bc00000, 0x000000008bc00000| Untracked 
| 189|0x000000008bd00000, 0x000000008bd00000, 0x000000008be00000|  0%| F|  |TAMS 0x000000008bd00000, 0x000000008bd00000| Untracked 
| 190|0x000000008be00000, 0x000000008be00000, 0x000000008bf00000|  0%| F|  |TAMS 0x000000008be00000, 0x000000008be00000| Untracked 
| 191|0x000000008bf00000, 0x000000008bf00000, 0x000000008c000000|  0%| F|  |TAMS 0x000000008bf00000, 0x000000008bf00000| Untracked 
| 192|0x000000008c000000, 0x000000008c000000, 0x000000008c100000|  0%| F|  |TAMS 0x000000008c000000, 0x000000008c000000| Untracked 
| 193|0x000000008c100000, 0x000000008c100000, 0x000000008c200000|  0%| F|  |TAMS 0x000000008c100000, 0x000000008c100000| Untracked 
| 194|0x000000008c200000, 0x000000008c200000, 0x000000008c300000|  0%| F|  |TAMS 0x000000008c200000, 0x000000008c200000| Untracked 
| 195|0x000000008c300000, 0x000000008c300000, 0x000000008c400000|  0%| F|  |TAMS 0x000000008c300000, 0x000000008c300000| Untracked 
| 196|0x000000008c400000, 0x000000008c400000, 0x000000008c500000|  0%| F|  |TAMS 0x000000008c400000, 0x000000008c400000| Untracked 
| 197|0x000000008c500000, 0x000000008c500000, 0x000000008c600000|  0%| F|  |TAMS 0x000000008c500000, 0x000000008c500000| Untracked 
| 198|0x000000008c600000, 0x000000008c600000, 0x000000008c700000|  0%| F|  |TAMS 0x000000008c600000, 0x000000008c600000| Untracked 
| 199|0x000000008c700000, 0x000000008c700000, 0x000000008c800000|  0%| F|  |TAMS 0x000000008c700000, 0x000000008c700000| Untracked 
| 200|0x000000008c800000, 0x000000008c800000, 0x000000008c900000|  0%| F|  |TAMS 0x000000008c800000, 0x000000008c800000| Untracked 
| 201|0x000000008c900000, 0x000000008c900000, 0x000000008ca00000|  0%| F|  |TAMS 0x000000008c900000, 0x000000008c900000| Untracked 
| 202|0x000000008ca00000, 0x000000008ca00000, 0x000000008cb00000|  0%| F|  |TAMS 0x000000008ca00000, 0x000000008ca00000| Untracked 
| 203|0x000000008cb00000, 0x000000008cb00000, 0x000000008cc00000|  0%| F|  |TAMS 0x000000008cb00000, 0x000000008cb00000| Untracked 
| 204|0x000000008cc00000, 0x000000008cc00000, 0x000000008cd00000|  0%| F|  |TAMS 0x000000008cc00000, 0x000000008cc00000| Untracked 
| 205|0x000000008cd00000, 0x000000008cd00000, 0x000000008ce00000|  0%| F|  |TAMS 0x000000008cd00000, 0x000000008cd00000| Untracked 
| 206|0x000000008ce00000, 0x000000008ce00000, 0x000000008cf00000|  0%| F|  |TAMS 0x000000008ce00000, 0x000000008ce00000| Untracked 
| 207|0x000000008cf00000, 0x000000008cf00000, 0x000000008d000000|  0%| F|  |TAMS 0x000000008cf00000, 0x000000008cf00000| Untracked 
| 208|0x000000008d000000, 0x000000008d000000, 0x000000008d100000|  0%| F|  |TAMS 0x000000008d000000, 0x000000008d000000| Untracked 
| 209|0x000000008d100000, 0x000000008d100000, 0x000000008d200000|  0%| F|  |TAMS 0x000000008d100000, 0x000000008d100000| Untracked 
| 210|0x000000008d200000, 0x000000008d200000, 0x000000008d300000|  0%| F|  |TAMS 0x000000008d200000, 0x000000008d200000| Untracked 
| 211|0x000000008d300000, 0x000000008d300000, 0x000000008d400000|  0%| F|  |TAMS 0x000000008d300000, 0x000000008d300000| Untracked 
| 212|0x000000008d400000, 0x000000008d400000, 0x000000008d500000|  0%| F|  |TAMS 0x000000008d400000, 0x000000008d400000| Untracked 
| 213|0x000000008d500000, 0x000000008d500000, 0x000000008d600000|  0%| F|  |TAMS 0x000000008d500000, 0x000000008d500000| Untracked 
| 214|0x000000008d600000, 0x000000008d600000, 0x000000008d700000|  0%| F|  |TAMS 0x000000008d600000, 0x000000008d600000| Untracked 
| 215|0x000000008d700000, 0x000000008d700000, 0x000000008d800000|  0%| F|  |TAMS 0x000000008d700000, 0x000000008d700000| Untracked 
| 216|0x000000008d800000, 0x000000008d800000, 0x000000008d900000|  0%| F|  |TAMS 0x000000008d800000, 0x000000008d800000| Untracked 
| 217|0x000000008d900000, 0x000000008d900000, 0x000000008da00000|  0%| F|  |TAMS 0x000000008d900000, 0x000000008d900000| Untracked 
| 218|0x000000008da00000, 0x000000008da00000, 0x000000008db00000|  0%| F|  |TAMS 0x000000008da00000, 0x000000008da00000| Untracked 
| 219|0x000000008db00000, 0x000000008db00000, 0x000000008dc00000|  0%| F|  |TAMS 0x000000008db00000, 0x000000008db00000| Untracked 
| 220|0x000000008dc00000, 0x000000008dc00000, 0x000000008dd00000|  0%| F|  |TAMS 0x000000008dc00000, 0x000000008dc00000| Untracked 
| 221|0x000000008dd00000, 0x000000008dd00000, 0x000000008de00000|  0%| F|  |TAMS 0x000000008dd00000, 0x000000008dd00000| Untracked 
| 222|0x000000008de00000, 0x000000008de457a0, 0x000000008df00000| 27%| S|CS|TAMS 0x000000008de00000, 0x000000008de00000| Complete 
| 223|0x000000008df00000, 0x000000008e000000, 0x000000008e000000|100%| S|CS|TAMS 0x000000008df00000, 0x000000008df00000| Complete 
| 224|0x000000008e000000, 0x000000008e100000, 0x000000008e100000|100%| S|CS|TAMS 0x000000008e000000, 0x000000008e000000| Complete 
| 225|0x000000008e100000, 0x000000008e200000, 0x000000008e200000|100%| S|CS|TAMS 0x000000008e100000, 0x000000008e100000| Complete 
| 226|0x000000008e200000, 0x000000008e300000, 0x000000008e300000|100%| S|CS|TAMS 0x000000008e200000, 0x000000008e200000| Complete 
| 227|0x000000008e300000, 0x000000008e300000, 0x000000008e400000|  0%| F|  |TAMS 0x000000008e300000, 0x000000008e300000| Untracked 
| 228|0x000000008e400000, 0x000000008e400000, 0x000000008e500000|  0%| F|  |TAMS 0x000000008e400000, 0x000000008e400000| Untracked 
| 229|0x000000008e500000, 0x000000008e500000, 0x000000008e600000|  0%| F|  |TAMS 0x000000008e500000, 0x000000008e500000| Untracked 
| 230|0x000000008e600000, 0x000000008e600000, 0x000000008e700000|  0%| F|  |TAMS 0x000000008e600000, 0x000000008e600000| Untracked 
| 231|0x000000008e700000, 0x000000008e700000, 0x000000008e800000|  0%| F|  |TAMS 0x000000008e700000, 0x000000008e700000| Untracked 
| 232|0x000000008e800000, 0x000000008e800000, 0x000000008e900000|  0%| F|  |TAMS 0x000000008e800000, 0x000000008e800000| Untracked 
| 233|0x000000008e900000, 0x000000008e900000, 0x000000008ea00000|  0%| F|  |TAMS 0x000000008e900000, 0x000000008e900000| Untracked 
| 234|0x000000008ea00000, 0x000000008ea00000, 0x000000008eb00000|  0%| F|  |TAMS 0x000000008ea00000, 0x000000008ea00000| Untracked 
| 235|0x000000008eb00000, 0x000000008eb00000, 0x000000008ec00000|  0%| F|  |TAMS 0x000000008eb00000, 0x000000008eb00000| Untracked 
| 236|0x000000008ec00000, 0x000000008ec00000, 0x000000008ed00000|  0%| F|  |TAMS 0x000000008ec00000, 0x000000008ec00000| Untracked 
| 237|0x000000008ed00000, 0x000000008ed00000, 0x000000008ee00000|  0%| F|  |TAMS 0x000000008ed00000, 0x000000008ed00000| Untracked 
| 238|0x000000008ee00000, 0x000000008ee00000, 0x000000008ef00000|  0%| F|  |TAMS 0x000000008ee00000, 0x000000008ee00000| Untracked 
| 239|0x000000008ef00000, 0x000000008ef00000, 0x000000008f000000|  0%| F|  |TAMS 0x000000008ef00000, 0x000000008ef00000| Untracked 
| 240|0x000000008f000000, 0x000000008f000000, 0x000000008f100000|  0%| F|  |TAMS 0x000000008f000000, 0x000000008f000000| Untracked 
| 241|0x000000008f100000, 0x000000008f100000, 0x000000008f200000|  0%| F|  |TAMS 0x000000008f100000, 0x000000008f100000| Untracked 
| 242|0x000000008f200000, 0x000000008f200000, 0x000000008f300000|  0%| F|  |TAMS 0x000000008f200000, 0x000000008f200000| Untracked 
| 243|0x000000008f300000, 0x000000008f300000, 0x000000008f400000|  0%| F|  |TAMS 0x000000008f300000, 0x000000008f300000| Untracked 
| 244|0x000000008f400000, 0x000000008f400000, 0x000000008f500000|  0%| F|  |TAMS 0x000000008f400000, 0x000000008f400000| Untracked 
| 245|0x000000008f500000, 0x000000008f500000, 0x000000008f600000|  0%| F|  |TAMS 0x000000008f500000, 0x000000008f500000| Untracked 
| 246|0x000000008f600000, 0x000000008f600000, 0x000000008f700000|  0%| F|  |TAMS 0x000000008f600000, 0x000000008f600000| Untracked 
| 247|0x000000008f700000, 0x000000008f700000, 0x000000008f800000|  0%| F|  |TAMS 0x000000008f700000, 0x000000008f700000| Untracked 
| 248|0x000000008f800000, 0x000000008f800000, 0x000000008f900000|  0%| F|  |TAMS 0x000000008f800000, 0x000000008f800000| Untracked 
| 249|0x000000008f900000, 0x000000008f900000, 0x000000008fa00000|  0%| F|  |TAMS 0x000000008f900000, 0x000000008f900000| Untracked 
| 250|0x000000008fa00000, 0x000000008fa00000, 0x000000008fb00000|  0%| F|  |TAMS 0x000000008fa00000, 0x000000008fa00000| Untracked 
| 251|0x000000008fb00000, 0x000000008fb00000, 0x000000008fc00000|  0%| F|  |TAMS 0x000000008fb00000, 0x000000008fb00000| Untracked 
| 252|0x000000008fc00000, 0x000000008fc00000, 0x000000008fd00000|  0%| F|  |TAMS 0x000000008fc00000, 0x000000008fc00000| Untracked 
| 253|0x000000008fd00000, 0x000000008fd00000, 0x000000008fe00000|  0%| F|  |TAMS 0x000000008fd00000, 0x000000008fd00000| Untracked 
| 254|0x000000008fe00000, 0x000000008fe00000, 0x000000008ff00000|  0%| F|  |TAMS 0x000000008fe00000, 0x000000008fe00000| Untracked 
| 255|0x000000008ff00000, 0x000000008ff00000, 0x0000000090000000|  0%| F|  |TAMS 0x000000008ff00000, 0x000000008ff00000| Untracked 
| 256|0x0000000090000000, 0x0000000090000000, 0x0000000090100000|  0%| F|  |TAMS 0x0000000090000000, 0x0000000090000000| Untracked 
| 257|0x0000000090100000, 0x0000000090100000, 0x0000000090200000|  0%| F|  |TAMS 0x0000000090100000, 0x0000000090100000| Untracked 
| 258|0x0000000090200000, 0x0000000090200000, 0x0000000090300000|  0%| F|  |TAMS 0x0000000090200000, 0x0000000090200000| Untracked 
| 259|0x0000000090300000, 0x0000000090300000, 0x0000000090400000|  0%| F|  |TAMS 0x0000000090300000, 0x0000000090300000| Untracked 
| 260|0x0000000090400000, 0x0000000090400000, 0x0000000090500000|  0%| F|  |TAMS 0x0000000090400000, 0x0000000090400000| Untracked 
| 261|0x0000000090500000, 0x0000000090500000, 0x0000000090600000|  0%| F|  |TAMS 0x0000000090500000, 0x0000000090500000| Untracked 
| 262|0x0000000090600000, 0x0000000090600000, 0x0000000090700000|  0%| F|  |TAMS 0x0000000090600000, 0x0000000090600000| Untracked 
| 263|0x0000000090700000, 0x0000000090700000, 0x0000000090800000|  0%| F|  |TAMS 0x0000000090700000, 0x0000000090700000| Untracked 
| 264|0x0000000090800000, 0x0000000090800000, 0x0000000090900000|  0%| F|  |TAMS 0x0000000090800000, 0x0000000090800000| Untracked 
| 265|0x0000000090900000, 0x0000000090900000, 0x0000000090a00000|  0%| F|  |TAMS 0x0000000090900000, 0x0000000090900000| Untracked 
| 266|0x0000000090a00000, 0x0000000090a00000, 0x0000000090b00000|  0%| F|  |TAMS 0x0000000090a00000, 0x0000000090a00000| Untracked 
| 267|0x0000000090b00000, 0x0000000090b00000, 0x0000000090c00000|  0%| F|  |TAMS 0x0000000090b00000, 0x0000000090b00000| Untracked 
| 268|0x0000000090c00000, 0x0000000090c00000, 0x0000000090d00000|  0%| F|  |TAMS 0x0000000090c00000, 0x0000000090c00000| Untracked 
| 269|0x0000000090d00000, 0x0000000090d00000, 0x0000000090e00000|  0%| F|  |TAMS 0x0000000090d00000, 0x0000000090d00000| Untracked 
| 270|0x0000000090e00000, 0x0000000090e00000, 0x0000000090f00000|  0%| F|  |TAMS 0x0000000090e00000, 0x0000000090e00000| Untracked 
| 271|0x0000000090f00000, 0x0000000090f00000, 0x0000000091000000|  0%| F|  |TAMS 0x0000000090f00000, 0x0000000090f00000| Untracked 
| 272|0x0000000091000000, 0x0000000091000000, 0x0000000091100000|  0%| F|  |TAMS 0x0000000091000000, 0x0000000091000000| Untracked 
| 273|0x0000000091100000, 0x0000000091100000, 0x0000000091200000|  0%| F|  |TAMS 0x0000000091100000, 0x0000000091100000| Untracked 
| 274|0x0000000091200000, 0x0000000091200000, 0x0000000091300000|  0%| F|  |TAMS 0x0000000091200000, 0x0000000091200000| Untracked 
| 275|0x0000000091300000, 0x0000000091300000, 0x0000000091400000|  0%| F|  |TAMS 0x0000000091300000, 0x0000000091300000| Untracked 
| 276|0x0000000091400000, 0x0000000091400000, 0x0000000091500000|  0%| F|  |TAMS 0x0000000091400000, 0x0000000091400000| Untracked 
| 277|0x0000000091500000, 0x0000000091500000, 0x0000000091600000|  0%| F|  |TAMS 0x0000000091500000, 0x0000000091500000| Untracked 
| 278|0x0000000091600000, 0x0000000091600000, 0x0000000091700000|  0%| F|  |TAMS 0x0000000091600000, 0x0000000091600000| Untracked 
| 279|0x0000000091700000, 0x0000000091700000, 0x0000000091800000|  0%| F|  |TAMS 0x0000000091700000, 0x0000000091700000| Untracked 
| 280|0x0000000091800000, 0x0000000091800000, 0x0000000091900000|  0%| F|  |TAMS 0x0000000091800000, 0x0000000091800000| Untracked 
| 281|0x0000000091900000, 0x0000000091900000, 0x0000000091a00000|  0%| F|  |TAMS 0x0000000091900000, 0x0000000091900000| Untracked 
| 282|0x0000000091a00000, 0x0000000091a00000, 0x0000000091b00000|  0%| F|  |TAMS 0x0000000091a00000, 0x0000000091a00000| Untracked 
| 283|0x0000000091b00000, 0x0000000091b00000, 0x0000000091c00000|  0%| F|  |TAMS 0x0000000091b00000, 0x0000000091b00000| Untracked 
| 284|0x0000000091c00000, 0x0000000091c00000, 0x0000000091d00000|  0%| F|  |TAMS 0x0000000091c00000, 0x0000000091c00000| Untracked 
| 285|0x0000000091d00000, 0x0000000091d00000, 0x0000000091e00000|  0%| F|  |TAMS 0x0000000091d00000, 0x0000000091d00000| Untracked 
| 286|0x0000000091e00000, 0x0000000091e00000, 0x0000000091f00000|  0%| F|  |TAMS 0x0000000091e00000, 0x0000000091e00000| Untracked 
| 287|0x0000000091f00000, 0x0000000091f00000, 0x0000000092000000|  0%| F|  |TAMS 0x0000000091f00000, 0x0000000091f00000| Untracked 
| 288|0x0000000092000000, 0x0000000092000000, 0x0000000092100000|  0%| F|  |TAMS 0x0000000092000000, 0x0000000092000000| Untracked 
| 289|0x0000000092100000, 0x0000000092100000, 0x0000000092200000|  0%| F|  |TAMS 0x0000000092100000, 0x0000000092100000| Untracked 
| 290|0x0000000092200000, 0x0000000092200000, 0x0000000092300000|  0%| F|  |TAMS 0x0000000092200000, 0x0000000092200000| Untracked 
| 291|0x0000000092300000, 0x0000000092300000, 0x0000000092400000|  0%| F|  |TAMS 0x0000000092300000, 0x0000000092300000| Untracked 
| 292|0x0000000092400000, 0x0000000092400000, 0x0000000092500000|  0%| F|  |TAMS 0x0000000092400000, 0x0000000092400000| Untracked 
| 293|0x0000000092500000, 0x0000000092500000, 0x0000000092600000|  0%| F|  |TAMS 0x0000000092500000, 0x0000000092500000| Untracked 
| 294|0x0000000092600000, 0x0000000092600000, 0x0000000092700000|  0%| F|  |TAMS 0x0000000092600000, 0x0000000092600000| Untracked 
| 295|0x0000000092700000, 0x0000000092700000, 0x0000000092800000|  0%| F|  |TAMS 0x0000000092700000, 0x0000000092700000| Untracked 
| 296|0x0000000092800000, 0x0000000092800000, 0x0000000092900000|  0%| F|  |TAMS 0x0000000092800000, 0x0000000092800000| Untracked 
| 297|0x0000000092900000, 0x0000000092900000, 0x0000000092a00000|  0%| F|  |TAMS 0x0000000092900000, 0x0000000092900000| Untracked 
| 298|0x0000000092a00000, 0x0000000092a00000, 0x0000000092b00000|  0%| F|  |TAMS 0x0000000092a00000, 0x0000000092a00000| Untracked 
| 299|0x0000000092b00000, 0x0000000092b00000, 0x0000000092c00000|  0%| F|  |TAMS 0x0000000092b00000, 0x0000000092b00000| Untracked 
| 300|0x0000000092c00000, 0x0000000092c00000, 0x0000000092d00000|  0%| F|  |TAMS 0x0000000092c00000, 0x0000000092c00000| Untracked 
| 301|0x0000000092d00000, 0x0000000092d51d68, 0x0000000092e00000| 31%| E|  |TAMS 0x0000000092d00000, 0x0000000092d00000| Complete 
| 302|0x0000000092e00000, 0x0000000092f00000, 0x0000000092f00000|100%| E|CS|TAMS 0x0000000092e00000, 0x0000000092e00000| Complete 
| 303|0x0000000092f00000, 0x0000000093000000, 0x0000000093000000|100%| E|CS|TAMS 0x0000000092f00000, 0x0000000092f00000| Complete 
| 304|0x0000000093000000, 0x0000000093100000, 0x0000000093100000|100%| E|  |TAMS 0x0000000093000000, 0x0000000093000000| Complete 

Card table byte_map: [0x000001aed0e20000,0x000001aed1220000] _byte_map_base: 0x000001aed0a20000

Marking Bits (Prev, Next): (CMBitMap*) 0x000001aebde523f8, (CMBitMap*) 0x000001aebde52430
 Prev Bits: [0x000001aed1620000, 0x000001aed3620000)
 Next Bits: [0x000001aed3620000, 0x000001aed5620000)

Polling page: 0x000001aebbdf0000

Metaspace:

Usage:
  Non-class:    120.89 MB capacity,   117.85 MB ( 97%) used,     2.49 MB (  2%) free+waste,   565.31 KB ( <1%) overhead. 
      Class:     17.68 MB capacity,    16.05 MB ( 91%) used,     1.40 MB (  8%) free+waste,   240.13 KB (  1%) overhead. 
       Both:    138.57 MB capacity,   133.90 MB ( 97%) used,     3.89 MB (  3%) free+waste,   805.44 KB ( <1%) overhead. 

Virtual space:
  Non-class space:      124.00 MB reserved,     123.81 MB (>99%) committed 
      Class space:        1.00 GB reserved,      18.25 MB (  2%) committed 
             Both:        1.12 GB reserved,     142.06 MB ( 12%) committed 

Chunk freelists:
   Non-Class:  2.74 MB
       Class:  485.00 KB
        Both:  3.21 MB

MaxMetaspaceSize: 17179869184.00 GB
CompressedClassSpaceSize: 1.00 GB

CodeHeap 'non-profiled nmethods': size=120064Kb used=36815Kb max_used=36815Kb free=83248Kb
 bounds [0x000001aec93c0000, 0x000001aecb7c0000, 0x000001aed0900000]
CodeHeap 'profiled nmethods': size=120000Kb used=60171Kb max_used=60799Kb free=59828Kb
 bounds [0x000001aec1e90000, 0x000001aec5a70000, 0x000001aec93c0000]
CodeHeap 'non-nmethods': size=5696Kb used=2370Kb max_used=2471Kb free=3325Kb
 bounds [0x000001aec1900000, 0x000001aec1b80000, 0x000001aec1e90000]
 total_blobs=30442 nmethods=29447 adapters=904
 compilation: enabled
              stopped_count=0, restarted_count=0
 full_count=0

Compilation events (20 events):
Event: 19342.859 Thread 0x000001aed8713800 44116       3       com.android.apksig.internal.asn1.ber.ByteBufferBerDataValueReader::readDataValue (297 bytes)
Event: 19342.859 Thread 0x000001aed8713800 nmethod 44116 0x000001aec57a0010 code [0x000001aec57a0380, 0x000001aec57a1858]
Event: 19342.859 Thread 0x000001aed8713800 44117       3       com.android.apksig.internal.asn1.ber.ByteBufferBerDataValueReader::readTagNumber (18 bytes)
Event: 19342.859 Thread 0x000001aed8713800 nmethod 44117 0x000001aec435cd10 code [0x000001aec435cee0, 0x000001aec435d0c8]
Event: 19342.860 Thread 0x000001aed8713800 44118       3       java.math.BigInteger::<init> (82 bytes)
Event: 19342.861 Thread 0x000001aed8713800 nmethod 44118 0x000001aec572f790 code [0x000001aec572f9e0, 0x000001aec57302d8]
Event: 19342.868 Thread 0x000001aed8713800 44119       3       org.gradle.internal.watch.vfs.impl.WatchingVirtualFileSystem$3$$Lambda$977/0x0000000100affc40::<init> (26 bytes)
Event: 19342.868 Thread 0x000001aed8713800 nmethod 44119 0x000001aec4365a90 code [0x000001aec4365c60, 0x000001aec4365f38]
Event: 19342.868 Thread 0x000001aed8713800 44120       3       org.gradle.internal.watch.vfs.impl.WatchingVirtualFileSystem$3$$Lambda$977/0x0000000100affc40::update (21 bytes)
Event: 19342.869 Thread 0x000001aed8713800 nmethod 44120 0x000001aec46bad10 code [0x000001aec46baf00, 0x000001aec46bb368]
Event: 19342.869 Thread 0x000001aed8713800 44121       3       org.gradle.internal.watch.vfs.impl.WatchingVirtualFileSystem$3::lambda$handleChange$0 (19 bytes)
Event: 19342.869 Thread 0x000001aed8713800 nmethod 44121 0x000001aec47c1310 code [0x000001aec47c14e0, 0x000001aec47c18c8]
Event: 19342.869 Thread 0x000001aed8713800 44122       3       org.gradle.internal.watch.vfs.impl.WatchingVirtualFileSystem$VfsChangeLoggingNodeDiffListener::<init> (20 bytes)
Event: 19342.869 Thread 0x000001aed8713800 nmethod 44122 0x000001aec4366f90 code [0x000001aec4367140, 0x000001aec43673b8]
Event: 19343.016 Thread 0x000001aed8713800 44123       3       com.google.common.collect.ImmutableList::writeReplace (12 bytes)
Event: 19343.018 Thread 0x000001aed8713800 nmethod 44123 0x000001aec44b5b90 code [0x000001aec44b5d60, 0x000001aec44b6088]
Event: 19343.018 Thread 0x000001aed8713800 44124       3       com.google.common.collect.ImmutableList$SerializedForm::<init> (10 bytes)
Event: 19343.018 Thread 0x000001aed8713800 nmethod 44124 0x000001aec4412510 code [0x000001aec44126c0, 0x000001aec4412878]
Event: 19343.018 Thread 0x000001aed8713800 44125       3       org.gradle.internal.logging.text.AbstractStyledTextOutput::format (12 bytes)
Event: 19343.019 Thread 0x000001aed8713800 nmethod 44125 0x000001aec5747f90 code [0x000001aec5748220, 0x000001aec5748ca8]

GC Heap History (20 events):
Event: 18798.651 GC heap before
{Heap before GC invocations=276 (full 0):
 garbage-first heap   total 312320K, used 140083K [0x0000000080000000, 0x0000000100000000)
  region size 1024K, 49 young (50176K), 1 survivors (1024K)
 Metaspace       used 133555K, capacity 138208K, committed 145472K, reserved 1175552K
  class space    used 16047K, capacity 17702K, committed 18688K, reserved 1048576K
}
Event: 18798.658 GC heap after
{Heap after GC invocations=277 (full 0):
 garbage-first heap   total 312320K, used 95609K [0x0000000080000000, 0x0000000100000000)
  region size 1024K, 5 young (5120K), 5 survivors (5120K)
 Metaspace       used 133555K, capacity 138208K, committed 145472K, reserved 1175552K
  class space    used 16047K, capacity 17702K, committed 18688K, reserved 1048576K
}
Event: 18803.901 GC heap before
{Heap before GC invocations=278 (full 0):
 garbage-first heap   total 312320K, used 236921K [0x0000000080000000, 0x0000000100000000)
  region size 1024K, 125 young (128000K), 5 survivors (5120K)
 Metaspace       used 133651K, capacity 138359K, committed 145472K, reserved 1175552K
  class space    used 16061K, capacity 17717K, committed 18688K, reserved 1048576K
}
Event: 18803.909 GC heap after
{Heap after GC invocations=279 (full 0):
 garbage-first heap   total 312320K, used 111509K [0x0000000080000000, 0x0000000100000000)
  region size 1024K, 16 young (16384K), 16 survivors (16384K)
 Metaspace       used 133651K, capacity 138359K, committed 145472K, reserved 1175552K
  class space    used 16061K, capacity 17717K, committed 18688K, reserved 1048576K
}
Event: 18803.911 GC heap before
{Heap before GC invocations=279 (full 0):
 garbage-first heap   total 312320K, used 112533K [0x0000000080000000, 0x0000000100000000)
  region size 1024K, 17 young (17408K), 16 survivors (16384K)
 Metaspace       used 133651K, capacity 138359K, committed 145472K, reserved 1175552K
  class space    used 16061K, capacity 17717K, committed 18688K, reserved 1048576K
}
Event: 18803.918 GC heap after
{Heap after GC invocations=280 (full 0):
 garbage-first heap   total 312320K, used 112487K [0x0000000080000000, 0x0000000100000000)
  region size 1024K, 2 young (2048K), 2 survivors (2048K)
 Metaspace       used 133651K, capacity 138359K, committed 145472K, reserved 1175552K
  class space    used 16061K, capacity 17717K, committed 18688K, reserved 1048576K
}
Event: 18804.432 GC heap before
{Heap before GC invocations=280 (full 0):
 garbage-first heap   total 312320K, used 225127K [0x0000000080000000, 0x0000000100000000)
  region size 1024K, 113 young (115712K), 2 survivors (2048K)
 Metaspace       used 136969K, capacity 141640K, committed 145472K, reserved 1175552K
  class space    used 16424K, capacity 18107K, committed 18688K, reserved 1048576K
}
Event: 18804.437 GC heap after
{Heap after GC invocations=281 (full 0):
 garbage-first heap   total 312320K, used 113154K [0x0000000080000000, 0x0000000100000000)
  region size 1024K, 3 young (3072K), 3 survivors (3072K)
 Metaspace       used 136969K, capacity 141640K, committed 145472K, reserved 1175552K
  class space    used 16424K, capacity 18107K, committed 18688K, reserved 1048576K
}
Event: 19339.124 GC heap before
{Heap before GC invocations=282 (full 0):
 garbage-first heap   total 312320K, used 251394K [0x0000000080000000, 0x0000000100000000)
  region size 1024K, 121 young (123904K), 3 survivors (3072K)
 Metaspace       used 137072K, capacity 141769K, committed 145472K, reserved 1175552K
  class space    used 16432K, capacity 18107K, committed 18688K, reserved 1048576K
}
Event: 19339.131 GC heap after
{Heap after GC invocations=283 (full 0):
 garbage-first heap   total 312320K, used 119206K [0x0000000080000000, 0x0000000100000000)
  region size 1024K, 9 young (9216K), 9 survivors (9216K)
 Metaspace       used 137072K, capacity 141769K, committed 145472K, reserved 1175552K
  class space    used 16432K, capacity 18107K, committed 18688K, reserved 1048576K
}
Event: 19340.115 GC heap before
{Heap before GC invocations=283 (full 0):
 garbage-first heap   total 312320K, used 124326K [0x0000000080000000, 0x0000000100000000)
  region size 1024K, 15 young (15360K), 9 survivors (9216K)
 Metaspace       used 137072K, capacity 141769K, committed 145472K, reserved 1175552K
  class space    used 16432K, capacity 18107K, committed 18688K, reserved 1048576K
}
Event: 19340.123 GC heap after
{Heap after GC invocations=284 (full 0):
 garbage-first heap   total 312320K, used 115280K [0x0000000080000000, 0x0000000100000000)
  region size 1024K, 2 young (2048K), 2 survivors (2048K)
 Metaspace       used 137072K, capacity 141769K, committed 145472K, reserved 1175552K
  class space    used 16432K, capacity 18107K, committed 18688K, reserved 1048576K
}
Event: 19340.238 GC heap before
{Heap before GC invocations=284 (full 0):
 garbage-first heap   total 312320K, used 121424K [0x0000000080000000, 0x0000000100000000)
  region size 1024K, 9 young (9216K), 2 survivors (2048K)
 Metaspace       used 137275K, capacity 142093K, committed 145472K, reserved 1175552K
  class space    used 16461K, capacity 18151K, committed 18688K, reserved 1048576K
}
Event: 19340.245 GC heap after
{Heap after GC invocations=285 (full 0):
 garbage-first heap   total 312320K, used 117001K [0x0000000080000000, 0x0000000100000000)
  region size 1024K, 4 young (4096K), 4 survivors (4096K)
 Metaspace       used 137275K, capacity 142093K, committed 145472K, reserved 1175552K
  class space    used 16461K, capacity 18151K, committed 18688K, reserved 1048576K
}
Event: 19340.894 GC heap before
{Heap before GC invocations=286 (full 0):
 garbage-first heap   total 312320K, used 240766K [0x0000000080000000, 0x0000000100000000)
  region size 1024K, 124 young (126976K), 4 survivors (4096K)
 Metaspace       used 137007K, capacity 141769K, committed 145472K, reserved 1175552K
  class space    used 16423K, capacity 18107K, committed 18688K, reserved 1048576K
}
Event: 19340.901 GC heap after
{Heap after GC invocations=287 (full 0):
 garbage-first heap   total 312320K, used 126572K [0x0000000080000000, 0x0000000100000000)
  region size 1024K, 12 young (12288K), 12 survivors (12288K)
 Metaspace       used 137007K, capacity 141769K, committed 145472K, reserved 1175552K
  class space    used 16423K, capacity 18107K, committed 18688K, reserved 1048576K
}
Event: 19340.911 GC heap before
{Heap before GC invocations=287 (full 0):
 garbage-first heap   total 312320K, used 129644K [0x0000000080000000, 0x0000000100000000)
  region size 1024K, 15 young (15360K), 12 survivors (12288K)
 Metaspace       used 137011K, capacity 141769K, committed 145472K, reserved 1175552K
  class space    used 16423K, capacity 18107K, committed 18688K, reserved 1048576K
}
Event: 19340.919 GC heap after
{Heap after GC invocations=288 (full 0):
 garbage-first heap   total 312320K, used 105487K [0x0000000080000000, 0x0000000100000000)
  region size 1024K, 2 young (2048K), 2 survivors (2048K)
 Metaspace       used 137011K, capacity 141769K, committed 145472K, reserved 1175552K
  class space    used 16423K, capacity 18107K, committed 18688K, reserved 1048576K
}
Event: 19342.743 GC heap before
{Heap before GC invocations=288 (full 0):
 garbage-first heap   total 312320K, used 181263K [0x0000000080000000, 0x0000000100000000)
  region size 1024K, 78 young (79872K), 2 survivors (2048K)
 Metaspace       used 137097K, capacity 141897K, committed 145472K, reserved 1175552K
  class space    used 16432K, capacity 18107K, committed 18688K, reserved 1048576K
}
Event: 19342.748 GC heap after
{Heap after GC invocations=289 (full 0):
 garbage-first heap   total 312320K, used 108579K [0x0000000080000000, 0x0000000100000000)
  region size 1024K, 5 young (5120K), 5 survivors (5120K)
 Metaspace       used 137097K, capacity 141897K, committed 145472K, reserved 1175552K
  class space    used 16432K, capacity 18107K, committed 18688K, reserved 1048576K
}

Deoptimization events (20 events):
Event: 19340.881 Thread 0x000001aedc32f000 Uncommon trap: trap_request=0xffffffc6 fr.pc=0x000001aecb75659c relative=0x0000000000000b3c
Event: 19340.881 Thread 0x000001aedc32f000 Uncommon trap: reason=bimorphic_or_optimized_type_check action=maybe_recompile pc=0x000001aecb75659c method=lombok.javac.JavacNode.traverse(Llombok/javac/JavacASTVisitor;)V @ 73 c2
Event: 19340.881 Thread 0x000001aedc32f000 DEOPT PACKING pc=0x000001aecb75659c sp=0x000000422f9f94e0
Event: 19340.881 Thread 0x000001aedc32f000 DEOPT UNPACKING pc=0x000001aec19278af sp=0x000000422f9f9488 mode 2
Event: 19340.881 Thread 0x000001aedc32f000 Uncommon trap: trap_request=0xffffffc6 fr.pc=0x000001aecb756a7c relative=0x000000000000101c
Event: 19340.881 Thread 0x000001aedc32f000 Uncommon trap: reason=bimorphic_or_optimized_type_check action=maybe_recompile pc=0x000001aecb756a7c method=lombok.javac.JavacNode.traverse(Llombok/javac/JavacASTVisitor;)V @ 113 c2
Event: 19340.881 Thread 0x000001aedc32f000 DEOPT PACKING pc=0x000001aecb756a7c sp=0x000000422f9f9410
Event: 19340.881 Thread 0x000001aedc32f000 DEOPT UNPACKING pc=0x000001aec19278af sp=0x000000422f9f93a8 mode 2
Event: 19340.881 Thread 0x000001aedc32f000 Uncommon trap: trap_request=0xffffffc6 fr.pc=0x000001aecb755e70 relative=0x0000000000000410
Event: 19340.881 Thread 0x000001aedc32f000 Uncommon trap: reason=bimorphic_or_optimized_type_check action=maybe_recompile pc=0x000001aecb755e70 method=lombok.javac.JavacNode.traverse(Llombok/javac/JavacASTVisitor;)V @ 490 c2
Event: 19340.881 Thread 0x000001aedc32f000 DEOPT PACKING pc=0x000001aecb755e70 sp=0x000000422f9f9330
Event: 19340.881 Thread 0x000001aedc32f000 DEOPT UNPACKING pc=0x000001aec19278af sp=0x000000422f9f92c0 mode 2
Event: 19340.881 Thread 0x000001aedc32f000 Uncommon trap: trap_request=0xffffffc6 fr.pc=0x000001aecb755e70 relative=0x0000000000000410
Event: 19340.881 Thread 0x000001aedc32f000 Uncommon trap: reason=bimorphic_or_optimized_type_check action=maybe_recompile pc=0x000001aecb755e70 method=lombok.javac.JavacNode.traverse(Llombok/javac/JavacASTVisitor;)V @ 490 c2
Event: 19340.881 Thread 0x000001aedc32f000 DEOPT PACKING pc=0x000001aecb755e70 sp=0x000000422f9f9330
Event: 19340.881 Thread 0x000001aedc32f000 DEOPT UNPACKING pc=0x000001aec19278af sp=0x000000422f9f92c0 mode 2
Event: 19341.764 Thread 0x000001aedb50e000 Uncommon trap: trap_request=0xffffff4d fr.pc=0x000001aec98c6e20 relative=0x0000000000000ce0
Event: 19341.764 Thread 0x000001aedb50e000 Uncommon trap: reason=unstable_if action=reinterpret pc=0x000001aec98c6e20 method=com.android.tools.r8.internal.Nf.b(I[Ljava/lang/Object;)Lcom/android/tools/r8/internal/Nf; @ 147 c2
Event: 19341.764 Thread 0x000001aedb50e000 DEOPT PACKING pc=0x000001aec98c6e20 sp=0x00000042305fc150
Event: 19341.764 Thread 0x000001aedb50e000 DEOPT UNPACKING pc=0x000001aec19278af sp=0x00000042305fc100 mode 2

Classes redefined (0 events):
No events

Internal exceptions (20 events):
Event: 19341.274 Thread 0x000001aedc32f000 Exception <a 'sun/nio/fs/WindowsException'{0x00000000907708e0}> (0x00000000907708e0) thrown at [./src/hotspot/share/prims/jni.cpp, line 615]
Event: 19341.274 Thread 0x000001aedc32f000 Exception <a 'sun/nio/fs/WindowsException'{0x0000000090771260}> (0x0000000090771260) thrown at [./src/hotspot/share/prims/jni.cpp, line 615]
Event: 19341.284 Thread 0x000001aedc32f000 Exception <a 'sun/nio/fs/WindowsException'{0x000000009078e3d8}> (0x000000009078e3d8) thrown at [./src/hotspot/share/prims/jni.cpp, line 615]
Event: 19341.284 Thread 0x000001aedc32f000 Exception <a 'sun/nio/fs/WindowsException'{0x000000009078f550}> (0x000000009078f550) thrown at [./src/hotspot/share/prims/jni.cpp, line 615]
Event: 19341.284 Thread 0x000001aedc32f000 Exception <a 'sun/nio/fs/WindowsException'{0x000000009078fe78}> (0x000000009078fe78) thrown at [./src/hotspot/share/prims/jni.cpp, line 615]
Event: 19341.293 Thread 0x000001aedc32f000 Exception <a 'sun/nio/fs/WindowsException'{0x00000000907df058}> (0x00000000907df058) thrown at [./src/hotspot/share/prims/jni.cpp, line 615]
Event: 19341.293 Thread 0x000001aedc32f000 Exception <a 'sun/nio/fs/WindowsException'{0x00000000907e0208}> (0x00000000907e0208) thrown at [./src/hotspot/share/prims/jni.cpp, line 615]
Event: 19341.293 Thread 0x000001aedc32f000 Exception <a 'sun/nio/fs/WindowsException'{0x00000000907e0c40}> (0x00000000907e0c40) thrown at [./src/hotspot/share/prims/jni.cpp, line 615]
Event: 19341.301 Thread 0x000001aedc32f000 Exception <a 'sun/nio/fs/WindowsException'{0x000000009062c2d8}> (0x000000009062c2d8) thrown at [./src/hotspot/share/prims/jni.cpp, line 615]
Event: 19341.301 Thread 0x000001aedc32f000 Exception <a 'sun/nio/fs/WindowsException'{0x000000009062d490}> (0x000000009062d490) thrown at [./src/hotspot/share/prims/jni.cpp, line 615]
Event: 19341.301 Thread 0x000001aedc32f000 Exception <a 'sun/nio/fs/WindowsException'{0x000000009062df18}> (0x000000009062df18) thrown at [./src/hotspot/share/prims/jni.cpp, line 615]
Event: 19341.309 Thread 0x000001aedc32f000 Exception <a 'sun/nio/fs/WindowsException'{0x00000000906aff40}> (0x00000000906aff40) thrown at [./src/hotspot/share/prims/jni.cpp, line 615]
Event: 19341.309 Thread 0x000001aedc32f000 Exception <a 'sun/nio/fs/WindowsException'{0x00000000906b10d8}> (0x00000000906b10d8) thrown at [./src/hotspot/share/prims/jni.cpp, line 615]
Event: 19341.309 Thread 0x000001aedc32f000 Exception <a 'sun/nio/fs/WindowsException'{0x00000000906b1ab0}> (0x00000000906b1ab0) thrown at [./src/hotspot/share/prims/jni.cpp, line 615]
Event: 19341.734 Thread 0x000001aedb50f800 Exception <a 'sun/nio/fs/WindowsException'{0x000000008fef3ea8}> (0x000000008fef3ea8) thrown at [./src/hotspot/share/prims/jni.cpp, line 615]
Event: 19341.734 Thread 0x000001aedb50e000 Exception <a 'sun/nio/fs/WindowsException'{0x000000008fe4d3e0}> (0x000000008fe4d3e0) thrown at [./src/hotspot/share/prims/jni.cpp, line 615]
Event: 19341.765 Thread 0x000001aedb50f800 Exception <a 'sun/nio/fs/WindowsException'{0x000000008f955b20}> (0x000000008f955b20) thrown at [./src/hotspot/share/prims/jni.cpp, line 615]
Event: 19341.785 Thread 0x000001aedb50e000 Exception <a 'sun/nio/fs/WindowsException'{0x000000008f88f8b8}> (0x000000008f88f8b8) thrown at [./src/hotspot/share/prims/jni.cpp, line 615]
Event: 19342.168 Thread 0x000001aedb512000 Exception <a 'sun/nio/fs/WindowsException'{0x000000008fc67d20}> (0x000000008fc67d20) thrown at [./src/hotspot/share/prims/jni.cpp, line 615]
Event: 19342.208 Thread 0x000001aedb512000 Exception <a 'sun/nio/fs/WindowsException'{0x000000008f4a7c18}> (0x000000008f4a7c18) thrown at [./src/hotspot/share/prims/jni.cpp, line 615]

Events (20 events):
Event: 19342.801 Executing VM operation: CGC_Operation
Event: 19342.810 Executing VM operation: CGC_Operation done
Event: 19342.840 Executing VM operation: CGC_Operation
Event: 19342.840 Executing VM operation: CGC_Operation done
Event: 19342.858 Thread 0x000001aedc5e6800 Thread exited: 0x000001aedc5e6800
Event: 19343.016 Thread 0x000001aedc33c800 Thread exited: 0x000001aedc33c800
Event: 19343.016 Thread 0x000001aedc32f800 Thread exited: 0x000001aedc32f800
Event: 19343.016 Executing VM operation: RevokeBias
Event: 19343.016 Thread 0x000001aedc33b000 Thread exited: 0x000001aedc33b000
Event: 19343.016 Thread 0x000001aedc33a000 Thread exited: 0x000001aedc33a000
Event: 19343.017 Executing VM operation: RevokeBias done
Event: 19343.017 Executing VM operation: RevokeBias
Event: 19343.017 Thread 0x000001aedc32f000 Thread exited: 0x000001aedc32f000
Event: 19343.017 Executing VM operation: RevokeBias done
Event: 19343.017 Executing VM operation: BulkRevokeBias
Event: 19343.017 Executing VM operation: BulkRevokeBias done
Event: 19343.018 Executing VM operation: RevokeBias
Event: 19343.018 Executing VM operation: RevokeBias done
Event: 19343.018 Executing VM operation: RevokeBias
Event: 19343.018 Executing VM operation: RevokeBias done


Dynamic libraries:
0x00007ff7b18a0000 - 0x00007ff7b18aa000 	C:\Program Files\Android\Android Studio\jre\bin\java.exe
0x00007ffac8530000 - 0x00007ffac8725000 	C:\WINDOWS\SYSTEM32\ntdll.dll
0x00007ffac7aa0000 - 0x00007ffac7b5e000 	C:\WINDOWS\System32\KERNEL32.DLL
0x00007ffac5d50000 - 0x00007ffac6019000 	C:\WINDOWS\System32\KERNELBASE.dll
0x00007ffac5c50000 - 0x00007ffac5d50000 	C:\WINDOWS\System32\ucrtbase.dll
0x00007ffa980d0000 - 0x00007ffa980e9000 	C:\Program Files\Android\Android Studio\jre\bin\jli.dll
0x00007ffa90410000 - 0x00007ffa90427000 	C:\Program Files\Android\Android Studio\jre\bin\VCRUNTIME140.dll
0x00007ffac7f80000 - 0x00007ffac8121000 	C:\WINDOWS\System32\USER32.dll
0x00007ffac64a0000 - 0x00007ffac64c2000 	C:\WINDOWS\System32\win32u.dll
0x00007ffab5760000 - 0x00007ffab59fa000 	C:\WINDOWS\WinSxS\amd64_microsoft.windows.common-controls_6595b64144ccf1df_6.0.19041.1110_none_60b5254171f9507e\COMCTL32.dll
0x00007ffac6d00000 - 0x00007ffac6d2b000 	C:\WINDOWS\System32\GDI32.dll
0x00007ffac83b0000 - 0x00007ffac844e000 	C:\WINDOWS\System32\msvcrt.dll
0x00007ffac6170000 - 0x00007ffac627b000 	C:\WINDOWS\System32\gdi32full.dll
0x00007ffac6020000 - 0x00007ffac60bd000 	C:\WINDOWS\System32\msvcp_win.dll
0x00007ffac81b0000 - 0x00007ffac81e0000 	C:\WINDOWS\System32\IMM32.DLL
0x00007ffa16130000 - 0x00007ffa161cd000 	C:\Program Files\Android\Android Studio\jre\bin\msvcp140.dll
0x00007ff9f9b70000 - 0x00007ff9fa63f000 	C:\Program Files\Android\Android Studio\jre\bin\server\jvm.dll
0x00007ffac7b60000 - 0x00007ffac7c0c000 	C:\WINDOWS\System32\ADVAPI32.dll
0x00007ffac8450000 - 0x00007ffac84eb000 	C:\WINDOWS\System32\sechost.dll
0x00007ffac6660000 - 0x00007ffac678a000 	C:\WINDOWS\System32\RPCRT4.dll
0x00007ffac7f70000 - 0x00007ffac7f78000 	C:\WINDOWS\System32\PSAPI.DLL
0x00007ffabb380000 - 0x00007ffabb3a7000 	C:\WINDOWS\SYSTEM32\WINMM.dll
0x00007ffaaeae0000 - 0x00007ffaaeae9000 	C:\WINDOWS\SYSTEM32\WSOCK32.dll
0x00007ffabb3b0000 - 0x00007ffabb3ba000 	C:\WINDOWS\SYSTEM32\VERSION.dll
0x00007ffac7550000 - 0x00007ffac75bb000 	C:\WINDOWS\System32\WS2_32.dll
0x00007ffac3b30000 - 0x00007ffac3b42000 	C:\WINDOWS\SYSTEM32\kernel.appcore.dll
0x00007ffaadd90000 - 0x00007ffaadda1000 	C:\Program Files\Android\Android Studio\jre\bin\verify.dll
0x00007ffabebe0000 - 0x00007ffabedc4000 	C:\WINDOWS\SYSTEM32\DBGHELP.DLL
0x00007ffaae540000 - 0x00007ffaae56c000 	C:\WINDOWS\SYSTEM32\dbgcore.DLL
0x00007ffac63e0000 - 0x00007ffac6463000 	C:\WINDOWS\System32\bcryptPrimitives.dll
0x00007ffaa3f50000 - 0x00007ffaa3f79000 	C:\Program Files\Android\Android Studio\jre\bin\java.dll
0x00007ffabe620000 - 0x00007ffabe62b000 	C:\Program Files\Android\Android Studio\jre\bin\jimage.dll
0x00007ffaa3f30000 - 0x00007ffaa3f48000 	C:\Program Files\Android\Android Studio\jre\bin\zip.dll
0x00007ffac6d30000 - 0x00007ffac746f000 	C:\WINDOWS\System32\SHELL32.dll
0x00007ffac3d30000 - 0x00007ffac44c0000 	C:\WINDOWS\SYSTEM32\windows.storage.dll
0x00007ffac7c10000 - 0x00007ffac7f65000 	C:\WINDOWS\System32\combase.dll
0x00007ffac55c0000 - 0x00007ffac55ec000 	C:\WINDOWS\SYSTEM32\Wldp.dll
0x00007ffac81f0000 - 0x00007ffac829e000 	C:\WINDOWS\System32\SHCORE.dll
0x00007ffac82a0000 - 0x00007ffac82f5000 	C:\WINDOWS\System32\shlwapi.dll
0x00007ffac5b90000 - 0x00007ffac5baf000 	C:\WINDOWS\SYSTEM32\profapi.dll
0x00007ffaa2c30000 - 0x00007ffaa2c4a000 	C:\Program Files\Android\Android Studio\jre\bin\net.dll
0x00007ffab8f90000 - 0x00007ffab9098000 	C:\WINDOWS\SYSTEM32\WINHTTP.dll
0x00007ffac53a0000 - 0x00007ffac540a000 	C:\WINDOWS\system32\mswsock.dll
0x00007ffa992b0000 - 0x00007ffa992c4000 	C:\Program Files\Android\Android Studio\jre\bin\nio.dll
0x00007ffa90b20000 - 0x00007ffa90b47000 	C:\Users\Julien\.gradle\native\8bec1ad78214c89d9ad589b4d07fe93259594b29d510b10fafb7a158f7737e5d\windows-amd64\native-platform.dll
0x00007ffa16450000 - 0x00007ffa1658d000 	C:\Users\Julien\.gradle\native\53dbd7edfb1c66fb8903c78663c9afc45aea4f116125fa6feffd364cf09443e8\windows-amd64\native-platform-file-events.dll
0x00007ffab3b70000 - 0x00007ffab3b7a000 	C:\Program Files\Android\Android Studio\jre\bin\management.dll
0x00007ffab35f0000 - 0x00007ffab35fc000 	C:\Program Files\Android\Android Studio\jre\bin\management_ext.dll
0x00007ffac5600000 - 0x00007ffac5618000 	C:\WINDOWS\SYSTEM32\CRYPTSP.dll
0x00007ffac4cd0000 - 0x00007ffac4d04000 	C:\WINDOWS\system32\rsaenh.dll
0x00007ffac6470000 - 0x00007ffac6497000 	C:\WINDOWS\System32\bcrypt.dll
0x00007ffac5b50000 - 0x00007ffac5b7e000 	C:\WINDOWS\SYSTEM32\USERENV.dll
0x00007ffac5530000 - 0x00007ffac553c000 	C:\WINDOWS\SYSTEM32\CRYPTBASE.dll
0x00007ffac5060000 - 0x00007ffac509b000 	C:\WINDOWS\SYSTEM32\IPHLPAPI.DLL
0x00007ffac81e0000 - 0x00007ffac81e8000 	C:\WINDOWS\System32\NSI.dll
0x00007ffabfb30000 - 0x00007ffabfb47000 	C:\WINDOWS\SYSTEM32\dhcpcsvc6.DLL
0x00007ffabfb10000 - 0x00007ffabfb2d000 	C:\WINDOWS\SYSTEM32\dhcpcsvc.DLL
0x00007ffac50a0000 - 0x00007ffac516c000 	C:\WINDOWS\SYSTEM32\DNSAPI.dll
0x00007ffa90b50000 - 0x00007ffa90b77000 	C:\Program Files\Android\Android Studio\jre\bin\sunec.dll

dbghelp: loaded successfully - version: 4.0.5 - missing functions: none
symbol engine: initialized successfully - sym options: 0x614 - pdb path: .;C:\Program Files\Android\Android Studio\jre\bin;C:\WINDOWS\SYSTEM32;C:\WINDOWS\WinSxS\amd64_microsoft.windows.common-controls_6595b64144ccf1df_6.0.19041.1110_none_60b5254171f9507e;C:\Program Files\Android\Android Studio\jre\bin\server;C:\Users\Julien\.gradle\native\8bec1ad78214c89d9ad589b4d07fe93259594b29d510b10fafb7a158f7737e5d\windows-amd64;C:\Users\Julien\.gradle\native\53dbd7edfb1c66fb8903c78663c9afc45aea4f116125fa6feffd364cf09443e8\windows-amd64

VM Arguments:
jvm_args: --add-opens=java.base/java.util=ALL-UNNAMED --add-opens=java.base/java.lang=ALL-UNNAMED --add-opens=java.base/java.lang.invoke=ALL-UNNAMED --add-opens=java.base/java.util=ALL-UNNAMED --add-opens=java.prefs/java.util.prefs=ALL-UNNAMED --add-opens=java.prefs/java.util.prefs=ALL-UNNAMED --add-opens=java.base/java.nio.charset=ALL-UNNAMED --add-opens=java.base/java.net=ALL-UNNAMED --add-opens=java.base/java.util.concurrent.atomic=ALL-UNNAMED -Xmx2048m -Dfile.encoding=UTF-8 -Duser.country=FR -Duser.language=fr -Duser.variant 
java_command: org.gradle.launcher.daemon.bootstrap.GradleDaemon 7.0.2
java_class_path (initial): C:\Users\Julien\.gradle\wrapper\dists\gradle-7.0.2-bin\857tjihv64xamwrf0h14cai3r\gradle-7.0.2\lib\gradle-launcher-7.0.2.jar
Launcher Type: SUN_STANDARD

[Global flags]
     intx CICompilerCount                          = 3                                         {product} {ergonomic}
     uint ConcGCThreads                            = 2                                         {product} {ergonomic}
     uint G1ConcRefinementThreads                  = 6                                         {product} {ergonomic}
   size_t G1HeapRegionSize                         = 1048576                                   {product} {ergonomic}
    uintx GCDrainStackTargetSize                   = 64                                        {product} {ergonomic}
   size_t InitialHeapSize                          = 266338304                                 {product} {ergonomic}
   size_t MarkStackSize                            = 4194304                                   {product} {ergonomic}
   size_t MaxHeapSize                              = 2147483648                                {product} {command line}
   size_t MaxNewSize                               = 1287651328                                {product} {ergonomic}
   size_t MinHeapDeltaBytes                        = 1048576                                   {product} {ergonomic}
    uintx NonNMethodCodeHeapSize                   = 5830732                                {pd product} {ergonomic}
    uintx NonProfiledCodeHeapSize                  = 122913754                              {pd product} {ergonomic}
    uintx ProfiledCodeHeapSize                     = 122913754                              {pd product} {ergonomic}
    uintx ReservedCodeCacheSize                    = 251658240                              {pd product} {ergonomic}
     bool SegmentedCodeCache                       = true                                      {product} {ergonomic}
     bool UseCompressedClassPointers               = true                                 {lp64_product} {ergonomic}
     bool UseCompressedOops                        = true                                 {lp64_product} {ergonomic}
     bool UseG1GC                                  = true                                      {product} {ergonomic}
     bool UseLargePagesIndividualAllocation        = false                                  {pd product} {ergonomic}

Logging:
Log output configuration:
 #0: stdout all=warning uptime,level,tags
 #1: stderr all=off uptime,level,tags

Environment Variables:
PATH=C:\Program Files\iis express\PHP\v7.4;C:\Program Files\Common Files\Oracle\Java\javapath;C:\Program Files (x86)\NVIDIA Corporation\PhysX\Common;C:\Program Files (x86)\Common Files\Oracle\Java\javapath;C:\WINDOWS\system32;C:\WINDOWS;C:\WINDOWS\System32\Wbem;C:\WINDOWS\System32\WindowsPowerShell\v1.0\;C:\WINDOWS\System32\OpenSSH\;C:\Program Files\dotnet\;C:\Program Files\Microsoft SQL Server\130\Tools\Binn\;C:\Program Files\Microsoft SQL Server\Client SDK\ODBC\170\Tools\Binn\;C:\Program Files (x86)\GtkSharp\2.12\bin;C:\Program Files\Microsoft VS Code\bin;C:\Program Files\PuTTY\;C:\Program Files (x86)\Touch Portal\plugins\adb\platform-tools;C:\Program Files\Microsoft SQL Server\Client SDK\ODBC\110\Tools\Binn\;C:\Program Files (x86)\Windows Kits\8.1\Windows Performance Toolkit\;C:\Program Files (x86)\Microsoft SQL Server\120\Tools\Binn\;C:\Program Files\Microsoft SQL Server\120\Tools\Binn\;C:\Program Files\Microsoft SQL Server\120\DTS\Binn\;C:\ProgramData\chocolatey\bin;C:\Program Files (x86)\dotnet\;C:\Program F;F:\composer;C:\Users\Julien\AppData\Local\Microsoft\WindowsApps;C:\Users\Julien\AppData\Roaming\Dashlane\6.1907.0.17833\bin\Firefox_Extension\{442718d9-475e-452a-b3e1-fb1ee16b8e9f}\components;C:\Users\Julien\AppData\Roaming\Dashlane\6.1907.0.17833\ucrt;C:\Users\Julien\AppData\Roaming\Dashlane\6.1907.0.17833\bin\Qt;C:\Users\Julien\AppData\Roaming\Dashlane\6.1907.0.17833\bin\Ssl;C:\Users\Julien\.dotnet\tools;C:\Users\Julien\AppData\Local\GitHubDesktop\bin;C:\Users\Julien\AppData\Roaming\npm;C:\Users\Julien\AppData\Roaming\Composer\vendor\bin
USERNAME=Julien
OS=Windows_NT
PROCESSOR_IDENTIFIER=Intel64 Family 6 Model 158 Stepping 10, GenuineIntel



---------------  S Y S T E M  ---------------

OS: Windows 10 , 64 bit Build 19041 (10.0.19041.1202)
OS uptime: 0 days 13:14 hours
Hyper-V role detected

CPU:total 6 (initial active 6) (6 cores per cpu, 1 threads per core) family 6 model 158 stepping 10 microcode 0xb4, cmov, cx8, fxsr, mmx, sse, sse2, sse3, ssse3, sse4.1, sse4.2, popcnt, avx, avx2, aes, clmul, erms, rtm, 3dnowpref, lzcnt, tsc, tscinvbit, bmi1, bmi2, adx, fma

Memory: 4k page, system-wide physical 16225M (4193M free)
TotalPageFile size 27010M (AvailPageFile size 3474M)
current process WorkingSet (physical memory assigned to process): 679M, peak: 689M
current process commit charge ("private bytes"): 760M, peak: 769M

vm_info: OpenJDK 64-Bit Server VM (11.0.10+0-b96-7249189) for windows-amd64 JRE (11.0.10+0-b96-7249189), built on Mar 31 2021 21:44:00 by "builder" with MS VC++ 14.0 (VS2015)

END.
