#
# A fatal error has been detected by the Java Runtime Environment:
#
#  EXCEPTION_ACCESS_VIOLATION (0xc0000005) at pc=0x00007ffa1646c4be, pid=15224, tid=4048
#
# JRE version: OpenJDK Runtime Environment (11.0.10) (build 11.0.10+0-b96-7249189)
# Java VM: OpenJDK 64-Bit Server VM (11.0.10+0-b96-7249189, mixed mode, tiered, compressed oops, g1 gc, windows-amd64)
# Problematic frame:
# C  [native-platform-file-events.dll+0x1c4be]
#
# No core dump will be written. Minidumps are not enabled by default on client versions of Windows
#
# If you would like to submit a bug report, please visit:
#   https://bugreport.java.com/bugreport/crash.jsp
# The crash happened outside the Java Virtual Machine in native code.
# See problematic frame for where to report the bug.
#

---------------  S U M M A R Y ------------

Command Line: --add-opens=java.base/java.util=ALL-UNNAMED --add-opens=java.base/java.lang=ALL-UNNAMED --add-opens=java.base/java.lang.invoke=ALL-UNNAMED --add-opens=java.base/java.util=ALL-UNNAMED --add-opens=java.prefs/java.util.prefs=ALL-UNNAMED --add-opens=java.prefs/java.util.prefs=ALL-UNNAMED --add-opens=java.base/java.nio.charset=ALL-UNNAMED --add-opens=java.base/java.net=ALL-UNNAMED --add-opens=java.base/java.util.concurrent.atomic=ALL-UNNAMED -Xmx2048m -Dfile.encoding=UTF-8 -Duser.country=FR -Duser.language=fr -Duser.variant org.gradle.launcher.daemon.bootstrap.GradleDaemon 7.0.2

Host: Intel(R) Core(TM) i5-8600K CPU @ 3.60GHz, 6 cores, 15G,  Windows 10 , 64 bit Build 19041 (10.0.19041.1202)
Time: Sun Sep 19 00:12:10 2021 Paris, Madrid (heure d’été) elapsed time: 619.815304 seconds (0d 0h 10m 19s)

---------------  T H R E A D  ---------------

Current thread (0x000002663babe000):  JavaThread "File watcher server" daemon [_thread_in_native, id=4048, stack(0x000000e8ae100000,0x000000e8ae200000)]

Stack: [0x000000e8ae100000,0x000000e8ae200000],  sp=0x000000e8ae1fea10,  free space=1018k
Native frames: (J=compiled Java code, j=interpreted, Vv=VM code, C=native code)
C  [native-platform-file-events.dll+0x1c4be]

Java frames: (J=compiled Java code, j=interpreted, Vv=VM code)
j  net.rubygrapefruit.platform.internal.jni.AbstractFileEventFunctions$NativeFileWatcher.executeRunLoop0(Ljava/lang/Object;)V+0
j  net.rubygrapefruit.platform.internal.jni.AbstractFileEventFunctions$NativeFileWatcher.access$100(Lnet/rubygrapefruit/platform/internal/jni/AbstractFileEventFunctions$NativeFileWatcher;Ljava/lang/Object;)V+2
j  net.rubygrapefruit.platform.internal.jni.AbstractFileEventFunctions$NativeFileWatcher$1.run()V+26
v  ~StubRoutines::call_stub

siginfo: EXCEPTION_ACCESS_VIOLATION (0xc0000005), reading address 0xffffffffffffffff


Register to memory mapping:

RIP=0x00007ffa1646c4be native-platform-file-events.dll
RAX=0x0065006c00690066 is an unknown value
RBX=0x0000000000000001 is an unknown value
RCX=0x0065006c00690066 is an unknown value
RDX=0x000000e8ae1fea68 is pointing into the stack for thread: 0x000002663babe000
RSP=0x000000e8ae1fea10 is pointing into the stack for thread: 0x000002663babe000
RBP=0x000000e8ae1ff408 is pointing into the stack for thread: 0x000002663babe000
RSI=0x0 is NULL
RDI=
[error occurred during error reporting (printing register info), id 0xc0000005, EXCEPTION_ACCESS_VIOLATION (0xc0000005) at pc=0x00007ff9f9e49dc7]

Registers:
RAX=0x0065006c00690066, RBX=0x0000000000000001, RCX=0x0065006c00690066, RDX=0x000000e8ae1fea68
RSP=0x000000e8ae1fea10, RBP=0x000000e8ae1ff408, RSI=0x0000000000000000, RDI=0x00000000ffffffff
R8 =0x000000e8ae1fea70, R9 =0x000000007ffeb000, R10=0x0000000000000001, R11=0xfffffffffa09f475
R12=0x0000000000000000, R13=0x000002663dc5fbe8, R14=0x000000e8ae1ff430, R15=0x000002663babe000
RIP=0x00007ffa1646c4be, EFLAGS=0x0000000000010202

Top of Stack: (sp=0x000000e8ae1fea10)
0x000000e8ae1fea10:   00002bf81a82ca10 00002bf8112fa834
0x000000e8ae1fea20:   00002bf81a82ca10 00007ffa16487be5
0x000000e8ae1fea30:   000000e8ae1feae8 000000e8ae1fea68
0x000000e8ae1fea40:   000000e800000000 000000e8ae1fea78
0x000000e8ae1fea50:   000000e8ae1f0001 000000708fa00724
0x000000e8ae1fea60:   000000e8ae1fea70 000000000000009c
0x000000e8ae1fea70:   00002bf8112fa834 00002bf81a82ca10
0x000000e8ae1fea80:   000000e8ae1ff430 00007ffa16487777
0x000000e8ae1fea90:   000000e8ae1feae8 000000e8ae1feae0
0x000000e8ae1feaa0:   0000026639318fe0 000002661be70000
0x000000e8ae1feab0:   0000000000000000 00007ffa16478bee
0x000000e8ae1feac0:   00002bf81a82ca10 000000000000009c
0x000000e8ae1fead0:   000000e8accfbe50 00007ffac5c5f05b
0x000000e8ae1feae0:   0000cc1cf320a9a7 000000000000009c
0x000000e8ae1feaf0:   000000000070006f 00007ffa1646c6ec
0x000000e8ae1feb00:   0065006c00690066 000000e800000003 

Instructions: (pc=0x00007ffa1646c4be)
0x00007ffa1646c3be:   8b 00 48 89 44 24 38 48 8b 44 24 38 48 89 44 24
0x00007ffa1646c3ce:   58 48 8b 84 24 b0 00 00 00 48 83 c0 08 48 89 44
0x00007ffa1646c3de:   24 40 48 8d 54 24 70 48 8b 4c 24 40 e8 26 50 fe
0x00007ffa1646c3ee:   ff 48 8b 00 48 89 44 24 48 48 8b 44 24 48 48 89
0x00007ffa1646c3fe:   44 24 60 4c 8b 4c 24 50 4c 8b 44 24 58 48 8b 54
0x00007ffa1646c40e:   24 60 48 8d 4c 24 78 e8 31 92 fe ff 48 8d 4c 24
0x00007ffa1646c41e:   78 e8 8b 6a fe ff 48 8b c8 ff 15 db ab 11 00 89
0x00007ffa1646c42e:   44 24 24 83 7c 24 24 ff 74 15 8b 44 24 24 83 e0
0x00007ffa1646c43e:   10 85 c0 74 0a c7 44 24 28 01 00 00 00 eb 08 c7
0x00007ffa1646c44e:   44 24 28 00 00 00 00 0f b6 44 24 28 88 44 24 20
0x00007ffa1646c45e:   48 8d 4c 24 78 e8 1f 97 fe ff 0f b6 44 24 20 48
0x00007ffa1646c46e:   8b 8c 24 98 00 00 00 48 33 cc e8 8f 76 fe ff 48
0x00007ffa1646c47e:   81 c4 a8 00 00 00 c3 cc cc cc cc cc cc cc cc cc
0x00007ffa1646c48e:   cc cc 48 89 4c 24 08 48 81 ec e8 00 00 00 48 8b
0x00007ffa1646c49e:   05 a5 7d 10 00 48 33 c4 48 89 84 24 d0 00 00 00
0x00007ffa1646c4ae:   c7 44 24 30 00 00 00 00 48 8b 84 24 f0 00 00 00
0x00007ffa1646c4be:   83 78 68 03 0f 84 02 01 00 00 48 8b 84 24 f0 00
0x00007ffa1646c4ce:   00 00 48 8b 48 28 ff 15 36 ab 11 00 89 44 24 38
0x00007ffa1646c4de:   83 7c 24 38 00 0f 85 d0 00 00 00 ba 07 00 00 00
0x00007ffa1646c4ee:   48 8b 0d 1b b0 10 00 e8 48 a4 fe ff 88 44 24 34
0x00007ffa1646c4fe:   0f b6 44 24 34 85 c0 0f 84 90 00 00 00 ff 15 07
0x00007ffa1646c50e:   ab 11 00 89 44 24 3c 48 8b 84 24 f0 00 00 00 48
0x00007ffa1646c51e:   83 c0 08 48 8b d0 48 8d 8c 24 90 00 00 00 e8 05
0x00007ffa1646c52e:   51 fe ff 48 89 44 24 40 48 8b 44 24 40 48 89 44
0x00007ffa1646c53e:   24 48 8b 44 24 30 83 c8 01 89 44 24 30 48 8b 4c
0x00007ffa1646c54e:   24 48 e8 d5 52 fe ff 48 89 44 24 50 48 8b 84 24
0x00007ffa1646c55e:   f0 00 00 00 48 8b 40 28 48 89 44 24 58 8b 44 24
0x00007ffa1646c56e:   3c 89 44 24 28 48 8b 44 24 50 48 89 44 24 20 4c
0x00007ffa1646c57e:   8b 4c 24 58 4c 8d 05 77 af 0d 00 ba 07 00 00 00
0x00007ffa1646c58e:   48 8b 0d 7b af 10 00 e8 f8 71 fe ff 90 8b 44 24
0x00007ffa1646c59e:   30 83 e0 01 85 c0 74 13 83 64 24 30 fe 48 8d 8c
0x00007ffa1646c5ae:   24 90 00 00 00 e8 e7 5a fe ff 90 eb 00 48 8b 84 


Stack slot to memory mapping:
stack at sp + 0 slots: 0x00002bf81a82ca10 is an unknown value
stack at sp + 1 slots: 0x00002bf8112fa834 is an unknown value
stack at sp + 2 slots: 0x00002bf81a82ca10 is an unknown value
stack at sp + 3 slots: 0x00007ffa16487be5 native-platform-file-events.dll
stack at sp + 4 slots: 0x000000e8ae1feae8 is pointing into the stack for thread: 0x000002663babe000
stack at sp + 5 slots: 0x000000e8ae1fea68 is pointing into the stack for thread: 0x000002663babe000
stack at sp + 6 slots: 0x000000e800000000 is an unknown value
stack at sp + 7 slots: 0x000000e8ae1fea78 is pointing into the stack for thread: 0x000002663babe000


---------------  P R O C E S S  ---------------

Threads class SMR info:
_java_thread_list=0x0000026644b9c020, length=57, elements={
0x000002661e05e800, 0x00000266388e6000, 0x00000266388e9800, 0x0000026638947000,
0x0000026638948000, 0x000002663894a000, 0x000002663894e000, 0x000002663894f800,
0x0000026638959000, 0x0000026638ad6000, 0x000002663a4e8000, 0x000002663add1000,
0x000002663a069800, 0x000002663aeac000, 0x000002663aea9800, 0x000002663aeab000,
0x000002663babe000, 0x000002663babb000, 0x000002663baba000, 0x000002663bac5800,
0x000002663bac1800, 0x000002663bac2000, 0x000002663babf800, 0x000002663c8f3800,
0x000002663c8ee000, 0x000002663c8f4800, 0x000002663c8f5000, 0x000002663ab35000,
0x000002663ab3a800, 0x000002663c8f0000, 0x000002663c8f7000, 0x000002663c8ed000,
0x000002663c8f2800, 0x000002663c8f1000, 0x000002663c8ef800, 0x000002663c8fb800,
0x000002663c8fa000, 0x000002663c8f8800, 0x000002663c8f6000, 0x000002663c8f7800,
0x000002663c8fb000, 0x0000026642118000, 0x0000026642115000, 0x000002664211a800,
0x0000026642116800, 0x000002664211b800, 0x0000026642115800, 0x0000026642122000,
0x0000026642121000, 0x000002663ab36000, 0x000002663ab30000, 0x000002663ab36800,
0x000002663ab34000, 0x000002663ab33800, 0x000002663ab37800, 0x000002663ab31800,
0x000002663ab3e000
}

Java Threads: ( => current thread )
  0x000002661e05e800 JavaThread "main" [_thread_blocked, id=13600, stack(0x000000e8abb00000,0x000000e8abc00000)]
  0x00000266388e6000 JavaThread "Reference Handler" daemon [_thread_blocked, id=4436, stack(0x000000e8ac200000,0x000000e8ac300000)]
  0x00000266388e9800 JavaThread "Finalizer" daemon [_thread_blocked, id=2072, stack(0x000000e8ac300000,0x000000e8ac400000)]
  0x0000026638947000 JavaThread "Signal Dispatcher" daemon [_thread_blocked, id=1800, stack(0x000000e8ac400000,0x000000e8ac500000)]
  0x0000026638948000 JavaThread "Attach Listener" daemon [_thread_blocked, id=12948, stack(0x000000e8ac500000,0x000000e8ac600000)]
  0x000002663894a000 JavaThread "Service Thread" daemon [_thread_blocked, id=888, stack(0x000000e8ac600000,0x000000e8ac700000)]
  0x000002663894e000 JavaThread "C2 CompilerThread0" daemon [_thread_blocked, id=9196, stack(0x000000e8ac700000,0x000000e8ac800000)]
  0x000002663894f800 JavaThread "C1 CompilerThread0" daemon [_thread_blocked, id=9352, stack(0x000000e8ac800000,0x000000e8ac900000)]
  0x0000026638959000 JavaThread "Sweeper thread" daemon [_thread_blocked, id=14604, stack(0x000000e8ac900000,0x000000e8aca00000)]
  0x0000026638ad6000 JavaThread "Common-Cleaner" daemon [_thread_blocked, id=15900, stack(0x000000e8aca00000,0x000000e8acb00000)]
  0x000002663a4e8000 JavaThread "Daemon health stats" [_thread_blocked, id=3492, stack(0x000000e8ad200000,0x000000e8ad300000)]
  0x000002663add1000 JavaThread "Incoming local TCP Connector on port 60413" [_thread_in_native, id=11576, stack(0x000000e8ad300000,0x000000e8ad400000)]
  0x000002663a069800 JavaThread "Daemon periodic checks" [_thread_blocked, id=13440, stack(0x000000e8ad400000,0x000000e8ad500000)]
  0x000002663aeac000 JavaThread "Cache worker for file hash cache (C:\Users\Julien\.gradle\caches\7.0.2\fileHashes)" [_thread_blocked, id=13756, stack(0x000000e8adc00000,0x000000e8add00000)]
  0x000002663aea9800 JavaThread "File lock request listener" [_thread_in_native, id=5652, stack(0x000000e8add00000,0x000000e8ade00000)]
  0x000002663aeab000 JavaThread "Cache worker for journal cache (C:\Users\Julien\.gradle\caches\journal-1)" [_thread_blocked, id=12268, stack(0x000000e8adf00000,0x000000e8ae000000)]
=>0x000002663babe000 JavaThread "File watcher server" daemon [_thread_in_native, id=4048, stack(0x000000e8ae100000,0x000000e8ae200000)]
  0x000002663babb000 JavaThread "File watcher consumer" daemon [_thread_blocked, id=13072, stack(0x000000e8ae200000,0x000000e8ae300000)]
  0x000002663baba000 JavaThread "Cache worker for execution history cache (C:\Users\Julien\.gradle\caches\7.0.2\executionHistory)" [_thread_blocked, id=5708, stack(0x000000e8ae600000,0x000000e8ae700000)]
  0x000002663bac5800 JavaThread "jar transforms" [_thread_blocked, id=11920, stack(0x000000e8ae700000,0x000000e8ae800000)]
  0x000002663bac1800 JavaThread "jar transforms Thread 2" [_thread_blocked, id=4764, stack(0x000000e8ae800000,0x000000e8ae900000)]
  0x000002663bac2000 JavaThread "Cache worker for file content cache (C:\Users\Julien\.gradle\caches\7.0.2\fileContent)" [_thread_blocked, id=2464, stack(0x000000e8ae900000,0x000000e8aea00000)]
  0x000002663babf800 JavaThread "jar transforms Thread 3" [_thread_blocked, id=10260, stack(0x000000e8aeb00000,0x000000e8aec00000)]
  0x000002663c8f3800 JavaThread "jar transforms Thread 4" [_thread_blocked, id=9188, stack(0x000000e8af300000,0x000000e8af400000)]
  0x000002663c8ee000 JavaThread "jar transforms Thread 5" [_thread_blocked, id=16152, stack(0x000000e8af400000,0x000000e8af500000)]
  0x000002663c8f4800 JavaThread "jar transforms Thread 6" [_thread_blocked, id=8932, stack(0x000000e8af500000,0x000000e8af600000)]
  0x000002663c8f5000 JavaThread "Memory manager" [_thread_blocked, id=440, stack(0x000000e8af600000,0x000000e8af700000)]
  0x000002663ab35000 JavaThread "Cache worker for Java compile cache (C:\Users\Julien\.gradle\caches\7.0.2\javaCompile)" [_thread_blocked, id=7460, stack(0x000000e8afb00000,0x000000e8afc00000)]
  0x000002663ab3a800 JavaThread "ForkJoinPool.commonPool-worker-3" daemon [_thread_blocked, id=10252, stack(0x000000e8b0400000,0x000000e8b0500000)]
  0x000002663c8f0000 JavaThread "ForkJoinPool.commonPool-worker-13" daemon [_thread_blocked, id=14580, stack(0x000000e8ae400000,0x000000e8ae500000)]
  0x000002663c8f7000 JavaThread "ForkJoinPool.commonPool-worker-15" daemon [_thread_blocked, id=8912, stack(0x000000e8b0700000,0x000000e8b0800000)]
  0x000002663c8ed000 JavaThread "Daemon Thread 5" [_thread_blocked, id=10268, stack(0x000000e8ab800000,0x000000e8ab900000)]
  0x000002663c8f2800 JavaThread "Handler for socket connection from /127.0.0.1:60413 to /127.0.0.1:57060" [_thread_in_native, id=12196, stack(0x000000e8ab900000,0x000000e8aba00000)]
  0x000002663c8f1000 JavaThread "Cancel handler" [_thread_blocked, id=5568, stack(0x000000e8aba00000,0x000000e8abb00000)]
  0x000002663c8ef800 JavaThread "Daemon worker Thread 5" [_thread_blocked, id=12588, stack(0x000000e8acc00000,0x000000e8acd00000)]
  0x000002663c8fb800 JavaThread "Asynchronous log dispatcher for DefaultDaemonConnection: socket connection from /127.0.0.1:60413 to /127.0.0.1:57060" [_thread_blocked, id=15740, stack(0x000000e8ad500000,0x000000e8ad600000)]
  0x000002663c8fa000 JavaThread "Stdin handler" [_thread_blocked, id=16052, stack(0x000000e8ad600000,0x000000e8ad700000)]
  0x000002663c8f8800 JavaThread "Daemon client event forwarder" [_thread_blocked, id=7736, stack(0x000000e8ad700000,0x000000e8ad800000)]
  0x000002663c8f6000 JavaThread "Cache worker for file hash cache (X:\Programmation\WorkSpaces\AndroidStudio\DSP\.gradle\7.0.2\fileHashes)" [_thread_blocked, id=10220, stack(0x000000e8ad800000,0x000000e8ad900000)]
  0x000002663c8f7800 JavaThread "Cache worker for checksums cache (X:\Programmation\WorkSpaces\AndroidStudio\DSP\.gradle\checksums)" [_thread_blocked, id=1992, stack(0x000000e8ad900000,0x000000e8ada00000)]
  0x000002663c8fb000 JavaThread "Cache worker for cache directory md-rule (C:\Users\Julien\.gradle\caches\7.0.2\md-rule)" [_thread_blocked, id=4072, stack(0x000000e8adb00000,0x000000e8adc00000)]
  0x0000026642118000 JavaThread "Cache worker for dependencies-accessors (X:\Programmation\WorkSpaces\AndroidStudio\DSP\.gradle\7.0.2\dependencies-accessors)" [_thread_blocked, id=12272, stack(0x000000e8ae000000,0x000000e8ae100000)]
  0x0000026642115000 JavaThread "Build operations" [_thread_blocked, id=16224, stack(0x000000e8aea00000,0x000000e8aeb00000)]
  0x000002664211a800 JavaThread "Build operations Thread 2" [_thread_blocked, id=10372, stack(0x000000e8aec00000,0x000000e8aed00000)]
  0x0000026642116800 JavaThread "Build operations Thread 3" [_thread_blocked, id=8512, stack(0x000000e8aed00000,0x000000e8aee00000)]
  0x000002664211b800 JavaThread "Build operations Thread 4" [_thread_blocked, id=5792, stack(0x000000e8aee00000,0x000000e8aef00000)]
  0x0000026642115800 JavaThread "Build operations Thread 5" [_thread_blocked, id=6232, stack(0x000000e8aef00000,0x000000e8af000000)]
  0x0000026642122000 JavaThread "Build operations Thread 6" [_thread_blocked, id=948, stack(0x000000e8af000000,0x000000e8af100000)]
  0x0000026642121000 JavaThread "WorkerExecutor Queue" [_thread_blocked, id=12048, stack(0x000000e8b0000000,0x000000e8b0100000)]
  0x000002663ab36000 JavaThread "WorkerExecutor Queue Thread 2" [_thread_blocked, id=15848, stack(0x000000e8b0100000,0x000000e8b0200000)]
  0x000002663ab30000 JavaThread "WorkerExecutor Queue Thread 3" [_thread_blocked, id=15512, stack(0x000000e8b0200000,0x000000e8b0300000)]
  0x000002663ab36800 JavaThread "WorkerExecutor Queue Thread 4" [_thread_blocked, id=13140, stack(0x000000e8b0300000,0x000000e8b0400000)]
  0x000002663ab34000 JavaThread "WorkerExecutor Queue Thread 5" [_thread_blocked, id=4684, stack(0x000000e8b0500000,0x000000e8b0600000)]
  0x000002663ab33800 JavaThread "WorkerExecutor Queue Thread 6" [_thread_blocked, id=16120, stack(0x000000e8b0600000,0x000000e8b0700000)]
  0x000002663ab37800 JavaThread "WorkerExecutor Queue Thread 7" [_thread_blocked, id=9588, stack(0x000000e8b0900000,0x000000e8b0a00000)]
  0x000002663ab31800 JavaThread "ForkJoinPool.commonPool-worker-1" daemon [_thread_blocked, id=15576, stack(0x000000e8ae500000,0x000000e8ae600000)]
  0x000002663ab3e000 JavaThread "ForkJoinPool.commonPool-worker-5" daemon [_thread_blocked, id=7708, stack(0x000000e8b0800000,0x000000e8b0900000)]

Other Threads:
  0x00000266388e4000 VMThread "VM Thread" [stack: 0x000000e8ac100000,0x000000e8ac200000] [id=9296]
  0x0000026638af1000 WatcherThread [stack: 0x000000e8acb00000,0x000000e8acc00000] [id=14656]
  0x000002661e075800 GCTaskThread "GC Thread#0" [stack: 0x000000e8abc00000,0x000000e8abd00000] [id=3752]
  0x000002663955b800 GCTaskThread "GC Thread#1" [stack: 0x000000e8acd00000,0x000000e8ace00000] [id=16064]
  0x000002663959e000 GCTaskThread "GC Thread#2" [stack: 0x000000e8ace00000,0x000000e8acf00000] [id=5560]
  0x0000026639626800 GCTaskThread "GC Thread#3" [stack: 0x000000e8acf00000,0x000000e8ad000000] [id=5360]
  0x0000026639627000 GCTaskThread "GC Thread#4" [stack: 0x000000e8ad000000,0x000000e8ad100000] [id=7452]
  0x0000026639873000 GCTaskThread "GC Thread#5" [stack: 0x000000e8ad100000,0x000000e8ad200000] [id=7516]
  0x000002661e0aa000 ConcurrentGCThread "G1 Main Marker" [stack: 0x000000e8abd00000,0x000000e8abe00000] [id=1996]
  0x000002661e0ac000 ConcurrentGCThread "G1 Conc#0" [stack: 0x000000e8abe00000,0x000000e8abf00000] [id=3700]
  0x000002663b0e6800 ConcurrentGCThread "G1 Conc#1" [stack: 0x000000e8ade00000,0x000000e8adf00000] [id=7580]
  0x0000026637f30800 ConcurrentGCThread "G1 Refine#0" [stack: 0x000000e8abf00000,0x000000e8ac000000] [id=8892]
  0x000002663b733000 ConcurrentGCThread "G1 Refine#1" [stack: 0x000000e8afd00000,0x000000e8afe00000] [id=2948]
  0x000002663c216000 ConcurrentGCThread "G1 Refine#2" [stack: 0x000000e8aff00000,0x000000e8b0000000] [id=4308]
  0x0000026637f31000 ConcurrentGCThread "G1 Young RemSet Sampling" [stack: 0x000000e8ac000000,0x000000e8ac100000] [id=3196]

Threads with active compile tasks:

VM state:not at safepoint (normal execution)

VM Mutex/Monitor currently owned by a thread: None

Heap address: 0x0000000080000000, size: 2048 MB, Compressed Oops mode: 32-bit
Narrow klass base: 0x0000000000000000, Narrow klass shift: 3
Compressed class space size: 1073741824 Address: 0x0000000100000000

Heap:
 garbage-first heap   total 260096K, used 128325K [0x0000000080000000, 0x0000000100000000)
  region size 1024K, 4 young (4096K), 1 survivors (1024K)
 Metaspace       used 111567K, capacity 114693K, committed 121720K, reserved 1155072K
  class space    used 14242K, capacity 15404K, committed 16324K, reserved 1048576K
Heap Regions: E=young(eden), S=young(survivor), O=old, HS=humongous(starts), HC=humongous(continues), CS=collection set, F=free, A=archive, TAMS=top-at-mark-start (previous, next)
|   0|0x0000000080000000, 0x0000000080100000, 0x0000000080100000|100%| O|  |TAMS 0x0000000080100000, 0x0000000080000000| Complete 
|   1|0x0000000080100000, 0x0000000080200000, 0x0000000080200000|100%| O|  |TAMS 0x0000000080200000, 0x0000000080100000| Untracked 
|   2|0x0000000080200000, 0x0000000080300000, 0x0000000080300000|100%| O|  |TAMS 0x0000000080300000, 0x0000000080200000| Untracked 
|   3|0x0000000080300000, 0x0000000080400000, 0x0000000080400000|100%|HS|  |TAMS 0x0000000080400000, 0x0000000080300000| Complete 
|   4|0x0000000080400000, 0x0000000080500000, 0x0000000080500000|100%|HC|  |TAMS 0x0000000080500000, 0x0000000080400000| Complete 
|   5|0x0000000080500000, 0x0000000080600000, 0x0000000080600000|100%|HC|  |TAMS 0x0000000080600000, 0x0000000080500000| Complete 
|   6|0x0000000080600000, 0x0000000080700000, 0x0000000080700000|100%| O|  |TAMS 0x0000000080700000, 0x0000000080600000| Untracked 
|   7|0x0000000080700000, 0x0000000080800000, 0x0000000080800000|100%| O|  |TAMS 0x0000000080800000, 0x0000000080700000| Untracked 
|   8|0x0000000080800000, 0x0000000080900000, 0x0000000080900000|100%| O|  |TAMS 0x0000000080900000, 0x0000000080800000| Untracked 
|   9|0x0000000080900000, 0x0000000080a00000, 0x0000000080a00000|100%| O|  |TAMS 0x0000000080a00000, 0x0000000080900000| Untracked 
|  10|0x0000000080a00000, 0x0000000080b00000, 0x0000000080b00000|100%| O|  |TAMS 0x0000000080b00000, 0x0000000080a00000| Untracked 
|  11|0x0000000080b00000, 0x0000000080c00000, 0x0000000080c00000|100%| O|  |TAMS 0x0000000080c00000, 0x0000000080b00000| Untracked 
|  12|0x0000000080c00000, 0x0000000080d00000, 0x0000000080d00000|100%| O|  |TAMS 0x0000000080d00000, 0x0000000080c00000| Untracked 
|  13|0x0000000080d00000, 0x0000000080e00000, 0x0000000080e00000|100%| O|  |TAMS 0x0000000080e00000, 0x0000000080d00000| Untracked 
|  14|0x0000000080e00000, 0x0000000080f00000, 0x0000000080f00000|100%| O|  |TAMS 0x0000000080f00000, 0x0000000080e00000| Untracked 
|  15|0x0000000080f00000, 0x0000000081000000, 0x0000000081000000|100%| O|  |TAMS 0x0000000081000000, 0x0000000080f00000| Untracked 
|  16|0x0000000081000000, 0x0000000081100000, 0x0000000081100000|100%|HS|  |TAMS 0x0000000081100000, 0x0000000081000000| Complete 
|  17|0x0000000081100000, 0x0000000081200000, 0x0000000081200000|100%|HS|  |TAMS 0x0000000081200000, 0x0000000081100000| Complete 
|  18|0x0000000081200000, 0x0000000081300000, 0x0000000081300000|100%|HS|  |TAMS 0x0000000081300000, 0x0000000081200000| Complete 
|  19|0x0000000081300000, 0x0000000081400000, 0x0000000081400000|100%|HC|  |TAMS 0x0000000081400000, 0x0000000081300000| Complete 
|  20|0x0000000081400000, 0x0000000081500000, 0x0000000081500000|100%| O|  |TAMS 0x0000000081500000, 0x0000000081400000| Untracked 
|  21|0x0000000081500000, 0x0000000081600000, 0x0000000081600000|100%| O|  |TAMS 0x0000000081600000, 0x0000000081500000| Untracked 
|  22|0x0000000081600000, 0x0000000081700000, 0x0000000081700000|100%| O|  |TAMS 0x0000000081700000, 0x0000000081600000| Untracked 
|  23|0x0000000081700000, 0x0000000081800000, 0x0000000081800000|100%| O|  |TAMS 0x0000000081800000, 0x0000000081700000| Untracked 
|  24|0x0000000081800000, 0x0000000081900000, 0x0000000081900000|100%| O|  |TAMS 0x0000000081900000, 0x0000000081800000| Untracked 
|  25|0x0000000081900000, 0x0000000081a00000, 0x0000000081a00000|100%| O|  |TAMS 0x0000000081a00000, 0x0000000081900000| Untracked 
|  26|0x0000000081a00000, 0x0000000081b00000, 0x0000000081b00000|100%| O|  |TAMS 0x0000000081b00000, 0x0000000081a00000| Untracked 
|  27|0x0000000081b00000, 0x0000000081c00000, 0x0000000081c00000|100%| O|  |TAMS 0x0000000081c00000, 0x0000000081b00000| Untracked 
|  28|0x0000000081c00000, 0x0000000081d00000, 0x0000000081d00000|100%| O|  |TAMS 0x0000000081d00000, 0x0000000081c00000| Untracked 
|  29|0x0000000081d00000, 0x0000000081e00000, 0x0000000081e00000|100%| O|  |TAMS 0x0000000081e00000, 0x0000000081d00000| Untracked 
|  30|0x0000000081e00000, 0x0000000081f00000, 0x0000000081f00000|100%| O|  |TAMS 0x0000000081f00000, 0x0000000081e00000| Complete 
|  31|0x0000000081f00000, 0x0000000082000000, 0x0000000082000000|100%| O|  |TAMS 0x0000000082000000, 0x0000000081f00000| Untracked 
|  32|0x0000000082000000, 0x0000000082100000, 0x0000000082100000|100%| O|  |TAMS 0x0000000082100000, 0x0000000082000000| Complete 
|  33|0x0000000082100000, 0x0000000082200000, 0x0000000082200000|100%| O|  |TAMS 0x0000000082200000, 0x0000000082100000| Complete 
|  34|0x0000000082200000, 0x0000000082300000, 0x0000000082300000|100%| O|  |TAMS 0x0000000082300000, 0x0000000082200000| Untracked 
|  35|0x0000000082300000, 0x0000000082400000, 0x0000000082400000|100%| O|  |TAMS 0x0000000082400000, 0x0000000082300000| Untracked 
|  36|0x0000000082400000, 0x0000000082500000, 0x0000000082500000|100%| O|  |TAMS 0x0000000082500000, 0x0000000082400000| Untracked 
|  37|0x0000000082500000, 0x0000000082600000, 0x0000000082600000|100%| O|  |TAMS 0x0000000082600000, 0x0000000082500000| Untracked 
|  38|0x0000000082600000, 0x0000000082700000, 0x0000000082700000|100%| O|  |TAMS 0x0000000082700000, 0x0000000082600000| Complete 
|  39|0x0000000082700000, 0x0000000082800000, 0x0000000082800000|100%| O|  |TAMS 0x0000000082800000, 0x0000000082700000| Untracked 
|  40|0x0000000082800000, 0x0000000082900000, 0x0000000082900000|100%| O|  |TAMS 0x0000000082900000, 0x0000000082800000| Complete 
|  41|0x0000000082900000, 0x0000000082a00000, 0x0000000082a00000|100%| O|  |TAMS 0x0000000082a00000, 0x0000000082900000| Untracked 
|  42|0x0000000082a00000, 0x0000000082b00000, 0x0000000082b00000|100%| O|  |TAMS 0x0000000082b00000, 0x0000000082a00000| Complete 
|  43|0x0000000082b00000, 0x0000000082c00000, 0x0000000082c00000|100%| O|  |TAMS 0x0000000082c00000, 0x0000000082b00000| Complete 
|  44|0x0000000082c00000, 0x0000000082d00000, 0x0000000082d00000|100%| O|  |TAMS 0x0000000082d00000, 0x0000000082c00000| Untracked 
|  45|0x0000000082d00000, 0x0000000082e00000, 0x0000000082e00000|100%| O|  |TAMS 0x0000000082e00000, 0x0000000082d00000| Complete 
|  46|0x0000000082e00000, 0x0000000082f00000, 0x0000000082f00000|100%| O|  |TAMS 0x0000000082f00000, 0x0000000082e00000| Complete 
|  47|0x0000000082f00000, 0x0000000083000000, 0x0000000083000000|100%| O|  |TAMS 0x0000000083000000, 0x0000000082f00000| Untracked 
|  48|0x0000000083000000, 0x0000000083100000, 0x0000000083100000|100%| O|  |TAMS 0x0000000083100000, 0x0000000083000000| Untracked 
|  49|0x0000000083100000, 0x0000000083200000, 0x0000000083200000|100%| O|  |TAMS 0x0000000083200000, 0x0000000083100000| Untracked 
|  50|0x0000000083200000, 0x0000000083300000, 0x0000000083300000|100%| O|  |TAMS 0x0000000083300000, 0x0000000083200000| Untracked 
|  51|0x0000000083300000, 0x0000000083400000, 0x0000000083400000|100%| O|  |TAMS 0x0000000083400000, 0x0000000083300000| Untracked 
|  52|0x0000000083400000, 0x0000000083500000, 0x0000000083500000|100%| O|  |TAMS 0x0000000083500000, 0x0000000083400000| Untracked 
|  53|0x0000000083500000, 0x0000000083600000, 0x0000000083600000|100%| O|  |TAMS 0x0000000083600000, 0x0000000083500000| Untracked 
|  54|0x0000000083600000, 0x0000000083700000, 0x0000000083700000|100%| O|  |TAMS 0x0000000083700000, 0x0000000083600000| Untracked 
|  55|0x0000000083700000, 0x0000000083800000, 0x0000000083800000|100%| O|  |TAMS 0x0000000083800000, 0x0000000083700000| Untracked 
|  56|0x0000000083800000, 0x0000000083900000, 0x0000000083900000|100%| O|  |TAMS 0x0000000083900000, 0x0000000083800000| Complete 
|  57|0x0000000083900000, 0x0000000083a00000, 0x0000000083a00000|100%| O|  |TAMS 0x0000000083a00000, 0x0000000083900000| Complete 
|  58|0x0000000083a00000, 0x0000000083b00000, 0x0000000083b00000|100%| O|  |TAMS 0x0000000083b00000, 0x0000000083a00000| Complete 
|  59|0x0000000083b00000, 0x0000000083c00000, 0x0000000083c00000|100%| O|  |TAMS 0x0000000083c00000, 0x0000000083b00000| Complete 
|  60|0x0000000083c00000, 0x0000000083d00000, 0x0000000083d00000|100%| O|  |TAMS 0x0000000083d00000, 0x0000000083c00000| Complete 
|  61|0x0000000083d00000, 0x0000000083e00000, 0x0000000083e00000|100%| O|  |TAMS 0x0000000083e00000, 0x0000000083d00000| Complete 
|  62|0x0000000083e00000, 0x0000000083f00000, 0x0000000083f00000|100%| O|  |TAMS 0x0000000083f00000, 0x0000000083e00000| Complete 
|  63|0x0000000083f00000, 0x0000000084000000, 0x0000000084000000|100%| O|  |TAMS 0x0000000084000000, 0x0000000083f00000| Untracked 
|  64|0x0000000084000000, 0x0000000084100000, 0x0000000084100000|100%| O|  |TAMS 0x0000000084100000, 0x0000000084000000| Untracked 
|  65|0x0000000084100000, 0x0000000084200000, 0x0000000084200000|100%| O|  |TAMS 0x0000000084200000, 0x0000000084100000| Complete 
|  66|0x0000000084200000, 0x0000000084300000, 0x0000000084300000|100%| O|  |TAMS 0x0000000084300000, 0x0000000084200000| Complete 
|  67|0x0000000084300000, 0x0000000084400000, 0x0000000084400000|100%| O|  |TAMS 0x0000000084400000, 0x0000000084300000| Complete 
|  68|0x0000000084400000, 0x0000000084500000, 0x0000000084500000|100%| O|  |TAMS 0x0000000084500000, 0x0000000084400000| Complete 
|  69|0x0000000084500000, 0x0000000084600000, 0x0000000084600000|100%| O|  |TAMS 0x0000000084600000, 0x0000000084500000| Complete 
|  70|0x0000000084600000, 0x0000000084700000, 0x0000000084700000|100%| O|  |TAMS 0x0000000084700000, 0x0000000084600000| Complete 
|  71|0x0000000084700000, 0x0000000084800000, 0x0000000084800000|100%| O|  |TAMS 0x0000000084800000, 0x0000000084700000| Complete 
|  72|0x0000000084800000, 0x0000000084877000, 0x0000000084900000| 46%| O|  |TAMS 0x0000000084877000, 0x0000000084800000| Untracked 
|  73|0x0000000084900000, 0x0000000084a00000, 0x0000000084a00000|100%|HS|  |TAMS 0x0000000084a00000, 0x0000000084900000| Complete 
|  74|0x0000000084a00000, 0x0000000084b00000, 0x0000000084b00000|100%|HC|  |TAMS 0x0000000084b00000, 0x0000000084a00000| Complete 
|  75|0x0000000084b00000, 0x0000000084c00000, 0x0000000084c00000|100%| O|  |TAMS 0x0000000084c00000, 0x0000000084b00000| Complete 
|  76|0x0000000084c00000, 0x0000000084d00000, 0x0000000084d00000|100%| O|  |TAMS 0x0000000084d00000, 0x0000000084c00000| Complete 
|  77|0x0000000084d00000, 0x0000000084e00000, 0x0000000084e00000|100%|HS|  |TAMS 0x0000000084e00000, 0x0000000084d00000| Complete 
|  78|0x0000000084e00000, 0x0000000084f00000, 0x0000000084f00000|100%|HC|  |TAMS 0x0000000084f00000, 0x0000000084e00000| Complete 
|  79|0x0000000084f00000, 0x0000000085000000, 0x0000000085000000|100%|HS|  |TAMS 0x0000000085000000, 0x0000000084f00000| Complete 
|  80|0x0000000085000000, 0x0000000085100000, 0x0000000085100000|100%|HC|  |TAMS 0x0000000085100000, 0x0000000085000000| Complete 
|  81|0x0000000085100000, 0x0000000085200000, 0x0000000085200000|100%|HS|  |TAMS 0x0000000085100000, 0x0000000085100000| Complete 
|  82|0x0000000085200000, 0x0000000085300000, 0x0000000085300000|100%|HC|  |TAMS 0x0000000085200000, 0x0000000085200000| Complete 
|  83|0x0000000085300000, 0x0000000085400000, 0x0000000085400000|100%|HS|  |TAMS 0x0000000085300000, 0x0000000085300000| Complete 
|  84|0x0000000085400000, 0x0000000085500000, 0x0000000085500000|100%|HC|  |TAMS 0x0000000085400000, 0x0000000085400000| Complete 
|  85|0x0000000085500000, 0x0000000085600000, 0x0000000085600000|100%| O|  |TAMS 0x0000000085600000, 0x0000000085500000| Complete 
|  86|0x0000000085600000, 0x0000000085700000, 0x0000000085700000|100%| O|  |TAMS 0x0000000085700000, 0x0000000085600000| Complete 
|  87|0x0000000085700000, 0x0000000085800000, 0x0000000085800000|100%| O|  |TAMS 0x0000000085800000, 0x0000000085700000| Complete 
|  88|0x0000000085800000, 0x0000000085900000, 0x0000000085900000|100%|HS|  |TAMS 0x0000000085800000, 0x0000000085800000| Complete 
|  89|0x0000000085900000, 0x0000000085a00000, 0x0000000085a00000|100%|HC|  |TAMS 0x0000000085900000, 0x0000000085900000| Complete 
|  90|0x0000000085a00000, 0x0000000085b00000, 0x0000000085b00000|100%|HS|  |TAMS 0x0000000085a00000, 0x0000000085a00000| Complete 
|  91|0x0000000085b00000, 0x0000000085c00000, 0x0000000085c00000|100%|HC|  |TAMS 0x0000000085b00000, 0x0000000085b00000| Complete 
|  92|0x0000000085c00000, 0x0000000085d00000, 0x0000000085d00000|100%|HS|  |TAMS 0x0000000085c00000, 0x0000000085c00000| Complete 
|  93|0x0000000085d00000, 0x0000000085e00000, 0x0000000085e00000|100%|HC|  |TAMS 0x0000000085d00000, 0x0000000085d00000| Complete 
|  94|0x0000000085e00000, 0x0000000085e00000, 0x0000000085f00000|  0%| F|  |TAMS 0x0000000085e00000, 0x0000000085e00000| Untracked 
|  95|0x0000000085f00000, 0x0000000086000000, 0x0000000086000000|100%| O|  |TAMS 0x0000000086000000, 0x0000000085f00000| Complete 
|  96|0x0000000086000000, 0x0000000086100000, 0x0000000086100000|100%|HS|  |TAMS 0x0000000086000000, 0x0000000086000000| Complete 
|  97|0x0000000086100000, 0x0000000086200000, 0x0000000086200000|100%|HC|  |TAMS 0x0000000086100000, 0x0000000086100000| Complete 
|  98|0x0000000086200000, 0x0000000086200000, 0x0000000086300000|  0%| F|  |TAMS 0x0000000086200000, 0x0000000086200000| Untracked 
|  99|0x0000000086300000, 0x0000000086400000, 0x0000000086400000|100%| O|  |TAMS 0x0000000086400000, 0x0000000086300000| Complete 
| 100|0x0000000086400000, 0x0000000086500000, 0x0000000086500000|100%| O|  |TAMS 0x0000000086500000, 0x0000000086400000| Complete 
| 101|0x0000000086500000, 0x0000000086600000, 0x0000000086600000|100%| O|  |TAMS 0x0000000086600000, 0x0000000086500000| Complete 
| 102|0x0000000086600000, 0x0000000086600000, 0x0000000086700000|  0%| F|  |TAMS 0x0000000086600000, 0x0000000086600000| Untracked 
| 103|0x0000000086700000, 0x0000000086700000, 0x0000000086800000|  0%| F|  |TAMS 0x0000000086700000, 0x0000000086700000| Untracked 
| 104|0x0000000086800000, 0x0000000086800000, 0x0000000086900000|  0%| F|  |TAMS 0x0000000086800000, 0x0000000086800000| Untracked 
| 105|0x0000000086900000, 0x0000000086a00000, 0x0000000086a00000|100%| O|  |TAMS 0x0000000086a00000, 0x0000000086900000| Complete 
| 106|0x0000000086a00000, 0x0000000086b00000, 0x0000000086b00000|100%| O|  |TAMS 0x0000000086b00000, 0x0000000086a00000| Complete 
| 107|0x0000000086b00000, 0x0000000086c00000, 0x0000000086c00000|100%| O|  |TAMS 0x0000000086c00000, 0x0000000086b00000| Complete 
| 108|0x0000000086c00000, 0x0000000086c00000, 0x0000000086d00000|  0%| F|  |TAMS 0x0000000086c00000, 0x0000000086c00000| Untracked 
| 109|0x0000000086d00000, 0x0000000086d00000, 0x0000000086e00000|  0%| F|  |TAMS 0x0000000086d00000, 0x0000000086d00000| Untracked 
| 110|0x0000000086e00000, 0x0000000086e00000, 0x0000000086f00000|  0%| F|  |TAMS 0x0000000086e00000, 0x0000000086e00000| Untracked 
| 111|0x0000000086f00000, 0x0000000086f00000, 0x0000000087000000|  0%| F|  |TAMS 0x0000000086f00000, 0x0000000086f00000| Untracked 
| 112|0x0000000087000000, 0x0000000087000000, 0x0000000087100000|  0%| F|  |TAMS 0x0000000087000000, 0x0000000087000000| Untracked 
| 113|0x0000000087100000, 0x0000000087100000, 0x0000000087200000|  0%| F|  |TAMS 0x0000000087100000, 0x0000000087100000| Untracked 
| 114|0x0000000087200000, 0x0000000087200000, 0x0000000087300000|  0%| F|  |TAMS 0x0000000087200000, 0x0000000087200000| Untracked 
| 115|0x0000000087300000, 0x0000000087300000, 0x0000000087400000|  0%| F|  |TAMS 0x0000000087300000, 0x0000000087300000| Untracked 
| 116|0x0000000087400000, 0x0000000087400000, 0x0000000087500000|  0%| F|  |TAMS 0x0000000087400000, 0x0000000087400000| Untracked 
| 117|0x0000000087500000, 0x0000000087500000, 0x0000000087600000|  0%| F|  |TAMS 0x0000000087500000, 0x0000000087500000| Untracked 
| 118|0x0000000087600000, 0x0000000087600000, 0x0000000087700000|  0%| F|  |TAMS 0x0000000087600000, 0x0000000087600000| Untracked 
| 119|0x0000000087700000, 0x0000000087800000, 0x0000000087800000|100%| O|  |TAMS 0x0000000087800000, 0x0000000087700000| Complete 
| 120|0x0000000087800000, 0x0000000087900000, 0x0000000087900000|100%| O|  |TAMS 0x0000000087900000, 0x0000000087800000| Complete 
| 121|0x0000000087900000, 0x0000000087a00000, 0x0000000087a00000|100%| O|  |TAMS 0x0000000087a00000, 0x0000000087900000| Complete 
| 122|0x0000000087a00000, 0x0000000087b00000, 0x0000000087b00000|100%| O|  |TAMS 0x0000000087b00000, 0x0000000087a00000| Complete 
| 123|0x0000000087b00000, 0x0000000087c00000, 0x0000000087c00000|100%| O|  |TAMS 0x0000000087c00000, 0x0000000087b00000| Complete 
| 124|0x0000000087c00000, 0x0000000087d00000, 0x0000000087d00000|100%| O|  |TAMS 0x0000000087d00000, 0x0000000087c00000| Complete 
| 125|0x0000000087d00000, 0x0000000087e00000, 0x0000000087e00000|100%| O|  |TAMS 0x0000000087e00000, 0x0000000087d00000| Complete 
| 126|0x0000000087e00000, 0x0000000087f00000, 0x0000000087f00000|100%| O|  |TAMS 0x0000000087f00000, 0x0000000087e00000| Complete 
| 127|0x0000000087f00000, 0x0000000088000000, 0x0000000088000000|100%| O|  |TAMS 0x0000000088000000, 0x0000000087f00000| Complete 
| 128|0x0000000088000000, 0x0000000088100000, 0x0000000088100000|100%| O|  |TAMS 0x0000000088100000, 0x0000000088000000| Untracked 
| 129|0x0000000088100000, 0x0000000088200000, 0x0000000088200000|100%| O|  |TAMS 0x0000000088200000, 0x0000000088100000| Complete 
| 130|0x0000000088200000, 0x0000000088300000, 0x0000000088300000|100%| O|  |TAMS 0x0000000088300000, 0x0000000088200000| Complete 
| 131|0x0000000088300000, 0x0000000088400000, 0x0000000088400000|100%| O|  |TAMS 0x0000000088400000, 0x0000000088300000| Complete 
| 132|0x0000000088400000, 0x0000000088500000, 0x0000000088500000|100%| O|  |TAMS 0x0000000088500000, 0x0000000088400000| Complete 
| 133|0x0000000088500000, 0x0000000088600000, 0x0000000088600000|100%| O|  |TAMS 0x0000000088600000, 0x0000000088500000| Complete 
| 134|0x0000000088600000, 0x0000000088600000, 0x0000000088700000|  0%| F|  |TAMS 0x0000000088600000, 0x0000000088600000| Untracked 
| 135|0x0000000088700000, 0x0000000088800000, 0x0000000088800000|100%|HS|  |TAMS 0x0000000088800000, 0x0000000088700000| Complete 
| 136|0x0000000088800000, 0x0000000088900000, 0x0000000088900000|100%|HC|  |TAMS 0x0000000088900000, 0x0000000088800000| Complete 
| 137|0x0000000088900000, 0x0000000088900000, 0x0000000088a00000|  0%| F|  |TAMS 0x0000000088900000, 0x0000000088900000| Untracked 
| 138|0x0000000088a00000, 0x0000000088b00000, 0x0000000088b00000|100%| O|  |TAMS 0x0000000088b00000, 0x0000000088a00000| Complete 
| 139|0x0000000088b00000, 0x0000000088c00000, 0x0000000088c00000|100%| O|  |TAMS 0x0000000088c00000, 0x0000000088b00000| Complete 
| 140|0x0000000088c00000, 0x0000000088d00000, 0x0000000088d00000|100%| O|  |TAMS 0x0000000088d00000, 0x0000000088c00000| Complete 
| 141|0x0000000088d00000, 0x0000000088e00000, 0x0000000088e00000|100%| O|  |TAMS 0x0000000088e00000, 0x0000000088d00000| Complete 
| 142|0x0000000088e00000, 0x0000000088e00000, 0x0000000088f00000|  0%| F|  |TAMS 0x0000000088e00000, 0x0000000088e00000| Untracked 
| 143|0x0000000088f00000, 0x0000000088f00000, 0x0000000089000000|  0%| F|  |TAMS 0x0000000088f00000, 0x0000000088f00000| Untracked 
| 144|0x0000000089000000, 0x0000000089000000, 0x0000000089100000|  0%| F|  |TAMS 0x0000000089000000, 0x0000000089000000| Untracked 
| 145|0x0000000089100000, 0x0000000089100000, 0x0000000089200000|  0%| F|  |TAMS 0x0000000089100000, 0x0000000089100000| Untracked 
| 146|0x0000000089200000, 0x0000000089200000, 0x0000000089300000|  0%| F|  |TAMS 0x0000000089200000, 0x0000000089200000| Untracked 
| 147|0x0000000089300000, 0x0000000089300000, 0x0000000089400000|  0%| F|  |TAMS 0x0000000089300000, 0x0000000089300000| Untracked 
| 148|0x0000000089400000, 0x0000000089400000, 0x0000000089500000|  0%| F|  |TAMS 0x0000000089400000, 0x0000000089400000| Untracked 
| 149|0x0000000089500000, 0x0000000089500000, 0x0000000089600000|  0%| F|  |TAMS 0x0000000089500000, 0x0000000089500000| Untracked 
| 150|0x0000000089600000, 0x0000000089600000, 0x0000000089700000|  0%| F|  |TAMS 0x0000000089600000, 0x0000000089600000| Untracked 
| 151|0x0000000089700000, 0x0000000089700000, 0x0000000089800000|  0%| F|  |TAMS 0x0000000089700000, 0x0000000089700000| Untracked 
| 152|0x0000000089800000, 0x0000000089800000, 0x0000000089900000|  0%| F|  |TAMS 0x0000000089800000, 0x0000000089800000| Untracked 
| 153|0x0000000089900000, 0x0000000089900000, 0x0000000089a00000|  0%| F|  |TAMS 0x0000000089900000, 0x0000000089900000| Untracked 
| 154|0x0000000089a00000, 0x0000000089a00000, 0x0000000089b00000|  0%| F|  |TAMS 0x0000000089a00000, 0x0000000089a00000| Untracked 
| 155|0x0000000089b00000, 0x0000000089b00000, 0x0000000089c00000|  0%| F|  |TAMS 0x0000000089b00000, 0x0000000089b00000| Untracked 
| 156|0x0000000089c00000, 0x0000000089c00000, 0x0000000089d00000|  0%| F|  |TAMS 0x0000000089c00000, 0x0000000089c00000| Untracked 
| 157|0x0000000089d00000, 0x0000000089d00000, 0x0000000089e00000|  0%| F|  |TAMS 0x0000000089d00000, 0x0000000089d00000| Untracked 
| 158|0x0000000089e00000, 0x0000000089e00000, 0x0000000089f00000|  0%| F|  |TAMS 0x0000000089e00000, 0x0000000089e00000| Untracked 
| 159|0x0000000089f00000, 0x0000000089f00000, 0x000000008a000000|  0%| F|  |TAMS 0x0000000089f00000, 0x0000000089f00000| Untracked 
| 160|0x000000008a000000, 0x000000008a000000, 0x000000008a100000|  0%| F|  |TAMS 0x000000008a000000, 0x000000008a000000| Untracked 
| 161|0x000000008a100000, 0x000000008a100000, 0x000000008a200000|  0%| F|  |TAMS 0x000000008a100000, 0x000000008a100000| Untracked 
| 162|0x000000008a200000, 0x000000008a200000, 0x000000008a300000|  0%| F|  |TAMS 0x000000008a200000, 0x000000008a200000| Untracked 
| 163|0x000000008a300000, 0x000000008a300000, 0x000000008a400000|  0%| F|  |TAMS 0x000000008a300000, 0x000000008a300000| Untracked 
| 164|0x000000008a400000, 0x000000008a400000, 0x000000008a500000|  0%| F|  |TAMS 0x000000008a400000, 0x000000008a400000| Untracked 
| 165|0x000000008a500000, 0x000000008a500000, 0x000000008a600000|  0%| F|  |TAMS 0x000000008a500000, 0x000000008a500000| Untracked 
| 166|0x000000008a600000, 0x000000008a600000, 0x000000008a700000|  0%| F|  |TAMS 0x000000008a600000, 0x000000008a600000| Untracked 
| 167|0x000000008a700000, 0x000000008a700000, 0x000000008a800000|  0%| F|  |TAMS 0x000000008a700000, 0x000000008a700000| Untracked 
| 168|0x000000008a800000, 0x000000008a800000, 0x000000008a900000|  0%| F|  |TAMS 0x000000008a800000, 0x000000008a800000| Untracked 
| 169|0x000000008a900000, 0x000000008a900000, 0x000000008aa00000|  0%| F|  |TAMS 0x000000008a900000, 0x000000008a900000| Untracked 
| 170|0x000000008aa00000, 0x000000008aa00000, 0x000000008ab00000|  0%| F|  |TAMS 0x000000008aa00000, 0x000000008aa00000| Untracked 
| 171|0x000000008ab00000, 0x000000008ab00000, 0x000000008ac00000|  0%| F|  |TAMS 0x000000008ab00000, 0x000000008ab00000| Untracked 
| 172|0x000000008ac00000, 0x000000008ac00000, 0x000000008ad00000|  0%| F|  |TAMS 0x000000008ac00000, 0x000000008ac00000| Untracked 
| 173|0x000000008ad00000, 0x000000008ad00000, 0x000000008ae00000|  0%| F|  |TAMS 0x000000008ad00000, 0x000000008ad00000| Untracked 
| 174|0x000000008ae00000, 0x000000008ae00000, 0x000000008af00000|  0%| F|  |TAMS 0x000000008ae00000, 0x000000008ae00000| Untracked 
| 175|0x000000008af00000, 0x000000008af00000, 0x000000008b000000|  0%| F|  |TAMS 0x000000008af00000, 0x000000008af00000| Untracked 
| 176|0x000000008b000000, 0x000000008b000000, 0x000000008b100000|  0%| F|  |TAMS 0x000000008b000000, 0x000000008b000000| Untracked 
| 177|0x000000008b100000, 0x000000008b100000, 0x000000008b200000|  0%| F|  |TAMS 0x000000008b100000, 0x000000008b100000| Untracked 
| 178|0x000000008b200000, 0x000000008b200000, 0x000000008b300000|  0%| F|  |TAMS 0x000000008b200000, 0x000000008b200000| Untracked 
| 179|0x000000008b300000, 0x000000008b300000, 0x000000008b400000|  0%| F|  |TAMS 0x000000008b300000, 0x000000008b300000| Untracked 
| 180|0x000000008b400000, 0x000000008b400000, 0x000000008b500000|  0%| F|  |TAMS 0x000000008b400000, 0x000000008b400000| Untracked 
| 181|0x000000008b500000, 0x000000008b500000, 0x000000008b600000|  0%| F|  |TAMS 0x000000008b500000, 0x000000008b500000| Untracked 
| 182|0x000000008b600000, 0x000000008b600000, 0x000000008b700000|  0%| F|  |TAMS 0x000000008b600000, 0x000000008b600000| Untracked 
| 183|0x000000008b700000, 0x000000008b700000, 0x000000008b800000|  0%| F|  |TAMS 0x000000008b700000, 0x000000008b700000| Untracked 
| 184|0x000000008b800000, 0x000000008b800000, 0x000000008b900000|  0%| F|  |TAMS 0x000000008b800000, 0x000000008b800000| Untracked 
| 185|0x000000008b900000, 0x000000008b900000, 0x000000008ba00000|  0%| F|  |TAMS 0x000000008b900000, 0x000000008b900000| Untracked 
| 186|0x000000008ba00000, 0x000000008ba00000, 0x000000008bb00000|  0%| F|  |TAMS 0x000000008ba00000, 0x000000008ba00000| Untracked 
| 187|0x000000008bb00000, 0x000000008bb00000, 0x000000008bc00000|  0%| F|  |TAMS 0x000000008bb00000, 0x000000008bb00000| Untracked 
| 188|0x000000008bc00000, 0x000000008bc00000, 0x000000008bd00000|  0%| F|  |TAMS 0x000000008bc00000, 0x000000008bc00000| Untracked 
| 189|0x000000008bd00000, 0x000000008bd00000, 0x000000008be00000|  0%| F|  |TAMS 0x000000008bd00000, 0x000000008bd00000| Untracked 
| 190|0x000000008be00000, 0x000000008be00000, 0x000000008bf00000|  0%| F|  |TAMS 0x000000008be00000, 0x000000008be00000| Untracked 
| 191|0x000000008bf00000, 0x000000008bf00000, 0x000000008c000000|  0%| F|  |TAMS 0x000000008bf00000, 0x000000008bf00000| Untracked 
| 192|0x000000008c000000, 0x000000008c000000, 0x000000008c100000|  0%| F|  |TAMS 0x000000008c000000, 0x000000008c000000| Untracked 
| 193|0x000000008c100000, 0x000000008c100000, 0x000000008c200000|  0%| F|  |TAMS 0x000000008c100000, 0x000000008c100000| Untracked 
| 194|0x000000008c200000, 0x000000008c200000, 0x000000008c300000|  0%| F|  |TAMS 0x000000008c200000, 0x000000008c200000| Untracked 
| 195|0x000000008c300000, 0x000000008c300000, 0x000000008c400000|  0%| F|  |TAMS 0x000000008c300000, 0x000000008c300000| Untracked 
| 196|0x000000008c400000, 0x000000008c400000, 0x000000008c500000|  0%| F|  |TAMS 0x000000008c400000, 0x000000008c400000| Untracked 
| 197|0x000000008c500000, 0x000000008c500000, 0x000000008c600000|  0%| F|  |TAMS 0x000000008c500000, 0x000000008c500000| Untracked 
| 198|0x000000008c600000, 0x000000008c600000, 0x000000008c700000|  0%| F|  |TAMS 0x000000008c600000, 0x000000008c600000| Untracked 
| 199|0x000000008c700000, 0x000000008c700000, 0x000000008c800000|  0%| F|  |TAMS 0x000000008c700000, 0x000000008c700000| Untracked 
| 200|0x000000008c800000, 0x000000008c800000, 0x000000008c900000|  0%| F|  |TAMS 0x000000008c800000, 0x000000008c800000| Untracked 
| 201|0x000000008c900000, 0x000000008c900000, 0x000000008ca00000|  0%| F|  |TAMS 0x000000008c900000, 0x000000008c900000| Untracked 
| 202|0x000000008ca00000, 0x000000008ca00000, 0x000000008cb00000|  0%| F|  |TAMS 0x000000008ca00000, 0x000000008ca00000| Untracked 
| 203|0x000000008cb00000, 0x000000008cb00000, 0x000000008cc00000|  0%| F|  |TAMS 0x000000008cb00000, 0x000000008cb00000| Untracked 
| 204|0x000000008cc00000, 0x000000008cc00000, 0x000000008cd00000|  0%| F|  |TAMS 0x000000008cc00000, 0x000000008cc00000| Untracked 
| 205|0x000000008cd00000, 0x000000008cd00000, 0x000000008ce00000|  0%| F|  |TAMS 0x000000008cd00000, 0x000000008cd00000| Untracked 
| 206|0x000000008ce00000, 0x000000008ce00000, 0x000000008cf00000|  0%| F|  |TAMS 0x000000008ce00000, 0x000000008ce00000| Untracked 
| 207|0x000000008cf00000, 0x000000008cf00000, 0x000000008d000000|  0%| F|  |TAMS 0x000000008cf00000, 0x000000008cf00000| Untracked 
| 208|0x000000008d000000, 0x000000008d000000, 0x000000008d100000|  0%| F|  |TAMS 0x000000008d000000, 0x000000008d000000| Untracked 
| 209|0x000000008d100000, 0x000000008d100000, 0x000000008d200000|  0%| F|  |TAMS 0x000000008d100000, 0x000000008d100000| Untracked 
| 210|0x000000008d200000, 0x000000008d200000, 0x000000008d300000|  0%| F|  |TAMS 0x000000008d200000, 0x000000008d200000| Untracked 
| 211|0x000000008d300000, 0x000000008d300000, 0x000000008d400000|  0%| F|  |TAMS 0x000000008d300000, 0x000000008d300000| Untracked 
| 212|0x000000008d400000, 0x000000008d400000, 0x000000008d500000|  0%| F|  |TAMS 0x000000008d400000, 0x000000008d400000| Untracked 
| 213|0x000000008d500000, 0x000000008d500000, 0x000000008d600000|  0%| F|  |TAMS 0x000000008d500000, 0x000000008d500000| Untracked 
| 214|0x000000008d600000, 0x000000008d600000, 0x000000008d700000|  0%| F|  |TAMS 0x000000008d600000, 0x000000008d600000| Untracked 
| 215|0x000000008d700000, 0x000000008d700000, 0x000000008d800000|  0%| F|  |TAMS 0x000000008d700000, 0x000000008d700000| Untracked 
| 216|0x000000008d800000, 0x000000008d800000, 0x000000008d900000|  0%| F|  |TAMS 0x000000008d800000, 0x000000008d800000| Untracked 
| 217|0x000000008d900000, 0x000000008d900000, 0x000000008da00000|  0%| F|  |TAMS 0x000000008d900000, 0x000000008d900000| Untracked 
| 218|0x000000008da00000, 0x000000008da00000, 0x000000008db00000|  0%| F|  |TAMS 0x000000008da00000, 0x000000008da00000| Untracked 
| 219|0x000000008db00000, 0x000000008db00000, 0x000000008dc00000|  0%| F|  |TAMS 0x000000008db00000, 0x000000008db00000| Untracked 
| 220|0x000000008dc00000, 0x000000008dc00000, 0x000000008dd00000|  0%| F|  |TAMS 0x000000008dc00000, 0x000000008dc00000| Untracked 
| 221|0x000000008dd00000, 0x000000008dd00000, 0x000000008de00000|  0%| F|  |TAMS 0x000000008dd00000, 0x000000008dd00000| Untracked 
| 222|0x000000008de00000, 0x000000008de00000, 0x000000008df00000|  0%| F|  |TAMS 0x000000008de00000, 0x000000008de00000| Untracked 
| 223|0x000000008df00000, 0x000000008df00000, 0x000000008e000000|  0%| F|  |TAMS 0x000000008df00000, 0x000000008df00000| Untracked 
| 224|0x000000008e000000, 0x000000008e000000, 0x000000008e100000|  0%| F|  |TAMS 0x000000008e000000, 0x000000008e000000| Untracked 
| 225|0x000000008e100000, 0x000000008e100000, 0x000000008e200000|  0%| F|  |TAMS 0x000000008e100000, 0x000000008e100000| Untracked 
| 226|0x000000008e200000, 0x000000008e200000, 0x000000008e300000|  0%| F|  |TAMS 0x000000008e200000, 0x000000008e200000| Untracked 
| 227|0x000000008e300000, 0x000000008e300000, 0x000000008e400000|  0%| F|  |TAMS 0x000000008e300000, 0x000000008e300000| Untracked 
| 228|0x000000008e400000, 0x000000008e400000, 0x000000008e500000|  0%| F|  |TAMS 0x000000008e400000, 0x000000008e400000| Untracked 
| 229|0x000000008e500000, 0x000000008e500000, 0x000000008e600000|  0%| F|  |TAMS 0x000000008e500000, 0x000000008e500000| Untracked 
| 230|0x000000008e600000, 0x000000008e600000, 0x000000008e700000|  0%| F|  |TAMS 0x000000008e600000, 0x000000008e600000| Untracked 
| 231|0x000000008e700000, 0x000000008e700000, 0x000000008e800000|  0%| F|  |TAMS 0x000000008e700000, 0x000000008e700000| Untracked 
| 232|0x000000008e800000, 0x000000008e800000, 0x000000008e900000|  0%| F|  |TAMS 0x000000008e800000, 0x000000008e800000| Untracked 
| 233|0x000000008e900000, 0x000000008e900000, 0x000000008ea00000|  0%| F|  |TAMS 0x000000008e900000, 0x000000008e900000| Untracked 
| 234|0x000000008ea00000, 0x000000008ea00000, 0x000000008eb00000|  0%| F|  |TAMS 0x000000008ea00000, 0x000000008ea00000| Untracked 
| 235|0x000000008eb00000, 0x000000008eb00000, 0x000000008ec00000|  0%| F|  |TAMS 0x000000008eb00000, 0x000000008eb00000| Untracked 
| 236|0x000000008ec00000, 0x000000008ec00000, 0x000000008ed00000|  0%| F|  |TAMS 0x000000008ec00000, 0x000000008ec00000| Untracked 
| 237|0x000000008ed00000, 0x000000008ed00000, 0x000000008ee00000|  0%| F|  |TAMS 0x000000008ed00000, 0x000000008ed00000| Untracked 
| 238|0x000000008ee00000, 0x000000008ee00000, 0x000000008ef00000|  0%| F|  |TAMS 0x000000008ee00000, 0x000000008ee00000| Untracked 
| 239|0x000000008ef00000, 0x000000008ef00000, 0x000000008f000000|  0%| F|  |TAMS 0x000000008ef00000, 0x000000008ef00000| Untracked 
| 240|0x000000008f000000, 0x000000008f000000, 0x000000008f100000|  0%| F|  |TAMS 0x000000008f000000, 0x000000008f000000| Untracked 
| 241|0x000000008f100000, 0x000000008f100000, 0x000000008f200000|  0%| F|  |TAMS 0x000000008f100000, 0x000000008f100000| Untracked 
| 242|0x000000008f200000, 0x000000008f200000, 0x000000008f300000|  0%| F|  |TAMS 0x000000008f200000, 0x000000008f200000| Untracked 
| 243|0x000000008f300000, 0x000000008f3da4c8, 0x000000008f400000| 85%| S|CS|TAMS 0x000000008f300000, 0x000000008f300000| Complete 
| 244|0x000000008f400000, 0x000000008f400000, 0x000000008f500000|  0%| F|  |TAMS 0x000000008f400000, 0x000000008f400000| Untracked 
| 245|0x000000008f500000, 0x000000008f500000, 0x000000008f600000|  0%| F|  |TAMS 0x000000008f500000, 0x000000008f500000| Untracked 
| 246|0x000000008f600000, 0x000000008f600000, 0x000000008f700000|  0%| F|  |TAMS 0x000000008f600000, 0x000000008f600000| Untracked 
| 247|0x000000008f700000, 0x000000008f700000, 0x000000008f800000|  0%| F|  |TAMS 0x000000008f700000, 0x000000008f700000| Untracked 
| 248|0x000000008f800000, 0x000000008f800000, 0x000000008f900000|  0%| F|  |TAMS 0x000000008f800000, 0x000000008f800000| Untracked 
| 249|0x000000008f900000, 0x000000008f900000, 0x000000008fa00000|  0%| F|  |TAMS 0x000000008f900000, 0x000000008f900000| Untracked 
| 250|0x000000008fa00000, 0x000000008fa00000, 0x000000008fb00000|  0%| F|  |TAMS 0x000000008fa00000, 0x000000008fa00000| Untracked 
| 251|0x000000008fb00000, 0x000000008fc00000, 0x000000008fc00000|100%| E|  |TAMS 0x000000008fb00000, 0x000000008fb00000| Complete 
| 252|0x000000008fc00000, 0x000000008fd00000, 0x000000008fd00000|100%| E|CS|TAMS 0x000000008fc00000, 0x000000008fc00000| Complete 
| 253|0x000000008fd00000, 0x000000008fe00000, 0x000000008fe00000|100%| E|  |TAMS 0x000000008fd00000, 0x000000008fd00000| Complete 

Card table byte_map: [0x0000026631060000,0x0000026631460000] _byte_map_base: 0x0000026630c60000

Marking Bits (Prev, Next): (CMBitMap*) 0x000002661e0a12b8, (CMBitMap*) 0x000002661e0a12f0
 Prev Bits: [0x0000026631860000, 0x0000026633860000)
 Next Bits: [0x0000026633860000, 0x0000026635860000)

Polling page: 0x000002661d840000

Metaspace:

Usage:
  Non-class:     96.96 MB capacity,    95.04 MB ( 98%) used,     1.56 MB (  2%) free+waste,   370.00 KB ( <1%) overhead. 
      Class:     15.04 MB capacity,    13.91 MB ( 92%) used,   997.30 KB (  6%) free+waste,   164.69 KB (  1%) overhead. 
       Both:    112.00 MB capacity,   108.95 MB ( 97%) used,     2.53 MB (  2%) free+waste,   534.69 KB ( <1%) overhead. 

Virtual space:
  Non-class space:      104.00 MB reserved,     102.93 MB ( 99%) committed 
      Class space:        1.00 GB reserved,      15.94 MB (  2%) committed 
             Both:        1.10 GB reserved,     118.87 MB ( 11%) committed 

Chunk freelists:
   Non-Class:  5.84 MB
       Class:  869.00 KB
        Both:  6.69 MB

MaxMetaspaceSize: 17179869184.00 GB
CompressedClassSpaceSize: 1.00 GB

CodeHeap 'non-profiled nmethods': size=120064Kb used=12219Kb max_used=12219Kb free=107844Kb
 bounds [0x0000026629610000, 0x000002662a220000, 0x0000026630b50000]
CodeHeap 'profiled nmethods': size=120000Kb used=39448Kb max_used=40478Kb free=80551Kb
 bounds [0x00000266220e0000, 0x0000026624880000, 0x0000026629610000]
CodeHeap 'non-nmethods': size=5696Kb used=2341Kb max_used=2445Kb free=3354Kb
 bounds [0x0000026621b50000, 0x0000026621dc0000, 0x00000266220e0000]
 total_blobs=18740 nmethods=17777 adapters=873
 compilation: enabled
              stopped_count=0, restarted_count=0
 full_count=0

Compilation events (20 events):
Event: 619.654 Thread 0x000002663894f800 nmethod 19426 0x00000266229d2190 code [0x00000266229d2380, 0x00000266229d2768]
Event: 619.654 Thread 0x000002663894f800 19427       3       com.google.gson.internal.bind.ReflectiveTypeAdapterFactory::excludeField (27 bytes)
Event: 619.654 Thread 0x000002663894f800 nmethod 19427 0x00000266229d4110 code [0x00000266229d4300, 0x00000266229d4648]
Event: 619.654 Thread 0x000002663894f800 19428       3       com.google.gson.stream.JsonWriter::push (47 bytes)
Event: 619.654 Thread 0x000002663894e000 nmethod 19417 0x0000026629ac0c10 code [0x0000026629ac0de0, 0x0000026629ac1d98]
Event: 619.654 Thread 0x000002663894e000 19418       4       java.math.BigInteger::montReduce (99 bytes)
Event: 619.654 Thread 0x000002663894f800 nmethod 19428 0x00000266229d7410 code [0x00000266229d7600, 0x00000266229d7a68]
Event: 619.670 Thread 0x000002663894e000 nmethod 19418 0x0000026629b1de90 code [0x0000026629b1e060, 0x0000026629b1edf8]
Event: 619.670 Thread 0x000002663894e000 19420       4       java.math.BigInteger::intArrayCmpToLen (55 bytes)
Event: 619.671 Thread 0x000002663894e000 nmethod 19420 0x0000026629ab1310 code [0x0000026629ab14a0, 0x0000026629ab1598]
Event: 619.671 Thread 0x000002663894e000 19422       4       java.math.BigInteger::implMontgomeryMultiplyChecks (123 bytes)
Event: 619.672 Thread 0x000002663894e000 nmethod 19422 0x0000026629ab4290 code [0x0000026629ab4440, 0x0000026629ab4598]
Event: 619.784 Thread 0x000002663894f800 19429       3       java.util.concurrent.atomic.AtomicInteger::compareAndSet (13 bytes)
Event: 619.785 Thread 0x000002663894f800 nmethod 19429 0x000002662296c890 code [0x000002662296ca40, 0x000002662296cb58]
Event: 619.792 Thread 0x000002663894f800 19430       3       com.google.gson.stream.JsonWriter::open (19 bytes)
Event: 619.792 Thread 0x000002663894f800 nmethod 19430 0x00000266229d1c10 code [0x00000266229d1de0, 0x00000266229d2028]
Event: 619.792 Thread 0x000002663894f800 19431       3       com.google.gson.stream.JsonWriter::close (95 bytes)
Event: 619.792 Thread 0x000002663894f800 nmethod 19431 0x00000266229e8a90 code [0x00000266229e8d60, 0x00000266229e9a38]
Event: 619.797 Thread 0x000002663894f800 19432       3       java.util.Formatter$Conversion::isInteger (48 bytes)
Event: 619.797 Thread 0x000002663894f800 nmethod 19432 0x0000026622983310 code [0x00000266229834c0, 0x0000026622983658]

GC Heap History (20 events):
Event: 321.400 GC heap before
{Heap before GC invocations=20 (full 0):
 garbage-first heap   total 260096K, used 202621K [0x0000000080000000, 0x0000000100000000)
  region size 1024K, 110 young (112640K), 7 survivors (7168K)
 Metaspace       used 112216K, capacity 115334K, committed 115448K, reserved 1148928K
  class space    used 14446K, capacity 15617K, committed 15684K, reserved 1048576K
}
Event: 321.408 GC heap after
{Heap after GC invocations=21 (full 0):
 garbage-first heap   total 260096K, used 102061K [0x0000000080000000, 0x0000000100000000)
  region size 1024K, 11 young (11264K), 11 survivors (11264K)
 Metaspace       used 112216K, capacity 115334K, committed 115448K, reserved 1148928K
  class space    used 14446K, capacity 15617K, committed 15684K, reserved 1048576K
}
Event: 496.956 GC heap before
{Heap before GC invocations=22 (full 0):
 garbage-first heap   total 260096K, used 226989K [0x0000000080000000, 0x0000000100000000)
  region size 1024K, 114 young (116736K), 11 survivors (11264K)
 Metaspace       used 113915K, capacity 117069K, committed 117240K, reserved 1150976K
  class space    used 14652K, capacity 15862K, committed 15940K, reserved 1048576K
}
Event: 496.969 GC heap after
{Heap after GC invocations=23 (full 0):
 garbage-first heap   total 260096K, used 118633K [0x0000000080000000, 0x0000000100000000)
  region size 1024K, 15 young (15360K), 15 survivors (15360K)
 Metaspace       used 113915K, capacity 117069K, committed 117240K, reserved 1150976K
  class space    used 14652K, capacity 15862K, committed 15940K, reserved 1048576K
}
Event: 497.437 GC heap before
{Heap before GC invocations=23 (full 0):
 garbage-first heap   total 260096K, used 205673K [0x0000000080000000, 0x0000000100000000)
  region size 1024K, 101 young (103424K), 15 survivors (15360K)
 Metaspace       used 117266K, capacity 120489K, committed 120696K, reserved 1153024K
  class space    used 15016K, capacity 16256K, committed 16324K, reserved 1048576K
}
Event: 497.447 GC heap after
{Heap after GC invocations=24 (full 0):
 garbage-first heap   total 260096K, used 121628K [0x0000000080000000, 0x0000000100000000)
  region size 1024K, 3 young (3072K), 3 survivors (3072K)
 Metaspace       used 117266K, capacity 120489K, committed 120696K, reserved 1153024K
  class space    used 15016K, capacity 16256K, committed 16324K, reserved 1048576K
}
Event: 498.907 GC heap before
{Heap before GC invocations=24 (full 0):
 garbage-first heap   total 260096K, used 207644K [0x0000000080000000, 0x0000000100000000)
  region size 1024K, 88 young (90112K), 3 survivors (3072K)
 Metaspace       used 118027K, capacity 121285K, committed 121464K, reserved 1155072K
  class space    used 15042K, capacity 16273K, committed 16324K, reserved 1048576K
}
Event: 498.912 GC heap after
{Heap after GC invocations=25 (full 0):
 garbage-first heap   total 260096K, used 124570K [0x0000000080000000, 0x0000000100000000)
  region size 1024K, 6 young (6144K), 6 survivors (6144K)
 Metaspace       used 118027K, capacity 121285K, committed 121464K, reserved 1155072K
  class space    used 15042K, capacity 16273K, committed 16324K, reserved 1048576K
}
Event: 616.915 GC heap before
{Heap before GC invocations=26 (full 0):
 garbage-first heap   total 260096K, used 231066K [0x0000000080000000, 0x0000000100000000)
  region size 1024K, 91 young (93184K), 6 survivors (6144K)
 Metaspace       used 114928K, capacity 118192K, committed 121464K, reserved 1155072K
  class space    used 14666K, capacity 15875K, committed 16324K, reserved 1048576K
}
Event: 616.925 GC heap after
{Heap after GC invocations=27 (full 0):
 garbage-first heap   total 260096K, used 138969K [0x0000000080000000, 0x0000000100000000)
  region size 1024K, 12 young (12288K), 12 survivors (12288K)
 Metaspace       used 114928K, capacity 118192K, committed 121464K, reserved 1155072K
  class space    used 14666K, capacity 15875K, committed 16324K, reserved 1048576K
}
Event: 616.929 GC heap before
{Heap before GC invocations=27 (full 0):
 garbage-first heap   total 260096K, used 139993K [0x0000000080000000, 0x0000000100000000)
  region size 1024K, 13 young (13312K), 12 survivors (12288K)
 Metaspace       used 114929K, capacity 118192K, committed 121464K, reserved 1155072K
  class space    used 14666K, capacity 15875K, committed 16324K, reserved 1048576K
}
Event: 616.942 GC heap after
{Heap after GC invocations=28 (full 0):
 garbage-first heap   total 260096K, used 120239K [0x0000000080000000, 0x0000000100000000)
  region size 1024K, 2 young (2048K), 2 survivors (2048K)
 Metaspace       used 114929K, capacity 118192K, committed 121464K, reserved 1155072K
  class space    used 14666K, capacity 15875K, committed 16324K, reserved 1048576K
}
Event: 617.319 GC heap before
{Heap before GC invocations=28 (full 0):
 garbage-first heap   total 260096K, used 205231K [0x0000000080000000, 0x0000000100000000)
  region size 1024K, 86 young (88064K), 2 survivors (2048K)
 Metaspace       used 117036K, capacity 120291K, committed 121464K, reserved 1155072K
  class space    used 14928K, capacity 16169K, committed 16324K, reserved 1048576K
}
Event: 617.324 GC heap after
{Heap after GC invocations=29 (full 0):
 garbage-first heap   total 260096K, used 121811K [0x0000000080000000, 0x0000000100000000)
  region size 1024K, 4 young (4096K), 4 survivors (4096K)
 Metaspace       used 117036K, capacity 120291K, committed 121464K, reserved 1155072K
  class space    used 14928K, capacity 16169K, committed 16324K, reserved 1048576K
}
Event: 619.062 GC heap before
{Heap before GC invocations=30 (full 0):
 garbage-first heap   total 260096K, used 205779K [0x0000000080000000, 0x0000000100000000)
  region size 1024K, 89 young (91136K), 4 survivors (4096K)
 Metaspace       used 115137K, capacity 118361K, committed 121720K, reserved 1155072K
  class space    used 14642K, capacity 15838K, committed 16324K, reserved 1048576K
}
Event: 619.067 GC heap after
{Heap after GC invocations=31 (full 0):
 garbage-first heap   total 260096K, used 122855K [0x0000000080000000, 0x0000000100000000)
  region size 1024K, 7 young (7168K), 7 survivors (7168K)
 Metaspace       used 115137K, capacity 118361K, committed 121720K, reserved 1155072K
  class space    used 14642K, capacity 15838K, committed 16324K, reserved 1048576K
}
Event: 619.097 GC heap before
{Heap before GC invocations=31 (full 0):
 garbage-first heap   total 260096K, used 127975K [0x0000000080000000, 0x0000000100000000)
  region size 1024K, 12 young (12288K), 7 survivors (7168K)
 Metaspace       used 115137K, capacity 118361K, committed 121720K, reserved 1155072K
  class space    used 14642K, capacity 15838K, committed 16324K, reserved 1048576K
}
Event: 619.104 GC heap after
{Heap after GC invocations=32 (full 0):
 garbage-first heap   total 260096K, used 112092K [0x0000000080000000, 0x0000000100000000)
  region size 1024K, 1 young (1024K), 1 survivors (1024K)
 Metaspace       used 115137K, capacity 118361K, committed 121720K, reserved 1155072K
  class space    used 14642K, capacity 15838K, committed 16324K, reserved 1048576K
}
Event: 619.512 GC heap before
{Heap before GC invocations=32 (full 0):
 garbage-first heap   total 260096K, used 125404K [0x0000000080000000, 0x0000000100000000)
  region size 1024K, 10 young (10240K), 1 survivors (1024K)
 Metaspace       used 115141K, capacity 118361K, committed 121720K, reserved 1155072K
  class space    used 14642K, capacity 15838K, committed 16324K, reserved 1048576K
}
Event: 619.514 GC heap after
{Heap after GC invocations=33 (full 0):
 garbage-first heap   total 260096K, used 118085K [0x0000000080000000, 0x0000000100000000)
  region size 1024K, 1 young (1024K), 1 survivors (1024K)
 Metaspace       used 115141K, capacity 118361K, committed 121720K, reserved 1155072K
  class space    used 14642K, capacity 15838K, committed 16324K, reserved 1048576K
}

Deoptimization events (20 events):
Event: 618.684 Thread 0x0000026642121000 Uncommon trap: trap_request=0xffffff6e fr.pc=0x000002662a1a93a0 relative=0x00000000000008e0
Event: 618.684 Thread 0x0000026642121000 Uncommon trap: reason=speculate_class_check action=maybe_recompile pc=0x000002662a1a93a0 method=java.util.stream.AbstractPipeline.evaluate(Ljava/util/Spliterator;ZLjava/util/function/IntFunction;)Ljava/util/stream/Node; @ 23 c2
Event: 618.684 Thread 0x0000026642121000 DEOPT PACKING pc=0x000002662a1a93a0 sp=0x000000e8b00fce50
Event: 618.684 Thread 0x0000026642121000 DEOPT UNPACKING pc=0x0000026621b778af sp=0x000000e8b00fcd98 mode 2
Event: 618.908 Thread 0x000002663ab34000 Uncommon trap: trap_request=0xffffffbe fr.pc=0x000002662981dcb0 relative=0x0000000000000210
Event: 618.908 Thread 0x000002663ab34000 Uncommon trap: reason=profile_predicate action=maybe_recompile pc=0x000002662981dcb0 method=com.android.tools.r8.graph.c0.a([C)I @ 8 c2
Event: 618.908 Thread 0x000002663ab34000 DEOPT PACKING pc=0x000002662981dcb0 sp=0x000000e8b05fda90
Event: 618.908 Thread 0x000002663ab34000 DEOPT UNPACKING pc=0x0000026621b778af sp=0x000000e8b05fda28 mode 2
Event: 618.914 Thread 0x000002663ab34000 Uncommon trap: trap_request=0xffffff4d fr.pc=0x0000026629ffc794 relative=0x0000000000000334
Event: 618.914 Thread 0x000002663ab34000 Uncommon trap: reason=unstable_if action=reinterpret pc=0x0000026629ffc794 method=sun.security.provider.SHA.implDigest([BI)V @ 21 c2
Event: 618.914 Thread 0x000002663ab34000 DEOPT PACKING pc=0x0000026629ffc794 sp=0x000000e8b05fd200
Event: 618.914 Thread 0x000002663ab34000 DEOPT UNPACKING pc=0x0000026621b778af sp=0x000000e8b05fd198 mode 2
Event: 619.638 Thread 0x000002663ab33800 Uncommon trap: trap_request=0xffffffbe fr.pc=0x000002662a109514 relative=0x0000000000000954
Event: 619.638 Thread 0x000002663ab33800 Uncommon trap: reason=profile_predicate action=maybe_recompile pc=0x000002662a109514 method=java.math.BigInteger.montReduce([I[III)[I @ 9 c2
Event: 619.638 Thread 0x000002663ab33800 DEOPT PACKING pc=0x000002662a109514 sp=0x000000e8b06fce60
Event: 619.638 Thread 0x000002663ab33800 DEOPT UNPACKING pc=0x0000026621b778af sp=0x000000e8b06fce30 mode 2
Event: 619.639 Thread 0x000002663ab33800 Uncommon trap: trap_request=0xffffffbe fr.pc=0x000002662a109514 relative=0x0000000000000954
Event: 619.639 Thread 0x000002663ab33800 Uncommon trap: reason=profile_predicate action=maybe_recompile pc=0x000002662a109514 method=java.math.BigInteger.montReduce([I[III)[I @ 9 c2
Event: 619.639 Thread 0x000002663ab33800 DEOPT PACKING pc=0x000002662a109514 sp=0x000000e8b06fcf20
Event: 619.639 Thread 0x000002663ab33800 DEOPT UNPACKING pc=0x0000026621b778af sp=0x000000e8b06fcef0 mode 2

Classes redefined (0 events):
No events

Internal exceptions (20 events):
Event: 618.049 Thread 0x000002664211e000 Exception <a 'sun/nio/fs/WindowsException'{0x000000008be56330}> (0x000000008be56330) thrown at [./src/hotspot/share/prims/jni.cpp, line 615]
Event: 618.058 Thread 0x000002664211e000 Exception <a 'sun/nio/fs/WindowsException'{0x000000008be67478}> (0x000000008be67478) thrown at [./src/hotspot/share/prims/jni.cpp, line 615]
Event: 618.058 Thread 0x000002664211e000 Exception <a 'sun/nio/fs/WindowsException'{0x000000008be68600}> (0x000000008be68600) thrown at [./src/hotspot/share/prims/jni.cpp, line 615]
Event: 618.058 Thread 0x000002664211e000 Exception <a 'sun/nio/fs/WindowsException'{0x000000008be68f98}> (0x000000008be68f98) thrown at [./src/hotspot/share/prims/jni.cpp, line 615]
Event: 618.064 Thread 0x000002664211e000 Exception <a 'sun/nio/fs/WindowsException'{0x000000008be86b28}> (0x000000008be86b28) thrown at [./src/hotspot/share/prims/jni.cpp, line 615]
Event: 618.064 Thread 0x000002664211e000 Exception <a 'sun/nio/fs/WindowsException'{0x000000008be87ca0}> (0x000000008be87ca0) thrown at [./src/hotspot/share/prims/jni.cpp, line 615]
Event: 618.064 Thread 0x000002664211e000 Exception <a 'sun/nio/fs/WindowsException'{0x000000008be885e0}> (0x000000008be885e0) thrown at [./src/hotspot/share/prims/jni.cpp, line 615]
Event: 618.078 Thread 0x000002664211e000 Exception <a 'sun/nio/fs/WindowsException'{0x000000008bedd030}> (0x000000008bedd030) thrown at [./src/hotspot/share/prims/jni.cpp, line 615]
Event: 618.078 Thread 0x000002664211e000 Exception <a 'sun/nio/fs/WindowsException'{0x000000008bede1e0}> (0x000000008bede1e0) thrown at [./src/hotspot/share/prims/jni.cpp, line 615]
Event: 618.078 Thread 0x000002664211e000 Exception <a 'sun/nio/fs/WindowsException'{0x000000008bedec30}> (0x000000008bedec30) thrown at [./src/hotspot/share/prims/jni.cpp, line 615]
Event: 618.106 Thread 0x000002664211e000 Exception <a 'sun/nio/fs/WindowsException'{0x000000008bd30bd8}> (0x000000008bd30bd8) thrown at [./src/hotspot/share/prims/jni.cpp, line 615]
Event: 618.107 Thread 0x000002664211e000 Exception <a 'sun/nio/fs/WindowsException'{0x000000008bd31d90}> (0x000000008bd31d90) thrown at [./src/hotspot/share/prims/jni.cpp, line 615]
Event: 618.107 Thread 0x000002664211e000 Exception <a 'sun/nio/fs/WindowsException'{0x000000008bd32830}> (0x000000008bd32830) thrown at [./src/hotspot/share/prims/jni.cpp, line 615]
Event: 618.122 Thread 0x000002664211e000 Exception <a 'sun/nio/fs/WindowsException'{0x000000008bdbd850}> (0x000000008bdbd850) thrown at [./src/hotspot/share/prims/jni.cpp, line 615]
Event: 618.123 Thread 0x000002664211e000 Exception <a 'sun/nio/fs/WindowsException'{0x000000008bdbe9e8}> (0x000000008bdbe9e8) thrown at [./src/hotspot/share/prims/jni.cpp, line 615]
Event: 618.123 Thread 0x000002664211e000 Exception <a 'sun/nio/fs/WindowsException'{0x000000008bdbf3d8}> (0x000000008bdbf3d8) thrown at [./src/hotspot/share/prims/jni.cpp, line 615]
Event: 618.617 Thread 0x0000026642121000 Exception <a 'sun/nio/fs/WindowsException'{0x000000008b369d08}> (0x000000008b369d08) thrown at [./src/hotspot/share/prims/jni.cpp, line 615]
Event: 618.688 Thread 0x0000026642121000 Exception <a 'sun/nio/fs/WindowsException'{0x000000008b1c8f80}> (0x000000008b1c8f80) thrown at [./src/hotspot/share/prims/jni.cpp, line 615]
Event: 618.903 Thread 0x000002663ab34000 Exception <a 'sun/nio/fs/WindowsException'{0x000000008b46c510}> (0x000000008b46c510) thrown at [./src/hotspot/share/prims/jni.cpp, line 615]
Event: 618.918 Thread 0x000002663ab34000 Exception <a 'sun/nio/fs/WindowsException'{0x000000008ac04f58}> (0x000000008ac04f58) thrown at [./src/hotspot/share/prims/jni.cpp, line 615]

Events (20 events):
Event: 619.784 Executing VM operation: RevokeBias done
Event: 619.784 Executing VM operation: RevokeBias
Event: 619.784 Executing VM operation: RevokeBias done
Event: 619.784 Executing VM operation: RevokeBias
Event: 619.784 Executing VM operation: RevokeBias done
Event: 619.784 Executing VM operation: RevokeBias
Event: 619.784 Executing VM operation: RevokeBias done
Event: 619.784 Executing VM operation: RevokeBias
Event: 619.784 Executing VM operation: RevokeBias done
Event: 619.784 Executing VM operation: RevokeBias
Event: 619.784 Executing VM operation: RevokeBias done
Event: 619.784 Executing VM operation: RevokeBias
Event: 619.784 Executing VM operation: RevokeBias done
Event: 619.784 Executing VM operation: RevokeBias
Event: 619.785 Executing VM operation: RevokeBias done
Event: 619.785 Thread 0x000002664211c000 Thread exited: 0x000002664211c000
Event: 619.796 Executing VM operation: RevokeBias
Event: 619.796 Executing VM operation: RevokeBias done
Event: 619.797 Executing VM operation: RevokeBias
Event: 619.797 Executing VM operation: RevokeBias done


Dynamic libraries:
0x00007ff7b18a0000 - 0x00007ff7b18aa000 	C:\Program Files\Android\Android Studio\jre\bin\java.exe
0x00007ffac8530000 - 0x00007ffac8725000 	C:\WINDOWS\SYSTEM32\ntdll.dll
0x00007ffac7aa0000 - 0x00007ffac7b5e000 	C:\WINDOWS\System32\KERNEL32.DLL
0x00007ffac5d50000 - 0x00007ffac6019000 	C:\WINDOWS\System32\KERNELBASE.dll
0x00007ffac5c50000 - 0x00007ffac5d50000 	C:\WINDOWS\System32\ucrtbase.dll
0x00007ffac1260000 - 0x00007ffac1279000 	C:\Program Files\Android\Android Studio\jre\bin\jli.dll
0x00007ffaadff0000 - 0x00007ffaae007000 	C:\Program Files\Android\Android Studio\jre\bin\VCRUNTIME140.dll
0x00007ffac7f80000 - 0x00007ffac8121000 	C:\WINDOWS\System32\USER32.dll
0x00007ffac64a0000 - 0x00007ffac64c2000 	C:\WINDOWS\System32\win32u.dll
0x00007ffab5760000 - 0x00007ffab59fa000 	C:\WINDOWS\WinSxS\amd64_microsoft.windows.common-controls_6595b64144ccf1df_6.0.19041.1110_none_60b5254171f9507e\COMCTL32.dll
0x00007ffac6d00000 - 0x00007ffac6d2b000 	C:\WINDOWS\System32\GDI32.dll
0x00007ffac6170000 - 0x00007ffac627b000 	C:\WINDOWS\System32\gdi32full.dll
0x00007ffac83b0000 - 0x00007ffac844e000 	C:\WINDOWS\System32\msvcrt.dll
0x00007ffac6020000 - 0x00007ffac60bd000 	C:\WINDOWS\System32\msvcp_win.dll
0x00007ffac81b0000 - 0x00007ffac81e0000 	C:\WINDOWS\System32\IMM32.DLL
0x00007ffa28c20000 - 0x00007ffa28cbd000 	C:\Program Files\Android\Android Studio\jre\bin\msvcp140.dll
0x00007ff9f9b70000 - 0x00007ff9fa63f000 	C:\Program Files\Android\Android Studio\jre\bin\server\jvm.dll
0x00007ffac7b60000 - 0x00007ffac7c0c000 	C:\WINDOWS\System32\ADVAPI32.dll
0x00007ffac8450000 - 0x00007ffac84eb000 	C:\WINDOWS\System32\sechost.dll
0x00007ffac6660000 - 0x00007ffac678a000 	C:\WINDOWS\System32\RPCRT4.dll
0x00007ffac7f70000 - 0x00007ffac7f78000 	C:\WINDOWS\System32\PSAPI.DLL
0x00007ffaaeae0000 - 0x00007ffaaeae9000 	C:\WINDOWS\SYSTEM32\WSOCK32.dll
0x00007ffabb380000 - 0x00007ffabb3a7000 	C:\WINDOWS\SYSTEM32\WINMM.dll
0x00007ffac7550000 - 0x00007ffac75bb000 	C:\WINDOWS\System32\WS2_32.dll
0x00007ffabb3b0000 - 0x00007ffabb3ba000 	C:\WINDOWS\SYSTEM32\VERSION.dll
0x00007ffac3b30000 - 0x00007ffac3b42000 	C:\WINDOWS\SYSTEM32\kernel.appcore.dll
0x00007ffaadd90000 - 0x00007ffaadda1000 	C:\Program Files\Android\Android Studio\jre\bin\verify.dll
0x00007ffabebe0000 - 0x00007ffabedc4000 	C:\WINDOWS\SYSTEM32\DBGHELP.DLL
0x00007ffaae540000 - 0x00007ffaae56c000 	C:\WINDOWS\SYSTEM32\dbgcore.DLL
0x00007ffac63e0000 - 0x00007ffac6463000 	C:\WINDOWS\System32\bcryptPrimitives.dll
0x00007ffaa3f50000 - 0x00007ffaa3f79000 	C:\Program Files\Android\Android Studio\jre\bin\java.dll
0x00007ffabe620000 - 0x00007ffabe62b000 	C:\Program Files\Android\Android Studio\jre\bin\jimage.dll
0x00007ffaa3f30000 - 0x00007ffaa3f48000 	C:\Program Files\Android\Android Studio\jre\bin\zip.dll
0x00007ffac6d30000 - 0x00007ffac746f000 	C:\WINDOWS\System32\SHELL32.dll
0x00007ffac3d30000 - 0x00007ffac44c0000 	C:\WINDOWS\SYSTEM32\windows.storage.dll
0x00007ffac7c10000 - 0x00007ffac7f65000 	C:\WINDOWS\System32\combase.dll
0x00007ffac55c0000 - 0x00007ffac55ec000 	C:\WINDOWS\SYSTEM32\Wldp.dll
0x00007ffac81f0000 - 0x00007ffac829e000 	C:\WINDOWS\System32\SHCORE.dll
0x00007ffac82a0000 - 0x00007ffac82f5000 	C:\WINDOWS\System32\shlwapi.dll
0x00007ffac5b90000 - 0x00007ffac5baf000 	C:\WINDOWS\SYSTEM32\profapi.dll
0x00007ffaa2c30000 - 0x00007ffaa2c4a000 	C:\Program Files\Android\Android Studio\jre\bin\net.dll
0x00007ffab8f90000 - 0x00007ffab9098000 	C:\WINDOWS\SYSTEM32\WINHTTP.dll
0x00007ffac53a0000 - 0x00007ffac540a000 	C:\WINDOWS\system32\mswsock.dll
0x00007ffa992b0000 - 0x00007ffa992c4000 	C:\Program Files\Android\Android Studio\jre\bin\nio.dll
0x00007ffa90b20000 - 0x00007ffa90b47000 	C:\Users\Julien\.gradle\native\8bec1ad78214c89d9ad589b4d07fe93259594b29d510b10fafb7a158f7737e5d\windows-amd64\native-platform.dll
0x00007ffa16450000 - 0x00007ffa1658d000 	C:\Users\Julien\.gradle\native\53dbd7edfb1c66fb8903c78663c9afc45aea4f116125fa6feffd364cf09443e8\windows-amd64\native-platform-file-events.dll
0x00007ffab3b70000 - 0x00007ffab3b7a000 	C:\Program Files\Android\Android Studio\jre\bin\management.dll
0x00007ffab35f0000 - 0x00007ffab35fc000 	C:\Program Files\Android\Android Studio\jre\bin\management_ext.dll
0x00007ffac5600000 - 0x00007ffac5618000 	C:\WINDOWS\SYSTEM32\CRYPTSP.dll
0x00007ffac4cd0000 - 0x00007ffac4d04000 	C:\WINDOWS\system32\rsaenh.dll
0x00007ffac6470000 - 0x00007ffac6497000 	C:\WINDOWS\System32\bcrypt.dll
0x00007ffac5b50000 - 0x00007ffac5b7e000 	C:\WINDOWS\SYSTEM32\USERENV.dll
0x00007ffac5530000 - 0x00007ffac553c000 	C:\WINDOWS\SYSTEM32\CRYPTBASE.dll
0x00007ffac5060000 - 0x00007ffac509b000 	C:\WINDOWS\SYSTEM32\IPHLPAPI.DLL
0x00007ffac81e0000 - 0x00007ffac81e8000 	C:\WINDOWS\System32\NSI.dll
0x00007ffabfb30000 - 0x00007ffabfb47000 	C:\WINDOWS\SYSTEM32\dhcpcsvc6.DLL
0x00007ffabfb10000 - 0x00007ffabfb2d000 	C:\WINDOWS\SYSTEM32\dhcpcsvc.DLL
0x00007ffac50a0000 - 0x00007ffac516c000 	C:\WINDOWS\SYSTEM32\DNSAPI.dll
0x00007ffa90b50000 - 0x00007ffa90b77000 	C:\Program Files\Android\Android Studio\jre\bin\sunec.dll

dbghelp: loaded successfully - version: 4.0.5 - missing functions: none
symbol engine: initialized successfully - sym options: 0x614 - pdb path: .;C:\Program Files\Android\Android Studio\jre\bin;C:\WINDOWS\SYSTEM32;C:\WINDOWS\WinSxS\amd64_microsoft.windows.common-controls_6595b64144ccf1df_6.0.19041.1110_none_60b5254171f9507e;C:\Program Files\Android\Android Studio\jre\bin\server;C:\Users\Julien\.gradle\native\8bec1ad78214c89d9ad589b4d07fe93259594b29d510b10fafb7a158f7737e5d\windows-amd64;C:\Users\Julien\.gradle\native\53dbd7edfb1c66fb8903c78663c9afc45aea4f116125fa6feffd364cf09443e8\windows-amd64

VM Arguments:
jvm_args: --add-opens=java.base/java.util=ALL-UNNAMED --add-opens=java.base/java.lang=ALL-UNNAMED --add-opens=java.base/java.lang.invoke=ALL-UNNAMED --add-opens=java.base/java.util=ALL-UNNAMED --add-opens=java.prefs/java.util.prefs=ALL-UNNAMED --add-opens=java.prefs/java.util.prefs=ALL-UNNAMED --add-opens=java.base/java.nio.charset=ALL-UNNAMED --add-opens=java.base/java.net=ALL-UNNAMED --add-opens=java.base/java.util.concurrent.atomic=ALL-UNNAMED -Xmx2048m -Dfile.encoding=UTF-8 -Duser.country=FR -Duser.language=fr -Duser.variant 
java_command: org.gradle.launcher.daemon.bootstrap.GradleDaemon 7.0.2
java_class_path (initial): C:\Users\Julien\.gradle\wrapper\dists\gradle-7.0.2-bin\857tjihv64xamwrf0h14cai3r\gradle-7.0.2\lib\gradle-launcher-7.0.2.jar
Launcher Type: SUN_STANDARD

[Global flags]
     intx CICompilerCount                          = 3                                         {product} {ergonomic}
     uint ConcGCThreads                            = 2                                         {product} {ergonomic}
     uint G1ConcRefinementThreads                  = 6                                         {product} {ergonomic}
   size_t G1HeapRegionSize                         = 1048576                                   {product} {ergonomic}
    uintx GCDrainStackTargetSize                   = 64                                        {product} {ergonomic}
   size_t InitialHeapSize                          = 266338304                                 {product} {ergonomic}
   size_t MarkStackSize                            = 4194304                                   {product} {ergonomic}
   size_t MaxHeapSize                              = 2147483648                                {product} {command line}
   size_t MaxNewSize                               = 1287651328                                {product} {ergonomic}
   size_t MinHeapDeltaBytes                        = 1048576                                   {product} {ergonomic}
    uintx NonNMethodCodeHeapSize                   = 5830732                                {pd product} {ergonomic}
    uintx NonProfiledCodeHeapSize                  = 122913754                              {pd product} {ergonomic}
    uintx ProfiledCodeHeapSize                     = 122913754                              {pd product} {ergonomic}
    uintx ReservedCodeCacheSize                    = 251658240                              {pd product} {ergonomic}
     bool SegmentedCodeCache                       = true                                      {product} {ergonomic}
     bool UseCompressedClassPointers               = true                                 {lp64_product} {ergonomic}
     bool UseCompressedOops                        = true                                 {lp64_product} {ergonomic}
     bool UseG1GC                                  = true                                      {product} {ergonomic}
     bool UseLargePagesIndividualAllocation        = false                                  {pd product} {ergonomic}

Logging:
Log output configuration:
 #0: stdout all=warning uptime,level,tags
 #1: stderr all=off uptime,level,tags

Environment Variables:
PATH=C:\Program Files\iis express\PHP\v7.4;C:\Program Files\Common Files\Oracle\Java\javapath;C:\Program Files (x86)\NVIDIA Corporation\PhysX\Common;C:\Program Files (x86)\Common Files\Oracle\Java\javapath;C:\WINDOWS\system32;C:\WINDOWS;C:\WINDOWS\System32\Wbem;C:\WINDOWS\System32\WindowsPowerShell\v1.0\;C:\WINDOWS\System32\OpenSSH\;C:\Program Files\dotnet\;C:\Program Files\Microsoft SQL Server\130\Tools\Binn\;C:\Program Files\Microsoft SQL Server\Client SDK\ODBC\170\Tools\Binn\;C:\Program Files (x86)\GtkSharp\2.12\bin;C:\Program Files\Microsoft VS Code\bin;C:\Program Files\PuTTY\;C:\Program Files (x86)\Touch Portal\plugins\adb\platform-tools;C:\Program Files\Microsoft SQL Server\Client SDK\ODBC\110\Tools\Binn\;C:\Program Files (x86)\Windows Kits\8.1\Windows Performance Toolkit\;C:\Program Files (x86)\Microsoft SQL Server\120\Tools\Binn\;C:\Program Files\Microsoft SQL Server\120\Tools\Binn\;C:\Program Files\Microsoft SQL Server\120\DTS\Binn\;C:\ProgramData\chocolatey\bin;C:\Program Files (x86)\dotnet\;C:\Program F;F:\composer;C:\Users\Julien\AppData\Local\Microsoft\WindowsApps;C:\Users\Julien\AppData\Roaming\Dashlane\6.1907.0.17833\bin\Firefox_Extension\{442718d9-475e-452a-b3e1-fb1ee16b8e9f}\components;C:\Users\Julien\AppData\Roaming\Dashlane\6.1907.0.17833\ucrt;C:\Users\Julien\AppData\Roaming\Dashlane\6.1907.0.17833\bin\Qt;C:\Users\Julien\AppData\Roaming\Dashlane\6.1907.0.17833\bin\Ssl;C:\Users\Julien\.dotnet\tools;C:\Users\Julien\AppData\Local\GitHubDesktop\bin;C:\Users\Julien\AppData\Roaming\npm;C:\Users\Julien\AppData\Roaming\Composer\vendor\bin
USERNAME=Julien
OS=Windows_NT
PROCESSOR_IDENTIFIER=Intel64 Family 6 Model 158 Stepping 10, GenuineIntel



---------------  S Y S T E M  ---------------

OS: Windows 10 , 64 bit Build 19041 (10.0.19041.1202)
OS uptime: 0 days 13:25 hours
Hyper-V role detected

CPU:total 6 (initial active 6) (6 cores per cpu, 1 threads per core) family 6 model 158 stepping 10 microcode 0xb4, cmov, cx8, fxsr, mmx, sse, sse2, sse3, ssse3, sse4.1, sse4.2, popcnt, avx, avx2, aes, clmul, erms, rtm, 3dnowpref, lzcnt, tsc, tscinvbit, bmi1, bmi2, adx, fma

Memory: 4k page, system-wide physical 16225M (2956M free)
TotalPageFile size 26427M (AvailPageFile size 3107M)
current process WorkingSet (physical memory assigned to process): 600M, peak: 604M
current process commit charge ("private bytes"): 628M, peak: 636M

vm_info: OpenJDK 64-Bit Server VM (11.0.10+0-b96-7249189) for windows-amd64 JRE (11.0.10+0-b96-7249189), built on Mar 31 2021 21:44:00 by "builder" with MS VC++ 14.0 (VS2015)

END.
